TN:
SF:src/components/AchievementsList.js
FN:5,(anonymous_0)
FN:9,(anonymous_1)
FN:11,(anonymous_2)
FN:19,(anonymous_3)
FNF:4
FNH:0
FNDA:0,(anonymous_0)
FNDA:0,(anonymous_1)
FNDA:0,(anonymous_2)
FNDA:0,(anonymous_3)
DA:5,0
DA:6,0
DA:7,0
DA:9,0
DA:10,0
DA:11,0
DA:14,0
DA:16,0
DA:20,0
DA:35,0
LF:10
LH:0
BRDA:5,0,0,0
BRDA:5,1,0,0
BRDA:5,2,0,0
BRDA:7,3,0,0
BRDA:7,3,1,0
BRDA:7,4,0,0
BRDA:7,4,1,0
BRDA:14,5,0,0
BRDA:14,5,1,0
BRDA:14,6,0,0
BRDA:14,6,1,0
BRDA:26,7,0,0
BRDA:26,7,1,0
BRDA:26,7,2,0
BRDA:27,8,0,0
BRDA:27,8,1,0
BRDA:28,9,0,0
BRDA:28,9,1,0
BRF:18
BRH:0
end_of_record
TN:
SF:src/components/BranchTreeModal.js
FN:20,(anonymous_0)
FN:92,(anonymous_1)
FN:102,(anonymous_2)
FNF:3
FNH:0
FNDA:0,(anonymous_0)
FNDA:0,(anonymous_1)
FNDA:0,(anonymous_2)
DA:20,0
DA:28,0
DA:30,0
DA:102,0
DA:122,0
LF:5
LH:0
BRDA:25,0,0,0
BRDA:26,1,0,0
BRDA:28,2,0,0
BRDA:28,2,1,0
BRDA:60,3,0,0
BRDA:60,3,1,0
BRDA:68,4,0,0
BRDA:68,4,1,0
BRDA:74,5,0,0
BRDA:74,5,1,0
BRDA:79,6,0,0
BRDA:79,6,1,0
BRF:12
BRH:0
end_of_record
TN:
SF:src/components/CachedImage.js
FN:15,(anonymous_0)
FN:38,(anonymous_1)
FN:46,(anonymous_2)
FN:51,(anonymous_3)
FN:105,(anonymous_4)
FN:119,(anonymous_5)
FN:134,(anonymous_6)
FNF:7
FNH:0
FNDA:0,(anonymous_0)
FNDA:0,(anonymous_1)
FNDA:0,(anonymous_2)
FNDA:0,(anonymous_3)
FNDA:0,(anonymous_4)
FNDA:0,(anonymous_5)
FNDA:0,(anonymous_6)
DA:9,0
DA:15,0
DA:31,0
DA:32,0
DA:33,0
DA:36,0
DA:38,0
DA:39,0
DA:40,0
DA:41,0
DA:42,0
DA:43,0
DA:46,0
DA:47,0
DA:48,0
DA:51,0
DA:52,0
DA:53,0
DA:54,0
DA:58,0
DA:59,0
DA:72,0
DA:105,0
DA:106,0
DA:119,0
DA:120,0
DA:134,0
DA:135,0
DA:145,0
LF:29
LH:0
BRDA:18,0,0,0
BRDA:19,1,0,0
BRDA:20,2,0,0
BRDA:21,3,0,0
BRDA:25,4,0,0
BRDA:26,5,0,0
BRDA:27,6,0,0
BRDA:28,7,0,0
BRDA:36,8,0,0
BRDA:36,8,1,0
BRDA:58,9,0,0
BRDA:58,9,1,0
BRDA:58,10,0,0
BRDA:58,10,1,0
BRDA:90,11,0,0
BRDA:90,11,1,0
BRDA:90,11,2,0
BRF:17
BRH:0
end_of_record
TN:
SF:src/components/DefinitionList.js
FN:4,(anonymous_0)
FN:7,(anonymous_1)
FNF:2
FNH:0
FNDA:0,(anonymous_0)
FNDA:0,(anonymous_1)
DA:4,0
DA:5,0
DA:8,0
DA:22,0
LF:4
LH:0
BRDA:4,0,0,0
BRDA:12,1,0,0
BRDA:12,1,1,0
BRDA:15,2,0,0
BRDA:15,2,1,0
BRF:5
BRH:0
end_of_record
TN:
SF:src/components/DuolingoProgressBar.js
FN:15,(anonymous_0)
FN:28,(anonymous_1)
FN:55,(anonymous_2)
FN:69,(anonymous_3)
FNF:4
FNH:0
FNDA:0,(anonymous_0)
FNDA:0,(anonymous_1)
FNDA:0,(anonymous_2)
FNDA:0,(anonymous_3)
DA:5,0
DA:15,0
DA:23,0
DA:24,0
DA:25,0
DA:26,0
DA:28,0
DA:30,0
DA:31,0
DA:35,0
DA:37,0
DA:51,0
DA:55,0
DA:56,0
DA:57,0
DA:62,0
DA:69,0
DA:113,0
LF:18
LH:0
BRDA:16,0,0,0
BRDA:17,1,0,0
BRDA:18,2,0,0
BRDA:19,3,0,0
BRDA:24,4,0,0
BRDA:24,4,1,0
BRDA:30,5,0,0
BRDA:30,5,1,0
BRDA:35,6,0,0
BRDA:35,6,1,0
BRDA:56,7,0,0
BRDA:56,7,1,0
BRDA:72,8,0,0
BRDA:72,8,1,0
BRDA:101,9,0,0
BRDA:101,9,1,0
BRF:16
BRH:0
end_of_record
TN:
SF:src/components/ErrorBoundary.js
FN:24,(anonymous_0)
FN:29,(anonymous_1)
FN:39,(anonymous_2)
FN:48,(anonymous_3)
FNF:4
FNH:0
FNDA:0,(anonymous_0)
FNDA:0,(anonymous_1)
FNDA:0,(anonymous_2)
FNDA:0,(anonymous_3)
DA:18,0
DA:26,0
DA:31,0
DA:32,0
DA:36,0
DA:39,0
DA:41,0
DA:49,0
DA:50,0
DA:92,0
DA:96,0
LF:11
LH:0
BRDA:31,0,0,0
BRDA:31,0,1,0
BRDA:49,1,0,0
BRDA:49,1,1,0
BRDA:63,2,0,0
BRDA:63,2,1,0
BRDA:66,3,0,0
BRDA:66,3,1,0
BRDA:66,3,2,0
BRF:9
BRH:0
end_of_record
TN:
SF:src/components/FilteredTreeWrapper.js
FN:12,(anonymous_0)
FN:15,(anonymous_1)
FN:17,(anonymous_2)
FN:21,(anonymous_3)
FNF:4
FNH:0
FNDA:0,(anonymous_0)
FNDA:0,(anonymous_1)
FNDA:0,(anonymous_2)
FNDA:0,(anonymous_3)
DA:12,0
DA:13,0
DA:15,0
DA:17,0
DA:18,0
DA:21,0
DA:24,0
LF:7
LH:0
BRDA:27,0,0,0
BRDA:27,0,1,0
BRF:2
BRH:0
end_of_record
TN:
SF:src/components/FocusedTreeView.js
FN:18,(anonymous_0)
FN:24,(anonymous_1)
FN:29,(anonymous_2)
FN:51,(anonymous_3)
FN:65,(anonymous_4)
FN:101,(anonymous_5)
FN:159,(anonymous_6)
FN:170,(anonymous_7)
FN:187,(anonymous_8)
FN:197,(anonymous_9)
FN:212,(anonymous_10)
FN:223,(anonymous_11)
FN:236,(anonymous_12)
FN:282,(anonymous_13)
FN:305,(anonymous_14)
FN:328,(anonymous_15)
FN:351,(anonymous_16)
FNF:17
FNH:0
FNDA:0,(anonymous_0)
FNDA:0,(anonymous_1)
FNDA:0,(anonymous_2)
FNDA:0,(anonymous_3)
FNDA:0,(anonymous_4)
FNDA:0,(anonymous_5)
FNDA:0,(anonymous_6)
FNDA:0,(anonymous_7)
FNDA:0,(anonymous_8)
FNDA:0,(anonymous_9)
FNDA:0,(anonymous_10)
FNDA:0,(anonymous_11)
FNDA:0,(anonymous_12)
FNDA:0,(anonymous_13)
FNDA:0,(anonymous_14)
FNDA:0,(anonymous_15)
FNDA:0,(anonymous_16)
DA:18,0
DA:19,0
DA:20,0
DA:21,0
DA:22,0
DA:24,0
DA:25,0
DA:26,0
DA:29,0
DA:30,0
DA:31,0
DA:33,0
DA:36,0
DA:38,0
DA:39,0
DA:41,0
DA:42,0
DA:45,0
DA:46,0
DA:47,0
DA:51,0
DA:52,0
DA:53,0
DA:56,0
DA:58,0
DA:59,0
DA:61,0
DA:65,0
DA:66,0
DA:68,0
DA:74,0
DA:75,0
DA:78,0
DA:79,0
DA:82,0
DA:83,0
DA:84,0
DA:85,0
DA:91,0
DA:92,0
DA:93,0
DA:95,0
DA:97,0
DA:101,0
DA:102,0
DA:104,0
DA:110,0
DA:111,0
DA:113,0
DA:114,0
DA:119,0
DA:122,0
DA:123,0
DA:130,0
DA:131,0
DA:136,0
DA:137,0
DA:143,0
DA:144,0
DA:151,0
DA:152,0
DA:158,0
DA:159,0
DA:162,0
DA:164,0
DA:165,0
DA:170,0
DA:171,0
DA:172,0
DA:176,0
DA:177,0
DA:178,0
DA:179,0
DA:180,0
DA:183,0
DA:184,0
DA:185,0
DA:186,0
DA:187,0
DA:188,0
DA:189,0
DA:190,0
DA:192,0
DA:197,0
DA:198,0
DA:200,0
DA:202,0
DA:203,0
DA:207,0
DA:208,0
DA:209,0
DA:210,0
DA:212,0
DA:213,0
DA:214,0
DA:217,0
DA:218,0
DA:219,0
DA:220,0
DA:221,0
DA:223,0
DA:224,0
DA:230,0
DA:237,0
DA:283,0
DA:306,0
DA:329,0
DA:352,0
DA:373,0
DA:374,0
DA:384,0
DA:385,0
DA:394,0
DA:397,0
LF:114
LH:0
BRDA:25,0,0,0
BRDA:25,0,1,0
BRDA:38,1,0,0
BRDA:38,1,1,0
BRDA:45,2,0,0
BRDA:45,2,1,0
BRDA:45,3,0,0
BRDA:45,3,1,0
BRDA:52,4,0,0
BRDA:52,4,1,0
BRDA:74,5,0,0
BRDA:74,5,1,0
BRDA:84,6,0,0
BRDA:84,6,1,0
BRDA:91,7,0,0
BRDA:91,7,1,0
BRDA:101,8,0,0
BRDA:102,9,0,0
BRDA:102,9,1,0
BRDA:110,10,0,0
BRDA:110,10,1,0
BRDA:110,11,0,0
BRDA:110,11,1,0
BRDA:122,12,0,0
BRDA:122,12,1,0
BRDA:130,13,0,0
BRDA:130,13,1,0
BRDA:136,14,0,0
BRDA:136,14,1,0
BRDA:143,15,0,0
BRDA:143,15,1,0
BRDA:143,16,0,0
BRDA:143,16,1,0
BRDA:151,17,0,0
BRDA:151,17,1,0
BRDA:171,18,0,0
BRDA:171,18,1,0
BRDA:171,19,0,0
BRDA:171,19,1,0
BRDA:188,20,0,0
BRDA:188,20,1,0
BRDA:198,21,0,0
BRDA:198,21,1,0
BRDA:200,22,0,0
BRDA:200,22,1,0
BRDA:203,23,0,0
BRDA:203,23,1,0
BRDA:204,24,0,0
BRDA:204,24,1,0
BRDA:208,25,0,0
BRDA:208,25,1,0
BRDA:210,26,0,0
BRDA:210,26,1,0
BRDA:213,27,0,0
BRDA:213,27,1,0
BRDA:213,28,0,0
BRDA:213,28,1,0
BRDA:213,28,2,0
BRDA:219,29,0,0
BRDA:219,29,1,0
BRDA:233,30,0,0
BRDA:233,30,1,0
BRDA:240,31,0,0
BRDA:240,31,1,0
BRDA:246,32,0,0
BRDA:246,32,1,0
BRDA:260,33,0,0
BRDA:260,33,1,0
BRDA:265,34,0,0
BRDA:265,34,1,0
BRDA:276,35,0,0
BRDA:276,35,1,0
BRDA:289,36,0,0
BRDA:289,36,1,0
BRDA:299,37,0,0
BRDA:299,37,1,0
BRDA:312,38,0,0
BRDA:312,38,1,0
BRDA:322,39,0,0
BRDA:322,39,1,0
BRDA:335,40,0,0
BRDA:335,40,1,0
BRDA:345,41,0,0
BRDA:345,41,1,0
BRDA:358,42,0,0
BRDA:358,42,1,0
BRDA:373,43,0,0
BRDA:373,43,1,0
BRDA:384,44,0,0
BRDA:384,44,1,0
BRF:90
BRH:0
end_of_record
TN:
SF:src/components/GlassContainer.js
FN:7,(anonymous_0)
FNF:1
FNH:0
FNDA:0,(anonymous_0)
DA:7,0
DA:21,0
DA:64,0
LF:3
LH:0
BRDA:9,0,0,0
BRDA:11,1,0,0
BRDA:12,2,0,0
BRDA:13,3,0,0
BRDA:14,4,0,0
BRDA:15,5,0,0
BRDA:16,6,0,0
BRDA:17,7,0,0
BRF:8
BRH:0
end_of_record
TN:
SF:src/components/GlassMetricPill.js
FN:14,(anonymous_0)
FN:26,(anonymous_1)
FN:33,(anonymous_2)
FN:41,(anonymous_3)
FNF:4
FNH:0
FNDA:0,(anonymous_0)
FNDA:0,(anonymous_1)
FNDA:0,(anonymous_2)
FNDA:0,(anonymous_3)
DA:12,0
DA:14,0
DA:23,0
DA:24,0
DA:26,0
DA:27,0
DA:33,0
DA:34,0
DA:35,0
DA:36,0
DA:37,0
DA:41,0
DA:42,0
DA:43,0
DA:46,0
DA:71,0
LF:16
LH:0
BRDA:36,0,0,0
BRDA:36,0,1,0
BRDA:56,1,0,0
BRDA:56,1,1,0
BRF:4
BRH:0
end_of_record
TN:
SF:src/components/GlassTag.js
FN:5,(anonymous_0)
FNF:1
FNH:0
FNDA:0,(anonymous_0)
DA:5,0
DA:6,0
DA:16,0
LF:3
LH:0
BRDA:5,0,0,0
BRDA:9,1,0,0
BRDA:9,1,1,0
BRF:3
BRH:0
end_of_record
TN:
SF:src/components/GlowEffect.js
FN:43,(anonymous_0)
FNF:1
FNH:0
FNDA:0,(anonymous_0)
DA:6,0
DA:43,0
DA:44,0
DA:46,0
DA:127,0
DA:129,0
LF:6
LH:0
BRDA:44,0,0,0
BRDA:44,0,1,0
BRDA:63,1,0,0
BRDA:63,1,1,0
BRDA:80,2,0,0
BRDA:80,2,1,0
BRDA:102,3,0,0
BRDA:102,3,1,0
BRF:8
BRH:0
end_of_record
TN:
SF:src/components/InlineSpouseAdder.js
FN:43,InlineSpouseAdder
FN:63,(anonymous_1)
FN:64,(anonymous_2)
FN:72,(anonymous_3)
FN:80,(anonymous_4)
FN:90,(anonymous_5)
FN:92,(anonymous_6)
FN:93,(anonymous_7)
FN:97,(anonymous_8)
FN:103,(anonymous_9)
FN:114,(anonymous_10)
FN:121,(anonymous_11)
FN:321,(anonymous_12)
FN:326,(anonymous_13)
FN:330,(anonymous_14)
FNF:15
FNH:0
FNDA:0,InlineSpouseAdder
FNDA:0,(anonymous_1)
FNDA:0,(anonymous_2)
FNDA:0,(anonymous_3)
FNDA:0,(anonymous_4)
FNDA:0,(anonymous_5)
FNDA:0,(anonymous_6)
FNDA:0,(anonymous_7)
FNDA:0,(anonymous_8)
FNDA:0,(anonymous_9)
FNDA:0,(anonymous_10)
FNDA:0,(anonymous_11)
FNDA:0,(anonymous_12)
FNDA:0,(anonymous_13)
FNDA:0,(anonymous_14)
DA:26,0
DA:51,0
DA:52,0
DA:53,0
DA:56,0
DA:57,0
DA:58,0
DA:59,0
DA:60,0
DA:63,0
DA:64,0
DA:65,0
DA:66,0
DA:67,0
DA:72,0
DA:73,0
DA:74,0
DA:76,0
DA:80,0
DA:81,0
DA:82,0
DA:83,0
DA:90,0
DA:91,0
DA:92,0
DA:93,0
DA:97,0
DA:98,0
DA:99,0
DA:100,0
DA:103,0
DA:104,0
DA:105,0
DA:106,0
DA:109,0
DA:110,0
DA:114,0
DA:115,0
DA:116,0
DA:117,0
DA:121,0
DA:122,0
DA:123,0
DA:125,0
DA:126,0
DA:130,0
DA:131,0
DA:132,0
DA:136,0
DA:137,0
DA:138,0
DA:139,0
DA:143,0
DA:146,0
DA:147,0
DA:148,0
DA:149,0
DA:153,0
DA:154,0
DA:155,0
DA:156,0
DA:159,0
DA:161,0
DA:162,0
DA:166,0
DA:167,0
DA:168,0
DA:172,0
DA:173,0
DA:174,0
DA:175,0
DA:178,0
DA:180,0
DA:181,0
DA:182,0
DA:183,0
DA:186,0
DA:188,0
DA:191,0
DA:192,0
DA:193,0
DA:195,0
DA:196,0
DA:198,0
DA:199,0
DA:203,0
DA:204,0
DA:206,0
DA:212,0
DA:216,0
DA:219,0
DA:220,0
DA:222,0
DA:224,0
DA:227,0
DA:228,0
DA:229,0
DA:230,0
DA:234,0
DA:246,0
DA:248,0
DA:249,0
DA:252,0
DA:253,0
DA:256,0
DA:265,0
DA:267,0
DA:268,0
DA:269,0
DA:270,0
DA:273,0
DA:274,0
DA:275,0
DA:276,0
DA:280,0
DA:281,0
DA:282,0
DA:285,0
DA:292,0
DA:294,0
DA:296,0
DA:297,0
DA:300,0
DA:301,0
DA:304,0
DA:305,0
DA:308,0
DA:313,0
DA:315,0
DA:316,0
DA:321,0
DA:322,0
DA:323,0
DA:326,0
DA:327,0
DA:330,0
DA:335,0
DA:337,0
DA:419,0
DA:432,0
DA:440,0
LF:141
LH:0
BRDA:46,0,0,0
BRDA:65,1,0,0
BRDA:65,1,1,0
BRDA:73,2,0,0
BRDA:73,2,1,0
BRDA:81,3,0,0
BRDA:81,3,1,0
BRDA:91,4,0,0
BRDA:91,4,1,0
BRDA:91,5,0,0
BRDA:91,5,1,0
BRDA:109,6,0,0
BRDA:109,6,1,0
BRDA:123,7,0,0
BRDA:123,7,1,0
BRDA:125,8,0,0
BRDA:125,8,1,0
BRDA:130,9,0,0
BRDA:130,9,1,0
BRDA:130,10,0,0
BRDA:130,10,1,0
BRDA:130,10,2,0
BRDA:137,11,0,0
BRDA:137,11,1,0
BRDA:143,12,0,0
BRDA:143,12,1,0
BRDA:146,13,0,0
BRDA:146,13,1,0
BRDA:153,14,0,0
BRDA:153,14,1,0
BRDA:153,15,0,0
BRDA:153,15,1,0
BRDA:161,16,0,0
BRDA:161,16,1,0
BRDA:166,17,0,0
BRDA:166,17,1,0
BRDA:166,18,0,0
BRDA:166,18,1,0
BRDA:172,19,0,0
BRDA:172,19,1,0
BRDA:180,20,0,0
BRDA:180,20,1,0
BRDA:186,21,0,0
BRDA:186,21,1,0
BRDA:191,22,0,0
BRDA:191,22,1,0
BRDA:191,23,0,0
BRDA:191,23,1,0
BRDA:192,24,0,0
BRDA:192,24,1,0
BRDA:203,25,0,0
BRDA:203,25,1,0
BRDA:224,26,0,0
BRDA:224,26,1,0
BRDA:227,27,0,0
BRDA:227,27,1,0
BRDA:227,28,0,0
BRDA:227,28,1,0
BRDA:238,29,0,0
BRDA:238,29,1,0
BRDA:246,30,0,0
BRDA:246,30,1,0
BRDA:248,31,0,0
BRDA:248,31,1,0
BRDA:249,32,0,0
BRDA:249,32,1,0
BRDA:252,33,0,0
BRDA:252,33,1,0
BRDA:253,34,0,0
BRDA:253,34,1,0
BRDA:265,35,0,0
BRDA:265,35,1,0
BRDA:267,36,0,0
BRDA:267,36,1,0
BRDA:273,37,0,0
BRDA:273,37,1,0
BRDA:280,38,0,0
BRDA:280,38,1,0
BRDA:280,39,0,0
BRDA:280,39,1,0
BRDA:292,40,0,0
BRDA:292,40,1,0
BRDA:294,41,0,0
BRDA:294,41,1,0
BRDA:296,42,0,0
BRDA:296,42,1,0
BRDA:300,43,0,0
BRDA:300,43,1,0
BRDA:304,44,0,0
BRDA:304,44,1,0
BRDA:310,45,0,0
BRDA:310,45,1,0
BRDA:315,46,0,0
BRDA:315,46,1,0
BRDA:323,47,0,0
BRDA:323,47,1,0
BRDA:327,48,0,0
BRDA:327,48,1,0
BRDA:335,49,0,0
BRDA:335,49,1,0
BRDA:335,50,0,0
BRDA:335,50,1,0
BRDA:340,51,0,0
BRDA:340,51,1,0
BRDA:377,52,0,0
BRDA:377,52,1,0
BRDA:387,53,0,0
BRDA:387,53,1,0
BRDA:387,53,2,0
BRDA:390,54,0,0
BRDA:390,54,1,0
BRDA:397,55,0,0
BRDA:397,55,1,0
BRF:113
BRH:0
end_of_record
TN:
SF:src/components/LoadingPhotoView.js
FN:8,(anonymous_0)
FN:11,(anonymous_1)
FN:49,(anonymous_2)
FN:81,(anonymous_3)
FN:95,(anonymous_4)
FN:108,(anonymous_5)
FNF:6
FNH:0
FNDA:0,(anonymous_0)
FNDA:0,(anonymous_1)
FNDA:0,(anonymous_2)
FNDA:0,(anonymous_3)
FNDA:0,(anonymous_4)
FNDA:0,(anonymous_5)
DA:8,0
DA:9,0
DA:11,0
DA:12,0
DA:28,0
DA:33,0
DA:49,0
DA:57,0
DA:58,0
DA:59,0
DA:61,0
DA:81,0
DA:82,0
DA:95,0
DA:96,0
DA:108,0
DA:109,0
DA:118,0
LF:18
LH:0
BRDA:51,0,0,0
BRDA:57,1,0,0
BRDA:57,1,1,0
BRDA:57,1,2,0
BRDA:58,2,0,0
BRDA:58,2,1,0
BRDA:58,2,2,0
BRDA:59,3,0,0
BRDA:59,3,1,0
BRDA:95,4,0,0
BRDA:108,5,0,0
BRF:11
BRH:0
end_of_record
TN:
SF:src/components/NativeTabBar.android.js
FN:5,NativeTabBar
FN:13,(anonymous_1)
FN:33,(anonymous_2)
FN:55,(anonymous_3)
FNF:4
FNH:0
FNDA:0,NativeTabBar
FNDA:0,(anonymous_1)
FNDA:0,(anonymous_2)
FNDA:0,(anonymous_3)
DA:6,0
DA:13,0
DA:33,0
DA:55,0
DA:71,0
LF:5
LH:0
BRDA:11,0,0,0
BRDA:11,0,1,0
BRDA:12,1,0,0
BRDA:12,1,1,0
BRDA:14,2,0,0
BRDA:14,2,1,0
BRDA:16,3,0,0
BRDA:16,3,1,0
BRDA:29,4,0,0
BRDA:29,4,1,0
BRDA:31,5,0,0
BRDA:31,5,1,0
BRDA:34,6,0,0
BRDA:34,6,1,0
BRDA:36,7,0,0
BRDA:36,7,1,0
BRDA:49,8,0,0
BRDA:49,8,1,0
BRDA:51,9,0,0
BRDA:51,9,1,0
BRDA:56,10,0,0
BRDA:56,10,1,0
BRDA:58,11,0,0
BRDA:58,11,1,0
BRF:24
BRH:0
end_of_record
TN:
SF:src/components/NativeTabBar.ios.js
FN:19,NativeTabBar
FN:37,(anonymous_1)
FN:57,(anonymous_2)
FN:79,(anonymous_3)
FN:101,(anonymous_4)
FNF:5
FNH:0
FNDA:0,NativeTabBar
FNDA:0,(anonymous_1)
FNDA:0,(anonymous_2)
FNDA:0,(anonymous_3)
FNDA:0,(anonymous_4)
DA:20,0
DA:37,0
DA:57,0
DA:79,0
DA:101,0
DA:128,0
LF:6
LH:0
BRDA:40,0,0,0
BRDA:40,0,1,0
BRDA:42,1,0,0
BRDA:42,1,1,0
BRDA:46,2,0,0
BRDA:46,2,1,0
BRDA:47,3,0,0
BRDA:47,3,1,0
BRDA:61,4,0,0
BRDA:61,4,1,0
BRDA:64,5,0,0
BRDA:64,5,1,0
BRDA:68,6,0,0
BRDA:68,6,1,0
BRDA:69,7,0,0
BRDA:69,7,1,0
BRDA:83,8,0,0
BRDA:83,8,1,0
BRDA:86,9,0,0
BRDA:86,9,1,0
BRDA:90,10,0,0
BRDA:90,10,1,0
BRDA:91,11,0,0
BRDA:91,11,1,0
BRDA:105,12,0,0
BRDA:105,12,1,0
BRDA:110,13,0,0
BRDA:110,13,1,0
BRDA:114,14,0,0
BRDA:114,14,1,0
BRDA:115,15,0,0
BRDA:115,15,1,0
BRF:32
BRH:0
end_of_record
TN:
SF:src/components/NativeTabBar.js
FN:5,(anonymous_0)
FN:6,(anonymous_1)
FNF:2
FNH:0
FNDA:0,(anonymous_0)
FNDA:0,(anonymous_1)
DA:4,0
DA:5,0
DA:6,0
LF:3
LH:0
BRF:0
BRH:0
end_of_record
TN:
SF:src/components/NavigateToRootButton.js
FN:14,(anonymous_0)
FN:18,(anonymous_1)
FN:22,(anonymous_2)
FN:30,(anonymous_3)
FN:40,(anonymous_4)
FN:47,(anonymous_5)
FN:101,(anonymous_6)
FN:118,(anonymous_7)
FNF:8
FNH:0
FNDA:0,(anonymous_0)
FNDA:0,(anonymous_1)
FNDA:0,(anonymous_2)
FNDA:0,(anonymous_3)
FNDA:0,(anonymous_4)
FNDA:0,(anonymous_5)
FNDA:0,(anonymous_6)
FNDA:0,(anonymous_7)
DA:14,0
DA:15,0
DA:18,0
DA:19,0
DA:21,0
DA:22,0
DA:23,0
DA:24,0
DA:25,0
DA:30,0
DA:31,0
DA:32,0
DA:37,0
DA:38,0
DA:40,0
DA:47,0
DA:48,0
DA:50,0
DA:53,0
DA:55,0
DA:60,0
DA:65,0
DA:67,0
DA:70,0
DA:71,0
DA:72,0
DA:77,0
DA:78,0
DA:79,0
DA:80,0
DA:81,0
DA:90,0
DA:94,0
DA:98,0
DA:103,0
DA:104,0
DA:110,0
DA:112,0
DA:118,0
DA:149,0
LF:40
LH:0
BRDA:19,0,0,0
BRDA:19,0,1,0
BRDA:19,1,0,0
BRDA:19,1,1,0
BRDA:21,2,0,0
BRDA:21,2,1,0
BRDA:23,3,0,0
BRDA:23,3,1,0
BRDA:31,4,0,0
BRDA:31,4,1,0
BRDA:48,5,0,0
BRDA:48,5,1,0
BRDA:65,6,0,0
BRDA:65,6,1,0
BRDA:70,7,0,0
BRDA:70,7,1,0
BRDA:70,8,0,0
BRDA:70,8,1,0
BRDA:70,8,2,0
BRDA:78,9,0,0
BRDA:78,9,1,0
BRDA:103,10,0,0
BRDA:103,10,1,0
BRDA:103,11,0,0
BRDA:103,11,1,0
BRDA:120,12,0,0
BRDA:120,12,1,0
BRDA:121,13,0,0
BRDA:121,13,1,0
BRF:29
BRH:0
end_of_record
TN:
SF:src/components/NavigationController.js
FN:41,NavigationController
FN:49,(anonymous_1)
FN:50,(anonymous_2)
FN:56,(anonymous_3)
FN:65,(anonymous_4)
FN:101,(anonymous_5)
FN:108,(anonymous_6)
FN:124,(anonymous_7)
FN:128,(anonymous_8)
FN:170,(anonymous_9)
FN:175,(anonymous_10)
FN:179,(anonymous_11)
FN:180,(anonymous_12)
FNF:13
FNH:0
FNDA:0,NavigationController
FNDA:0,(anonymous_1)
FNDA:0,(anonymous_2)
FNDA:0,(anonymous_3)
FNDA:0,(anonymous_4)
FNDA:0,(anonymous_5)
FNDA:0,(anonymous_6)
FNDA:0,(anonymous_7)
FNDA:0,(anonymous_8)
FNDA:0,(anonymous_9)
FNDA:0,(anonymous_10)
FNDA:0,(anonymous_11)
FNDA:0,(anonymous_12)
DA:16,0
DA:33,0
DA:42,0
DA:43,0
DA:44,0
DA:45,0
DA:46,0
DA:49,0
DA:50,0
DA:51,0
DA:56,0
DA:57,0
DA:58,0
DA:59,0
DA:61,0
DA:65,0
DA:66,0
DA:67,0
DA:68,0
DA:71,0
DA:72,0
DA:75,0
DA:76,0
DA:77,0
DA:80,0
DA:82,0
DA:84,0
DA:86,0
DA:92,0
DA:95,0
DA:96,0
DA:99,0
DA:101,0
DA:102,0
DA:108,0
DA:110,0
DA:111,0
DA:112,0
DA:116,0
DA:117,0
DA:119,0
DA:120,0
DA:124,0
DA:125,0
DA:126,0
DA:128,0
DA:132,0
DA:133,0
DA:134,0
DA:138,0
DA:141,0
DA:142,0
DA:143,0
DA:144,0
DA:148,0
DA:149,0
DA:150,0
DA:154,0
DA:156,0
DA:158,0
DA:162,0
DA:163,0
DA:170,0
DA:171,0
DA:172,0
DA:175,0
DA:179,0
DA:180,0
DA:182,0
DA:188,0
DA:189,0
DA:190,0
DA:194,0
DA:198,0
LF:74
LH:0
BRDA:58,0,0,0
BRDA:58,0,1,0
BRDA:58,1,0,0
BRDA:58,1,1,0
BRDA:58,1,2,0
BRDA:65,2,0,0
BRDA:66,3,0,0
BRDA:66,3,1,0
BRDA:75,4,0,0
BRDA:75,4,1,0
BRDA:84,5,0,0
BRDA:84,5,1,0
BRDA:110,6,0,0
BRDA:110,6,1,0
BRDA:110,7,0,0
BRDA:110,7,1,0
BRDA:116,8,0,0
BRDA:116,8,1,0
BRDA:116,9,0,0
BRDA:116,9,1,0
BRDA:119,10,0,0
BRDA:119,10,1,0
BRDA:119,11,0,0
BRDA:119,11,1,0
BRDA:132,12,0,0
BRDA:132,12,1,0
BRDA:141,13,0,0
BRDA:141,13,1,0
BRDA:148,14,0,0
BRDA:148,14,1,0
BRDA:156,15,0,0
BRDA:156,15,1,0
BRDA:159,16,0,0
BRDA:159,16,1,0
BRDA:162,17,0,0
BRDA:162,17,1,0
BRDA:164,18,0,0
BRDA:164,18,1,0
BRDA:165,19,0,0
BRDA:165,19,1,0
BRDA:188,20,0,0
BRDA:188,20,1,0
BRF:42
BRH:0
end_of_record
TN:
SF:src/components/NetworkError.js
FN:15,(anonymous_0)
FN:16,(anonymous_1)
FN:21,(anonymous_2)
FNF:3
FNH:0
FNDA:0,(anonymous_0)
FNDA:0,(anonymous_1)
FNDA:0,(anonymous_2)
DA:13,0
DA:15,0
DA:16,0
DA:17,0
DA:18,0
DA:21,0
DA:22,0
DA:24,0
DA:30,0
DA:36,0
DA:42,0
DA:50,0
DA:52,0
DA:102,0
LF:14
LH:0
BRDA:15,0,0,0
BRDA:22,1,0,0
BRDA:22,1,1,0
BRDA:22,1,2,0
BRDA:22,1,3,0
BRDA:43,2,0,0
BRDA:43,2,1,0
BRF:7
BRH:0
end_of_record
TN:
SF:src/components/NetworkErrorView.js
FN:16,(anonymous_0)
FN:25,(anonymous_1)
FN:42,(anonymous_2)
FN:47,(anonymous_3)
FN:70,(anonymous_4)
FNF:5
FNH:0
FNDA:0,(anonymous_0)
FNDA:0,(anonymous_1)
FNDA:0,(anonymous_2)
FNDA:0,(anonymous_3)
FNDA:0,(anonymous_4)
DA:16,0
DA:22,0
DA:23,0
DA:25,0
DA:27,0
DA:42,0
DA:43,0
DA:44,0
DA:47,0
DA:48,0
DA:50,0
DA:55,0
DA:61,0
DA:68,0
DA:70,0
DA:71,0
DA:96,0
DA:160,0
LF:18
LH:0
BRDA:18,0,0,0
BRDA:19,1,0,0
BRDA:20,2,0,0
BRDA:48,3,0,0
BRDA:48,3,1,0
BRDA:48,3,2,0
BRDA:48,3,3,0
BRDA:63,4,0,0
BRDA:63,4,1,0
BRDA:123,5,0,0
BRDA:123,5,1,0
BRDA:125,6,0,0
BRDA:125,6,1,0
BRDA:141,7,0,0
BRDA:141,7,1,0
BRDA:146,8,0,0
BRDA:146,8,1,0
BRDA:206,9,0,0
BRDA:206,9,1,0
BRDA:214,10,0,0
BRDA:214,10,1,0
BRDA:239,11,0,0
BRDA:239,11,1,0
BRF:23
BRH:0
end_of_record
TN:
SF:src/components/PendingApprovalBanner.js
FN:30,(anonymous_0)
FN:47,(anonymous_1)
FN:75,(anonymous_2)
FN:80,(anonymous_3)
FN:91,(anonymous_4)
FN:98,(anonymous_5)
FN:122,(anonymous_6)
FN:134,(anonymous_7)
FN:154,(anonymous_8)
FN:169,(anonymous_9)
FN:193,(anonymous_10)
FN:234,(anonymous_11)
FN:247,(anonymous_12)
FN:260,(anonymous_13)
FN:387,(anonymous_14)
FNF:15
FNH:0
FNDA:0,(anonymous_0)
FNDA:0,(anonymous_1)
FNDA:0,(anonymous_2)
FNDA:0,(anonymous_3)
FNDA:0,(anonymous_4)
FNDA:0,(anonymous_5)
FNDA:0,(anonymous_6)
FNDA:0,(anonymous_7)
FNDA:0,(anonymous_8)
FNDA:0,(anonymous_9)
FNDA:0,(anonymous_10)
FNDA:0,(anonymous_11)
FNDA:0,(anonymous_12)
FNDA:0,(anonymous_13)
FNDA:0,(anonymous_14)
DA:19,0
DA:30,0
DA:31,0
DA:32,0
DA:35,0
DA:36,0
DA:37,0
DA:38,0
DA:39,0
DA:40,0
DA:41,0
DA:42,0
DA:43,0
DA:44,0
DA:45,0
DA:47,0
DA:48,0
DA:49,0
DA:52,0
DA:59,0
DA:73,0
DA:75,0
DA:77,0
DA:80,0
DA:81,0
DA:82,0
DA:84,0
DA:87,0
DA:91,0
DA:92,0
DA:93,0
DA:94,0
DA:95,0
DA:97,0
DA:98,0
DA:101,0
DA:104,0
DA:105,0
DA:111,0
DA:112,0
DA:116,0
DA:117,0
DA:119,0
DA:122,0
DA:123,0
DA:135,0
DA:136,0
DA:137,0
DA:143,0
DA:148,0
DA:150,0
DA:154,0
DA:155,0
DA:159,0
DA:170,0
DA:173,0
DA:174,0
DA:175,0
DA:176,0
DA:178,0
DA:181,0
DA:182,0
DA:185,0
DA:186,0
DA:187,0
DA:193,0
DA:199,0
DA:200,0
DA:210,0
DA:211,0
DA:212,0
DA:213,0
DA:216,0
DA:219,0
DA:224,0
DA:225,0
DA:226,0
DA:234,0
DA:244,0
DA:247,0
DA:248,0
DA:249,0
DA:251,0
DA:253,0
DA:254,0
DA:257,0
DA:260,0
DA:261,0
DA:262,0
DA:263,0
DA:264,0
DA:265,0
DA:266,0
DA:268,0
DA:269,0
DA:270,0
DA:271,0
DA:272,0
DA:275,0
DA:276,0
DA:285,0
DA:286,0
DA:289,0
DA:290,0
DA:291,0
DA:293,0
DA:387,0
DA:411,0
LF:108
LH:0
BRDA:31,0,0,0
BRDA:31,0,1,0
BRDA:95,1,0,0
BRDA:95,1,1,0
BRDA:95,2,0,0
BRDA:95,2,1,0
BRDA:104,3,0,0
BRDA:104,3,1,0
BRDA:104,4,0,0
BRDA:104,4,1,0
BRDA:111,5,0,0
BRDA:111,5,1,0
BRDA:117,6,0,0
BRDA:117,6,1,0
BRDA:136,7,0,0
BRDA:136,7,1,0
BRDA:155,8,0,0
BRDA:155,8,1,0
BRDA:174,9,0,0
BRDA:174,9,1,0
BRDA:185,10,0,0
BRDA:185,10,1,0
BRDA:210,11,0,0
BRDA:210,11,1,0
BRDA:212,12,0,0
BRDA:212,12,1,0
BRDA:224,13,0,0
BRDA:224,13,1,0
BRDA:228,14,0,0
BRDA:228,14,1,0
BRDA:253,15,0,0
BRDA:253,15,1,0
BRDA:268,16,0,0
BRDA:268,16,1,0
BRDA:269,17,0,0
BRDA:269,17,1,0
BRDA:270,18,0,0
BRDA:270,18,1,0
BRDA:271,19,0,0
BRDA:271,19,1,0
BRDA:275,20,0,0
BRDA:275,20,1,0
BRDA:285,21,0,0
BRDA:285,21,1,0
BRDA:285,22,0,0
BRDA:285,22,1,0
BRDA:301,23,0,0
BRDA:301,23,1,0
BRDA:302,24,0,0
BRDA:302,24,1,0
BRDA:303,25,0,0
BRDA:303,25,1,0
BRDA:310,26,0,0
BRDA:310,26,1,0
BRDA:315,27,0,0
BRDA:315,27,1,0
BRDA:317,28,0,0
BRDA:317,28,1,0
BRDA:323,29,0,0
BRDA:323,29,1,0
BRDA:325,30,0,0
BRDA:325,30,1,0
BRDA:334,31,0,0
BRDA:334,31,1,0
BRDA:335,32,0,0
BRDA:335,32,1,0
BRDA:336,33,0,0
BRDA:336,33,1,0
BRDA:339,34,0,0
BRDA:339,34,1,0
BRDA:339,35,0,0
BRDA:339,35,1,0
BRDA:339,35,2,0
BRDA:340,36,0,0
BRDA:340,36,1,0
BRDA:340,36,2,0
BRDA:342,37,0,0
BRDA:342,37,1,0
BRDA:342,37,2,0
BRDA:345,38,0,0
BRDA:345,38,1,0
BRDA:366,39,0,0
BRDA:366,39,1,0
BRDA:369,40,0,0
BRDA:369,40,1,0
BRDA:384,41,0,0
BRDA:384,41,1,0
BRDA:395,42,0,0
BRDA:395,42,1,0
BRF:89
BRH:0
end_of_record
TN:
SF:src/components/PhotoGallery.js
FN:23,(anonymous_0)
FN:39,(anonymous_1)
FN:72,(anonymous_2)
FN:79,(anonymous_3)
FN:102,(anonymous_4)
FN:160,(anonymous_5)
FN:193,(anonymous_6)
FN:199,(anonymous_7)
FN:216,(anonymous_8)
FN:288,(anonymous_9)
FN:291,(anonymous_10)
FN:300,(anonymous_11)
FN:306,(anonymous_12)
FN:338,(anonymous_13)
FNF:14
FNH:0
FNDA:0,(anonymous_0)
FNDA:0,(anonymous_1)
FNDA:0,(anonymous_2)
FNDA:0,(anonymous_3)
FNDA:0,(anonymous_4)
FNDA:0,(anonymous_5)
FNDA:0,(anonymous_6)
FNDA:0,(anonymous_7)
FNDA:0,(anonymous_8)
FNDA:0,(anonymous_9)
FNDA:0,(anonymous_10)
FNDA:0,(anonymous_11)
FNDA:0,(anonymous_12)
FNDA:0,(anonymous_13)
DA:20,0
DA:21,0
DA:23,0
DA:30,0
DA:31,0
DA:32,0
DA:33,0
DA:36,0
DA:39,0
DA:40,0
DA:42,0
DA:48,0
DA:49,0
DA:52,0
DA:56,0
DA:57,0
DA:59,0
DA:61,0
DA:65,0
DA:66,0
DA:68,0
DA:72,0
DA:73,0
DA:74,0
DA:79,0
DA:80,0
DA:83,0
DA:84,0
DA:85,0
DA:86,0
DA:89,0
DA:96,0
DA:97,0
DA:102,0
DA:103,0
DA:104,0
DA:105,0
DA:109,0
DA:111,0
DA:112,0
DA:116,0
DA:117,0
DA:125,0
DA:127,0
DA:137,0
DA:141,0
DA:142,0
DA:146,0
DA:148,0
DA:149,0
DA:151,0
DA:152,0
DA:153,0
DA:155,0
DA:160,0
DA:161,0
DA:163,0
DA:169,0
DA:175,0
DA:180,0
DA:181,0
DA:184,0
DA:185,0
DA:187,0
DA:188,0
DA:193,0
DA:194,0
DA:200,0
DA:202,0
DA:209,0
DA:211,0
DA:215,0
DA:216,0
DA:217,0
DA:219,0
DA:220,0
DA:223,0
DA:228,0
DA:229,0
DA:234,0
DA:235,0
DA:237,0
DA:238,0
DA:245,0
DA:246,0
DA:253,0
DA:289,0
DA:292,0
DA:293,0
DA:301,0
DA:307,0
DA:338,0
DA:366,0
LF:93
LH:0
BRDA:26,0,0,0
BRDA:28,1,0,0
BRDA:36,2,0,0
BRDA:36,2,1,0
BRDA:48,3,0,0
BRDA:48,3,1,0
BRDA:48,4,0,0
BRDA:48,4,1,0
BRDA:56,5,0,0
BRDA:56,5,1,0
BRDA:61,6,0,0
BRDA:61,6,1,0
BRDA:73,7,0,0
BRDA:73,7,1,0
BRDA:80,8,0,0
BRDA:80,8,1,0
BRDA:80,9,0,0
BRDA:80,9,1,0
BRDA:84,10,0,0
BRDA:84,10,1,0
BRDA:96,11,0,0
BRDA:96,11,1,0
BRDA:96,12,0,0
BRDA:96,12,1,0
BRDA:111,13,0,0
BRDA:111,13,1,0
BRDA:125,14,0,0
BRDA:125,14,1,0
BRDA:137,15,0,0
BRDA:137,15,1,0
BRDA:141,16,0,0
BRDA:141,16,1,0
BRDA:141,17,0,0
BRDA:141,17,1,0
BRDA:180,18,0,0
BRDA:180,18,1,0
BRDA:209,19,0,0
BRDA:209,19,1,0
BRDA:215,20,0,0
BRDA:215,20,1,0
BRDA:219,21,0,0
BRDA:219,21,1,0
BRDA:228,22,0,0
BRDA:228,22,1,0
BRDA:245,23,0,0
BRDA:245,23,1,0
BRDA:254,24,0,0
BRDA:254,24,1,0
BRDA:256,25,0,0
BRDA:256,25,1,0
BRDA:257,26,0,0
BRDA:257,26,1,0
BRDA:259,27,0,0
BRDA:259,27,1,0
BRDA:270,28,0,0
BRDA:270,28,1,0
BRDA:270,28,2,0
BRDA:276,29,0,0
BRDA:276,29,1,0
BRDA:292,30,0,0
BRDA:292,30,1,0
BRDA:292,31,0,0
BRDA:292,31,1,0
BRDA:313,32,0,0
BRDA:313,32,1,0
BRDA:327,33,0,0
BRDA:327,33,1,0
BRDA:335,34,0,0
BRDA:335,34,1,0
BRDA:335,34,2,0
BRDA:335,34,3,0
BRDA:346,35,0,0
BRDA:346,35,1,0
BRDA:356,36,0,0
BRDA:356,36,1,0
BRDA:356,36,2,0
BRF:76
BRH:0
end_of_record
TN:
SF:src/components/PhotoGalleryMaps.js
FN:25,(anonymous_0)
FN:43,(anonymous_1)
FN:56,(anonymous_2)
FN:69,(anonymous_3)
FN:76,(anonymous_4)
FN:91,(anonymous_5)
FN:98,(anonymous_6)
FN:124,(anonymous_7)
FN:131,(anonymous_8)
FN:140,(anonymous_9)
FN:148,(anonymous_10)
FN:148,(anonymous_11)
FN:211,(anonymous_12)
FN:213,(anonymous_13)
FN:231,(anonymous_14)
FN:231,(anonymous_15)
FN:240,(anonymous_16)
FN:245,(anonymous_17)
FN:253,(anonymous_18)
FN:266,(anonymous_19)
FN:306,(anonymous_20)
FN:412,(anonymous_21)
FN:415,(anonymous_22)
FN:445,(anonymous_23)
FN:482,(anonymous_24)
FNF:25
FNH:0
FNDA:0,(anonymous_0)
FNDA:0,(anonymous_1)
FNDA:0,(anonymous_2)
FNDA:0,(anonymous_3)
FNDA:0,(anonymous_4)
FNDA:0,(anonymous_5)
FNDA:0,(anonymous_6)
FNDA:0,(anonymous_7)
FNDA:0,(anonymous_8)
FNDA:0,(anonymous_9)
FNDA:0,(anonymous_10)
FNDA:0,(anonymous_11)
FNDA:0,(anonymous_12)
FNDA:0,(anonymous_13)
FNDA:0,(anonymous_14)
FNDA:0,(anonymous_15)
FNDA:0,(anonymous_16)
FNDA:0,(anonymous_17)
FNDA:0,(anonymous_18)
FNDA:0,(anonymous_19)
FNDA:0,(anonymous_20)
FNDA:0,(anonymous_21)
FNDA:0,(anonymous_22)
FNDA:0,(anonymous_23)
FNDA:0,(anonymous_24)
DA:20,0
DA:21,0
DA:22,0
DA:23,0
DA:25,0
DA:31,0
DA:32,0
DA:33,0
DA:34,0
DA:35,0
DA:39,0
DA:40,0
DA:43,0
DA:44,0
DA:45,0
DA:52,0
DA:53,0
DA:54,0
DA:56,0
DA:57,0
DA:59,0
DA:62,0
DA:63,0
DA:65,0
DA:69,0
DA:70,0
DA:71,0
DA:76,0
DA:77,0
DA:78,0
DA:83,0
DA:85,0
DA:86,0
DA:91,0
DA:92,0
DA:93,0
DA:94,0
DA:98,0
DA:99,0
DA:101,0
DA:104,0
DA:105,0
DA:106,0
DA:107,0
DA:111,0
DA:118,0
DA:119,0
DA:124,0
DA:125,0
DA:126,0
DA:127,0
DA:128,0
DA:131,0
DA:140,0
DA:142,0
DA:144,0
DA:146,0
DA:148,0
DA:149,0
DA:152,0
DA:153,0
DA:155,0
DA:157,0
DA:160,0
DA:164,0
DA:170,0
DA:171,0
DA:173,0
DA:176,0
DA:185,0
DA:187,0
DA:199,0
DA:200,0
DA:202,0
DA:203,0
DA:206,0
DA:207,0
DA:211,0
DA:212,0
DA:213,0
DA:215,0
DA:218,0
DA:223,0
DA:226,0
DA:228,0
DA:229,0
DA:231,0
DA:233,0
DA:234,0
DA:235,0
DA:240,0
DA:241,0
DA:245,0
DA:246,0
DA:248,0
DA:254,0
DA:255,0
DA:260,0
DA:261,0
DA:265,0
DA:266,0
DA:267,0
DA:268,0
DA:269,0
DA:274,0
DA:279,0
DA:280,0
DA:283,0
DA:288,0
DA:289,0
DA:294,0
DA:295,0
DA:297,0
DA:298,0
DA:306,0
DA:307,0
DA:309,0
DA:311,0
DA:312,0
DA:317,0
DA:322,0
DA:327,0
DA:328,0
DA:331,0
DA:333,0
DA:337,0
DA:338,0
DA:345,0
DA:347,0
DA:413,0
DA:415,0
DA:446,0
DA:482,0
DA:491,0
LF:134
LH:0
BRDA:27,0,0,0
BRDA:28,1,0,0
BRDA:40,2,0,0
BRDA:40,2,1,0
BRDA:52,3,0,0
BRDA:52,3,1,0
BRDA:52,4,0,0
BRDA:52,4,1,0
BRDA:57,5,0,0
BRDA:57,5,1,0
BRDA:70,6,0,0
BRDA:70,6,1,0
BRDA:99,7,0,0
BRDA:99,7,1,0
BRDA:105,8,0,0
BRDA:105,8,1,0
BRDA:118,9,0,0
BRDA:118,9,1,0
BRDA:118,10,0,0
BRDA:118,10,1,0
BRDA:118,10,2,0
BRDA:134,11,0,0
BRDA:134,11,1,0
BRDA:146,12,0,0
BRDA:146,12,1,0
BRDA:171,13,0,0
BRDA:171,13,1,0
BRDA:173,14,0,0
BRDA:173,14,1,0
BRDA:185,15,0,0
BRDA:185,15,1,0
BRDA:199,16,0,0
BRDA:199,16,1,0
BRDA:206,17,0,0
BRDA:206,17,1,0
BRDA:206,18,0,0
BRDA:206,18,1,0
BRDA:260,19,0,0
BRDA:260,19,1,0
BRDA:265,20,0,0
BRDA:265,20,1,0
BRDA:267,21,0,0
BRDA:267,21,1,0
BRDA:279,22,0,0
BRDA:279,22,1,0
BRDA:288,23,0,0
BRDA:288,23,1,0
BRDA:307,24,0,0
BRDA:307,24,1,0
BRDA:307,25,0,0
BRDA:307,25,1,0
BRDA:327,26,0,0
BRDA:327,26,1,0
BRDA:337,27,0,0
BRDA:337,27,1,0
BRDA:350,28,0,0
BRDA:350,28,1,0
BRDA:356,29,0,0
BRDA:356,29,1,0
BRDA:365,30,0,0
BRDA:365,30,1,0
BRDA:372,31,0,0
BRDA:372,31,1,0
BRDA:372,31,2,0
BRDA:385,32,0,0
BRDA:385,32,1,0
BRDA:391,33,0,0
BRDA:391,33,1,0
BRDA:404,34,0,0
BRDA:404,34,1,0
BRDA:404,34,2,0
BRDA:423,35,0,0
BRDA:423,35,1,0
BRDA:424,36,0,0
BRDA:424,36,1,0
BRDA:435,37,0,0
BRDA:435,37,1,0
BRDA:442,38,0,0
BRDA:442,38,1,0
BRDA:442,38,2,0
BRDA:454,39,0,0
BRDA:454,39,1,0
BRDA:463,40,0,0
BRDA:463,40,1,0
BRDA:463,40,2,0
BRDA:476,41,0,0
BRDA:476,41,1,0
BRDA:476,41,2,0
BRDA:476,41,3,0
BRDA:476,41,4,0
BRF:90
BRH:0
end_of_record
TN:
SF:src/components/PhotoGallerySimple.js
FN:31,(anonymous_0)
FN:34,(anonymous_1)
FN:68,(anonymous_2)
FN:76,(anonymous_3)
FN:89,(anonymous_4)
FN:126,(anonymous_5)
FN:131,(anonymous_6)
FN:133,(anonymous_7)
FN:141,(anonymous_8)
FN:148,(anonymous_9)
FN:159,(anonymous_10)
FN:174,(anonymous_11)
FN:196,(anonymous_12)
FN:238,(anonymous_13)
FN:248,(anonymous_14)
FN:253,(anonymous_15)
FN:296,(anonymous_16)
FN:312,(anonymous_17)
FN:321,(anonymous_18)
FNF:19
FNH:0
FNDA:0,(anonymous_0)
FNDA:0,(anonymous_1)
FNDA:0,(anonymous_2)
FNDA:0,(anonymous_3)
FNDA:0,(anonymous_4)
FNDA:0,(anonymous_5)
FNDA:0,(anonymous_6)
FNDA:0,(anonymous_7)
FNDA:0,(anonymous_8)
FNDA:0,(anonymous_9)
FNDA:0,(anonymous_10)
FNDA:0,(anonymous_11)
FNDA:0,(anonymous_12)
FNDA:0,(anonymous_13)
FNDA:0,(anonymous_14)
FNDA:0,(anonymous_15)
FNDA:0,(anonymous_16)
FNDA:0,(anonymous_17)
FNDA:0,(anonymous_18)
DA:22,0
DA:23,0
DA:24,0
DA:25,0
DA:26,0
DA:31,0
DA:32,0
DA:34,0
DA:35,0
DA:53,0
DA:68,0
DA:69,0
DA:70,0
DA:71,0
DA:72,0
DA:73,0
DA:76,0
DA:77,0
DA:79,0
DA:80,0
DA:86,0
DA:89,0
DA:91,0
DA:92,0
DA:93,0
DA:95,0
DA:99,0
DA:100,0
DA:101,0
DA:103,0
DA:104,0
DA:106,0
DA:110,0
DA:113,0
DA:114,0
DA:120,0
DA:122,0
DA:126,0
DA:127,0
DA:131,0
DA:132,0
DA:133,0
DA:134,0
DA:135,0
DA:141,0
DA:142,0
DA:143,0
DA:148,0
DA:149,0
DA:150,0
DA:159,0
DA:160,0
DA:161,0
DA:166,0
DA:168,0
DA:169,0
DA:174,0
DA:175,0
DA:177,0
DA:178,0
DA:179,0
DA:180,0
DA:183,0
DA:190,0
DA:191,0
DA:196,0
DA:197,0
DA:198,0
DA:199,0
DA:201,0
DA:202,0
DA:203,0
DA:204,0
DA:205,0
DA:207,0
DA:209,0
DA:215,0
DA:218,0
DA:226,0
DA:227,0
DA:229,0
DA:230,0
DA:231,0
DA:233,0
DA:238,0
DA:239,0
DA:241,0
DA:243,0
DA:249,0
DA:250,0
DA:253,0
DA:254,0
DA:255,0
DA:261,0
DA:262,0
DA:264,0
DA:265,0
DA:272,0
DA:273,0
DA:280,0
DA:281,0
DA:284,0
DA:297,0
DA:312,0
DA:321,0
DA:366,0
LF:106
LH:0
BRDA:68,0,0,0
BRDA:77,1,0,0
BRDA:77,1,1,0
BRDA:86,2,0,0
BRDA:86,2,1,0
BRDA:86,3,0,0
BRDA:86,3,1,0
BRDA:91,4,0,0
BRDA:91,4,1,0
BRDA:91,5,0,0
BRDA:91,5,1,0
BRDA:92,6,0,0
BRDA:92,6,1,0
BRDA:103,7,0,0
BRDA:103,7,1,0
BRDA:113,8,0,0
BRDA:113,8,1,0
BRDA:113,9,0,0
BRDA:113,9,1,0
BRDA:132,10,0,0
BRDA:132,10,1,0
BRDA:132,11,0,0
BRDA:132,11,1,0
BRDA:132,11,2,0
BRDA:142,12,0,0
BRDA:142,12,1,0
BRDA:142,13,0,0
BRDA:142,13,1,0
BRDA:149,14,0,0
BRDA:149,14,1,0
BRDA:153,15,0,0
BRDA:153,15,1,0
BRDA:175,16,0,0
BRDA:175,16,1,0
BRDA:178,17,0,0
BRDA:178,17,1,0
BRDA:190,18,0,0
BRDA:190,18,1,0
BRDA:190,19,0,0
BRDA:190,19,1,0
BRDA:215,20,0,0
BRDA:215,20,1,0
BRDA:239,21,0,0
BRDA:239,21,1,0
BRDA:272,22,0,0
BRDA:272,22,1,0
BRDA:280,23,0,0
BRDA:280,23,1,0
BRDA:280,24,0,0
BRDA:280,24,1,0
BRDA:301,25,0,0
BRDA:301,25,1,0
BRDA:301,25,2,0
BRDA:318,26,0,0
BRDA:318,26,1,0
BRDA:334,27,0,0
BRDA:334,27,1,0
BRDA:341,28,0,0
BRDA:341,28,1,0
BRDA:355,29,0,0
BRDA:355,29,1,0
BRDA:355,29,2,0
BRF:62
BRH:0
end_of_record
TN:
SF:src/components/ProfileLinkStatusCard.js
FN:32,ProfileLinkStatusCard
FN:46,(anonymous_1)
FN:50,(anonymous_2)
FN:54,(anonymous_3)
FN:72,(anonymous_4)
FN:119,(anonymous_5)
FN:120,(anonymous_6)
FN:133,(anonymous_7)
FN:194,(anonymous_8)
FN:222,(anonymous_9)
FN:231,(anonymous_10)
FN:247,(anonymous_11)
FN:255,(anonymous_12)
FN:270,(anonymous_13)
FN:281,(anonymous_14)
FN:295,(anonymous_15)
FN:303,(anonymous_16)
FN:308,(anonymous_17)
FN:321,(anonymous_18)
FN:500,(anonymous_19)
FNF:20
FNH:0
FNDA:0,ProfileLinkStatusCard
FNDA:0,(anonymous_1)
FNDA:0,(anonymous_2)
FNDA:0,(anonymous_3)
FNDA:0,(anonymous_4)
FNDA:0,(anonymous_5)
FNDA:0,(anonymous_6)
FNDA:0,(anonymous_7)
FNDA:0,(anonymous_8)
FNDA:0,(anonymous_9)
FNDA:0,(anonymous_10)
FNDA:0,(anonymous_11)
FNDA:0,(anonymous_12)
FNDA:0,(anonymous_13)
FNDA:0,(anonymous_14)
FNDA:0,(anonymous_15)
FNDA:0,(anonymous_16)
FNDA:0,(anonymous_17)
FNDA:0,(anonymous_18)
FNDA:0,(anonymous_19)
DA:20,0
DA:33,0
DA:34,0
DA:37,0
DA:38,0
DA:39,0
DA:40,0
DA:41,0
DA:42,0
DA:43,0
DA:44,0
DA:46,0
DA:47,0
DA:50,0
DA:51,0
DA:54,0
DA:55,0
DA:56,0
DA:58,0
DA:61,0
DA:65,0
DA:73,0
DA:76,0
DA:78,0
DA:81,0
DA:85,0
DA:86,0
DA:90,0
DA:99,0
DA:100,0
DA:101,0
DA:102,0
DA:105,0
DA:108,0
DA:117,0
DA:119,0
DA:120,0
DA:121,0
DA:122,0
DA:124,0
DA:127,0
DA:133,0
DA:134,0
DA:135,0
DA:136,0
DA:137,0
DA:138,0
DA:139,0
DA:141,0
DA:144,0
DA:152,0
DA:154,0
DA:155,0
DA:156,0
DA:159,0
DA:166,0
DA:167,0
DA:168,0
DA:169,0
DA:172,0
DA:173,0
DA:179,0
DA:180,0
DA:184,0
DA:188,0
DA:190,0
DA:194,0
DA:195,0
DA:198,0
DA:200,0
DA:201,0
DA:202,0
DA:206,0
DA:207,0
DA:208,0
DA:209,0
DA:210,0
DA:214,0
DA:218,0
DA:219,0
DA:222,0
DA:223,0
DA:232,0
DA:233,0
DA:234,0
DA:235,0
DA:236,0
DA:238,0
DA:240,0
DA:247,0
DA:248,0
DA:256,0
DA:257,0
DA:258,0
DA:259,0
DA:261,0
DA:263,0
DA:270,0
DA:272,0
DA:281,0
DA:283,0
DA:284,0
DA:288,0
DA:293,0
DA:295,0
DA:296,0
DA:297,0
DA:300,0
DA:301,0
DA:304,0
DA:308,0
DA:309,0
DA:312,0
DA:321,0
DA:322,0
DA:325,0
DA:334,0
DA:335,0
DA:342,0
DA:343,0
DA:347,0
DA:348,0
DA:350,0
DA:383,0
DA:384,0
DA:387,0
DA:391,0
DA:441,0
DA:442,0
DA:446,0
DA:487,0
DA:500,0
DA:509,0
LF:133
LH:0
BRDA:33,0,0,0
BRDA:33,0,1,0
BRDA:51,1,0,0
BRDA:51,1,1,0
BRDA:76,2,0,0
BRDA:76,2,1,0
BRDA:81,3,0,0
BRDA:81,3,1,0
BRDA:81,4,0,0
BRDA:81,4,1,0
BRDA:81,4,2,0
BRDA:81,4,3,0
BRDA:86,5,0,0
BRDA:86,5,1,0
BRDA:99,6,0,0
BRDA:99,6,1,0
BRDA:101,7,0,0
BRDA:101,7,1,0
BRDA:137,8,0,0
BRDA:137,8,1,0
BRDA:154,9,0,0
BRDA:154,9,1,0
BRDA:166,10,0,0
BRDA:166,10,1,0
BRDA:168,11,0,0
BRDA:168,11,1,0
BRDA:168,12,0,0
BRDA:168,12,1,0
BRDA:172,13,0,0
BRDA:172,13,1,0
BRDA:179,14,0,0
BRDA:179,14,1,0
BRDA:195,15,0,0
BRDA:195,15,1,0
BRDA:198,16,0,0
BRDA:198,16,1,0
BRDA:200,17,0,0
BRDA:200,17,1,0
BRDA:202,18,0,0
BRDA:202,18,1,0
BRDA:207,19,0,0
BRDA:207,19,1,0
BRDA:209,20,0,0
BRDA:209,20,1,0
BRDA:214,21,0,0
BRDA:214,21,1,0
BRDA:219,22,0,0
BRDA:219,22,1,0
BRDA:234,23,0,0
BRDA:234,23,1,0
BRDA:258,24,0,0
BRDA:258,24,1,0
BRDA:275,25,0,0
BRDA:275,25,1,0
BRDA:275,25,2,0
BRDA:284,26,0,0
BRDA:284,26,1,0
BRDA:286,27,0,0
BRDA:286,27,1,0
BRDA:291,28,0,0
BRDA:291,28,1,0
BRDA:296,29,0,0
BRDA:296,29,1,0
BRDA:309,30,0,0
BRDA:309,30,1,0
BRDA:322,31,0,0
BRDA:322,31,1,0
BRDA:334,32,0,0
BRDA:334,32,1,0
BRDA:342,33,0,0
BRDA:342,33,1,0
BRDA:347,34,0,0
BRDA:347,34,1,0
BRDA:347,35,0,0
BRDA:347,35,1,0
BRDA:383,36,0,0
BRDA:383,36,1,0
BRDA:387,37,0,0
BRDA:387,37,1,0
BRDA:389,38,0,0
BRDA:389,38,1,0
BRDA:400,39,0,0
BRDA:400,39,1,0
BRDA:410,40,0,0
BRDA:410,40,1,0
BRDA:441,41,0,0
BRDA:441,41,1,0
BRDA:442,42,0,0
BRDA:442,42,1,0
BRDA:444,43,0,0
BRDA:444,43,1,0
BRDA:453,44,0,0
BRDA:453,44,1,0
BRDA:459,45,0,0
BRDA:459,45,1,0
BRF:95
BRH:0
end_of_record
TN:
SF:src/components/ProfileLinkStatusIndicator.js
FN:39,ProfileLinkStatusIndicator
FN:61,(anonymous_1)
FN:65,(anonymous_2)
FN:70,(anonymous_3)
FN:88,(anonymous_4)
FN:126,(anonymous_5)
FN:135,(anonymous_6)
FN:141,(anonymous_7)
FN:172,(anonymous_8)
FN:181,(anonymous_9)
FN:241,(anonymous_10)
FN:253,(anonymous_11)
FN:310,(anonymous_12)
FN:316,(anonymous_13)
FN:334,(anonymous_14)
FN:347,(anonymous_15)
FN:358,(anonymous_16)
FN:366,(anonymous_17)
FN:376,(anonymous_18)
FN:387,(anonymous_19)
FN:402,(anonymous_20)
FN:546,(anonymous_21)
FNF:22
FNH:0
FNDA:0,ProfileLinkStatusIndicator
FNDA:0,(anonymous_1)
FNDA:0,(anonymous_2)
FNDA:0,(anonymous_3)
FNDA:0,(anonymous_4)
FNDA:0,(anonymous_5)
FNDA:0,(anonymous_6)
FNDA:0,(anonymous_7)
FNDA:0,(anonymous_8)
FNDA:0,(anonymous_9)
FNDA:0,(anonymous_10)
FNDA:0,(anonymous_11)
FNDA:0,(anonymous_12)
FNDA:0,(anonymous_13)
FNDA:0,(anonymous_14)
FNDA:0,(anonymous_15)
FNDA:0,(anonymous_16)
FNDA:0,(anonymous_17)
FNDA:0,(anonymous_18)
FNDA:0,(anonymous_19)
FNDA:0,(anonymous_20)
FNDA:0,(anonymous_21)
DA:24,0
DA:27,0
DA:40,0
DA:41,0
DA:44,0
DA:45,0
DA:46,0
DA:47,0
DA:48,0
DA:49,0
DA:50,0
DA:51,0
DA:52,0
DA:53,0
DA:54,0
DA:57,0
DA:58,0
DA:59,0
DA:61,0
DA:62,0
DA:65,0
DA:67,0
DA:70,0
DA:71,0
DA:73,0
DA:74,0
DA:75,0
DA:80,0
DA:81,0
DA:90,0
DA:93,0
DA:94,0
DA:95,0
DA:98,0
DA:99,0
DA:107,0
DA:108,0
DA:110,0
DA:112,0
DA:118,0
DA:119,0
DA:127,0
DA:129,0
DA:130,0
DA:135,0
DA:136,0
DA:137,0
DA:141,0
DA:143,0
DA:144,0
DA:160,0
DA:161,0
DA:172,0
DA:173,0
DA:174,0
DA:175,0
DA:177,0
DA:181,0
DA:182,0
DA:183,0
DA:184,0
DA:185,0
DA:186,0
DA:187,0
DA:189,0
DA:192,0
DA:198,0
DA:199,0
DA:200,0
DA:203,0
DA:205,0
DA:206,0
DA:207,0
DA:208,0
DA:210,0
DA:213,0
DA:215,0
DA:218,0
DA:221,0
DA:225,0
DA:228,0
DA:232,0
DA:233,0
DA:236,0
DA:238,0
DA:241,0
DA:242,0
DA:254,0
DA:259,0
DA:263,0
DA:270,0
DA:271,0
DA:274,0
DA:275,0
DA:281,0
DA:282,0
DA:286,0
DA:289,0
DA:290,0
DA:295,0
DA:296,0
DA:305,0
DA:307,0
DA:310,0
DA:311,0
DA:312,0
DA:313,0
DA:316,0
DA:317,0
DA:320,0
DA:321,0
DA:322,0
DA:323,0
DA:325,0
DA:326,0
DA:330,0
DA:333,0
DA:334,0
DA:335,0
DA:336,0
DA:337,0
DA:338,0
DA:343,0
DA:344,0
DA:347,0
DA:348,0
DA:349,0
DA:350,0
DA:351,0
DA:352,0
DA:354,0
DA:358,0
DA:359,0
DA:360,0
DA:363,0
DA:364,0
DA:366,0
DA:367,0
DA:368,0
DA:370,0
DA:371,0
DA:376,0
DA:377,0
DA:378,0
DA:387,0
DA:388,0
DA:391,0
DA:392,0
DA:395,0
DA:396,0
DA:400,0
DA:402,0
DA:403,0
DA:404,0
DA:405,0
DA:407,0
DA:412,0
DA:434,0
DA:435,0
DA:439,0
DA:440,0
DA:442,0
DA:446,0
DA:526,0
DA:527,0
DA:531,0
DA:546,0
DA:557,0
DA:580,0
LF:169
LH:0
BRDA:40,0,0,0
BRDA:40,0,1,0
BRDA:67,1,0,0
BRDA:67,1,1,0
BRDA:73,2,0,0
BRDA:73,2,1,0
BRDA:90,3,0,0
BRDA:90,3,1,0
BRDA:90,4,0,0
BRDA:90,4,1,0
BRDA:93,5,0,0
BRDA:93,5,1,0
BRDA:93,6,0,0
BRDA:93,6,1,0
BRDA:98,7,0,0
BRDA:98,7,1,0
BRDA:98,8,0,0
BRDA:98,8,1,0
BRDA:98,8,2,0
BRDA:100,9,0,0
BRDA:100,9,1,0
BRDA:107,10,0,0
BRDA:107,10,1,0
BRDA:110,11,0,0
BRDA:110,11,1,0
BRDA:127,12,0,0
BRDA:127,12,1,0
BRDA:143,13,0,0
BRDA:143,13,1,0
BRDA:160,14,0,0
BRDA:160,14,1,0
BRDA:173,15,0,0
BRDA:173,15,1,0
BRDA:173,16,0,0
BRDA:173,16,1,0
BRDA:175,17,0,0
BRDA:175,17,1,0
BRDA:185,18,0,0
BRDA:185,18,1,0
BRDA:198,19,0,0
BRDA:198,19,1,0
BRDA:203,20,0,0
BRDA:203,20,1,0
BRDA:206,21,0,0
BRDA:206,21,1,0
BRDA:208,22,0,0
BRDA:208,22,1,0
BRDA:213,23,0,0
BRDA:213,23,1,0
BRDA:213,24,0,0
BRDA:213,24,1,0
BRDA:218,25,0,0
BRDA:218,25,1,0
BRDA:225,26,0,0
BRDA:225,26,1,0
BRDA:236,27,0,0
BRDA:236,27,1,0
BRDA:270,28,0,0
BRDA:270,28,1,0
BRDA:270,29,0,0
BRDA:270,29,1,0
BRDA:274,30,0,0
BRDA:274,30,1,0
BRDA:281,31,0,0
BRDA:281,31,1,0
BRDA:289,32,0,0
BRDA:289,32,1,0
BRDA:289,33,0,0
BRDA:289,33,1,0
BRDA:295,34,0,0
BRDA:295,34,1,0
BRDA:295,35,0,0
BRDA:295,35,1,0
BRDA:317,36,0,0
BRDA:317,36,1,0
BRDA:320,37,0,0
BRDA:320,37,1,0
BRDA:322,38,0,0
BRDA:322,38,1,0
BRDA:323,39,0,0
BRDA:323,39,1,0
BRDA:325,40,0,0
BRDA:325,40,1,0
BRDA:326,41,0,0
BRDA:326,41,1,0
BRDA:333,42,0,0
BRDA:333,42,1,0
BRDA:333,43,0,0
BRDA:333,43,1,0
BRDA:335,44,0,0
BRDA:335,44,1,0
BRDA:337,45,0,0
BRDA:337,45,1,0
BRDA:337,46,0,0
BRDA:337,46,1,0
BRDA:338,47,0,0
BRDA:338,47,1,0
BRDA:343,48,0,0
BRDA:343,48,1,0
BRDA:350,49,0,0
BRDA:350,49,1,0
BRDA:360,50,0,0
BRDA:360,50,1,0
BRDA:362,51,0,0
BRDA:362,51,1,0
BRDA:363,52,0,0
BRDA:363,52,1,0
BRDA:367,53,0,0
BRDA:367,53,1,0
BRDA:377,54,0,0
BRDA:377,54,1,0
BRDA:391,55,0,0
BRDA:391,55,1,0
BRDA:395,56,0,0
BRDA:395,56,1,0
BRDA:400,57,0,0
BRDA:400,57,1,0
BRDA:400,58,0,0
BRDA:400,58,1,0
BRDA:400,58,2,0
BRDA:402,59,0,0
BRDA:402,59,1,0
BRDA:403,60,0,0
BRDA:403,60,1,0
BRDA:404,61,0,0
BRDA:404,61,1,0
BRDA:434,62,0,0
BRDA:434,62,1,0
BRDA:434,63,0,0
BRDA:434,63,1,0
BRDA:439,64,0,0
BRDA:439,64,1,0
BRDA:442,65,0,0
BRDA:442,65,1,0
BRDA:444,66,0,0
BRDA:444,66,1,0
BRDA:482,67,0,0
BRDA:482,67,1,0
BRDA:489,68,0,0
BRDA:489,68,1,0
BRDA:526,69,0,0
BRDA:526,69,1,0
BRDA:527,70,0,0
BRDA:527,70,1,0
BRDA:529,71,0,0
BRDA:529,71,1,0
BRF:146
BRH:0
end_of_record
TN:
SF:src/components/ProfileMatchCard.js
FN:32,(anonymous_0)
FN:37,(anonymous_1)
FN:41,(anonymous_2)
FN:45,(anonymous_3)
FN:53,(anonymous_4)
FNF:5
FNH:0
FNDA:0,(anonymous_0)
FNDA:0,(anonymous_1)
FNDA:0,(anonymous_2)
FNDA:0,(anonymous_3)
FNDA:0,(anonymous_4)
DA:8,0
DA:17,0
DA:32,0
DA:33,0
DA:34,0
DA:37,0
DA:38,0
DA:41,0
DA:42,0
DA:43,0
DA:45,0
DA:46,0
DA:47,0
DA:50,0
DA:53,0
DA:104,0
LF:16
LH:0
BRDA:33,0,0,0
BRDA:33,0,1,0
BRDA:38,1,0,0
BRDA:38,1,1,0
BRDA:55,2,0,0
BRDA:55,2,1,0
BRDA:56,3,0,0
BRDA:56,3,1,0
BRDA:62,4,0,0
BRDA:62,4,1,0
BRDA:83,5,0,0
BRDA:83,5,1,0
BRDA:94,6,0,0
BRDA:94,6,1,0
BRF:14
BRH:0
end_of_record
TN:
SF:src/components/ProfileSheet.js
FN:105,(anonymous_0)
FN:128,(anonymous_1)
FN:130,(anonymous_2)
FN:131,(anonymous_3)
FN:132,(anonymous_4)
FN:133,(anonymous_5)
FN:156,(anonymous_6)
FN:169,(anonymous_7)
FN:170,(anonymous_8)
FN:207,(anonymous_9)
FN:216,(anonymous_10)
FN:219,(anonymous_11)
FN:222,(anonymous_12)
FN:224,(anonymous_13)
FN:241,(anonymous_14)
FN:247,(anonymous_15)
FN:254,(anonymous_16)
FN:260,(anonymous_17)
FN:266,(anonymous_18)
FN:272,(anonymous_19)
FN:277,(anonymous_20)
FN:278,(anonymous_21)
FN:282,(anonymous_22)
FN:283,(anonymous_23)
FN:291,(anonymous_24)
FN:302,(anonymous_25)
FN:303,(anonymous_26)
FN:305,(anonymous_27)
FN:311,(anonymous_28)
FN:314,(anonymous_29)
FN:318,(anonymous_30)
FN:324,(anonymous_31)
FN:350,(anonymous_32)
FN:390,(anonymous_33)
FN:399,(anonymous_34)
FN:403,(anonymous_35)
FN:407,(anonymous_36)
FN:416,(anonymous_37)
FN:428,(anonymous_38)
FN:437,(anonymous_39)
FN:450,(anonymous_40)
FN:465,(anonymous_41)
FN:472,(anonymous_42)
FN:500,(anonymous_43)
FN:550,(anonymous_44)
FN:559,(anonymous_45)
FN:574,(anonymous_46)
FN:645,(anonymous_47)
FN:657,(anonymous_48)
FN:713,(anonymous_49)
FN:717,(anonymous_50)
FN:727,(anonymous_51)
FN:733,(anonymous_52)
FN:744,(anonymous_53)
FN:788,(anonymous_54)
FN:796,(anonymous_55)
FN:800,(anonymous_56)
FN:807,(anonymous_57)
FN:814,(anonymous_58)
FN:819,(anonymous_59)
FN:826,(anonymous_60)
FN:834,(anonymous_61)
FN:847,(anonymous_62)
FN:863,(anonymous_63)
FN:880,(anonymous_64)
FN:964,(anonymous_65)
FN:968,(anonymous_66)
FN:1060,(anonymous_67)
FN:1098,(anonymous_68)
FN:1151,(anonymous_69)
FN:1184,(anonymous_70)
FN:1199,(anonymous_71)
FN:1199,(anonymous_72)
FN:1270,(anonymous_73)
FN:1283,(anonymous_74)
FN:1296,(anonymous_75)
FN:1312,(anonymous_76)
FN:1331,(anonymous_77)
FN:1356,(anonymous_78)
FN:1376,(anonymous_79)
FN:1400,(anonymous_80)
FN:1421,(anonymous_81)
FN:1436,(anonymous_82)
FN:1449,(anonymous_83)
FN:1462,(anonymous_84)
FN:1475,(anonymous_85)
FN:1489,(anonymous_86)
FN:1503,(anonymous_87)
FN:1520,(anonymous_88)
FN:1532,(anonymous_89)
FN:1555,(anonymous_90)
FN:1578,(anonymous_91)
FN:1604,(anonymous_92)
FN:1613,(anonymous_93)
FN:1632,(anonymous_94)
FN:1639,(anonymous_95)
FN:1643,(anonymous_96)
FN:1654,(anonymous_97)
FN:1680,(anonymous_98)
FN:1689,(anonymous_99)
FN:1836,(anonymous_100)
FN:1858,(anonymous_101)
FN:1865,(anonymous_102)
FN:1869,(anonymous_103)
FN:1880,(anonymous_104)
FN:1900,(anonymous_105)
FN:1909,(anonymous_106)
FN:1976,(anonymous_107)
FN:1985,(anonymous_108)
FN:1999,(anonymous_109)
FN:2007,(anonymous_110)
FN:2017,(anonymous_111)
FN:2025,(anonymous_112)
FN:2033,(anonymous_113)
FN:2041,(anonymous_114)
FN:2057,(anonymous_115)
FN:2076,(anonymous_116)
FN:2086,(anonymous_117)
FN:2109,(anonymous_118)
FN:2126,(anonymous_119)
FN:2148,(anonymous_120)
FN:2167,(anonymous_121)
FN:2188,(anonymous_122)
FN:2212,(anonymous_123)
FN:2215,(anonymous_124)
FN:2251,(anonymous_125)
FN:2268,(anonymous_126)
FN:2277,(anonymous_127)
FN:2279,(anonymous_128)
FN:2289,(anonymous_129)
FN:2292,(anonymous_130)
FN:2295,(anonymous_131)
FN:2317,(anonymous_132)
FNF:133
FNH:0
FNDA:0,(anonymous_0)
FNDA:0,(anonymous_1)
FNDA:0,(anonymous_2)
FNDA:0,(anonymous_3)
FNDA:0,(anonymous_4)
FNDA:0,(anonymous_5)
FNDA:0,(anonymous_6)
FNDA:0,(anonymous_7)
FNDA:0,(anonymous_8)
FNDA:0,(anonymous_9)
FNDA:0,(anonymous_10)
FNDA:0,(anonymous_11)
FNDA:0,(anonymous_12)
FNDA:0,(anonymous_13)
FNDA:0,(anonymous_14)
FNDA:0,(anonymous_15)
FNDA:0,(anonymous_16)
FNDA:0,(anonymous_17)
FNDA:0,(anonymous_18)
FNDA:0,(anonymous_19)
FNDA:0,(anonymous_20)
FNDA:0,(anonymous_21)
FNDA:0,(anonymous_22)
FNDA:0,(anonymous_23)
FNDA:0,(anonymous_24)
FNDA:0,(anonymous_25)
FNDA:0,(anonymous_26)
FNDA:0,(anonymous_27)
FNDA:0,(anonymous_28)
FNDA:0,(anonymous_29)
FNDA:0,(anonymous_30)
FNDA:0,(anonymous_31)
FNDA:0,(anonymous_32)
FNDA:0,(anonymous_33)
FNDA:0,(anonymous_34)
FNDA:0,(anonymous_35)
FNDA:0,(anonymous_36)
FNDA:0,(anonymous_37)
FNDA:0,(anonymous_38)
FNDA:0,(anonymous_39)
FNDA:0,(anonymous_40)
FNDA:0,(anonymous_41)
FNDA:0,(anonymous_42)
FNDA:0,(anonymous_43)
FNDA:0,(anonymous_44)
FNDA:0,(anonymous_45)
FNDA:0,(anonymous_46)
FNDA:0,(anonymous_47)
FNDA:0,(anonymous_48)
FNDA:0,(anonymous_49)
FNDA:0,(anonymous_50)
FNDA:0,(anonymous_51)
FNDA:0,(anonymous_52)
FNDA:0,(anonymous_53)
FNDA:0,(anonymous_54)
FNDA:0,(anonymous_55)
FNDA:0,(anonymous_56)
FNDA:0,(anonymous_57)
FNDA:0,(anonymous_58)
FNDA:0,(anonymous_59)
FNDA:0,(anonymous_60)
FNDA:0,(anonymous_61)
FNDA:0,(anonymous_62)
FNDA:0,(anonymous_63)
FNDA:0,(anonymous_64)
FNDA:0,(anonymous_65)
FNDA:0,(anonymous_66)
FNDA:0,(anonymous_67)
FNDA:0,(anonymous_68)
FNDA:0,(anonymous_69)
FNDA:0,(anonymous_70)
FNDA:0,(anonymous_71)
FNDA:0,(anonymous_72)
FNDA:0,(anonymous_73)
FNDA:0,(anonymous_74)
FNDA:0,(anonymous_75)
FNDA:0,(anonymous_76)
FNDA:0,(anonymous_77)
FNDA:0,(anonymous_78)
FNDA:0,(anonymous_79)
FNDA:0,(anonymous_80)
FNDA:0,(anonymous_81)
FNDA:0,(anonymous_82)
FNDA:0,(anonymous_83)
FNDA:0,(anonymous_84)
FNDA:0,(anonymous_85)
FNDA:0,(anonymous_86)
FNDA:0,(anonymous_87)
FNDA:0,(anonymous_88)
FNDA:0,(anonymous_89)
FNDA:0,(anonymous_90)
FNDA:0,(anonymous_91)
FNDA:0,(anonymous_92)
FNDA:0,(anonymous_93)
FNDA:0,(anonymous_94)
FNDA:0,(anonymous_95)
FNDA:0,(anonymous_96)
FNDA:0,(anonymous_97)
FNDA:0,(anonymous_98)
FNDA:0,(anonymous_99)
FNDA:0,(anonymous_100)
FNDA:0,(anonymous_101)
FNDA:0,(anonymous_102)
FNDA:0,(anonymous_103)
FNDA:0,(anonymous_104)
FNDA:0,(anonymous_105)
FNDA:0,(anonymous_106)
FNDA:0,(anonymous_107)
FNDA:0,(anonymous_108)
FNDA:0,(anonymous_109)
FNDA:0,(anonymous_110)
FNDA:0,(anonymous_111)
FNDA:0,(anonymous_112)
FNDA:0,(anonymous_113)
FNDA:0,(anonymous_114)
FNDA:0,(anonymous_115)
FNDA:0,(anonymous_116)
FNDA:0,(anonymous_117)
FNDA:0,(anonymous_118)
FNDA:0,(anonymous_119)
FNDA:0,(anonymous_120)
FNDA:0,(anonymous_121)
FNDA:0,(anonymous_122)
FNDA:0,(anonymous_123)
FNDA:0,(anonymous_124)
FNDA:0,(anonymous_125)
FNDA:0,(anonymous_126)
FNDA:0,(anonymous_127)
FNDA:0,(anonymous_128)
FNDA:0,(anonymous_129)
FNDA:0,(anonymous_130)
FNDA:0,(anonymous_131)
FNDA:0,(anonymous_132)
DA:100,0
DA:102,0
DA:105,0
DA:106,0
DA:108,0
DA:109,0
DA:112,0
DA:113,0
DA:114,0
DA:115,0
DA:116,0
DA:120,0
DA:121,0
DA:122,0
DA:125,0
DA:128,0
DA:130,0
DA:131,0
DA:132,0
DA:133,0
DA:134,0
DA:135,0
DA:136,0
DA:137,0
DA:138,0
DA:139,0
DA:140,0
DA:141,0
DA:142,0
DA:143,0
DA:144,0
DA:145,0
DA:146,0
DA:147,0
DA:148,0
DA:149,0
DA:150,0
DA:151,0
DA:152,0
DA:153,0
DA:156,0
DA:159,0
DA:162,0
DA:168,0
DA:169,0
DA:171,0
DA:173,0
DA:174,0
DA:184,0
DA:188,0
DA:191,0
DA:192,0
DA:195,0
DA:196,0
DA:197,0
DA:198,0
DA:201,0
DA:203,0
DA:204,0
DA:207,0
DA:208,0
DA:209,0
DA:213,0
DA:216,0
DA:219,0
DA:220,0
DA:221,0
DA:222,0
DA:224,0
DA:228,0
DA:229,0
DA:238,0
DA:241,0
DA:242,0
DA:243,0
DA:246,0
DA:247,0
DA:251,0
DA:254,0
DA:255,0
DA:256,0
DA:259,0
DA:260,0
DA:263,0
DA:266,0
DA:267,0
DA:268,0
DA:271,0
DA:272,0
DA:276,0
DA:277,0
DA:278,0
DA:282,0
DA:283,0
DA:284,0
DA:285,0
DA:286,0
DA:291,0
DA:292,0
DA:295,0
DA:296,0
DA:300,0
DA:301,0
DA:302,0
DA:303,0
DA:304,0
DA:305,0
DA:307,0
DA:308,0
DA:311,0
DA:312,0
DA:313,0
DA:314,0
DA:315,0
DA:318,0
DA:320,0
DA:324,0
DA:325,0
DA:327,0
DA:328,0
DA:331,0
DA:332,0
DA:333,0
DA:334,0
DA:335,0
DA:338,0
DA:340,0
DA:341,0
DA:343,0
DA:345,0
DA:349,0
DA:351,0
DA:354,0
DA:358,0
DA:360,0
DA:361,0
DA:363,0
DA:366,0
DA:370,0
DA:373,0
DA:381,0
DA:382,0
DA:389,0
DA:391,0
DA:399,0
DA:400,0
DA:401,0
DA:402,0
DA:403,0
DA:407,0
DA:408,0
DA:409,0
DA:416,0
DA:417,0
DA:418,0
DA:419,0
DA:427,0
DA:429,0
DA:430,0
DA:436,0
DA:438,0
DA:450,0
DA:451,0
DA:452,0
DA:454,0
DA:456,0
DA:458,0
DA:459,0
DA:460,0
DA:465,0
DA:466,0
DA:467,0
DA:472,0
DA:473,0
DA:475,0
DA:476,0
DA:477,0
DA:489,0
DA:490,0
DA:493,0
DA:495,0
DA:500,0
DA:501,0
DA:503,0
DA:505,0
DA:544,0
DA:545,0
DA:550,0
DA:551,0
DA:559,0
DA:560,0
DA:562,0
DA:563,0
DA:566,0
DA:570,0
DA:574,0
DA:575,0
DA:577,0
DA:578,0
DA:580,0
DA:581,0
DA:582,0
DA:583,0
DA:584,0
DA:585,0
DA:590,0
DA:622,0
DA:628,0
DA:630,0
DA:631,0
DA:633,0
DA:637,0
DA:638,0
DA:642,0
DA:645,0
DA:646,0
DA:649,0
DA:650,0
DA:652,0
DA:657,0
DA:658,0
DA:660,0
DA:661,0
DA:662,0
DA:663,0
DA:664,0
DA:665,0
DA:668,0
DA:671,0
DA:677,0
DA:678,0
DA:679,0
DA:680,0
DA:683,0
DA:684,0
DA:687,0
DA:692,0
DA:693,0
DA:694,0
DA:695,0
DA:698,0
DA:700,0
DA:701,0
DA:703,0
DA:704,0
DA:707,0
DA:708,0
DA:713,0
DA:714,0
DA:717,0
DA:718,0
DA:719,0
DA:720,0
DA:722,0
DA:727,0
DA:728,0
DA:729,0
DA:733,0
DA:734,0
DA:735,0
DA:736,0
DA:737,0
DA:739,0
DA:744,0
DA:745,0
DA:746,0
DA:747,0
DA:749,0
DA:758,0
DA:759,0
DA:764,0
DA:765,0
DA:766,0
DA:771,0
DA:774,0
DA:775,0
DA:776,0
DA:781,0
DA:785,0
DA:786,0
DA:787,0
DA:788,0
DA:789,0
DA:790,0
DA:793,0
DA:794,0
DA:795,0
DA:796,0
DA:799,0
DA:800,0
DA:804,0
DA:805,0
DA:806,0
DA:807,0
DA:811,0
DA:812,0
DA:813,0
DA:814,0
DA:818,0
DA:819,0
DA:821,0
DA:823,0
DA:826,0
DA:834,0
DA:835,0
DA:836,0
DA:848,0
DA:849,0
DA:850,0
DA:856,0
DA:857,0
DA:858,0
DA:863,0
DA:864,0
DA:865,0
DA:866,0
DA:867,0
DA:868,0
DA:870,0
DA:871,0
DA:873,0
DA:877,0
DA:880,0
DA:881,0
DA:883,0
DA:885,0
DA:886,0
DA:919,0
DA:954,0
DA:965,0
DA:967,0
DA:968,0
DA:970,0
DA:971,0
DA:975,0
DA:1061,0
DA:1099,0
DA:1151,0
DA:1185,0
DA:1199,0
DA:1271,0
DA:1284,0
DA:1297,0
DA:1313,0
DA:1332,0
DA:1357,0
DA:1377,0
DA:1401,0
DA:1422,0
DA:1437,0
DA:1450,0
DA:1463,0
DA:1476,0
DA:1490,0
DA:1504,0
DA:1521,0
DA:1533,0
DA:1556,0
DA:1579,0
DA:1605,0
DA:1614,0
DA:1632,0
DA:1640,0
DA:1644,0
DA:1656,0
DA:1659,0
DA:1660,0
DA:1664,0
DA:1665,0
DA:1670,0
DA:1681,0
DA:1690,0
DA:1691,0
DA:1694,0
DA:1695,0
DA:1700,0
DA:1836,0
DA:1858,0
DA:1866,0
DA:1870,0
DA:1882,0
DA:1885,0
DA:1886,0
DA:1890,0
DA:1891,0
DA:1893,0
DA:1901,0
DA:1910,0
DA:1911,0
DA:1914,0
DA:1915,0
DA:1917,0
DA:1977,0
DA:1986,0
DA:1988,0
DA:1992,0
DA:1994,0
DA:1999,0
DA:2008,0
DA:2017,0
DA:2025,0
DA:2033,0
DA:2041,0
DA:2058,0
DA:2077,0
DA:2087,0
DA:2109,0
DA:2126,0
DA:2148,0
DA:2167,0
DA:2188,0
DA:2213,0
DA:2215,0
DA:2252,0
DA:2268,0
DA:2277,0
DA:2280,0
DA:2281,0
DA:2289,0
DA:2293,0
DA:2295,0
DA:2296,0
DA:2297,0
DA:2303,0
DA:2305,0
DA:2308,0
DA:2311,0
DA:2318,0
DA:2319,0
DA:2329,0
LF:430
LH:0
BRDA:106,0,0,0
BRDA:106,0,1,0
BRDA:114,1,0,0
BRDA:114,1,1,0
BRDA:120,2,0,0
BRDA:120,2,1,0
BRDA:121,3,0,0
BRDA:121,3,1,0
BRDA:128,4,0,0
BRDA:171,5,0,0
BRDA:171,5,1,0
BRDA:171,6,0,0
BRDA:171,6,1,0
BRDA:184,7,0,0
BRDA:184,7,1,0
BRDA:184,8,0,0
BRDA:184,8,1,0
BRDA:192,9,0,0
BRDA:192,9,1,0
BRDA:208,10,0,0
BRDA:208,10,1,0
BRDA:208,11,0,0
BRDA:208,11,1,0
BRDA:221,12,0,0
BRDA:221,12,1,0
BRDA:221,13,0,0
BRDA:221,13,1,0
BRDA:228,14,0,0
BRDA:228,14,1,0
BRDA:234,15,0,0
BRDA:234,15,1,0
BRDA:234,16,0,0
BRDA:234,16,1,0
BRDA:242,17,0,0
BRDA:242,17,1,0
BRDA:243,18,0,0
BRDA:243,18,1,0
BRDA:246,19,0,0
BRDA:246,19,1,0
BRDA:246,20,0,0
BRDA:246,20,1,0
BRDA:255,21,0,0
BRDA:255,21,1,0
BRDA:256,22,0,0
BRDA:256,22,1,0
BRDA:259,23,0,0
BRDA:259,23,1,0
BRDA:259,24,0,0
BRDA:259,24,1,0
BRDA:267,25,0,0
BRDA:267,25,1,0
BRDA:268,26,0,0
BRDA:268,26,1,0
BRDA:271,27,0,0
BRDA:271,27,1,0
BRDA:271,28,0,0
BRDA:271,28,1,0
BRDA:276,29,0,0
BRDA:276,29,1,0
BRDA:284,30,0,0
BRDA:284,30,1,0
BRDA:285,31,0,0
BRDA:285,31,1,0
BRDA:292,32,0,0
BRDA:292,32,1,0
BRDA:295,33,0,0
BRDA:295,33,1,0
BRDA:295,34,0,0
BRDA:295,34,1,0
BRDA:300,35,0,0
BRDA:300,35,1,0
BRDA:312,36,0,0
BRDA:312,36,1,0
BRDA:312,37,0,0
BRDA:312,37,1,0
BRDA:313,38,0,0
BRDA:313,38,1,0
BRDA:314,39,0,0
BRDA:314,39,1,0
BRDA:325,40,0,0
BRDA:325,40,1,0
BRDA:333,41,0,0
BRDA:333,41,1,0
BRDA:340,42,0,0
BRDA:340,42,1,0
BRDA:341,43,0,0
BRDA:341,43,1,0
BRDA:358,44,0,0
BRDA:358,44,1,0
BRDA:361,45,0,0
BRDA:361,45,1,0
BRDA:381,46,0,0
BRDA:381,46,1,0
BRDA:408,47,0,0
BRDA:408,47,1,0
BRDA:417,48,0,0
BRDA:417,48,1,0
BRDA:451,49,0,0
BRDA:451,49,1,0
BRDA:466,50,0,0
BRDA:466,50,1,0
BRDA:466,51,0,0
BRDA:466,51,1,0
BRDA:466,51,2,0
BRDA:473,52,0,0
BRDA:473,52,1,0
BRDA:489,53,0,0
BRDA:489,53,1,0
BRDA:489,54,0,0
BRDA:489,54,1,0
BRDA:501,55,0,0
BRDA:501,55,1,0
BRDA:501,56,0,0
BRDA:501,56,1,0
BRDA:501,56,2,0
BRDA:507,57,0,0
BRDA:507,57,1,0
BRDA:508,58,0,0
BRDA:508,58,1,0
BRDA:509,59,0,0
BRDA:509,59,1,0
BRDA:510,60,0,0
BRDA:510,60,1,0
BRDA:511,61,0,0
BRDA:511,61,1,0
BRDA:514,62,0,0
BRDA:514,62,1,0
BRDA:515,63,0,0
BRDA:515,63,1,0
BRDA:516,64,0,0
BRDA:516,64,1,0
BRDA:519,65,0,0
BRDA:519,65,1,0
BRDA:520,66,0,0
BRDA:520,66,1,0
BRDA:523,67,0,0
BRDA:523,67,1,0
BRDA:523,67,2,0
BRDA:524,68,0,0
BRDA:524,68,1,0
BRDA:525,69,0,0
BRDA:525,69,1,0
BRDA:526,70,0,0
BRDA:526,70,1,0
BRDA:527,71,0,0
BRDA:527,71,1,0
BRDA:530,72,0,0
BRDA:530,72,1,0
BRDA:531,73,0,0
BRDA:531,73,1,0
BRDA:532,74,0,0
BRDA:532,74,1,0
BRDA:533,75,0,0
BRDA:533,75,1,0
BRDA:536,76,0,0
BRDA:536,76,1,0
BRDA:537,77,0,0
BRDA:537,77,1,0
BRDA:540,78,0,0
BRDA:540,78,1,0
BRDA:541,79,0,0
BRDA:541,79,1,0
BRDA:542,80,0,0
BRDA:542,80,1,0
BRDA:552,81,0,0
BRDA:552,81,1,0
BRDA:560,82,0,0
BRDA:560,82,1,0
BRDA:575,83,0,0
BRDA:575,83,1,0
BRDA:575,84,0,0
BRDA:575,84,1,0
BRDA:580,85,0,0
BRDA:580,85,1,0
BRDA:580,86,0,0
BRDA:580,86,1,0
BRDA:582,87,0,0
BRDA:582,87,1,0
BRDA:593,88,0,0
BRDA:593,88,1,0
BRDA:594,89,0,0
BRDA:594,89,1,0
BRDA:595,90,0,0
BRDA:595,90,1,0
BRDA:596,91,0,0
BRDA:596,91,1,0
BRDA:597,92,0,0
BRDA:597,92,1,0
BRDA:598,93,0,0
BRDA:598,93,1,0
BRDA:599,94,0,0
BRDA:599,94,1,0
BRDA:600,95,0,0
BRDA:600,95,1,0
BRDA:601,96,0,0
BRDA:601,96,1,0
BRDA:602,97,0,0
BRDA:602,97,1,0
BRDA:604,98,0,0
BRDA:604,98,1,0
BRDA:624,99,0,0
BRDA:624,99,1,0
BRDA:628,100,0,0
BRDA:628,100,1,0
BRDA:630,101,0,0
BRDA:630,101,1,0
BRDA:637,102,0,0
BRDA:637,102,1,0
BRDA:658,103,0,0
BRDA:658,103,1,0
BRDA:662,104,0,0
BRDA:662,104,1,0
BRDA:677,105,0,0
BRDA:677,105,1,0
BRDA:677,106,0,0
BRDA:677,106,1,0
BRDA:692,107,0,0
BRDA:692,107,1,0
BRDA:698,108,0,0
BRDA:698,108,1,0
BRDA:728,109,0,0
BRDA:728,109,1,0
BRDA:728,110,0,0
BRDA:728,110,1,0
BRDA:758,111,0,0
BRDA:758,111,1,0
BRDA:764,112,0,0
BRDA:764,112,1,0
BRDA:774,113,0,0
BRDA:774,113,1,0
BRDA:785,114,0,0
BRDA:785,114,1,0
BRDA:785,115,0,0
BRDA:785,115,1,0
BRDA:785,115,2,0
BRDA:785,115,3,0
BRDA:793,116,0,0
BRDA:793,116,1,0
BRDA:794,117,0,0
BRDA:794,117,1,0
BRDA:804,118,0,0
BRDA:804,118,1,0
BRDA:811,119,0,0
BRDA:811,119,1,0
BRDA:811,120,0,0
BRDA:811,120,1,0
BRDA:829,121,0,0
BRDA:829,121,1,0
BRDA:835,122,0,0
BRDA:835,122,1,0
BRDA:864,123,0,0
BRDA:864,123,1,0
BRDA:868,124,0,0
BRDA:868,124,1,0
BRDA:877,125,0,0
BRDA:877,125,1,0
BRDA:881,126,0,0
BRDA:881,126,1,0
BRDA:883,127,0,0
BRDA:883,127,1,0
BRDA:883,127,2,0
BRDA:883,127,3,0
BRDA:885,128,0,0
BRDA:885,128,1,0
BRDA:901,129,0,0
BRDA:901,129,1,0
BRDA:908,130,0,0
BRDA:908,130,1,0
BRDA:934,131,0,0
BRDA:934,131,1,0
BRDA:941,132,0,0
BRDA:941,132,1,0
BRDA:967,133,0,0
BRDA:967,133,1,0
BRDA:970,134,0,0
BRDA:970,134,1,0
BRDA:980,135,0,0
BRDA:980,135,1,0
BRDA:983,136,0,0
BRDA:983,136,1,0
BRDA:997,137,0,0
BRDA:997,137,1,0
BRDA:1001,138,0,0
BRDA:1001,138,1,0
BRDA:1031,139,0,0
BRDA:1031,139,1,0
BRDA:1031,139,2,0
BRDA:1031,139,3,0
BRDA:1035,140,0,0
BRDA:1035,140,1,0
BRDA:1042,141,0,0
BRDA:1042,141,1,0
BRDA:1042,141,2,0
BRDA:1042,141,3,0
BRDA:1056,142,0,0
BRDA:1056,142,1,0
BRDA:1059,143,0,0
BRDA:1059,143,1,0
BRDA:1068,144,0,0
BRDA:1068,144,1,0
BRDA:1095,145,0,0
BRDA:1095,145,1,0
BRDA:1097,146,0,0
BRDA:1097,146,1,0
BRDA:1107,147,0,0
BRDA:1107,147,1,0
BRDA:1116,148,0,0
BRDA:1116,148,1,0
BRDA:1116,148,2,0
BRDA:1116,148,3,0
BRDA:1116,148,4,0
BRDA:1132,149,0,0
BRDA:1132,149,1,0
BRDA:1132,149,2,0
BRDA:1148,150,0,0
BRDA:1148,150,1,0
BRDA:1173,151,0,0
BRDA:1173,151,1,0
BRDA:1181,152,0,0
BRDA:1181,152,1,0
BRDA:1183,153,0,0
BRDA:1183,153,1,0
BRDA:1189,154,0,0
BRDA:1189,154,1,0
BRDA:1193,155,0,0
BRDA:1193,155,1,0
BRDA:1197,156,0,0
BRDA:1197,156,1,0
BRDA:1203,157,0,0
BRDA:1203,157,1,0
BRDA:1218,158,0,0
BRDA:1218,158,1,0
BRDA:1226,159,0,0
BRDA:1226,159,1,0
BRDA:1234,160,0,0
BRDA:1234,160,1,0
BRDA:1242,161,0,0
BRDA:1242,161,1,0
BRDA:1249,162,0,0
BRDA:1249,162,1,0
BRDA:1262,163,0,0
BRDA:1262,163,1,0
BRDA:1269,164,0,0
BRDA:1269,164,1,0
BRDA:1282,165,0,0
BRDA:1282,165,1,0
BRDA:1295,166,0,0
BRDA:1295,166,1,0
BRDA:1310,167,0,0
BRDA:1310,167,1,0
BRDA:1319,168,0,0
BRDA:1319,168,1,0
BRDA:1329,169,0,0
BRDA:1329,169,1,0
BRDA:1338,170,0,0
BRDA:1338,170,1,0
BRDA:1354,171,0,0
BRDA:1354,171,1,0
BRDA:1363,172,0,0
BRDA:1363,172,1,0
BRDA:1373,173,0,0
BRDA:1373,173,1,0
BRDA:1383,174,0,0
BRDA:1383,174,1,0
BRDA:1394,175,0,0
BRDA:1394,175,1,0
BRDA:1435,176,0,0
BRDA:1435,176,1,0
BRDA:1448,177,0,0
BRDA:1448,177,1,0
BRDA:1461,178,0,0
BRDA:1461,178,1,0
BRDA:1474,179,0,0
BRDA:1474,179,1,0
BRDA:1488,180,0,0
BRDA:1488,180,1,0
BRDA:1502,181,0,0
BRDA:1502,181,1,0
BRDA:1519,182,0,0
BRDA:1519,182,1,0
BRDA:1529,183,0,0
BRDA:1529,183,1,0
BRDA:1542,184,0,0
BRDA:1542,184,1,0
BRDA:1552,185,0,0
BRDA:1552,185,1,0
BRDA:1565,186,0,0
BRDA:1565,186,1,0
BRDA:1575,187,0,0
BRDA:1575,187,1,0
BRDA:1588,188,0,0
BRDA:1588,188,1,0
BRDA:1599,189,0,0
BRDA:1599,189,1,0
BRDA:1624,190,0,0
BRDA:1624,190,1,0
BRDA:1628,191,0,0
BRDA:1628,191,1,0
BRDA:1637,192,0,0
BRDA:1637,192,1,0
BRDA:1647,193,0,0
BRDA:1647,193,1,0
BRDA:1648,194,0,0
BRDA:1648,194,1,0
BRDA:1649,195,0,0
BRDA:1649,195,1,0
BRDA:1650,196,0,0
BRDA:1650,196,1,0
BRDA:1650,197,0,0
BRDA:1650,197,1,0
BRDA:1656,198,0,0
BRDA:1656,198,1,0
BRDA:1717,199,0,0
BRDA:1717,199,1,0
BRDA:1718,200,0,0
BRDA:1718,200,1,0
BRDA:1719,201,0,0
BRDA:1719,201,1,0
BRDA:1722,202,0,0
BRDA:1722,202,1,0
BRDA:1727,203,0,0
BRDA:1727,203,1,0
BRDA:1737,204,0,0
BRDA:1737,204,1,0
BRDA:1758,205,0,0
BRDA:1758,205,1,0
BRDA:1770,206,0,0
BRDA:1770,206,1,0
BRDA:1786,207,0,0
BRDA:1786,207,1,0
BRDA:1789,208,0,0
BRDA:1789,208,1,0
BRDA:1795,209,0,0
BRDA:1795,209,1,0
BRDA:1797,210,0,0
BRDA:1797,210,1,0
BRDA:1808,211,0,0
BRDA:1808,211,1,0
BRDA:1808,212,0,0
BRDA:1808,212,1,0
BRDA:1808,212,2,0
BRDA:1813,213,0,0
BRDA:1813,213,1,0
BRDA:1821,214,0,0
BRDA:1821,214,1,0
BRDA:1824,215,0,0
BRDA:1824,215,1,0
BRDA:1827,216,0,0
BRDA:1827,216,1,0
BRDA:1830,217,0,0
BRDA:1830,217,1,0
BRDA:1833,218,0,0
BRDA:1833,218,1,0
BRDA:1833,219,0,0
BRDA:1833,219,1,0
BRDA:1836,220,0,0
BRDA:1836,220,1,0
BRDA:1850,221,0,0
BRDA:1850,221,1,0
BRDA:1850,221,2,0
BRDA:1854,222,0,0
BRDA:1854,222,1,0
BRDA:1863,223,0,0
BRDA:1863,223,1,0
BRDA:1873,224,0,0
BRDA:1873,224,1,0
BRDA:1874,225,0,0
BRDA:1874,225,1,0
BRDA:1875,226,0,0
BRDA:1875,226,1,0
BRDA:1876,227,0,0
BRDA:1876,227,1,0
BRDA:1876,228,0,0
BRDA:1876,228,1,0
BRDA:1882,229,0,0
BRDA:1882,229,1,0
BRDA:1931,230,0,0
BRDA:1931,230,1,0
BRDA:1932,231,0,0
BRDA:1932,231,1,0
BRDA:1933,232,0,0
BRDA:1933,232,1,0
BRDA:1936,233,0,0
BRDA:1936,233,1,0
BRDA:1941,234,0,0
BRDA:1941,234,1,0
BRDA:1951,235,0,0
BRDA:1951,235,1,0
BRDA:1972,236,0,0
BRDA:1972,236,1,0
BRDA:1975,237,0,0
BRDA:1975,237,1,0
BRDA:1984,238,0,0
BRDA:1984,238,1,0
BRDA:1988,239,0,0
BRDA:1988,239,1,0
BRDA:1988,239,2,0
BRDA:1992,240,0,0
BRDA:1992,240,1,0
BRDA:1997,241,0,0
BRDA:1997,241,1,0
BRDA:2005,242,0,0
BRDA:2005,242,1,0
BRDA:2015,243,0,0
BRDA:2015,243,1,0
BRDA:2023,244,0,0
BRDA:2023,244,1,0
BRDA:2031,245,0,0
BRDA:2031,245,1,0
BRDA:2039,246,0,0
BRDA:2039,246,1,0
BRDA:2053,247,0,0
BRDA:2053,247,1,0
BRDA:2056,248,0,0
BRDA:2056,248,1,0
BRDA:2063,249,0,0
BRDA:2063,249,1,0
BRDA:2063,249,2,0
BRDA:2072,250,0,0
BRDA:2072,250,1,0
BRDA:2075,251,0,0
BRDA:2075,251,1,0
BRDA:2082,252,0,0
BRDA:2082,252,1,0
BRDA:2082,252,2,0
BRDA:2116,253,0,0
BRDA:2116,253,1,0
BRDA:2164,254,0,0
BRDA:2164,254,1,0
BRDA:2185,255,0,0
BRDA:2185,255,1,0
BRDA:2206,256,0,0
BRDA:2206,256,1,0
BRDA:2206,256,2,0
BRDA:2218,257,0,0
BRDA:2218,257,1,0
BRDA:2230,258,0,0
BRDA:2230,258,1,0
BRDA:2244,259,0,0
BRDA:2244,259,1,0
BRDA:2244,259,2,0
BRDA:2263,260,0,0
BRDA:2263,260,1,0
BRDA:2265,261,0,0
BRDA:2265,261,1,0
BRDA:2274,262,0,0
BRDA:2274,262,1,0
BRDA:2303,263,0,0
BRDA:2303,263,1,0
BRF:549
BRH:0
end_of_record
TN:
SF:src/components/ProfileSheetWrapper.js
FN:11,(anonymous_0)
FN:13,(anonymous_1)
FN:14,(anonymous_2)
FN:15,(anonymous_3)
FN:16,(anonymous_4)
FN:25,(anonymous_5)
FN:38,(anonymous_6)
FN:57,(anonymous_7)
FN:101,(anonymous_8)
FN:109,(anonymous_9)
FN:139,(anonymous_10)
FN:142,(anonymous_11)
FN:148,(anonymous_12)
FN:153,(anonymous_13)
FN:158,(anonymous_14)
FN:160,(anonymous_15)
FNF:16
FNH:0
FNDA:0,(anonymous_0)
FNDA:0,(anonymous_1)
FNDA:0,(anonymous_2)
FNDA:0,(anonymous_3)
FNDA:0,(anonymous_4)
FNDA:0,(anonymous_5)
FNDA:0,(anonymous_6)
FNDA:0,(anonymous_7)
FNDA:0,(anonymous_8)
FNDA:0,(anonymous_9)
FNDA:0,(anonymous_10)
FNDA:0,(anonymous_11)
FNDA:0,(anonymous_12)
FNDA:0,(anonymous_13)
FNDA:0,(anonymous_14)
FNDA:0,(anonymous_15)
DA:11,0
DA:12,0
DA:13,0
DA:14,0
DA:15,0
DA:16,0
DA:19,0
DA:20,0
DA:21,0
DA:25,0
DA:26,0
DA:28,0
DA:31,0
DA:33,0
DA:38,0
DA:39,0
DA:40,0
DA:41,0
DA:42,0
DA:46,0
DA:47,0
DA:48,0
DA:49,0
DA:50,0
DA:54,0
DA:55,0
DA:57,0
DA:58,0
DA:59,0
DA:61,0
DA:68,0
DA:70,0
DA:71,0
DA:72,0
DA:73,0
DA:74,0
DA:75,0
DA:78,0
DA:79,0
DA:80,0
DA:81,0
DA:83,0
DA:84,0
DA:87,0
DA:88,0
DA:89,0
DA:90,0
DA:93,0
DA:94,0
DA:99,0
DA:101,0
DA:102,0
DA:103,0
DA:104,0
DA:109,0
DA:110,0
DA:113,0
DA:114,0
DA:115,0
DA:120,0
DA:124,0
DA:125,0
DA:130,0
DA:134,0
DA:135,0
DA:139,0
DA:141,0
DA:142,0
DA:143,0
DA:148,0
DA:149,0
DA:150,0
DA:153,0
DA:154,0
DA:155,0
DA:158,0
DA:159,0
DA:160,0
DA:161,0
DA:164,0
DA:169,0
DA:170,0
DA:175,0
DA:176,0
DA:188,0
LF:85
LH:0
BRDA:26,0,0,0
BRDA:26,0,1,0
BRDA:28,1,0,0
BRDA:28,1,1,0
BRDA:31,2,0,0
BRDA:31,2,1,0
BRDA:39,3,0,0
BRDA:39,3,1,0
BRDA:46,4,0,0
BRDA:46,4,1,0
BRDA:68,5,0,0
BRDA:68,5,1,0
BRDA:70,6,0,0
BRDA:70,6,1,0
BRDA:78,7,0,0
BRDA:78,7,1,0
BRDA:87,8,0,0
BRDA:87,8,1,0
BRDA:93,9,0,0
BRDA:93,9,1,0
BRDA:110,10,0,0
BRDA:110,10,1,0
BRDA:114,11,0,0
BRDA:114,11,1,0
BRDA:124,12,0,0
BRDA:124,12,1,0
BRDA:141,13,0,0
BRDA:141,13,1,0
BRDA:141,14,0,0
BRDA:141,14,1,0
BRDA:149,15,0,0
BRDA:149,15,1,0
BRDA:154,16,0,0
BRDA:154,16,1,0
BRDA:154,17,0,0
BRDA:154,17,1,0
BRDA:159,18,0,0
BRDA:159,18,1,0
BRDA:169,19,0,0
BRDA:169,19,1,0
BRDA:169,20,0,0
BRDA:169,20,1,0
BRDA:175,21,0,0
BRDA:175,21,1,0
BRDA:179,22,0,0
BRDA:179,22,1,0
BRDA:179,22,2,0
BRDA:179,22,3,0
BRDA:188,23,0,0
BRDA:188,23,1,0
BRF:50
BRH:0
end_of_record
TN:
SF:src/components/ProgressiveImage.js
FN:9,(anonymous_0)
FN:43,(anonymous_1)
FN:57,(anonymous_2)
FNF:3
FNH:0
FNDA:0,(anonymous_0)
FNDA:0,(anonymous_1)
FNDA:0,(anonymous_2)
DA:9,0
DA:22,0
DA:24,0
DA:43,0
DA:44,0
DA:57,0
DA:58,0
DA:67,0
LF:8
LH:0
BRDA:12,0,0,0
BRDA:13,1,0,0
BRDA:14,2,0,0
BRDA:15,3,0,0
BRDA:16,4,0,0
BRDA:57,5,0,0
BRF:6
BRH:0
end_of_record
TN:
SF:src/components/SaduPattern.js
FN:6,(anonymous_0)
FN:22,(anonymous_1)
FNF:2
FNH:0
FNDA:0,(anonymous_0)
FNDA:0,(anonymous_1)
DA:4,0
DA:6,0
DA:8,0
DA:9,0
DA:12,0
DA:14,0
DA:17,0
DA:19,0
DA:23,0
DA:38,0
LF:10
LH:0
BRF:0
BRH:0
end_of_record
TN:
SF:src/components/SearchBar.js
FN:27,(anonymous_0)
FN:44,(anonymous_1)
FN:65,(anonymous_2)
FN:127,(anonymous_3)
FN:147,(anonymous_4)
FN:156,(anonymous_5)
FN:159,(anonymous_6)
FN:175,(anonymous_7)
FN:185,(anonymous_8)
FN:193,(anonymous_9)
FN:202,(anonymous_10)
FN:222,(anonymous_11)
FN:230,(anonymous_12)
FN:246,(anonymous_13)
FN:248,(anonymous_14)
FN:306,(anonymous_15)
FN:314,(anonymous_16)
FN:357,(anonymous_17)
FN:380,(anonymous_18)
FN:389,(anonymous_19)
FN:403,(anonymous_20)
FN:416,(anonymous_21)
FN:426,(anonymous_22)
FN:443,(anonymous_23)
FN:452,(anonymous_24)
FN:453,(anonymous_25)
FN:459,(anonymous_26)
FN:477,(anonymous_27)
FN:511,(anonymous_28)
FN:583,(anonymous_29)
FNF:30
FNH:0
FNDA:0,(anonymous_0)
FNDA:0,(anonymous_1)
FNDA:0,(anonymous_2)
FNDA:0,(anonymous_3)
FNDA:0,(anonymous_4)
FNDA:0,(anonymous_5)
FNDA:0,(anonymous_6)
FNDA:0,(anonymous_7)
FNDA:0,(anonymous_8)
FNDA:0,(anonymous_9)
FNDA:0,(anonymous_10)
FNDA:0,(anonymous_11)
FNDA:0,(anonymous_12)
FNDA:0,(anonymous_13)
FNDA:0,(anonymous_14)
FNDA:0,(anonymous_15)
FNDA:0,(anonymous_16)
FNDA:0,(anonymous_17)
FNDA:0,(anonymous_18)
FNDA:0,(anonymous_19)
FNDA:0,(anonymous_20)
FNDA:0,(anonymous_21)
FNDA:0,(anonymous_22)
FNDA:0,(anonymous_23)
FNDA:0,(anonymous_24)
FNDA:0,(anonymous_25)
FNDA:0,(anonymous_26)
FNDA:0,(anonymous_27)
FNDA:0,(anonymous_28)
FNDA:0,(anonymous_29)
DA:27,0
DA:28,0
DA:29,0
DA:30,0
DA:31,0
DA:32,0
DA:33,0
DA:34,0
DA:35,0
DA:36,0
DA:37,0
DA:38,0
DA:39,0
DA:40,0
DA:41,0
DA:44,0
DA:47,0
DA:48,0
DA:49,0
DA:50,0
DA:51,0
DA:52,0
DA:55,0
DA:58,0
DA:59,0
DA:60,0
DA:61,0
DA:64,0
DA:67,0
DA:68,0
DA:69,0
DA:70,0
DA:72,0
DA:77,0
DA:79,0
DA:81,0
DA:82,0
DA:84,0
DA:90,0
DA:91,0
DA:92,0
DA:94,0
DA:97,0
DA:98,0
DA:99,0
DA:102,0
DA:105,0
DA:106,0
DA:110,0
DA:117,0
DA:126,0
DA:130,0
DA:131,0
DA:133,0
DA:134,0
DA:135,0
DA:136,0
DA:138,0
DA:140,0
DA:141,0
DA:145,0
DA:150,0
DA:156,0
DA:157,0
DA:159,0
DA:160,0
DA:162,0
DA:163,0
DA:166,0
DA:167,0
DA:171,0
DA:174,0
DA:175,0
DA:177,0
DA:178,0
DA:185,0
DA:186,0
DA:193,0
DA:194,0
DA:202,0
DA:203,0
DA:223,0
DA:224,0
DA:225,0
DA:229,0
DA:231,0
DA:232,0
DA:233,0
DA:234,0
DA:237,0
DA:240,0
DA:243,0
DA:246,0
DA:248,0
DA:252,0
DA:256,0
DA:257,0
DA:258,0
DA:259,0
DA:260,0
DA:262,0
DA:263,0
DA:264,0
DA:270,0
DA:271,0
DA:272,0
DA:274,0
DA:297,0
DA:298,0
DA:299,0
DA:305,0
DA:307,0
DA:314,0
DA:315,0
DA:316,0
DA:318,0
DA:322,0
DA:323,0
DA:326,0
DA:327,0
DA:328,0
DA:335,0
DA:336,0
DA:337,0
DA:344,0
DA:345,0
DA:346,0
DA:353,0
DA:356,0
DA:358,0
DA:359,0
DA:361,0
DA:364,0
DA:371,0
DA:374,0
DA:375,0
DA:376,0
DA:380,0
DA:381,0
DA:383,0
DA:388,0
DA:390,0
DA:393,0
DA:394,0
DA:396,0
DA:397,0
DA:398,0
DA:403,0
DA:404,0
DA:405,0
DA:406,0
DA:407,0
DA:408,0
DA:411,0
DA:412,0
DA:416,0
DA:417,0
DA:419,0
DA:426,0
DA:427,0
DA:429,0
DA:435,0
DA:443,0
DA:444,0
DA:445,0
DA:447,0
DA:452,0
DA:453,0
DA:454,0
DA:455,0
DA:459,0
DA:460,0
DA:464,0
DA:478,0
DA:479,0
DA:480,0
DA:481,0
DA:482,0
DA:483,0
DA:485,0
DA:511,0
DA:584,0
DA:600,0
LF:183
LH:0
BRDA:40,0,0,0
BRDA:40,0,1,0
BRDA:41,1,0,0
BRDA:41,1,1,0
BRDA:67,2,0,0
BRDA:67,2,1,0
BRDA:68,3,0,0
BRDA:68,3,1,0
BRDA:77,4,0,0
BRDA:77,4,1,0
BRDA:77,5,0,0
BRDA:77,5,1,0
BRDA:79,6,0,0
BRDA:79,6,1,0
BRDA:79,7,0,0
BRDA:79,7,1,0
BRDA:81,8,0,0
BRDA:81,8,1,0
BRDA:90,9,0,0
BRDA:90,9,1,0
BRDA:90,10,0,0
BRDA:90,10,1,0
BRDA:98,11,0,0
BRDA:98,11,1,0
BRDA:105,12,0,0
BRDA:105,12,1,0
BRDA:133,13,0,0
BRDA:133,13,1,0
BRDA:133,14,0,0
BRDA:133,14,1,0
BRDA:138,15,0,0
BRDA:138,15,1,0
BRDA:160,16,0,0
BRDA:160,16,1,0
BRDA:166,17,0,0
BRDA:166,17,1,0
BRDA:174,18,0,0
BRDA:174,18,1,0
BRDA:177,19,0,0
BRDA:177,19,1,0
BRDA:231,20,0,0
BRDA:231,20,1,0
BRDA:231,21,0,0
BRDA:231,21,1,0
BRDA:248,22,0,0
BRDA:248,22,1,0
BRDA:256,23,0,0
BRDA:256,23,1,0
BRDA:262,24,0,0
BRDA:262,24,1,0
BRDA:263,25,0,0
BRDA:263,25,1,0
BRDA:263,26,0,0
BRDA:263,26,1,0
BRDA:270,27,0,0
BRDA:270,27,1,0
BRDA:271,28,0,0
BRDA:271,28,1,0
BRDA:271,29,0,0
BRDA:271,29,1,0
BRDA:318,30,0,0
BRDA:318,30,1,0
BRDA:318,31,0,0
BRDA:318,31,1,0
BRDA:322,32,0,0
BRDA:322,32,1,0
BRDA:326,33,0,0
BRDA:326,33,1,0
BRDA:335,34,0,0
BRDA:335,34,1,0
BRDA:344,35,0,0
BRDA:344,35,1,0
BRDA:365,36,0,0
BRDA:365,36,1,0
BRDA:371,37,0,0
BRDA:371,37,1,0
BRDA:374,38,0,0
BRDA:374,38,1,0
BRDA:393,39,0,0
BRDA:393,39,1,0
BRDA:393,39,2,0
BRDA:411,40,0,0
BRDA:411,40,1,0
BRDA:444,41,0,0
BRDA:444,41,1,0
BRDA:444,42,0,0
BRDA:444,42,1,0
BRDA:454,43,0,0
BRDA:454,43,1,0
BRDA:473,44,0,0
BRDA:473,44,1,0
BRDA:473,45,0,0
BRDA:473,45,1,0
BRDA:506,46,0,0
BRDA:506,46,1,0
BRDA:506,47,0,0
BRDA:506,47,1,0
BRDA:542,48,0,0
BRDA:542,48,1,0
BRDA:552,49,0,0
BRDA:552,49,1,0
BRDA:563,50,0,0
BRDA:563,50,1,0
BRDA:563,50,2,0
BRDA:585,51,0,0
BRDA:585,51,1,0
BRF:106
BRH:0
end_of_record
TN:
SF:src/components/SearchButton.js
FN:13,(anonymous_0)
FN:17,(anonymous_1)
FN:21,(anonymous_2)
FNF:3
FNH:0
FNDA:0,(anonymous_0)
FNDA:0,(anonymous_1)
FNDA:0,(anonymous_2)
DA:13,0
DA:14,0
DA:15,0
DA:17,0
DA:21,0
DA:23,0
DA:26,0
DA:32,0
DA:38,0
DA:41,0
DA:50,0
LF:11
LH:0
BRF:0
BRH:0
end_of_record
TN:
SF:src/components/SearchModal.js
FN:40,(anonymous_0)
FN:68,(anonymous_1)
FN:78,(anonymous_2)
FN:100,(anonymous_3)
FN:109,(anonymous_4)
FN:112,(anonymous_5)
FN:113,(anonymous_6)
FN:151,(anonymous_7)
FN:162,(anonymous_8)
FN:171,(anonymous_9)
FN:182,(anonymous_10)
FN:191,(anonymous_11)
FN:192,(anonymous_12)
FN:252,(anonymous_13)
FN:308,(anonymous_14)
FN:324,(anonymous_15)
FN:331,(anonymous_16)
FN:341,(anonymous_17)
FN:356,(anonymous_18)
FN:369,(anonymous_19)
FN:383,(anonymous_20)
FN:396,(anonymous_21)
FN:443,(anonymous_22)
FN:454,(anonymous_23)
FN:497,(anonymous_24)
FNF:25
FNH:0
FNDA:0,(anonymous_0)
FNDA:0,(anonymous_1)
FNDA:0,(anonymous_2)
FNDA:0,(anonymous_3)
FNDA:0,(anonymous_4)
FNDA:0,(anonymous_5)
FNDA:0,(anonymous_6)
FNDA:0,(anonymous_7)
FNDA:0,(anonymous_8)
FNDA:0,(anonymous_9)
FNDA:0,(anonymous_10)
FNDA:0,(anonymous_11)
FNDA:0,(anonymous_12)
FNDA:0,(anonymous_13)
FNDA:0,(anonymous_14)
FNDA:0,(anonymous_15)
FNDA:0,(anonymous_16)
FNDA:0,(anonymous_17)
FNDA:0,(anonymous_18)
FNDA:0,(anonymous_19)
FNDA:0,(anonymous_20)
FNDA:0,(anonymous_21)
FNDA:0,(anonymous_22)
FNDA:0,(anonymous_23)
FNDA:0,(anonymous_24)
DA:40,0
DA:42,0
DA:45,0
DA:46,0
DA:47,0
DA:48,0
DA:51,0
DA:54,0
DA:68,0
DA:70,0
DA:77,0
DA:79,0
DA:80,0
DA:81,0
DA:84,0
DA:89,0
DA:96,0
DA:99,0
DA:100,0
DA:101,0
DA:103,0
DA:109,0
DA:111,0
DA:112,0
DA:113,0
DA:115,0
DA:116,0
DA:117,0
DA:120,0
DA:121,0
DA:123,0
DA:125,0
DA:133,0
DA:134,0
DA:135,0
DA:136,0
DA:138,0
DA:141,0
DA:142,0
DA:143,0
DA:145,0
DA:150,0
DA:153,0
DA:156,0
DA:162,0
DA:163,0
DA:164,0
DA:171,0
DA:172,0
DA:173,0
DA:176,0
DA:177,0
DA:182,0
DA:183,0
DA:184,0
DA:187,0
DA:189,0
DA:191,0
DA:192,0
DA:253,0
DA:308,0
DA:309,0
DA:319,0
DA:320,0
DA:324,0
DA:325,0
DA:326,0
DA:327,0
DA:331,0
DA:332,0
DA:341,0
DA:356,0
DA:369,0
DA:383,0
DA:396,0
DA:411,0
DA:444,0
DA:454,0
DA:497,0
DA:529,0
LF:80
LH:0
BRDA:84,0,0,0
BRDA:84,0,1,0
BRDA:85,1,0,0
BRDA:85,1,1,0
BRDA:85,1,2,0
BRDA:92,2,0,0
BRDA:92,2,1,0
BRDA:99,3,0,0
BRDA:99,3,1,0
BRDA:115,4,0,0
BRDA:115,4,1,0
BRDA:133,5,0,0
BRDA:133,5,1,0
BRDA:138,6,0,0
BRDA:138,6,1,0
BRDA:172,7,0,0
BRDA:172,7,1,0
BRDA:183,8,0,0
BRDA:183,8,1,0
BRDA:193,9,0,0
BRDA:193,9,1,0
BRDA:194,10,0,0
BRDA:194,10,1,0
BRDA:204,11,0,0
BRDA:204,11,1,0
BRDA:205,12,0,0
BRDA:205,12,1,0
BRDA:240,13,0,0
BRDA:240,13,1,0
BRDA:254,14,0,0
BRDA:254,14,1,0
BRDA:272,15,0,0
BRDA:272,15,1,0
BRDA:277,16,0,0
BRDA:277,16,1,0
BRDA:287,17,0,0
BRDA:287,17,1,0
BRDA:319,18,0,0
BRDA:319,18,1,0
BRDA:325,19,0,0
BRDA:325,19,1,0
BRDA:326,20,0,0
BRDA:326,20,1,0
BRDA:420,21,0,0
BRDA:420,21,1,0
BRDA:455,22,0,0
BRDA:455,22,1,0
BRDA:460,23,0,0
BRDA:460,23,1,0
BRDA:474,24,0,0
BRDA:474,24,1,0
BRDA:474,24,2,0
BRDA:479,25,0,0
BRDA:479,25,1,0
BRDA:488,26,0,0
BRDA:488,26,1,0
BRDA:496,27,0,0
BRDA:496,27,1,0
BRDA:497,28,0,0
BRDA:497,28,1,0
BRDA:498,29,0,0
BRDA:498,29,1,0
BRDA:502,30,0,0
BRDA:502,30,1,0
BRDA:502,30,2,0
BRF:65
BRH:0
end_of_record
TN:
SF:src/components/SectionCard.js
FN:4,(anonymous_0)
FNF:1
FNH:0
FNDA:0,(anonymous_0)
DA:4,0
DA:5,0
DA:13,0
LF:3
LH:0
BRDA:7,0,0,0
BRDA:7,0,1,0
BRF:2
BRH:0
end_of_record
TN:
SF:src/components/SettingsButton.js
FN:13,(anonymous_0)
FN:17,(anonymous_1)
FN:24,(anonymous_2)
FN:49,(anonymous_3)
FNF:4
FNH:0
FNDA:0,(anonymous_0)
FNDA:0,(anonymous_1)
FNDA:0,(anonymous_2)
FNDA:0,(anonymous_3)
DA:13,0
DA:14,0
DA:15,0
DA:17,0
DA:24,0
DA:25,0
DA:28,0
DA:33,0
DA:40,0
DA:43,0
DA:49,0
DA:63,0
LF:12
LH:0
BRDA:51,0,0,0
BRDA:51,0,1,0
BRF:2
BRH:0
end_of_record
TN:
SF:src/components/SignInModal.js
FN:11,SignInModal
FN:12,(anonymous_1)
FN:20,(anonymous_2)
FNF:3
FNH:0
FNDA:0,SignInModal
FNDA:0,(anonymous_1)
FNDA:0,(anonymous_2)
DA:12,0
DA:16,0
DA:17,0
DA:20,0
DA:23,0
DA:26,0
DA:48,0
LF:7
LH:0
BRF:0
BRH:0
end_of_record
TN:
SF:src/components/SimplifiedTreeView.js
FN:160,(anonymous_0)
FN:224,(anonymous_1)
FN:225,(anonymous_2)
FN:229,(anonymous_3)
FN:249,(anonymous_4)
FN:299,(anonymous_5)
FN:305,(anonymous_6)
FN:330,(anonymous_7)
FN:381,(anonymous_8)
FN:383,(anonymous_9)
FN:384,(anonymous_10)
FN:387,(anonymous_11)
FN:388,(anonymous_12)
FN:391,(anonymous_13)
FN:392,(anonymous_14)
FN:393,(anonymous_15)
FN:394,(anonymous_16)
FN:395,(anonymous_17)
FN:396,(anonymous_18)
FN:397,(anonymous_19)
FN:398,(anonymous_20)
FN:409,(anonymous_21)
FN:436,(anonymous_22)
FN:440,(anonymous_23)
FN:449,(anonymous_24)
FN:453,(anonymous_25)
FN:467,(anonymous_26)
FN:468,(anonymous_27)
FN:474,(anonymous_28)
FN:479,(anonymous_29)
FN:494,(anonymous_30)
FN:506,(anonymous_31)
FN:548,(anonymous_32)
FN:554,(anonymous_33)
FN:559,(anonymous_34)
FN:574,(anonymous_35)
FN:576,(anonymous_36)
FN:591,(anonymous_37)
FN:612,(anonymous_38)
FN:613,(anonymous_39)
FN:619,(anonymous_40)
FN:744,(anonymous_41)
FN:750,(anonymous_42)
FN:761,(anonymous_43)
FN:781,(anonymous_44)
FN:791,(anonymous_45)
FN:801,(anonymous_46)
FN:820,(anonymous_47)
FN:844,(anonymous_48)
FN:852,(anonymous_49)
FN:874,(anonymous_50)
FN:885,(anonymous_51)
FN:904,(anonymous_52)
FN:919,(anonymous_53)
FN:927,(anonymous_54)
FN:933,(anonymous_55)
FN:937,(anonymous_56)
FN:939,(anonymous_57)
FN:949,(anonymous_58)
FN:951,(anonymous_59)
FN:954,(anonymous_60)
FN:963,(anonymous_61)
FN:969,(anonymous_62)
FN:975,(anonymous_63)
FN:979,(anonymous_64)
FN:980,(anonymous_65)
FN:1010,(anonymous_66)
FN:1015,(anonymous_67)
FN:1032,(anonymous_68)
FN:1042,(anonymous_69)
FN:1079,(anonymous_70)
FN:1083,(anonymous_71)
FN:1090,(anonymous_72)
FN:1097,(anonymous_73)
FN:1107,(anonymous_74)
FN:1108,(anonymous_75)
FN:1118,(anonymous_76)
FN:1119,(anonymous_77)
FN:1120,(anonymous_78)
FN:1123,(anonymous_79)
FN:1137,(anonymous_80)
FN:1153,(anonymous_81)
FN:1154,(anonymous_82)
FN:1187,(anonymous_83)
FN:1196,(anonymous_84)
FN:1235,(anonymous_85)
FN:1240,(anonymous_86)
FN:1311,(anonymous_87)
FN:1324,(anonymous_88)
FN:1335,(anonymous_89)
FN:1344,(anonymous_90)
FN:1367,(anonymous_91)
FN:1387,(anonymous_92)
FN:1413,(anonymous_93)
FN:1429,(anonymous_94)
FN:1486,(anonymous_95)
FN:1487,(anonymous_96)
FN:1491,(anonymous_97)
FN:1495,(anonymous_98)
FN:1534,(anonymous_99)
FN:1535,(anonymous_100)
FN:1561,(anonymous_101)
FN:1575,(anonymous_102)
FN:1580,(anonymous_103)
FN:1584,(anonymous_104)
FN:1599,(anonymous_105)
FN:1608,(anonymous_106)
FN:1609,(anonymous_107)
FN:1663,(anonymous_108)
FN:1671,(anonymous_109)
FN:1740,(anonymous_110)
FN:1769,(anonymous_111)
FN:1880,(anonymous_112)
FN:1902,(anonymous_113)
FN:1929,(anonymous_114)
FN:1951,(anonymous_115)
FN:1983,(anonymous_116)
FN:2000,(anonymous_117)
FN:2005,(anonymous_118)
FN:2015,(anonymous_119)
FN:2041,(anonymous_120)
FN:2066,(anonymous_121)
FN:2066,(anonymous_122)
FN:2071,(anonymous_123)
FN:2095,(anonymous_124)
FN:2098,(anonymous_125)
FN:2147,(anonymous_126)
FN:2187,(anonymous_127)
FN:2214,(anonymous_128)
FN:2241,(anonymous_129)
FN:2264,(anonymous_130)
FN:2316,(anonymous_131)
FNF:132
FNH:0
FNDA:0,(anonymous_0)
FNDA:0,(anonymous_1)
FNDA:0,(anonymous_2)
FNDA:0,(anonymous_3)
FNDA:0,(anonymous_4)
FNDA:0,(anonymous_5)
FNDA:0,(anonymous_6)
FNDA:0,(anonymous_7)
FNDA:0,(anonymous_8)
FNDA:0,(anonymous_9)
FNDA:0,(anonymous_10)
FNDA:0,(anonymous_11)
FNDA:0,(anonymous_12)
FNDA:0,(anonymous_13)
FNDA:0,(anonymous_14)
FNDA:0,(anonymous_15)
FNDA:0,(anonymous_16)
FNDA:0,(anonymous_17)
FNDA:0,(anonymous_18)
FNDA:0,(anonymous_19)
FNDA:0,(anonymous_20)
FNDA:0,(anonymous_21)
FNDA:0,(anonymous_22)
FNDA:0,(anonymous_23)
FNDA:0,(anonymous_24)
FNDA:0,(anonymous_25)
FNDA:0,(anonymous_26)
FNDA:0,(anonymous_27)
FNDA:0,(anonymous_28)
FNDA:0,(anonymous_29)
FNDA:0,(anonymous_30)
FNDA:0,(anonymous_31)
FNDA:0,(anonymous_32)
FNDA:0,(anonymous_33)
FNDA:0,(anonymous_34)
FNDA:0,(anonymous_35)
FNDA:0,(anonymous_36)
FNDA:0,(anonymous_37)
FNDA:0,(anonymous_38)
FNDA:0,(anonymous_39)
FNDA:0,(anonymous_40)
FNDA:0,(anonymous_41)
FNDA:0,(anonymous_42)
FNDA:0,(anonymous_43)
FNDA:0,(anonymous_44)
FNDA:0,(anonymous_45)
FNDA:0,(anonymous_46)
FNDA:0,(anonymous_47)
FNDA:0,(anonymous_48)
FNDA:0,(anonymous_49)
FNDA:0,(anonymous_50)
FNDA:0,(anonymous_51)
FNDA:0,(anonymous_52)
FNDA:0,(anonymous_53)
FNDA:0,(anonymous_54)
FNDA:0,(anonymous_55)
FNDA:0,(anonymous_56)
FNDA:0,(anonymous_57)
FNDA:0,(anonymous_58)
FNDA:0,(anonymous_59)
FNDA:0,(anonymous_60)
FNDA:0,(anonymous_61)
FNDA:0,(anonymous_62)
FNDA:0,(anonymous_63)
FNDA:0,(anonymous_64)
FNDA:0,(anonymous_65)
FNDA:0,(anonymous_66)
FNDA:0,(anonymous_67)
FNDA:0,(anonymous_68)
FNDA:0,(anonymous_69)
FNDA:0,(anonymous_70)
FNDA:0,(anonymous_71)
FNDA:0,(anonymous_72)
FNDA:0,(anonymous_73)
FNDA:0,(anonymous_74)
FNDA:0,(anonymous_75)
FNDA:0,(anonymous_76)
FNDA:0,(anonymous_77)
FNDA:0,(anonymous_78)
FNDA:0,(anonymous_79)
FNDA:0,(anonymous_80)
FNDA:0,(anonymous_81)
FNDA:0,(anonymous_82)
FNDA:0,(anonymous_83)
FNDA:0,(anonymous_84)
FNDA:0,(anonymous_85)
FNDA:0,(anonymous_86)
FNDA:0,(anonymous_87)
FNDA:0,(anonymous_88)
FNDA:0,(anonymous_89)
FNDA:0,(anonymous_90)
FNDA:0,(anonymous_91)
FNDA:0,(anonymous_92)
FNDA:0,(anonymous_93)
FNDA:0,(anonymous_94)
FNDA:0,(anonymous_95)
FNDA:0,(anonymous_96)
FNDA:0,(anonymous_97)
FNDA:0,(anonymous_98)
FNDA:0,(anonymous_99)
FNDA:0,(anonymous_100)
FNDA:0,(anonymous_101)
FNDA:0,(anonymous_102)
FNDA:0,(anonymous_103)
FNDA:0,(anonymous_104)
FNDA:0,(anonymous_105)
FNDA:0,(anonymous_106)
FNDA:0,(anonymous_107)
FNDA:0,(anonymous_108)
FNDA:0,(anonymous_109)
FNDA:0,(anonymous_110)
FNDA:0,(anonymous_111)
FNDA:0,(anonymous_112)
FNDA:0,(anonymous_113)
FNDA:0,(anonymous_114)
FNDA:0,(anonymous_115)
FNDA:0,(anonymous_116)
FNDA:0,(anonymous_117)
FNDA:0,(anonymous_118)
FNDA:0,(anonymous_119)
FNDA:0,(anonymous_120)
FNDA:0,(anonymous_121)
FNDA:0,(anonymous_122)
FNDA:0,(anonymous_123)
FNDA:0,(anonymous_124)
FNDA:0,(anonymous_125)
FNDA:0,(anonymous_126)
FNDA:0,(anonymous_127)
FNDA:0,(anonymous_128)
FNDA:0,(anonymous_129)
FNDA:0,(anonymous_130)
FNDA:0,(anonymous_131)
DA:72,0
DA:73,0
DA:74,0
DA:75,0
DA:76,0
DA:77,0
DA:78,0
DA:79,0
DA:80,0
DA:81,0
DA:84,0
DA:85,0
DA:86,0
DA:87,0
DA:88,0
DA:89,0
DA:90,0
DA:91,0
DA:94,0
DA:95,0
DA:98,0
DA:99,0
DA:100,0
DA:101,0
DA:102,0
DA:103,0
DA:105,0
DA:106,0
DA:108,0
DA:109,0
DA:110,0
DA:113,0
DA:115,0
DA:131,0
DA:132,0
DA:133,0
DA:138,0
DA:140,0
DA:141,0
DA:146,0
DA:149,0
DA:160,0
DA:161,0
DA:163,0
DA:164,0
DA:172,0
DA:173,0
DA:174,0
DA:178,0
DA:201,0
DA:205,0
DA:207,0
DA:208,0
DA:210,0
DA:211,0
DA:213,0
DA:215,0
DA:217,0
DA:218,0
DA:223,0
DA:224,0
DA:225,0
DA:229,0
DA:242,0
DA:243,0
DA:246,0
DA:249,0
DA:252,0
DA:255,0
DA:256,0
DA:274,0
DA:296,0
DA:300,0
DA:301,0
DA:302,0
DA:305,0
DA:307,0
DA:308,0
DA:309,0
DA:310,0
DA:313,0
DA:314,0
DA:315,0
DA:317,0
DA:318,0
DA:320,0
DA:324,0
DA:325,0
DA:326,0
DA:327,0
DA:332,0
DA:333,0
DA:334,0
DA:335,0
DA:336,0
DA:339,0
DA:341,0
DA:345,0
DA:346,0
DA:347,0
DA:348,0
DA:351,0
DA:352,0
DA:353,0
DA:354,0
DA:357,0
DA:358,0
DA:359,0
DA:360,0
DA:361,0
DA:363,0
DA:365,0
DA:368,0
DA:369,0
DA:377,0
DA:381,0
DA:383,0
DA:384,0
DA:385,0
DA:386,0
DA:387,0
DA:388,0
DA:389,0
DA:390,0
DA:391,0
DA:392,0
DA:393,0
DA:394,0
DA:395,0
DA:396,0
DA:397,0
DA:398,0
DA:399,0
DA:400,0
DA:402,0
DA:403,0
DA:406,0
DA:409,0
DA:410,0
DA:411,0
DA:413,0
DA:414,0
DA:418,0
DA:420,0
DA:421,0
DA:422,0
DA:425,0
DA:430,0
DA:431,0
DA:434,0
DA:435,0
DA:436,0
DA:440,0
DA:441,0
DA:445,0
DA:448,0
DA:449,0
DA:454,0
DA:460,0
DA:463,0
DA:464,0
DA:467,0
DA:468,0
DA:469,0
DA:470,0
DA:474,0
DA:475,0
DA:476,0
DA:478,0
DA:479,0
DA:482,0
DA:483,0
DA:485,0
DA:486,0
DA:490,0
DA:491,0
DA:492,0
DA:495,0
DA:498,0
DA:502,0
DA:503,0
DA:506,0
DA:507,0
DA:509,0
DA:510,0
DA:513,0
DA:514,0
DA:517,0
DA:518,0
DA:522,0
DA:523,0
DA:524,0
DA:525,0
DA:529,0
DA:530,0
DA:536,0
DA:540,0
DA:548,0
DA:550,0
DA:554,0
DA:555,0
DA:559,0
DA:560,0
DA:561,0
DA:566,0
DA:574,0
DA:575,0
DA:576,0
DA:577,0
DA:578,0
DA:579,0
DA:580,0
DA:582,0
DA:583,0
DA:584,0
DA:585,0
DA:586,0
DA:587,0
DA:588,0
DA:589,0
DA:590,0
DA:591,0
DA:599,0
DA:600,0
DA:601,0
DA:602,0
DA:603,0
DA:604,0
DA:605,0
DA:607,0
DA:608,0
DA:611,0
DA:612,0
DA:614,0
DA:619,0
DA:620,0
DA:623,0
DA:624,0
DA:625,0
DA:626,0
DA:629,0
DA:630,0
DA:631,0
DA:632,0
DA:635,0
DA:636,0
DA:637,0
DA:639,0
DA:642,0
DA:643,0
DA:649,0
DA:650,0
DA:651,0
DA:655,0
DA:656,0
DA:662,0
DA:663,0
DA:664,0
DA:668,0
DA:673,0
DA:674,0
DA:675,0
DA:676,0
DA:677,0
DA:678,0
DA:679,0
DA:682,0
DA:683,0
DA:687,0
DA:688,0
DA:692,0
DA:693,0
DA:698,0
DA:699,0
DA:701,0
DA:702,0
DA:707,0
DA:708,0
DA:711,0
DA:714,0
DA:715,0
DA:720,0
DA:721,0
DA:722,0
DA:724,0
DA:726,0
DA:727,0
DA:732,0
DA:733,0
DA:736,0
DA:740,0
DA:744,0
DA:745,0
DA:746,0
DA:750,0
DA:751,0
DA:752,0
DA:753,0
DA:761,0
DA:763,0
DA:764,0
DA:765,0
DA:768,0
DA:772,0
DA:773,0
DA:775,0
DA:777,0
DA:781,0
DA:782,0
DA:795,0
DA:797,0
DA:801,0
DA:813,0
DA:814,0
DA:816,0
DA:820,0
DA:832,0
DA:833,0
DA:835,0
DA:838,0
DA:844,0
DA:845,0
DA:852,0
DA:853,0
DA:854,0
DA:865,0
DA:866,0
DA:867,0
DA:868,0
DA:869,0
DA:870,0
DA:871,0
DA:874,0
DA:875,0
DA:876,0
DA:877,0
DA:878,0
DA:880,0
DA:885,0
DA:886,0
DA:887,0
DA:888,0
DA:899,0
DA:900,0
DA:901,0
DA:902,0
DA:903,0
DA:904,0
DA:905,0
DA:910,0
DA:911,0
DA:912,0
DA:914,0
DA:915,0
DA:916,0
DA:917,0
DA:918,0
DA:919,0
DA:921,0
DA:922,0
DA:927,0
DA:928,0
DA:929,0
DA:932,0
DA:933,0
DA:936,0
DA:937,0
DA:938,0
DA:939,0
DA:942,0
DA:949,0
DA:950,0
DA:951,0
DA:953,0
DA:954,0
DA:957,0
DA:963,0
DA:969,0
DA:970,0
DA:971,0
DA:975,0
DA:976,0
DA:977,0
DA:979,0
DA:980,0
DA:982,0
DA:983,0
DA:984,0
DA:985,0
DA:987,0
DA:998,0
DA:1006,0
DA:1009,0
[...]
BRDA:146,33,1,0
BRDA:146,34,0,0
BRDA:146,34,1,0
BRDA:168,35,0,0
BRDA:168,35,1,0
BRF:70
BRH:0
end_of_record
TN:
SF:src/utils/checkAdminProfile.js
FN:3,checkAndCreateAdminProfile
FNF:1
FNH:0
FNDA:0,checkAndCreateAdminProfile
DA:4,0
DA:6,0
DA:8,0
DA:9,0
DA:10,0
DA:13,0
DA:14,0
DA:15,0
DA:18,0
DA:21,0
DA:27,0
DA:28,0
DA:29,0
DA:32,0
DA:33,0
DA:34,0
DA:38,0
DA:39,0
DA:51,0
DA:52,0
DA:53,0
DA:56,0
DA:57,0
DA:60,0
DA:61,0
LF:25
LH:0
BRDA:8,0,0,0
BRDA:8,0,1,0
BRDA:13,1,0,0
BRDA:13,1,1,0
BRDA:27,2,0,0
BRDA:27,2,1,0
BRDA:32,3,0,0
BRDA:32,3,1,0
BRDA:51,4,0,0
BRDA:51,4,1,0
BRF:10
BRH:0
end_of_record
TN:
SF:src/utils/cousinMarriageDetector.js
FN:26,isAlQefariMember
FN:38,detectCousinMarriage
FN:107,getCousinSpouses
FN:109,(anonymous_3)
FN:118,isCousinMarriage
FNF:5
FNH:0
FNDA:0,isAlQefariMember
FNDA:0,detectCousinMarriage
FNDA:0,getCousinSpouses
FNDA:0,(anonymous_3)
FNDA:0,isCousinMarriage
DA:27,0
DA:28,0
DA:39,0
DA:40,0
DA:44,0
DA:45,0
DA:46,0
DA:50,0
DA:51,0
DA:53,0
DA:54,0
DA:57,0
DA:59,0
DA:61,0
DA:62,0
DA:68,0
DA:69,0
DA:70,0
DA:73,0
DA:74,0
DA:75,0
DA:76,0
DA:79,0
DA:86,0
DA:87,0
DA:88,0
DA:93,0
DA:97,0
DA:98,0
DA:108,0
DA:109,0
DA:119,0
LF:32
LH:0
BRDA:27,0,0,0
BRDA:27,0,1,0
BRDA:28,1,0,0
BRDA:28,1,1,0
BRDA:39,2,0,0
BRDA:39,2,1,0
BRDA:39,3,0,0
BRDA:39,3,1,0
BRDA:45,4,0,0
BRDA:45,4,1,0
BRDA:50,5,0,0
BRDA:50,5,1,0
BRDA:53,6,0,0
BRDA:53,6,1,0
BRDA:61,7,0,0
BRDA:61,7,1,0
BRDA:61,7,2,0
BRDA:68,8,0,0
BRDA:68,8,1,0
BRDA:74,9,0,0
BRDA:74,9,1,0
BRDA:86,10,0,0
BRDA:86,10,1,0
BRDA:86,11,0,0
BRDA:86,11,1,0
BRDA:119,12,0,0
BRDA:119,12,1,0
BRF:27
BRH:0
end_of_record
TN:
SF:src/utils/dateDisplay.js
FN:37,formatDate
FN:85,formatDateByPreference
FN:226,getDateLabel
FNF:3
FNH:0
FNDA:0,formatDate
FNDA:0,formatDateByPreference
FNDA:0,getDateLabel
DA:4,0
DA:19,0
DA:38,0
DA:40,0
DA:43,0
DA:45,0
DA:46,0
DA:47,0
DA:49,0
DA:52,0
DA:53,0
DA:57,0
DA:58,0
DA:61,0
DA:62,0
DA:64,0
DA:65,0
DA:66,0
DA:67,0
DA:69,0
DA:70,0
DA:71,0
DA:76,0
DA:86,0
DA:89,0
DA:97,0
DA:98,0
DA:99,0
DA:102,0
DA:104,0
DA:110,0
DA:117,0
DA:122,0
DA:132,0
DA:133,0
DA:139,0
DA:146,0
DA:147,0
DA:158,0
DA:164,0
DA:171,0
DA:172,0
DA:182,0
DA:183,0
DA:189,0
DA:196,0
DA:201,0
DA:213,0
DA:214,0
DA:218,0
DA:227,0
LF:51
LH:0
BRDA:37,0,0,0
BRDA:37,1,0,0
BRDA:38,2,0,0
BRDA:38,2,1,0
BRDA:38,3,0,0
BRDA:38,3,1,0
BRDA:38,3,2,0
BRDA:40,4,0,0
BRDA:40,5,0,0
BRDA:43,6,0,0
BRDA:43,6,1,0
BRDA:52,7,0,0
BRDA:52,7,1,0
BRDA:57,8,0,0
BRDA:57,8,1,0
BRDA:62,9,0,0
BRDA:62,9,1,0
BRDA:64,10,0,0
BRDA:64,10,1,0
BRDA:65,11,0,0
BRDA:65,11,1,0
BRDA:67,12,0,0
BRDA:67,12,1,0
BRDA:69,13,0,0
BRDA:69,13,1,0
BRDA:71,14,0,0
BRDA:71,14,1,0
BRDA:85,15,0,0
BRDA:86,16,0,0
BRDA:86,16,1,0
BRDA:102,17,0,0
BRDA:102,17,1,0
BRDA:104,18,0,0
BRDA:104,18,1,0
BRDA:105,19,0,0
BRDA:105,19,1,0
BRDA:105,19,2,0
BRDA:105,19,3,0
BRDA:117,20,0,0
BRDA:117,20,1,0
BRDA:118,21,0,0
BRDA:118,21,1,0
BRDA:118,21,2,0
BRDA:132,22,0,0
BRDA:132,22,1,0
BRDA:133,23,0,0
BRDA:133,23,1,0
BRDA:134,24,0,0
BRDA:134,24,1,0
BRDA:134,24,2,0
BRDA:134,24,3,0
BRDA:146,25,0,0
BRDA:146,25,1,0
BRDA:146,26,0,0
BRDA:146,26,1,0
BRDA:146,26,2,0
BRDA:158,27,0,0
BRDA:158,27,1,0
BRDA:159,28,0,0
BRDA:159,28,1,0
BRDA:159,28,2,0
BRDA:159,28,3,0
BRDA:171,29,0,0
BRDA:171,29,1,0
BRDA:171,30,0,0
BRDA:171,30,1,0
BRDA:171,30,2,0
BRDA:182,31,0,0
BRDA:182,31,1,0
BRDA:183,32,0,0
BRDA:183,32,1,0
BRDA:184,33,0,0
BRDA:184,33,1,0
BRDA:184,33,2,0
BRDA:184,33,3,0
BRDA:196,34,0,0
BRDA:196,34,1,0
BRDA:197,35,0,0
BRDA:197,35,1,0
BRDA:197,35,2,0
BRDA:213,36,0,0
BRDA:213,36,1,0
BRDA:213,37,0,0
BRDA:213,37,1,0
BRDA:213,37,2,0
BRDA:218,38,0,0
BRDA:218,38,1,0
BRDA:218,38,2,0
BRDA:226,39,0,0
BRDA:227,40,0,0
BRDA:227,40,1,0
BRF:91
BRH:0
end_of_record
TN:
SF:src/utils/dateUtils.js
FN:67,(anonymous_0)
FN:75,(anonymous_1)
FN:82,(anonymous_2)
FN:98,(anonymous_3)
FN:105,(anonymous_4)
FN:199,(anonymous_5)
FN:225,(anonymous_6)
FN:311,(anonymous_7)
FN:342,(anonymous_8)
FN:350,(anonymous_9)
FN:357,(anonymous_10)
FN:473,(anonymous_11)
FN:509,(anonymous_12)
FN:542,(anonymous_13)
FNF:14
FNH:0
FNDA:0,(anonymous_0)
FNDA:0,(anonymous_1)
FNDA:0,(anonymous_2)
FNDA:0,(anonymous_3)
FNDA:0,(anonymous_4)
FNDA:0,(anonymous_5)
FNDA:0,(anonymous_6)
FNDA:0,(anonymous_7)
FNDA:0,(anonymous_8)
FNDA:0,(anonymous_9)
FNDA:0,(anonymous_10)
FNDA:0,(anonymous_11)
FNDA:0,(anonymous_12)
FNDA:0,(anonymous_13)
DA:10,0
DA:13,0
DA:29,0
DA:45,0
DA:54,0
DA:67,0
DA:69,0
DA:70,0
DA:72,0
DA:73,0
DA:75,0
DA:82,0
DA:83,0
DA:84,0
DA:96,0
DA:98,0
DA:105,0
DA:107,0
DA:108,0
DA:112,0
DA:120,0
DA:123,0
DA:126,0
DA:132,0
DA:133,0
DA:135,0
DA:136,0
DA:137,0
DA:139,0
DA:140,0
DA:148,0
DA:151,0
DA:157,0
DA:158,0
DA:159,0
DA:161,0
DA:165,0
DA:171,0
DA:172,0
DA:173,0
DA:175,0
DA:177,0
DA:180,0
DA:183,0
DA:188,0
DA:189,0
DA:190,0
DA:192,0
DA:199,0
DA:201,0
DA:202,0
DA:205,0
DA:206,0
DA:212,0
DA:213,0
DA:216,0
DA:218,0
DA:225,0
DA:226,0
DA:227,0
DA:230,0
DA:232,0
DA:233,0
DA:234,0
DA:241,0
DA:242,0
DA:243,0
DA:244,0
DA:245,0
DA:248,0
DA:250,0
DA:251,0
DA:252,0
DA:255,0
DA:256,0
DA:258,0
DA:262,0
DA:267,0
DA:268,0
DA:269,0
DA:270,0
DA:271,0
DA:274,0
DA:275,0
DA:282,0
DA:293,0
DA:294,0
DA:301,0
DA:303,0
DA:304,0
DA:311,0
DA:312,0
DA:314,0
DA:316,0
DA:317,0
DA:325,0
DA:326,0
DA:333,0
DA:336,0
DA:342,0
DA:343,0
DA:344,0
DA:350,0
DA:351,0
DA:357,0
DA:358,0
DA:359,0
DA:362,0
DA:365,0
DA:367,0
DA:372,0
DA:373,0
DA:376,0
DA:377,0
DA:378,0
DA:381,0
DA:382,0
DA:384,0
DA:387,0
DA:388,0
DA:396,0
DA:397,0
DA:405,0
DA:406,0
DA:407,0
DA:414,0
DA:417,0
DA:422,0
DA:423,0
DA:426,0
DA:427,0
DA:428,0
DA:430,0
DA:431,0
DA:433,0
DA:436,0
DA:437,0
DA:445,0
DA:446,0
DA:454,0
DA:455,0
DA:456,0
DA:463,0
DA:466,0
DA:473,0
DA:474,0
DA:475,0
DA:477,0
DA:478,0
DA:479,0
DA:480,0
DA:484,0
DA:485,0
DA:486,0
DA:487,0
DA:490,0
DA:491,0
DA:492,0
DA:493,0
DA:498,0
DA:509,0
DA:511,0
DA:512,0
DA:513,0
DA:515,0
DA:516,0
DA:518,0
DA:521,0
DA:522,0
DA:523,0
DA:524,0
DA:525,0
DA:527,0
DA:531,0
DA:532,0
DA:542,0
DA:543,0
DA:544,0
DA:545,0
LF:179
LH:0
BRDA:69,0,0,0
BRDA:69,0,1,0
BRDA:69,1,0,0
BRDA:69,1,1,0
BRDA:69,1,2,0
BRDA:83,2,0,0
BRDA:83,2,1,0
BRDA:98,3,0,0
BRDA:98,3,1,0
BRDA:107,4,0,0
BRDA:107,4,1,0
BRDA:107,5,0,0
BRDA:107,5,1,0
BRDA:107,5,2,0
BRDA:107,5,3,0
BRDA:107,5,4,0
BRDA:107,5,5,0
BRDA:112,6,0,0
BRDA:112,6,1,0
BRDA:113,7,0,0
BRDA:113,7,1,0
BRDA:113,7,2,0
BRDA:113,7,3,0
BRDA:113,7,4,0
BRDA:113,7,5,0
BRDA:126,8,0,0
BRDA:126,8,1,0
BRDA:133,9,0,0
BRDA:133,9,1,0
BRDA:139,10,0,0
BRDA:139,10,1,0
BRDA:201,11,0,0
BRDA:201,11,1,0
BRDA:201,12,0,0
BRDA:201,12,1,0
BRDA:201,12,2,0
BRDA:201,12,3,0
BRDA:201,12,4,0
BRDA:201,12,5,0
BRDA:212,13,0,0
BRDA:212,13,1,0
BRDA:225,14,0,0
BRDA:226,15,0,0
BRDA:226,15,1,0
BRDA:226,16,0,0
BRDA:226,16,1,0
BRDA:241,17,0,0
BRDA:241,17,1,0
BRDA:241,18,0,0
BRDA:241,18,1,0
BRDA:241,18,2,0
BRDA:255,19,0,0
BRDA:255,19,1,0
BRDA:255,20,0,0
BRDA:255,20,1,0
BRDA:255,20,2,0
BRDA:267,21,0,0
BRDA:267,21,1,0
BRDA:288,22,0,0
BRDA:288,22,1,0
BRDA:293,23,0,0
BRDA:293,23,1,0
BRDA:293,24,0,0
BRDA:293,24,1,0
BRDA:293,24,2,0
BRDA:312,25,0,0
BRDA:312,25,1,0
BRDA:316,26,0,0
BRDA:316,26,1,0
BRDA:325,27,0,0
BRDA:325,27,1,0
BRDA:342,28,0,0
BRDA:343,29,0,0
BRDA:343,29,1,0
BRDA:343,30,0,0
BRDA:343,30,1,0
BRDA:344,31,0,0
BRDA:344,31,1,0
BRDA:350,32,0,0
BRDA:351,33,0,0
BRDA:351,33,1,0
BRDA:357,34,0,0
BRDA:358,35,0,0
BRDA:358,35,1,0
BRDA:358,36,0,0
BRDA:358,36,1,0
BRDA:358,36,2,0
BRDA:358,36,3,0
BRDA:365,37,0,0
BRDA:365,37,1,0
BRDA:372,38,0,0
BRDA:372,38,1,0
BRDA:422,39,0,0
BRDA:422,39,1,0
BRDA:477,40,0,0
BRDA:477,40,1,0
BRDA:479,41,0,0
BRDA:479,41,1,0
BRDA:479,42,0,0
BRDA:479,42,1,0
BRDA:484,43,0,0
BRDA:484,43,1,0
BRDA:486,44,0,0
BRDA:486,44,1,0
BRDA:486,45,0,0
BRDA:486,45,1,0
BRDA:490,46,0,0
BRDA:490,46,1,0
BRDA:490,47,0,0
BRDA:490,47,1,0
BRDA:492,48,0,0
BRDA:492,48,1,0
BRDA:492,49,0,0
BRDA:492,49,1,0
BRDA:509,50,0,0
BRDA:509,51,0,0
BRDA:511,52,0,0
BRDA:511,52,1,0
BRDA:511,53,0,0
BRDA:511,53,1,0
BRDA:513,54,0,0
BRDA:513,54,1,0
BRDA:513,55,0,0
BRDA:513,55,1,0
BRDA:513,55,2,0
BRDA:518,56,0,0
BRDA:518,56,1,0
BRDA:522,57,0,0
BRDA:522,57,1,0
BRDA:525,58,0,0
BRDA:525,58,1,0
BRDA:532,59,0,0
BRDA:532,59,1,0
BRF:133
BRH:0
end_of_record
TN:
SF:src/utils/fetchWithTimeout.js
FN:38,(anonymous_0)
FN:40,(anonymous_1)
FN:41,(anonymous_2)
FN:74,(anonymous_3)
FN:95,(anonymous_4)
FNF:5
FNH:0
FNDA:0,(anonymous_0)
FNDA:0,(anonymous_1)
FNDA:0,(anonymous_2)
FNDA:0,(anonymous_3)
FNDA:0,(anonymous_4)
DA:38,0
DA:40,0
DA:41,0
DA:42,0
DA:51,0
DA:74,0
DA:80,0
DA:81,0
DA:83,0
DA:84,0
DA:86,0
DA:89,0
DA:91,0
DA:92,0
DA:95,0
DA:101,0
DA:102,0
LF:17
LH:0
BRDA:38,0,0,0
BRDA:38,1,0,0
BRDA:76,2,0,0
BRDA:76,3,0,0
BRDA:76,4,0,0
BRDA:76,5,0,0
BRDA:76,6,0,0
BRDA:89,7,0,0
BRDA:89,7,1,0
BRF:9
BRH:0
end_of_record
TN:
SF:src/utils/forceSignOut.js
FN:9,forceCompleteSignOut
FN:88,(anonymous_1)
FNF:2
FNH:0
FNDA:0,forceCompleteSignOut
FNDA:0,(anonymous_1)
DA:10,0
DA:11,0
DA:13,0
DA:14,0
DA:16,0
DA:18,0
DA:19,0
DA:20,0
DA:21,0
DA:22,0
DA:25,0
DA:27,0
DA:32,0
DA:34,0
DA:60,0
DA:62,0
DA:66,0
DA:67,0
DA:68,0
DA:70,0
DA:74,0
DA:75,0
DA:77,0
DA:78,0
DA:80,0
DA:81,0
DA:82,0
DA:86,0
DA:87,0
DA:88,0
DA:92,0
LF:31
LH:0
BRDA:9,0,0,0
BRDA:80,1,0,0
BRDA:80,1,1,0
BRF:3
BRH:0
end_of_record
TN:
SF:src/utils/generationUtils.js
FN:20,(anonymous_0)
FN:54,(anonymous_1)
FNF:2
FNH:0
FNDA:0,(anonymous_0)
FNDA:0,(anonymous_1)
DA:20,0
DA:21,0
DA:40,0
DA:54,0
DA:55,0
DA:56,0
LF:6
LH:0
BRDA:40,0,0,0
BRDA:40,0,1,0
BRDA:55,1,0,0
BRDA:55,1,1,0
BRF:4
BRH:0
end_of_record
TN:
SF:src/utils/hijriConverter.js
FN:16,isHijriLeapYear
FN:25,getHijriMonthDays
FN:38,hijriToJulianDay
FN:62,julianDayToGregorian
FN:79,gregorianToJulianDay
FN:103,julianDayToHijri
FN:135,hijriToGregorian
FN:174,gregorianToHijri
FN:224,isValidHijriDate
FN:235,isValidGregorianDate
FNF:10
FNH:0
FNDA:0,isHijriLeapYear
FNDA:0,getHijriMonthDays
FNDA:0,hijriToJulianDay
FNDA:0,julianDayToGregorian
FNDA:0,gregorianToJulianDay
FNDA:0,julianDayToHijri
FNDA:0,hijriToGregorian
FNDA:0,gregorianToHijri
FNDA:0,isValidHijriDate
FNDA:0,isValidGregorianDate
DA:7,0
DA:10,0
DA:17,0
DA:18,0
DA:19,0
DA:26,0
DA:27,0
DA:29,0
DA:30,0
DA:32,0
DA:40,0
DA:43,0
DA:44,0
DA:48,0
DA:49,0
DA:53,0
DA:56,0
DA:63,0
DA:64,0
DA:65,0
DA:66,0
DA:67,0
DA:69,0
DA:70,0
DA:71,0
DA:73,0
DA:80,0
DA:81,0
DA:82,0
DA:84,0
DA:87,0
DA:92,0
DA:94,0
DA:97,0
DA:105,0
DA:108,0
DA:109,0
DA:111,0
DA:112,0
DA:113,0
DA:114,0
DA:115,0
DA:119,0
DA:120,0
DA:121,0
DA:122,0
DA:123,0
DA:124,0
DA:127,0
DA:129,0
DA:137,0
DA:138,0
DA:141,0
DA:142,0
DA:145,0
DA:146,0
DA:150,0
DA:151,0
DA:154,0
DA:155,0
DA:156,0
DA:158,0
DA:160,0
DA:163,0
DA:176,0
DA:177,0
DA:181,0
DA:186,0
DA:189,0
DA:190,0
DA:193,0
DA:196,0
DA:201,0
DA:204,0
DA:205,0
DA:208,0
DA:209,0
DA:214,0
DA:216,0
DA:217,0
DA:225,0
DA:226,0
DA:227,0
DA:229,0
DA:236,0
DA:237,0
DA:239,0
DA:242,0
DA:246,0
DA:249,0
LF:90
LH:0
BRDA:26,0,0,0
BRDA:26,0,1,0
BRDA:26,1,0,0
BRDA:26,1,1,0
BRDA:29,2,0,0
BRDA:29,2,1,0
BRDA:29,3,0,0
BRDA:29,3,1,0
BRDA:44,4,0,0
BRDA:44,4,1,0
BRDA:70,5,0,0
BRDA:70,5,1,0
BRDA:71,6,0,0
BRDA:71,6,1,0
BRDA:87,7,0,0
BRDA:87,7,1,0
BRDA:88,8,0,0
BRDA:88,8,1,0
BRDA:88,8,2,0
BRDA:88,8,3,0
BRDA:88,8,4,0
BRDA:88,8,5,0
BRDA:112,9,0,0
BRDA:112,9,1,0
BRDA:113,10,0,0
BRDA:113,10,1,0
BRDA:122,11,0,0
BRDA:122,11,1,0
BRDA:137,12,0,0
BRDA:137,12,1,0
BRDA:137,13,0,0
BRDA:137,13,1,0
BRDA:137,13,2,0
BRDA:141,14,0,0
BRDA:141,14,1,0
BRDA:141,15,0,0
BRDA:141,15,1,0
BRDA:145,16,0,0
BRDA:145,16,1,0
BRDA:145,17,0,0
BRDA:145,17,1,0
BRDA:150,18,0,0
BRDA:150,18,1,0
BRDA:150,19,0,0
BRDA:150,19,1,0
BRDA:176,20,0,0
BRDA:176,20,1,0
BRDA:176,21,0,0
BRDA:176,21,1,0
BRDA:176,21,2,0
BRDA:181,22,0,0
BRDA:181,22,1,0
BRDA:182,23,0,0
BRDA:182,23,1,0
BRDA:182,23,2,0
BRDA:182,23,3,0
BRDA:182,23,4,0
BRDA:182,23,5,0
BRDA:189,24,0,0
BRDA:189,24,1,0
BRDA:189,25,0,0
BRDA:189,25,1,0
BRDA:196,26,0,0
BRDA:196,26,1,0
BRDA:197,27,0,0
BRDA:197,27,1,0
BRDA:197,27,2,0
BRDA:197,27,3,0
BRDA:204,28,0,0
BRDA:204,28,1,0
BRDA:204,29,0,0
BRDA:204,29,1,0
BRDA:225,30,0,0
BRDA:225,30,1,0
BRDA:225,31,0,0
BRDA:225,31,1,0
BRDA:225,31,2,0
BRDA:226,32,0,0
BRDA:226,32,1,0
BRDA:226,33,0,0
BRDA:226,33,1,0
BRDA:227,34,0,0
BRDA:227,34,1,0
BRDA:227,35,0,0
BRDA:227,35,1,0
BRDA:229,36,0,0
BRDA:229,36,1,0
BRDA:236,37,0,0
BRDA:236,37,1,0
BRDA:236,38,0,0
BRDA:236,38,1,0
BRDA:236,38,2,0
BRDA:237,39,0,0
BRDA:237,39,1,0
BRDA:237,40,0,0
BRDA:237,40,1,0
BRDA:242,41,0,0
BRDA:242,41,1,0
BRDA:243,42,0,0
BRDA:243,42,1,0
BRDA:243,42,2,0
BRDA:243,42,3,0
BRDA:249,43,0,0
BRDA:249,43,1,0
BRF:104
BRH:0
end_of_record
TN:
SF:src/utils/marriageValidation.js
FN:25,(anonymous_0)
FN:38,(anonymous_1)
FN:53,(anonymous_2)
FN:85,(anonymous_3)
FN:124,(anonymous_4)
FNF:5
FNH:0
FNDA:0,(anonymous_0)
FNDA:0,(anonymous_1)
FNDA:0,(anonymous_2)
FNDA:0,(anonymous_3)
FNDA:0,(anonymous_4)
DA:25,0
DA:26,0
DA:27,0
DA:28,0
DA:38,0
DA:39,0
DA:53,0
DA:54,0
DA:55,0
DA:59,0
DA:60,0
DA:63,0
DA:64,0
DA:67,0
DA:68,0
DA:85,0
DA:86,0
DA:87,0
DA:90,0
DA:91,0
DA:94,0
DA:95,0
DA:98,0
DA:99,0
DA:102,0
DA:103,0
DA:107,0
DA:108,0
DA:111,0
DA:112,0
DA:114,0
DA:124,0
DA:125,0
LF:33
LH:0
BRDA:26,0,0,0
BRDA:26,0,1,0
BRDA:27,1,0,0
BRDA:27,1,1,0
BRDA:39,2,0,0
BRDA:39,2,1,0
BRDA:54,3,0,0
BRDA:54,3,1,0
BRDA:59,4,0,0
BRDA:59,4,1,0
BRDA:63,5,0,0
BRDA:63,5,1,0
BRDA:63,6,0,0
BRDA:63,6,1,0
BRDA:68,7,0,0
BRDA:68,7,1,0
BRDA:86,8,0,0
BRDA:86,8,1,0
BRDA:90,9,0,0
BRDA:90,9,1,0
BRDA:94,10,0,0
BRDA:94,10,1,0
BRDA:98,11,0,0
BRDA:98,11,1,0
BRDA:102,12,0,0
BRDA:102,12,1,0
BRDA:107,13,0,0
BRDA:107,13,1,0
BRDA:111,14,0,0
BRDA:111,14,1,0
BRDA:112,15,0,0
BRDA:112,15,1,0
BRDA:125,16,0,0
BRDA:125,16,1,0
BRF:34
BRH:0
end_of_record
TN:
SF:src/utils/measureText.js
FN:4,measureArabicText
FN:18,getNodeWidth
FNF:2
FNH:0
FNDA:0,measureArabicText
FNDA:0,getNodeWidth
DA:7,0
DA:8,0
DA:12,0
DA:14,0
DA:19,0
DA:20,0
DA:24,0
DA:25,0
DA:26,0
DA:28,0
LF:10
LH:0
BRDA:4,0,0,0
BRDA:18,1,0,0
BRDA:19,2,0,0
BRDA:19,2,1,0
BRF:4
BRH:0
end_of_record
TN:
SF:src/utils/nameChainBuilder.js
FN:12,buildNameChain
FN:32,(anonymous_1)
FN:38,(anonymous_2)
FN:46,(anonymous_3)
FN:68,getProfileDisplayName
FN:91,getFirstThreeNames
FNF:6
FNH:0
FNDA:0,buildNameChain
FNDA:0,(anonymous_1)
FNDA:0,(anonymous_2)
FNDA:0,(anonymous_3)
FNDA:0,getProfileDisplayName
FNDA:0,getFirstThreeNames
DA:13,0
DA:16,0
DA:17,0
DA:21,0
DA:24,0
DA:25,0
DA:27,0
DA:28,0
DA:30,0
DA:32,0
DA:33,0
DA:34,0
DA:37,0
DA:38,0
DA:39,0
DA:40,0
DA:43,0
DA:44,0
DA:45,0
DA:46,0
DA:47,0
DA:48,0
DA:49,0
DA:50,0
DA:52,0
DA:60,0
DA:69,0
DA:77,0
DA:92,0
DA:93,0
DA:97,0
DA:99,0
DA:100,0
DA:104,0
DA:107,0
DA:108,0
DA:112,0
LF:37
LH:0
BRDA:12,0,0,0
BRDA:13,1,0,0
BRDA:13,1,1,0
BRDA:16,2,0,0
BRDA:16,2,1,0
BRDA:21,3,0,0
BRDA:21,3,1,0
BRDA:24,4,0,0
BRDA:24,4,1,0
BRDA:27,5,0,0
BRDA:27,5,1,0
BRDA:30,6,0,0
BRDA:30,6,1,0
BRDA:30,7,0,0
BRDA:30,7,1,0
BRDA:33,8,0,0
BRDA:33,8,1,0
BRDA:37,9,0,0
BRDA:37,9,1,0
BRDA:39,10,0,0
BRDA:39,10,1,0
BRDA:45,11,0,0
BRDA:45,11,1,0
BRDA:47,12,0,0
BRDA:47,12,1,0
BRDA:69,13,0,0
BRDA:69,13,1,0
BRDA:78,14,0,0
BRDA:78,14,1,0
BRDA:78,14,2,0
BRDA:78,14,3,0
BRDA:78,14,4,0
BRDA:92,15,0,0
BRDA:92,15,1,0
BRDA:92,16,0,0
BRDA:92,16,1,0
BRDA:99,17,0,0
BRDA:99,17,1,0
BRDA:107,18,0,0
BRDA:107,18,1,0
BRF:40
BRH:0
end_of_record
TN:
SF:src/utils/nameChainUtils.js
FN:11,(anonymous_0)
FN:57,(anonymous_1)
FNF:2
FNH:0
FNDA:0,(anonymous_0)
FNDA:0,(anonymous_1)
DA:11,0
DA:13,0
DA:21,0
DA:22,0
DA:25,0
DA:26,0
DA:27,0
DA:28,0
DA:30,0
DA:33,0
DA:34,0
DA:35,0
DA:37,0
DA:57,0
DA:60,0
DA:68,0
DA:69,0
DA:73,0
DA:74,0
DA:75,0
DA:79,0
DA:80,0
DA:84,0
LF:23
LH:0
BRDA:13,0,0,0
BRDA:13,0,1,0
BRDA:13,0,2,0
BRDA:13,0,3,0
BRDA:13,0,4,0
BRDA:13,0,5,0
BRDA:21,1,0,0
BRDA:21,1,1,0
BRDA:25,2,0,0
BRDA:25,2,1,0
BRDA:26,3,0,0
BRDA:26,3,1,0
BRDA:26,3,2,0
BRDA:27,4,0,0
BRDA:27,4,1,0
BRDA:28,5,0,0
BRDA:28,5,1,0
BRDA:34,6,0,0
BRDA:34,6,1,0
BRDA:60,7,0,0
BRDA:60,7,1,0
BRDA:60,7,2,0
BRDA:60,7,3,0
BRDA:60,7,4,0
BRDA:60,7,5,0
BRDA:68,8,0,0
BRDA:68,8,1,0
BRDA:73,9,0,0
BRDA:73,9,1,0
BRDA:73,9,2,0
BRDA:74,10,0,0
BRDA:74,10,1,0
BRDA:75,11,0,0
BRDA:75,11,1,0
BRDA:79,12,0,0
BRDA:79,12,1,0
BRDA:79,13,0,0
BRDA:79,13,1,0
BRDA:80,14,0,0
BRDA:80,14,1,0
BRDA:84,15,0,0
BRDA:84,15,1,0
BRF:42
BRH:0
end_of_record
TN:
SF:src/utils/rpcLogger.js
FN:15,wrapRPCWithLogging
FN:16,wrappedRpc
FNF:2
FNH:0
FNDA:0,wrapRPCWithLogging
FNDA:0,wrappedRpc
DA:16,0
DA:17,0
DA:19,0
DA:20,0
DA:21,0
DA:23,0
DA:24,0
DA:28,0
DA:29,0
DA:30,0
DA:36,0
DA:43,0
DA:45,0
DA:48,0
DA:51,0
DA:52,0
LF:16
LH:0
BRDA:23,0,0,0
BRDA:23,0,1,0
BRDA:28,1,0,0
BRDA:28,1,1,0
BRDA:29,2,0,0
BRDA:29,2,1,0
BRDA:39,3,0,0
BRDA:39,3,1,0
BRDA:40,4,0,0
BRDA:40,4,1,0
BRDA:43,5,0,0
BRDA:43,5,1,0
BRF:12
BRH:0
end_of_record
TN:
SF:src/utils/suppressWarnings.js
FN:14,(anonymous_0)
FN:21,suppressWarnings
FN:27,(anonymous_2)
FNF:3
FNH:0
FNDA:0,(anonymous_0)
FNDA:0,suppressWarnings
FNDA:0,(anonymous_2)
DA:4,0
DA:10,0
DA:13,0
DA:14,0
DA:15,0
DA:16,0
DA:17,0
DA:26,0
DA:27,0
DA:28,0
DA:31,0
LF:11
LH:0
BRDA:16,0,0,0
BRDA:16,0,1,0
BRF:2
BRH:0
end_of_record
TN:
SF:src/utils/treeLayout.js
FN:4,getNodeDimensions
FN:13,resolveCollisions
FN:17,getSubtreeBounds
FN:24,(anonymous_3)
FN:35,shiftSubtree
FN:38,(anonymous_5)
FN:43,resolveNodeCollisions
FN:46,(anonymous_7)
FN:83,calculateTreeLayout
FN:92,(anonymous_9)
FN:99,(anonymous_10)
FN:120,sortChildrenByOrder
FN:125,(anonymous_12)
FN:132,(anonymous_13)
FN:152,(anonymous_14)
FN:177,(anonymous_15)
FN:189,(anonymous_16)
FN:207,(anonymous_17)
FNF:18
FNH:0
FNDA:0,getNodeDimensions
FNDA:0,resolveCollisions
FNDA:0,getSubtreeBounds
FNDA:0,(anonymous_3)
FNDA:0,shiftSubtree
FNDA:0,(anonymous_5)
FNDA:0,resolveNodeCollisions
FNDA:0,(anonymous_7)
FNDA:0,calculateTreeLayout
FNDA:0,(anonymous_9)
FNDA:0,(anonymous_10)
FNDA:0,sortChildrenByOrder
FNDA:0,(anonymous_12)
FNDA:0,(anonymous_13)
FNDA:0,(anonymous_14)
FNDA:0,(anonymous_15)
FNDA:0,(anonymous_16)
FNDA:0,(anonymous_17)
DA:5,0
DA:6,0
DA:14,0
DA:18,0
DA:19,0
DA:20,0
DA:23,0
DA:24,0
DA:25,0
DA:26,0
DA:27,0
DA:31,0
DA:36,0
DA:37,0
DA:38,0
DA:45,0
DA:46,0
DA:49,0
DA:50,0
DA:51,0
DA:54,0
DA:55,0
DA:58,0
DA:59,0
DA:62,0
DA:64,0
DA:66,0
DA:69,0
DA:70,0
DA:78,0
DA:80,0
DA:85,0
DA:86,0
DA:87,0
DA:91,0
DA:92,0
DA:93,0
DA:96,0
DA:99,0
DA:100,0
DA:102,0
DA:103,0
DA:104,0
DA:105,0
DA:107,0
DA:108,0
DA:109,0
DA:110,0
DA:114,0
DA:121,0
DA:125,0
DA:126,0
DA:127,0
DA:128,0
DA:132,0
DA:137,0
DA:138,0
DA:141,0
DA:142,0
DA:143,0
DA:147,0
DA:150,0
DA:154,0
DA:155,0
DA:156,0
DA:158,0
DA:160,0
DA:163,0
DA:168,0
DA:171,0
DA:174,0
DA:175,0
DA:177,0
DA:178,0
DA:187,0
DA:189,0
DA:190,0
DA:191,0
DA:192,0
DA:193,0
DA:198,0
DA:207,0
DA:208,0
DA:211,0
LF:84
LH:0
BRDA:4,0,0,0
BRDA:5,1,0,0
BRDA:5,1,1,0
BRDA:7,2,0,0
BRDA:7,2,1,0
BRDA:7,3,0,0
BRDA:7,3,1,0
BRDA:8,4,0,0
BRDA:8,4,1,0
BRDA:13,5,0,0
BRDA:23,6,0,0
BRDA:23,6,1,0
BRDA:37,7,0,0
BRDA:37,7,1,0
BRDA:45,8,0,0
BRDA:45,8,1,0
BRDA:64,9,0,0
BRDA:64,9,1,0
BRDA:83,10,0,0
BRDA:85,11,0,0
BRDA:85,11,1,0
BRDA:85,12,0,0
BRDA:85,12,1,0
BRDA:102,13,0,0
BRDA:102,13,1,0
BRDA:104,14,0,0
BRDA:104,14,1,0
BRDA:107,15,0,0
BRDA:107,15,1,0
BRDA:109,16,0,0
BRDA:109,16,1,0
BRDA:121,17,0,0
BRDA:121,17,1,0
BRDA:121,18,0,0
BRDA:121,18,1,0
BRDA:126,19,0,0
BRDA:126,19,1,0
BRDA:127,20,0,0
BRDA:127,20,1,0
BRDA:137,21,0,0
BRDA:137,21,1,0
BRDA:141,22,0,0
BRDA:141,22,1,0
BRDA:154,23,0,0
BRDA:154,23,1,0
BRDA:155,24,0,0
BRDA:155,24,1,0
BRDA:158,25,0,0
BRDA:158,25,1,0
BRDA:190,26,0,0
BRDA:190,26,1,0
BRDA:192,27,0,0
BRDA:192,27,1,0
BRF:53
BRH:0
end_of_record
TN:
SF:src/utils/validationUtils.js
FN:8,(anonymous_0)
FN:12,(anonymous_1)
FN:24,(anonymous_2)
FN:40,(anonymous_3)
FN:61,(anonymous_4)
FN:75,(anonymous_5)
FN:85,(anonymous_6)
FN:95,(anonymous_7)
FNF:8
FNH:0
FNDA:0,(anonymous_0)
FNDA:0,(anonymous_1)
FNDA:0,(anonymous_2)
FNDA:0,(anonymous_3)
FNDA:0,(anonymous_4)
FNDA:0,(anonymous_5)
FNDA:0,(anonymous_6)
FNDA:0,(anonymous_7)
DA:8,0
DA:10,0
DA:12,0
DA:15,0
DA:16,0
DA:24,0
DA:25,0
DA:27,0
DA:40,0
DA:41,0
DA:43,0
DA:45,0
DA:47,0
DA:48,0
DA:50,0
DA:53,0
DA:61,0
DA:62,0
DA:65,0
DA:66,0
DA:69,0
DA:75,0
DA:84,0
DA:85,0
DA:91,0
DA:92,0
DA:94,0
DA:95,0
DA:97,0
DA:98,0
DA:101,0
DA:102,0
DA:103,0
LF:33
LH:0
BRDA:25,0,0,0
BRDA:25,0,1,0
BRDA:41,1,0,0
BRDA:41,1,1,0
BRDA:45,2,0,0
BRDA:45,2,1,0
BRDA:48,3,0,0
BRDA:48,3,1,0
BRDA:62,4,0,0
BRDA:62,4,1,0
BRDA:62,5,0,0
BRDA:62,5,1,0
BRDA:66,6,0,0
BRDA:66,6,1,0
BRDA:88,7,0,0
BRDA:89,8,0,0
BRDA:94,9,0,0
BRDA:94,9,1,0
BRDA:97,10,0,0
BRDA:97,10,1,0
BRF:20
BRH:0
end_of_record
