<?xml version="1.0" encoding="UTF-8"?>
<coverage generated="1761236273774" clover="3.2.0">
  <project timestamp="1761236273774" name="All files">
    <metrics statements="104" coveredstatements="94" conditionals="91" coveredconditionals="69" methods="23" coveredmethods="23" elements="218" coveredelements="186" complexity="0" loc="104" ncloc="104" packages="1" files="2" classes="2"/>
    <file name="CategoryChipFilter.js" path="/Users/alqefari/Desktop/AlqefariTreeRN-Expo/src/components/admin/fields/CategoryChipFilter.js">
      <metrics statements="12" coveredstatements="12" conditionals="19" coveredconditionals="17" methods="5" coveredmethods="5"/>
      <line num="25" count="2" type="stmt"/>
      <line num="31" count="92" type="stmt"/>
      <line num="32" count="10" type="stmt"/>
      <line num="35" count="92" type="stmt"/>
      <line num="44" count="434" type="stmt"/>
      <line num="45" count="434" type="stmt"/>
      <line num="47" count="434" type="stmt"/>
      <line num="50" count="434" type="stmt"/>
      <line num="56" count="10" type="stmt"/>
      <line num="95" count="2" type="stmt"/>
      <line num="180" count="2" type="stmt"/>
      <line num="194" count="2" type="stmt"/>
    </file>
    <file name="LocationInput.js" path="/Users/alqefari/Desktop/AlqefariTreeRN-Expo/src/components/admin/fields/LocationInput.js">
      <metrics statements="92" coveredstatements="82" conditionals="72" coveredconditionals="52" methods="18" coveredmethods="18"/>
      <line num="36" count="1" type="stmt"/>
      <line num="44" count="66" type="cond" truecount="2" falsecount="0"/>
      <line num="45" count="66" type="stmt"/>
      <line num="46" count="66" type="stmt"/>
      <line num="47" count="66" type="stmt"/>
      <line num="48" count="66" type="stmt"/>
      <line num="50" count="66" type="stmt"/>
      <line num="51" count="66" type="stmt"/>
      <line num="52" count="66" type="stmt"/>
      <line num="55" count="66" type="stmt"/>
      <line num="63" count="66" type="stmt"/>
      <line num="64" count="23" type="cond" truecount="2" falsecount="0"/>
      <line num="68" count="66" type="stmt"/>
      <line num="69" count="23" type="stmt"/>
      <line num="70" count="23" type="cond" truecount="2" falsecount="0"/>
      <line num="71" count="14" type="stmt"/>
      <line num="77" count="66" type="stmt"/>
      <line num="78" count="23" type="stmt"/>
      <line num="92" count="23" type="stmt"/>
      <line num="93" count="23" type="stmt"/>
      <line num="96" count="66" type="stmt"/>
      <line num="98" count="15" type="cond" truecount="2" falsecount="0"/>
      <line num="99" count="1" type="stmt"/>
      <line num="100" count="1" type="stmt"/>
      <line num="101" count="1" type="stmt"/>
      <line num="105" count="14" type="stmt"/>
      <line num="107" count="14" type="stmt"/>
      <line num="109" count="14" type="stmt"/>
      <line num="111" count="14" type="stmt"/>
      <line num="117" count="14" type="cond" truecount="1" falsecount="1"/>
      <line num="118" count="14" type="cond" truecount="2" falsecount="0"/>
      <line num="120" count="2" type="stmt"/>
      <line num="121" count="2" type="stmt"/>
      <line num="122" count="2" type="stmt"/>
      <line num="124" count="2" type="cond" truecount="4" falsecount="0"/>
      <line num="125" count="1" type="stmt"/>
      <line num="127" count="12" type="cond" truecount="4" falsecount="0"/>
      <line num="129" count="11" type="stmt"/>
      <line num="130" count="11" type="cond" truecount="1" falsecount="1"/>
      <line num="131" count="20" type="stmt"/>
      <line num="134" count="11" type="stmt"/>
      <line num="137" count="11" type="cond" truecount="4" falsecount="0"/>
      <line num="138" count="1" type="stmt"/>
      <line num="140" count="10" type="stmt"/>
      <line num="144" count="1" type="stmt"/>
      <line num="145" count="1" type="stmt"/>
      <line num="150" count="0" type="cond" truecount="0" falsecount="2"/>
      <line num="151" count="0" type="stmt"/>
      <line num="152" count="0" type="stmt"/>
      <line num="153" count="0" type="stmt"/>
      <line num="157" count="14" type="cond" truecount="1" falsecount="1"/>
      <line num="158" count="14" type="stmt"/>
      <line num="165" count="66" type="stmt"/>
      <line num="167" count="16" type="stmt"/>
      <line num="168" count="16" type="stmt"/>
      <line num="171" count="16" type="cond" truecount="2" falsecount="0"/>
      <line num="172" count="2" type="stmt"/>
      <line num="176" count="16" type="cond" truecount="2" falsecount="0"/>
      <line num="177" count="2" type="stmt"/>
      <line num="179" count="16" type="stmt"/>
      <line num="180" count="14" type="stmt"/>
      <line num="186" count="66" type="stmt"/>
      <line num="188" count="1" type="stmt"/>
      <line num="190" count="1" type="cond" truecount="1" falsecount="1"/>
      <line num="191" count="1" type="stmt"/>
      <line num="193" count="0" type="stmt"/>
      <line num="199" count="66" type="stmt"/>
      <line num="201" count="1" type="stmt"/>
      <line num="202" count="1" type="stmt"/>
      <line num="204" count="1" type="cond" truecount="1" falsecount="1"/>
      <line num="205" count="1" type="stmt"/>
      <line num="208" count="1" type="stmt"/>
      <line num="209" count="1" type="stmt"/>
      <line num="214" count="66" type="stmt"/>
      <line num="215" count="18" type="cond" truecount="1" falsecount="1"/>
      <line num="216" count="0" type="stmt"/>
      <line num="219" count="66" type="stmt"/>
      <line num="220" count="18" type="cond" truecount="1" falsecount="4"/>
      <line num="222" count="18" type="stmt"/>
      <line num="224" count="0" type="stmt"/>
      <line num="226" count="0" type="stmt"/>
      <line num="228" count="0" type="stmt"/>
      <line num="230" count="0" type="stmt"/>
      <line num="234" count="66" type="stmt"/>
      <line num="283" count="33" type="stmt"/>
      <line num="287" count="33" type="stmt"/>
      <line num="311" count="18" type="stmt"/>
      <line num="322" count="18" type="stmt"/>
      <line num="326" count="1" type="stmt"/>
      <line num="363" count="1" type="stmt"/>
      <line num="554" count="1" type="stmt"/>
      <line num="563" count="1" type="stmt"/>
    </file>
  </project>
</coverage>
