{"/Users/alqefari/Desktop/AlqefariTreeRN-Expo/src/components/admin/fields/CategoryChipFilter.js": {"path":"/Users/alqefari/Desktop/AlqefariTreeRN-Expo/src/components/admin/fields/CategoryChipFilter.js","statementMap":{"0":{"start":{"line":25,"column":27},"end":{"line":93,"column":1}},"1":{"start":{"line":31,"column":30},"end":{"line":33,"column":24}},"2":{"start":{"line":32,"column":4},"end":{"line":32,"column":33}},"3":{"start":{"line":35,"column":2},"end":{"line":92,"column":4}},"4":{"start":{"line":44,"column":27},"end":{"line":44,"column":57}},"5":{"start":{"line":45,"column":29},"end":{"line":45,"column":55}},"6":{"start":{"line":47,"column":10},"end":{"line":88,"column":12}},"7":{"start":{"line":50,"column":38},"end":{"line":55,"column":15}},"8":{"start":{"line":56,"column":29},"end":{"line":56,"column":61}},"9":{"start":{"line":95,"column":15},"end":{"line":178,"column":2}},"10":{"start":{"line":180,"column":0},"end":{"line":192,"column":2}},"11":{"start":{"line":194,"column":0},"end":{"line":196,"column":2}}},"fnMap":{"0":{"name":"(anonymous_0)","decl":{"start":{"line":25,"column":27},"end":{"line":25,"column":28}},"loc":{"start":{"line":30,"column":6},"end":{"line":93,"column":1}},"line":30},"1":{"name":"(anonymous_1)","decl":{"start":{"line":31,"column":42},"end":{"line":31,"column":43}},"loc":{"start":{"line":31,"column":58},"end":{"line":33,"column":3}},"line":31},"2":{"name":"(anonymous_2)","decl":{"start":{"line":43,"column":24},"end":{"line":43,"column":25}},"loc":{"start":{"line":43,"column":38},"end":{"line":89,"column":9}},"line":43},"3":{"name":"(anonymous_3)","decl":{"start":{"line":50,"column":21},"end":{"line":50,"column":22}},"loc":{"start":{"line":50,"column":38},"end":{"line":55,"column":15}},"line":50},"4":{"name":"(anonymous_4)","decl":{"start":{"line":56,"column":23},"end":{"line":56,"column":24}},"loc":{"start":{"line":56,"column":29},"end":{"line":56,"column":61}},"line":56}},"branchMap":{"0":{"loc":{"start":{"line":52,"column":16},"end":{"line":52,"column":66}},"type":"cond-expr","locations":[{"start":{"line":52,"column":27},"end":{"line":52,"column":44}},{"start":{"line":52,"column":47},"end":{"line":52,"column":66}}],"line":52},"1":{"loc":{"start":{"line":53,"column":16},"end":{"line":53,"column":49}},"type":"binary-expr","locations":[{"start":{"line":53,"column":16},"end":{"line":53,"column":26}},{"start":{"line":53,"column":30},"end":{"line":53,"column":49}}],"line":53},"2":{"loc":{"start":{"line":54,"column":16},"end":{"line":54,"column":60}},"type":"binary-expr","locations":[{"start":{"line":54,"column":16},"end":{"line":54,"column":23}},{"start":{"line":54,"column":27},"end":{"line":54,"column":38}},{"start":{"line":54,"column":42},"end":{"line":54,"column":60}}],"line":54},"3":{"loc":{"start":{"line":59,"column":16},"end":{"line":62,"column":17}},"type":"cond-expr","locations":[{"start":{"line":59,"column":29},"end":{"line":59,"column":38}},{"start":{"line":59,"column":41},"end":{"line":62,"column":17}}],"line":59},"4":{"loc":{"start":{"line":68,"column":18},"end":{"line":68,"column":70}},"type":"cond-expr","locations":[{"start":{"line":68,"column":29},"end":{"line":68,"column":47}},{"start":{"line":68,"column":50},"end":{"line":68,"column":70}}],"line":68},"5":{"loc":{"start":{"line":69,"column":18},"end":{"line":69,"column":52}},"type":"binary-expr","locations":[{"start":{"line":69,"column":18},"end":{"line":69,"column":28}},{"start":{"line":69,"column":32},"end":{"line":69,"column":52}}],"line":69},"6":{"loc":{"start":{"line":76,"column":15},"end":{"line":86,"column":15}},"type":"binary-expr","locations":[{"start":{"line":76,"column":15},"end":{"line":76,"column":43}},{"start":{"line":77,"column":16},"end":{"line":85,"column":23}}],"line":76},"7":{"loc":{"start":{"line":80,"column":20},"end":{"line":80,"column":72}},"type":"cond-expr","locations":[{"start":{"line":80,"column":31},"end":{"line":80,"column":49}},{"start":{"line":80,"column":52},"end":{"line":80,"column":72}}],"line":80},"8":{"loc":{"start":{"line":81,"column":20},"end":{"line":81,"column":54}},"type":"binary-expr","locations":[{"start":{"line":81,"column":20},"end":{"line":81,"column":30}},{"start":{"line":81,"column":34},"end":{"line":81,"column":54}}],"line":81}},"s":{"0":2,"1":92,"2":10,"3":92,"4":434,"5":434,"6":434,"7":434,"8":10,"9":2,"10":2,"11":2},"f":{"0":92,"1":10,"2":434,"3":434,"4":10},"b":{"0":[91,343],"1":[434,3],"2":[434,0,0],"3":[3,431],"4":[91,343],"5":[434,3],"6":[434,433],"7":[90,343],"8":[433,3]},"_coverageSchema":"1a1c01bbd47fc00a2c39e90264f33305004495a9","hash":"c779b92cdb1fbec2041f62c73d3cacb2c69e08f7"}
,"/Users/alqefari/Desktop/AlqefariTreeRN-Expo/src/components/admin/fields/LocationInput.js": {"path":"/Users/alqefari/Desktop/AlqefariTreeRN-Expo/src/components/admin/fields/LocationInput.js","statementMap":{"0":{"start":{"line":36,"column":22},"end":{"line":361,"column":1}},"1":{"start":{"line":44,"column":36},"end":{"line":44,"column":57}},"2":{"start":{"line":45,"column":40},"end":{"line":45,"column":52}},"3":{"start":{"line":46,"column":32},"end":{"line":46,"column":47}},"4":{"start":{"line":47,"column":40},"end":{"line":47,"column":55}},"5":{"start":{"line":48,"column":46},"end":{"line":48,"column":63}},"6":{"start":{"line":50,"column":22},"end":{"line":50,"column":34}},"7":{"start":{"line":51,"column":29},"end":{"line":51,"column":38}},"8":{"start":{"line":52,"column":22},"end":{"line":52,"column":59}},"9":{"start":{"line":55,"column":21},"end":{"line":61,"column":3}},"10":{"start":{"line":63,"column":2},"end":{"line":65,"column":14}},"11":{"start":{"line":64,"column":4},"end":{"line":64,"column":30}},"12":{"start":{"line":68,"column":2},"end":{"line":74,"column":9}},"13":{"start":{"line":69,"column":4},"end":{"line":73,"column":6}},"14":{"start":{"line":70,"column":6},"end":{"line":72,"column":7}},"15":{"start":{"line":71,"column":8},"end":{"line":71,"column":42}},"16":{"start":{"line":77,"column":2},"end":{"line":94,"column":20}},"17":{"start":{"line":78,"column":29},"end":{"line":91,"column":5}},"18":{"start":{"line":92,"column":4},"end":{"line":92,"column":29}},"19":{"start":{"line":93,"column":4},"end":{"line":93,"column":41}},"20":{"start":{"line":93,"column":17},"end":{"line":93,"column":40}},"21":{"start":{"line":96,"column":23},"end":{"line":163,"column":3}},"22":{"start":{"line":98,"column":6},"end":{"line":102,"column":7}},"23":{"start":{"line":99,"column":8},"end":{"line":99,"column":27}},"24":{"start":{"line":100,"column":8},"end":{"line":100,"column":30}},"25":{"start":{"line":101,"column":8},"end":{"line":101,"column":15}},"26":{"start":{"line":105,"column":30},"end":{"line":105,"column":58}},"27":{"start":{"line":107,"column":6},"end":{"line":107,"column":23}},"28":{"start":{"line":109,"column":6},"end":{"line":160,"column":7}},"29":{"start":{"line":111,"column":32},"end":{"line":114,"column":10}},"30":{"start":{"line":117,"column":8},"end":{"line":147,"column":9}},"31":{"start":{"line":118,"column":10},"end":{"line":146,"column":11}},"32":{"start":{"line":120,"column":12},"end":{"line":120,"column":59}},"33":{"start":{"line":121,"column":12},"end":{"line":121,"column":31}},"34":{"start":{"line":122,"column":12},"end":{"line":122,"column":34}},"35":{"start":{"line":124,"column":12},"end":{"line":126,"column":13}},"36":{"start":{"line":125,"column":14},"end":{"line":125,"column":96}},"37":{"start":{"line":127,"column":17},"end":{"line":146,"column":11}},"38":{"start":{"line":129,"column":27},"end":{"line":129,"column":31}},"39":{"start":{"line":130,"column":12},"end":{"line":132,"column":13}},"40":{"start":{"line":131,"column":14},"end":{"line":131,"column":74}},"41":{"start":{"line":131,"column":45},"end":{"line":131,"column":72}},"42":{"start":{"line":134,"column":12},"end":{"line":134,"column":37}},"43":{"start":{"line":137,"column":12},"end":{"line":141,"column":13}},"44":{"start":{"line":138,"column":14},"end":{"line":138,"column":35}},"45":{"start":{"line":140,"column":14},"end":{"line":140,"column":36}},"46":{"start":{"line":144,"column":12},"end":{"line":144,"column":31}},"47":{"start":{"line":145,"column":12},"end":{"line":145,"column":34}},"48":{"start":{"line":150,"column":8},"end":{"line":154,"column":9}},"49":{"start":{"line":151,"column":10},"end":{"line":151,"column":69}},"50":{"start":{"line":152,"column":10},"end":{"line":152,"column":29}},"51":{"start":{"line":153,"column":10},"end":{"line":153,"column":32}},"52":{"start":{"line":157,"column":8},"end":{"line":159,"column":9}},"53":{"start":{"line":158,"column":10},"end":{"line":158,"column":28}},"54":{"start":{"line":165,"column":27},"end":{"line":184,"column":3}},"55":{"start":{"line":167,"column":6},"end":{"line":167,"column":25}},"56":{"start":{"line":168,"column":6},"end":{"line":168,"column":21}},"57":{"start":{"line":171,"column":6},"end":{"line":173,"column":7}},"58":{"start":{"line":172,"column":8},"end":{"line":172,"column":33}},"59":{"start":{"line":176,"column":6},"end":{"line":178,"column":7}},"60":{"start":{"line":177,"column":8},"end":{"line":177,"column":42}},"61":{"start":{"line":179,"column":6},"end":{"line":181,"column":14}},"62":{"start":{"line":180,"column":8},"end":{"line":180,"column":43}},"63":{"start":{"line":186,"column":31},"end":{"line":197,"column":3}},"64":{"start":{"line":188,"column":6},"end":{"line":188,"column":36}},"65":{"start":{"line":190,"column":6},"end":{"line":194,"column":7}},"66":{"start":{"line":191,"column":8},"end":{"line":191,"column":44}},"67":{"start":{"line":193,"column":8},"end":{"line":193,"column":27}},"68":{"start":{"line":199,"column":27},"end":{"line":212,"column":3}},"69":{"start":{"line":201,"column":6},"end":{"line":201,"column":44}},"70":{"start":{"line":202,"column":6},"end":{"line":202,"column":40}},"71":{"start":{"line":204,"column":6},"end":{"line":206,"column":7}},"72":{"start":{"line":205,"column":8},"end":{"line":205,"column":55}},"73":{"start":{"line":208,"column":6},"end":{"line":208,"column":25}},"74":{"start":{"line":209,"column":6},"end":{"line":209,"column":28}},"75":{"start":{"line":214,"column":18},"end":{"line":217,"column":3}},"76":{"start":{"line":215,"column":4},"end":{"line":215,"column":46}},"77":{"start":{"line":215,"column":28},"end":{"line":215,"column":46}},"78":{"start":{"line":216,"column":4},"end":{"line":216,"column":19}},"79":{"start":{"line":219,"column":23},"end":{"line":232,"column":3}},"80":{"start":{"line":220,"column":4},"end":{"line":231,"column":5}},"81":{"start":{"line":222,"column":8},"end":{"line":222,"column":43}},"82":{"start":{"line":224,"column":8},"end":{"line":224,"column":45}},"83":{"start":{"line":226,"column":8},"end":{"line":226,"column":41}},"84":{"start":{"line":228,"column":8},"end":{"line":228,"column":45}},"85":{"start":{"line":230,"column":8},"end":{"line":230,"column":45}},"86":{"start":{"line":234,"column":2},"end":{"line":360,"column":4}},"87":{"start":{"line":283,"column":39},"end":{"line":286,"column":18}},"88":{"start":{"line":287,"column":16},"end":{"line":301,"column":18}},"89":{"start":{"line":311,"column":16},"end":{"line":347,"column":23}},"90":{"start":{"line":322,"column":44},"end":{"line":325,"column":21}},"91":{"start":{"line":326,"column":35},"end":{"line":326,"column":57}},"92":{"start":{"line":363,"column":15},"end":{"line":552,"column":2}},"93":{"start":{"line":554,"column":0},"end":{"line":561,"column":2}},"94":{"start":{"line":563,"column":0},"end":{"line":568,"column":2}}},"fnMap":{"0":{"name":"(anonymous_0)","decl":{"start":{"line":36,"column":22},"end":{"line":36,"column":23}},"loc":{"start":{"line":43,"column":6},"end":{"line":361,"column":1}},"line":43},"1":{"name":"(anonymous_1)","decl":{"start":{"line":63,"column":12},"end":{"line":63,"column":13}},"loc":{"start":{"line":63,"column":18},"end":{"line":65,"column":3}},"line":63},"2":{"name":"(anonymous_2)","decl":{"start":{"line":68,"column":12},"end":{"line":68,"column":13}},"loc":{"start":{"line":68,"column":18},"end":{"line":74,"column":3}},"line":68},"3":{"name":"(anonymous_3)","decl":{"start":{"line":69,"column":11},"end":{"line":69,"column":12}},"loc":{"start":{"line":69,"column":17},"end":{"line":73,"column":5}},"line":69},"4":{"name":"(anonymous_4)","decl":{"start":{"line":77,"column":12},"end":{"line":77,"column":13}},"loc":{"start":{"line":77,"column":18},"end":{"line":94,"column":3}},"line":77},"5":{"name":"(anonymous_5)","decl":{"start":{"line":93,"column":11},"end":{"line":93,"column":12}},"loc":{"start":{"line":93,"column":17},"end":{"line":93,"column":40}},"line":93},"6":{"name":"(anonymous_6)","decl":{"start":{"line":97,"column":4},"end":{"line":97,"column":5}},"loc":{"start":{"line":97,"column":41},"end":{"line":161,"column":5}},"line":97},"7":{"name":"(anonymous_7)","decl":{"start":{"line":131,"column":37},"end":{"line":131,"column":38}},"loc":{"start":{"line":131,"column":45},"end":{"line":131,"column":72}},"line":131},"8":{"name":"(anonymous_8)","decl":{"start":{"line":166,"column":4},"end":{"line":166,"column":5}},"loc":{"start":{"line":166,"column":14},"end":{"line":182,"column":5}},"line":166},"9":{"name":"(anonymous_9)","decl":{"start":{"line":179,"column":39},"end":{"line":179,"column":40}},"loc":{"start":{"line":179,"column":45},"end":{"line":181,"column":7}},"line":179},"10":{"name":"(anonymous_10)","decl":{"start":{"line":187,"column":4},"end":{"line":187,"column":5}},"loc":{"start":{"line":187,"column":20},"end":{"line":195,"column":5}},"line":187},"11":{"name":"(anonymous_11)","decl":{"start":{"line":200,"column":4},"end":{"line":200,"column":5}},"loc":{"start":{"line":200,"column":20},"end":{"line":210,"column":5}},"line":200},"12":{"name":"(anonymous_12)","decl":{"start":{"line":214,"column":18},"end":{"line":214,"column":19}},"loc":{"start":{"line":214,"column":30},"end":{"line":217,"column":3}},"line":214},"13":{"name":"(anonymous_13)","decl":{"start":{"line":219,"column":23},"end":{"line":219,"column":24}},"loc":{"start":{"line":219,"column":35},"end":{"line":232,"column":3}},"line":219},"14":{"name":"(anonymous_14)","decl":{"start":{"line":282,"column":29},"end":{"line":282,"column":30}},"loc":{"start":{"line":282,"column":40},"end":{"line":302,"column":15}},"line":282},"15":{"name":"(anonymous_15)","decl":{"start":{"line":310,"column":31},"end":{"line":310,"column":32}},"loc":{"start":{"line":311,"column":16},"end":{"line":347,"column":23}},"line":311},"16":{"name":"(anonymous_16)","decl":{"start":{"line":322,"column":27},"end":{"line":322,"column":28}},"loc":{"start":{"line":322,"column":44},"end":{"line":325,"column":21}},"line":322},"17":{"name":"(anonymous_17)","decl":{"start":{"line":326,"column":29},"end":{"line":326,"column":30}},"loc":{"start":{"line":326,"column":35},"end":{"line":326,"column":57}},"line":326}},"branchMap":{"0":{"loc":{"start":{"line":44,"column":45},"end":{"line":44,"column":56}},"type":"binary-expr","locations":[{"start":{"line":44,"column":45},"end":{"line":44,"column":50}},{"start":{"line":44,"column":54},"end":{"line":44,"column":56}}],"line":44},"1":{"loc":{"start":{"line":64,"column":17},"end":{"line":64,"column":28}},"type":"binary-expr","locations":[{"start":{"line":64,"column":17},"end":{"line":64,"column":22}},{"start":{"line":64,"column":26},"end":{"line":64,"column":28}}],"line":64},"2":{"loc":{"start":{"line":70,"column":6},"end":{"line":72,"column":7}},"type":"if","locations":[{"start":{"line":70,"column":6},"end":{"line":72,"column":7}},{"start":{},"end":{}}],"line":70},"3":{"loc":{"start":{"line":97,"column":18},"end":{"line":97,"column":36}},"type":"default-arg","locations":[{"start":{"line":97,"column":31},"end":{"line":97,"column":36}}],"line":97},"4":{"loc":{"start":{"line":98,"column":6},"end":{"line":102,"column":7}},"type":"if","locations":[{"start":{"line":98,"column":6},"end":{"line":102,"column":7}},{"start":{},"end":{}}],"line":98},"5":{"loc":{"start":{"line":117,"column":8},"end":{"line":147,"column":9}},"type":"if","locations":[{"start":{"line":117,"column":8},"end":{"line":147,"column":9}},{"start":{},"end":{}}],"line":117},"6":{"loc":{"start":{"line":118,"column":10},"end":{"line":146,"column":11}},"type":"if","locations":[{"start":{"line":118,"column":10},"end":{"line":146,"column":11}},{"start":{"line":127,"column":17},"end":{"line":146,"column":11}}],"line":118},"7":{"loc":{"start":{"line":124,"column":12},"end":{"line":126,"column":13}},"type":"if","locations":[{"start":{"line":124,"column":12},"end":{"line":126,"column":13}},{"start":{},"end":{}}],"line":124},"8":{"loc":{"start":{"line":124,"column":16},"end":{"line":124,"column":67}},"type":"binary-expr","locations":[{"start":{"line":124,"column":16},"end":{"line":124,"column":29}},{"start":{"line":124,"column":33},"end":{"line":124,"column":67}}],"line":124},"9":{"loc":{"start":{"line":127,"column":17},"end":{"line":146,"column":11}},"type":"if","locations":[{"start":{"line":127,"column":17},"end":{"line":146,"column":11}},{"start":{"line":142,"column":17},"end":{"line":146,"column":11}}],"line":127},"10":{"loc":{"start":{"line":127,"column":21},"end":{"line":127,"column":48}},"type":"binary-expr","locations":[{"start":{"line":127,"column":21},"end":{"line":127,"column":25}},{"start":{"line":127,"column":29},"end":{"line":127,"column":48}}],"line":127},"11":{"loc":{"start":{"line":130,"column":12},"end":{"line":132,"column":13}},"type":"if","locations":[{"start":{"line":130,"column":12},"end":{"line":132,"column":13}},{"start":{},"end":{}}],"line":130},"12":{"loc":{"start":{"line":137,"column":12},"end":{"line":141,"column":13}},"type":"if","locations":[{"start":{"line":137,"column":12},"end":{"line":141,"column":13}},{"start":{"line":139,"column":19},"end":{"line":141,"column":13}}],"line":137},"13":{"loc":{"start":{"line":137,"column":16},"end":{"line":137,"column":57}},"type":"binary-expr","locations":[{"start":{"line":137,"column":16},"end":{"line":137,"column":37}},{"start":{"line":137,"column":41},"end":{"line":137,"column":57}}],"line":137},"14":{"loc":{"start":{"line":150,"column":8},"end":{"line":154,"column":9}},"type":"if","locations":[{"start":{"line":150,"column":8},"end":{"line":154,"column":9}},{"start":{},"end":{}}],"line":150},"15":{"loc":{"start":{"line":157,"column":8},"end":{"line":159,"column":9}},"type":"if","locations":[{"start":{"line":157,"column":8},"end":{"line":159,"column":9}},{"start":{},"end":{}}],"line":157},"16":{"loc":{"start":{"line":171,"column":6},"end":{"line":173,"column":7}},"type":"if","locations":[{"start":{"line":171,"column":6},"end":{"line":173,"column":7}},{"start":{},"end":{}}],"line":171},"17":{"loc":{"start":{"line":176,"column":6},"end":{"line":178,"column":7}},"type":"if","locations":[{"start":{"line":176,"column":6},"end":{"line":178,"column":7}},{"start":{},"end":{}}],"line":176},"18":{"loc":{"start":{"line":190,"column":6},"end":{"line":194,"column":7}},"type":"if","locations":[{"start":{"line":190,"column":6},"end":{"line":194,"column":7}},{"start":{"line":192,"column":13},"end":{"line":194,"column":7}}],"line":190},"19":{"loc":{"start":{"line":204,"column":6},"end":{"line":206,"column":7}},"type":"if","locations":[{"start":{"line":204,"column":6},"end":{"line":206,"column":7}},{"start":{},"end":{}}],"line":204},"20":{"loc":{"start":{"line":215,"column":4},"end":{"line":215,"column":46}},"type":"if","locations":[{"start":{"line":215,"column":4},"end":{"line":215,"column":46}},{"start":{},"end":{}}],"line":215},"21":{"loc":{"start":{"line":220,"column":4},"end":{"line":231,"column":5}},"type":"switch","locations":[{"start":{"line":221,"column":6},"end":{"line":222,"column":43}},{"start":{"line":223,"column":6},"end":{"line":224,"column":45}},{"start":{"line":225,"column":6},"end":{"line":226,"column":41}},{"start":{"line":227,"column":6},"end":{"line":228,"column":45}},{"start":{"line":229,"column":6},"end":{"line":230,"column":45}}],"line":220},"22":{"loc":{"start":{"line":249,"column":32},"end":{"line":249,"column":66}},"type":"binary-expr","locations":[{"start":{"line":249,"column":32},"end":{"line":249,"column":43}},{"start":{"line":249,"column":47},"end":{"line":249,"column":66}}],"line":249},"23":{"loc":{"start":{"line":263,"column":21},"end":{"line":263,"column":40}},"type":"cond-expr","locations":[{"start":{"line":263,"column":35},"end":{"line":263,"column":36}},{"start":{"line":263,"column":39},"end":{"line":263,"column":40}}],"line":263},"24":{"loc":{"start":{"line":265,"column":23},"end":{"line":265,"column":52}},"type":"cond-expr","locations":[{"start":{"line":265,"column":37},"end":{"line":265,"column":43}},{"start":{"line":265,"column":46},"end":{"line":265,"column":52}}],"line":265},"25":{"loc":{"start":{"line":278,"column":7},"end":{"line":358,"column":7}},"type":"binary-expr","locations":[{"start":{"line":278,"column":7},"end":{"line":278,"column":28}},{"start":{"line":279,"column":8},"end":{"line":357,"column":15}}],"line":278},"26":{"loc":{"start":{"line":280,"column":11},"end":{"line":356,"column":11}},"type":"cond-expr","locations":[{"start":{"line":281,"column":12},"end":{"line":303,"column":19}},{"start":{"line":304,"column":14},"end":{"line":356,"column":11}}],"line":280},"27":{"loc":{"start":{"line":280,"column":11},"end":{"line":280,"column":46}},"type":"binary-expr","locations":[{"start":{"line":280,"column":11},"end":{"line":280,"column":18}},{"start":{"line":280,"column":22},"end":{"line":280,"column":46}}],"line":280},"28":{"loc":{"start":{"line":304,"column":14},"end":{"line":356,"column":11}},"type":"cond-expr","locations":[{"start":{"line":305,"column":12},"end":{"line":349,"column":25}},{"start":{"line":351,"column":12},"end":{"line":355,"column":19}}],"line":304},"29":{"loc":{"start":{"line":313,"column":19},"end":{"line":315,"column":19}},"type":"binary-expr","locations":[{"start":{"line":313,"column":19},"end":{"line":313,"column":43}},{"start":{"line":313,"column":47},"end":{"line":313,"column":58}},{"start":{"line":314,"column":20},"end":{"line":314,"column":75}}],"line":313},"30":{"loc":{"start":{"line":316,"column":19},"end":{"line":319,"column":19}},"type":"binary-expr","locations":[{"start":{"line":316,"column":19},"end":{"line":316,"column":43}},{"start":{"line":316,"column":47},"end":{"line":316,"column":56}},{"start":{"line":317,"column":20},"end":{"line":317,"column":65}},{"start":{"line":318,"column":20},"end":{"line":318,"column":75}}],"line":316},"31":{"loc":{"start":{"line":324,"column":22},"end":{"line":324,"column":61}},"type":"binary-expr","locations":[{"start":{"line":324,"column":22},"end":{"line":324,"column":29}},{"start":{"line":324,"column":33},"end":{"line":324,"column":61}}],"line":324},"32":{"loc":{"start":{"line":340,"column":23},"end":{"line":344,"column":23}},"type":"binary-expr","locations":[{"start":{"line":340,"column":23},"end":{"line":340,"column":49}},{"start":{"line":340,"column":53},"end":{"line":340,"column":76}},{"start":{"line":341,"column":24},"end":{"line":343,"column":31}}],"line":340}},"s":{"0":1,"1":66,"2":66,"3":66,"4":66,"5":66,"6":66,"7":66,"8":66,"9":66,"10":66,"11":23,"12":66,"13":23,"14":23,"15":14,"16":66,"17":23,"18":23,"19":23,"20":23,"21":66,"22":15,"23":1,"24":1,"25":1,"26":14,"27":14,"28":14,"29":14,"30":14,"31":14,"32":2,"33":2,"34":2,"35":2,"36":1,"37":12,"38":11,"39":11,"40":11,"41":20,"42":11,"43":11,"44":1,"45":10,"46":1,"47":1,"48":0,"49":0,"50":0,"51":0,"52":14,"53":14,"54":66,"55":16,"56":16,"57":16,"58":2,"59":16,"60":2,"61":16,"62":14,"63":66,"64":1,"65":1,"66":1,"67":0,"68":66,"69":1,"70":1,"71":1,"72":1,"73":1,"74":1,"75":66,"76":18,"77":18,"78":0,"79":66,"80":18,"81":18,"82":0,"83":0,"84":0,"85":0,"86":66,"87":33,"88":33,"89":18,"90":18,"91":1,"92":1,"93":1,"94":1},"f":{"0":66,"1":23,"2":23,"3":23,"4":23,"5":23,"6":15,"7":20,"8":16,"9":14,"10":1,"11":1,"12":18,"13":18,"14":33,"15":18,"16":18,"17":1},"b":{"0":[66,65],"1":[23,22],"2":[14,9],"3":[0],"4":[1,14],"5":[14,0],"6":[2,12],"7":[1,1],"8":[2,2],"9":[11,1],"10":[12,11],"11":[11,0],"12":[1,10],"13":[11,2],"14":[0,0],"15":[14,0],"16":[2,14],"17":[2,14],"18":[1,0],"19":[1,0],"20":[18,0],"21":[18,0,0,0,0],"22":[66,1],"23":[1,65],"24":[1,65],"25":[66,42],"26":[11,31],"27":[42,12],"28":[9,22],"29":[18,0,0],"30":[18,0,0,0],"31":[18,0],"32":[18,18,0]},"_coverageSchema":"1a1c01bbd47fc00a2c39e90264f33305004495a9","hash":"37814e4dd768671912f8d795df69c81680b1098a"}
}
