TN:
SF:src/components/AchievementsList.js
FN:5,(anonymous_0)
FN:9,(anonymous_1)
FN:11,(anonymous_2)
FN:19,(anonymous_3)
FNF:4
FNH:0
FNDA:0,(anonymous_0)
FNDA:0,(anonymous_1)
FNDA:0,(anonymous_2)
FNDA:0,(anonymous_3)
DA:5,0
DA:6,0
DA:7,0
DA:9,0
DA:10,0
DA:11,0
DA:14,0
DA:16,0
DA:20,0
DA:35,0
LF:10
LH:0
BRDA:5,0,0,0
BRDA:5,1,0,0
BRDA:5,2,0,0
BRDA:7,3,0,0
BRDA:7,3,1,0
BRDA:7,4,0,0
BRDA:7,4,1,0
BRDA:14,5,0,0
BRDA:14,5,1,0
BRDA:14,6,0,0
BRDA:14,6,1,0
BRDA:26,7,0,0
BRDA:26,7,1,0
BRDA:26,7,2,0
BRDA:27,8,0,0
BRDA:27,8,1,0
BRDA:28,9,0,0
BRDA:28,9,1,0
BRF:18
BRH:0
end_of_record
TN:
SF:src/components/BranchTreeModal.js
FN:19,(anonymous_0)
FN:23,(anonymous_1)
FN:94,(anonymous_2)
FN:104,(anonymous_3)
FNF:4
FNH:0
FNDA:0,(anonymous_0)
FNDA:0,(anonymous_1)
FNDA:0,(anonymous_2)
FNDA:0,(anonymous_3)
DA:19,0
DA:20,0
DA:23,0
DA:24,0
DA:29,0
DA:32,0
DA:104,0
DA:124,0
LF:8
LH:0
BRDA:20,0,0,0
BRDA:20,0,1,0
BRDA:29,1,0,0
BRDA:29,1,1,0
BRDA:62,2,0,0
BRDA:62,2,1,0
BRDA:70,3,0,0
BRDA:70,3,1,0
BRDA:76,4,0,0
BRDA:76,4,1,0
BRDA:81,5,0,0
BRDA:81,5,1,0
BRF:12
BRH:0
end_of_record
TN:
SF:src/components/CachedImage.js
FN:15,(anonymous_0)
FN:38,(anonymous_1)
FN:46,(anonymous_2)
FN:51,(anonymous_3)
FN:105,(anonymous_4)
FN:119,(anonymous_5)
FN:134,(anonymous_6)
FNF:7
FNH:0
FNDA:0,(anonymous_0)
FNDA:0,(anonymous_1)
FNDA:0,(anonymous_2)
FNDA:0,(anonymous_3)
FNDA:0,(anonymous_4)
FNDA:0,(anonymous_5)
FNDA:0,(anonymous_6)
DA:9,0
DA:15,0
DA:31,0
DA:32,0
DA:33,0
DA:36,0
DA:38,0
DA:39,0
DA:40,0
DA:41,0
DA:42,0
DA:43,0
DA:46,0
DA:47,0
DA:48,0
DA:51,0
DA:52,0
DA:53,0
DA:54,0
DA:58,0
DA:59,0
DA:72,0
DA:105,0
DA:106,0
DA:119,0
DA:120,0
DA:134,0
DA:135,0
DA:145,0
LF:29
LH:0
BRDA:18,0,0,0
BRDA:19,1,0,0
BRDA:20,2,0,0
BRDA:21,3,0,0
BRDA:25,4,0,0
BRDA:26,5,0,0
BRDA:27,6,0,0
BRDA:28,7,0,0
BRDA:36,8,0,0
BRDA:36,8,1,0
BRDA:58,9,0,0
BRDA:58,9,1,0
BRDA:58,10,0,0
BRDA:58,10,1,0
BRDA:90,11,0,0
BRDA:90,11,1,0
BRDA:90,11,2,0
BRF:17
BRH:0
end_of_record
TN:
SF:src/components/DefinitionList.js
FN:4,(anonymous_0)
FN:7,(anonymous_1)
FNF:2
FNH:0
FNDA:0,(anonymous_0)
FNDA:0,(anonymous_1)
DA:4,0
DA:5,0
DA:8,0
DA:22,0
LF:4
LH:0
BRDA:4,0,0,0
BRDA:12,1,0,0
BRDA:12,1,1,0
BRDA:15,2,0,0
BRDA:15,2,1,0
BRF:5
BRH:0
end_of_record
TN:
SF:src/components/DuolingoProgressBar.js
FN:15,(anonymous_0)
FN:28,(anonymous_1)
FN:55,(anonymous_2)
FN:69,(anonymous_3)
FNF:4
FNH:0
FNDA:0,(anonymous_0)
FNDA:0,(anonymous_1)
FNDA:0,(anonymous_2)
FNDA:0,(anonymous_3)
DA:5,0
DA:15,0
DA:23,0
DA:24,0
DA:25,0
DA:26,0
DA:28,0
DA:30,0
DA:31,0
DA:35,0
DA:37,0
DA:51,0
DA:55,0
DA:56,0
DA:57,0
DA:62,0
DA:69,0
DA:113,0
LF:18
LH:0
BRDA:16,0,0,0
BRDA:17,1,0,0
BRDA:18,2,0,0
BRDA:19,3,0,0
BRDA:24,4,0,0
BRDA:24,4,1,0
BRDA:30,5,0,0
BRDA:30,5,1,0
BRDA:35,6,0,0
BRDA:35,6,1,0
BRDA:56,7,0,0
BRDA:56,7,1,0
BRDA:72,8,0,0
BRDA:72,8,1,0
BRDA:101,9,0,0
BRDA:101,9,1,0
BRF:16
BRH:0
end_of_record
TN:
SF:src/components/FilteredTreeWrapper.js
FN:12,(anonymous_0)
FN:15,(anonymous_1)
FN:17,(anonymous_2)
FN:21,(anonymous_3)
FNF:4
FNH:0
FNDA:0,(anonymous_0)
FNDA:0,(anonymous_1)
FNDA:0,(anonymous_2)
FNDA:0,(anonymous_3)
DA:12,0
DA:13,0
DA:15,0
DA:17,0
DA:18,0
DA:21,0
DA:24,0
LF:7
LH:0
BRDA:27,0,0,0
BRDA:27,0,1,0
BRF:2
BRH:0
end_of_record
TN:
SF:src/components/FocusedTreeView.js
FN:18,(anonymous_0)
FN:24,(anonymous_1)
FN:29,(anonymous_2)
FN:51,(anonymous_3)
FN:65,(anonymous_4)
FN:101,(anonymous_5)
FN:159,(anonymous_6)
FN:170,(anonymous_7)
FN:187,(anonymous_8)
FN:197,(anonymous_9)
FN:212,(anonymous_10)
FN:223,(anonymous_11)
FN:236,(anonymous_12)
FN:282,(anonymous_13)
FN:305,(anonymous_14)
FN:328,(anonymous_15)
FN:351,(anonymous_16)
FNF:17
FNH:0
FNDA:0,(anonymous_0)
FNDA:0,(anonymous_1)
FNDA:0,(anonymous_2)
FNDA:0,(anonymous_3)
FNDA:0,(anonymous_4)
FNDA:0,(anonymous_5)
FNDA:0,(anonymous_6)
FNDA:0,(anonymous_7)
FNDA:0,(anonymous_8)
FNDA:0,(anonymous_9)
FNDA:0,(anonymous_10)
FNDA:0,(anonymous_11)
FNDA:0,(anonymous_12)
FNDA:0,(anonymous_13)
FNDA:0,(anonymous_14)
FNDA:0,(anonymous_15)
FNDA:0,(anonymous_16)
DA:18,0
DA:19,0
DA:20,0
DA:21,0
DA:22,0
DA:24,0
DA:25,0
DA:26,0
DA:29,0
DA:30,0
DA:31,0
DA:33,0
DA:36,0
DA:38,0
DA:39,0
DA:41,0
DA:42,0
DA:45,0
DA:46,0
DA:47,0
DA:51,0
DA:52,0
DA:53,0
DA:56,0
DA:58,0
DA:59,0
DA:61,0
DA:65,0
DA:66,0
DA:68,0
DA:74,0
DA:75,0
DA:78,0
DA:79,0
DA:82,0
DA:83,0
DA:84,0
DA:85,0
DA:91,0
DA:92,0
DA:93,0
DA:95,0
DA:97,0
DA:101,0
DA:102,0
DA:104,0
DA:110,0
DA:111,0
DA:113,0
DA:114,0
DA:119,0
DA:122,0
DA:123,0
DA:130,0
DA:131,0
DA:136,0
DA:137,0
DA:143,0
DA:144,0
DA:151,0
DA:152,0
DA:158,0
DA:159,0
DA:162,0
DA:164,0
DA:165,0
DA:170,0
DA:171,0
DA:172,0
DA:176,0
DA:177,0
DA:178,0
DA:179,0
DA:180,0
DA:183,0
DA:184,0
DA:185,0
DA:186,0
DA:187,0
DA:188,0
DA:189,0
DA:190,0
DA:192,0
DA:197,0
DA:198,0
DA:200,0
DA:202,0
DA:203,0
DA:207,0
DA:208,0
DA:209,0
DA:210,0
DA:212,0
DA:213,0
DA:214,0
DA:217,0
DA:218,0
DA:219,0
DA:220,0
DA:221,0
DA:223,0
DA:224,0
DA:230,0
DA:237,0
DA:283,0
DA:306,0
DA:329,0
DA:352,0
DA:373,0
DA:374,0
DA:384,0
DA:385,0
DA:394,0
DA:397,0
LF:114
LH:0
BRDA:25,0,0,0
BRDA:25,0,1,0
BRDA:38,1,0,0
BRDA:38,1,1,0
BRDA:45,2,0,0
BRDA:45,2,1,0
BRDA:45,3,0,0
BRDA:45,3,1,0
BRDA:52,4,0,0
BRDA:52,4,1,0
BRDA:74,5,0,0
BRDA:74,5,1,0
BRDA:84,6,0,0
BRDA:84,6,1,0
BRDA:91,7,0,0
BRDA:91,7,1,0
BRDA:101,8,0,0
BRDA:102,9,0,0
BRDA:102,9,1,0
BRDA:110,10,0,0
BRDA:110,10,1,0
BRDA:110,11,0,0
BRDA:110,11,1,0
BRDA:122,12,0,0
BRDA:122,12,1,0
BRDA:130,13,0,0
BRDA:130,13,1,0
BRDA:136,14,0,0
BRDA:136,14,1,0
BRDA:143,15,0,0
BRDA:143,15,1,0
BRDA:143,16,0,0
BRDA:143,16,1,0
BRDA:151,17,0,0
BRDA:151,17,1,0
BRDA:171,18,0,0
BRDA:171,18,1,0
BRDA:171,19,0,0
BRDA:171,19,1,0
BRDA:188,20,0,0
BRDA:188,20,1,0
BRDA:198,21,0,0
BRDA:198,21,1,0
BRDA:200,22,0,0
BRDA:200,22,1,0
BRDA:203,23,0,0
BRDA:203,23,1,0
BRDA:204,24,0,0
BRDA:204,24,1,0
BRDA:208,25,0,0
BRDA:208,25,1,0
BRDA:210,26,0,0
BRDA:210,26,1,0
BRDA:213,27,0,0
BRDA:213,27,1,0
BRDA:213,28,0,0
BRDA:213,28,1,0
BRDA:213,28,2,0
BRDA:219,29,0,0
BRDA:219,29,1,0
BRDA:233,30,0,0
BRDA:233,30,1,0
BRDA:240,31,0,0
BRDA:240,31,1,0
BRDA:246,32,0,0
BRDA:246,32,1,0
BRDA:260,33,0,0
BRDA:260,33,1,0
BRDA:265,34,0,0
BRDA:265,34,1,0
BRDA:276,35,0,0
BRDA:276,35,1,0
BRDA:289,36,0,0
BRDA:289,36,1,0
BRDA:299,37,0,0
BRDA:299,37,1,0
BRDA:312,38,0,0
BRDA:312,38,1,0
BRDA:322,39,0,0
BRDA:322,39,1,0
BRDA:335,40,0,0
BRDA:335,40,1,0
BRDA:345,41,0,0
BRDA:345,41,1,0
BRDA:358,42,0,0
BRDA:358,42,1,0
BRDA:373,43,0,0
BRDA:373,43,1,0
BRDA:384,44,0,0
BRDA:384,44,1,0
BRF:90
BRH:0
end_of_record
TN:
SF:src/components/GlassContainer.js
FN:7,(anonymous_0)
FNF:1
FNH:0
FNDA:0,(anonymous_0)
DA:7,0
DA:21,0
DA:64,0
LF:3
LH:0
BRDA:9,0,0,0
BRDA:11,1,0,0
BRDA:12,2,0,0
BRDA:13,3,0,0
BRDA:14,4,0,0
BRDA:15,5,0,0
BRDA:16,6,0,0
BRDA:17,7,0,0
BRF:8
BRH:0
end_of_record
TN:
SF:src/components/GlassMetricPill.js
FN:14,(anonymous_0)
FN:26,(anonymous_1)
FN:33,(anonymous_2)
FN:41,(anonymous_3)
FNF:4
FNH:0
FNDA:0,(anonymous_0)
FNDA:0,(anonymous_1)
FNDA:0,(anonymous_2)
FNDA:0,(anonymous_3)
DA:12,0
DA:14,0
DA:23,0
DA:24,0
DA:26,0
DA:27,0
DA:33,0
DA:34,0
DA:35,0
DA:36,0
DA:37,0
DA:41,0
DA:42,0
DA:43,0
DA:46,0
DA:71,0
LF:16
LH:0
BRDA:36,0,0,0
BRDA:36,0,1,0
BRDA:56,1,0,0
BRDA:56,1,1,0
BRF:4
BRH:0
end_of_record
TN:
SF:src/components/GlassTag.js
FN:5,(anonymous_0)
FNF:1
FNH:0
FNDA:0,(anonymous_0)
DA:5,0
DA:6,0
DA:16,0
LF:3
LH:0
BRDA:5,0,0,0
BRDA:9,1,0,0
BRDA:9,1,1,0
BRF:3
BRH:0
end_of_record
TN:
SF:src/components/GlowEffect.js
FN:43,(anonymous_0)
FNF:1
FNH:0
FNDA:0,(anonymous_0)
DA:6,0
DA:43,0
DA:44,0
DA:46,0
DA:127,0
DA:129,0
LF:6
LH:0
BRDA:44,0,0,0
BRDA:44,0,1,0
BRDA:63,1,0,0
BRDA:63,1,1,0
BRDA:80,2,0,0
BRDA:80,2,1,0
BRDA:102,3,0,0
BRDA:102,3,1,0
BRF:8
BRH:0
end_of_record
TN:
SF:src/components/InlineSpouseAdder.js
FN:22,InlineSpouseAdder
FN:37,(anonymous_1)
FN:44,(anonymous_2)
FN:46,(anonymous_3)
FN:47,(anonymous_4)
FN:51,(anonymous_5)
FN:57,(anonymous_6)
FN:62,(anonymous_7)
FN:68,(anonymous_8)
FN:125,(anonymous_9)
FN:130,(anonymous_10)
FN:134,(anonymous_11)
FNF:12
FNH:0
FNDA:0,InlineSpouseAdder
FNDA:0,(anonymous_1)
FNDA:0,(anonymous_2)
FNDA:0,(anonymous_3)
FNDA:0,(anonymous_4)
FNDA:0,(anonymous_5)
FNDA:0,(anonymous_6)
FNDA:0,(anonymous_7)
FNDA:0,(anonymous_8)
FNDA:0,(anonymous_9)
FNDA:0,(anonymous_10)
FNDA:0,(anonymous_11)
DA:28,0
DA:29,0
DA:30,0
DA:33,0
DA:34,0
DA:35,0
DA:37,0
DA:38,0
DA:39,0
DA:44,0
DA:45,0
DA:46,0
DA:47,0
DA:51,0
DA:52,0
DA:53,0
DA:54,0
DA:57,0
DA:58,0
DA:59,0
DA:60,0
DA:62,0
DA:63,0
DA:64,0
DA:68,0
DA:69,0
DA:71,0
DA:72,0
DA:74,0
DA:75,0
DA:76,0
DA:81,0
DA:85,0
DA:95,0
DA:96,0
DA:99,0
DA:100,0
DA:103,0
DA:110,0
DA:112,0
DA:113,0
DA:115,0
DA:116,0
DA:121,0
DA:125,0
DA:126,0
DA:127,0
DA:130,0
DA:131,0
DA:134,0
DA:139,0
DA:141,0
DA:194,0
LF:53
LH:0
BRDA:25,0,0,0
BRDA:38,1,0,0
BRDA:38,1,1,0
BRDA:45,2,0,0
BRDA:45,2,1,0
BRDA:45,3,0,0
BRDA:45,3,1,0
BRDA:69,4,0,0
BRDA:69,4,1,0
BRDA:75,5,0,0
BRDA:75,5,1,0
BRDA:81,6,0,0
BRDA:81,6,1,0
BRDA:89,7,0,0
BRDA:89,7,1,0
BRDA:90,8,0,0
BRDA:90,8,1,0
BRDA:95,9,0,0
BRDA:95,9,1,0
BRDA:96,10,0,0
BRDA:96,10,1,0
BRDA:99,11,0,0
BRDA:99,11,1,0
BRDA:100,12,0,0
BRDA:100,12,1,0
BRDA:110,13,0,0
BRDA:110,13,1,0
BRDA:112,14,0,0
BRDA:112,14,1,0
BRDA:118,15,0,0
BRDA:118,15,1,0
BRDA:127,16,0,0
BRDA:127,16,1,0
BRDA:131,17,0,0
BRDA:131,17,1,0
BRDA:139,18,0,0
BRDA:139,18,1,0
BRDA:139,19,0,0
BRDA:139,19,1,0
BRDA:166,20,0,0
BRDA:166,20,1,0
BRDA:176,21,0,0
BRDA:176,21,1,0
BRDA:185,22,0,0
BRDA:185,22,1,0
BRF:45
BRH:0
end_of_record
TN:
SF:src/components/LoadingPhotoView.js
FN:8,(anonymous_0)
FN:11,(anonymous_1)
FN:49,(anonymous_2)
FN:81,(anonymous_3)
FN:95,(anonymous_4)
FN:108,(anonymous_5)
FNF:6
FNH:0
FNDA:0,(anonymous_0)
FNDA:0,(anonymous_1)
FNDA:0,(anonymous_2)
FNDA:0,(anonymous_3)
FNDA:0,(anonymous_4)
FNDA:0,(anonymous_5)
DA:8,0
DA:9,0
DA:11,0
DA:12,0
DA:28,0
DA:33,0
DA:49,0
DA:57,0
DA:58,0
DA:59,0
DA:61,0
DA:81,0
DA:82,0
DA:95,0
DA:96,0
DA:108,0
DA:109,0
DA:118,0
LF:18
LH:0
BRDA:51,0,0,0
BRDA:57,1,0,0
BRDA:57,1,1,0
BRDA:57,1,2,0
BRDA:58,2,0,0
BRDA:58,2,1,0
BRDA:58,2,2,0
BRDA:59,3,0,0
BRDA:59,3,1,0
BRDA:95,4,0,0
BRDA:108,5,0,0
BRF:11
BRH:0
end_of_record
TN:
SF:src/components/NativeTabBar.android.js
FN:5,NativeTabBar
FN:13,(anonymous_1)
FN:33,(anonymous_2)
FN:55,(anonymous_3)
FNF:4
FNH:0
FNDA:0,NativeTabBar
FNDA:0,(anonymous_1)
FNDA:0,(anonymous_2)
FNDA:0,(anonymous_3)
DA:6,0
DA:13,0
DA:33,0
DA:55,0
DA:71,0
LF:5
LH:0
BRDA:11,0,0,0
BRDA:11,0,1,0
BRDA:12,1,0,0
BRDA:12,1,1,0
BRDA:14,2,0,0
BRDA:14,2,1,0
BRDA:16,3,0,0
BRDA:16,3,1,0
BRDA:29,4,0,0
BRDA:29,4,1,0
BRDA:31,5,0,0
BRDA:31,5,1,0
BRDA:34,6,0,0
BRDA:34,6,1,0
BRDA:36,7,0,0
BRDA:36,7,1,0
BRDA:49,8,0,0
BRDA:49,8,1,0
BRDA:51,9,0,0
BRDA:51,9,1,0
BRDA:56,10,0,0
BRDA:56,10,1,0
BRDA:58,11,0,0
BRDA:58,11,1,0
BRF:24
BRH:0
end_of_record
TN:
SF:src/components/NativeTabBar.ios.js
FN:19,NativeTabBar
FN:37,(anonymous_1)
FN:57,(anonymous_2)
FN:79,(anonymous_3)
FN:101,(anonymous_4)
FNF:5
FNH:0
FNDA:0,NativeTabBar
FNDA:0,(anonymous_1)
FNDA:0,(anonymous_2)
FNDA:0,(anonymous_3)
FNDA:0,(anonymous_4)
DA:20,0
DA:37,0
DA:57,0
DA:79,0
DA:101,0
DA:128,0
LF:6
LH:0
BRDA:40,0,0,0
BRDA:40,0,1,0
BRDA:42,1,0,0
BRDA:42,1,1,0
BRDA:46,2,0,0
BRDA:46,2,1,0
BRDA:47,3,0,0
BRDA:47,3,1,0
BRDA:61,4,0,0
BRDA:61,4,1,0
BRDA:64,5,0,0
BRDA:64,5,1,0
BRDA:68,6,0,0
BRDA:68,6,1,0
BRDA:69,7,0,0
BRDA:69,7,1,0
BRDA:83,8,0,0
BRDA:83,8,1,0
BRDA:86,9,0,0
BRDA:86,9,1,0
BRDA:90,10,0,0
BRDA:90,10,1,0
BRDA:91,11,0,0
BRDA:91,11,1,0
BRDA:105,12,0,0
BRDA:105,12,1,0
BRDA:110,13,0,0
BRDA:110,13,1,0
BRDA:114,14,0,0
BRDA:114,14,1,0
BRDA:115,15,0,0
BRDA:115,15,1,0
BRF:32
BRH:0
end_of_record
TN:
SF:src/components/NativeTabBar.js
FN:5,(anonymous_0)
FN:6,(anonymous_1)
FNF:2
FNH:0
FNDA:0,(anonymous_0)
FNDA:0,(anonymous_1)
DA:4,0
DA:5,0
DA:6,0
LF:3
LH:0
BRF:0
BRH:0
end_of_record
TN:
SF:src/components/NavigateToRootButton.js
FN:13,(anonymous_0)
FN:17,(anonymous_1)
FN:21,(anonymous_2)
FN:29,(anonymous_3)
FN:39,(anonymous_4)
FN:46,(anonymous_5)
FN:112,(anonymous_6)
FNF:7
FNH:0
FNDA:0,(anonymous_0)
FNDA:0,(anonymous_1)
FNDA:0,(anonymous_2)
FNDA:0,(anonymous_3)
FNDA:0,(anonymous_4)
FNDA:0,(anonymous_5)
FNDA:0,(anonymous_6)
DA:13,0
DA:14,0
DA:17,0
DA:18,0
DA:20,0
DA:21,0
DA:22,0
DA:23,0
DA:24,0
DA:29,0
DA:30,0
DA:31,0
DA:36,0
DA:37,0
DA:39,0
DA:46,0
DA:47,0
DA:49,0
DA:52,0
DA:54,0
DA:59,0
DA:64,0
DA:66,0
DA:69,0
DA:70,0
DA:71,0
DA:76,0
DA:77,0
DA:78,0
DA:79,0
DA:80,0
DA:89,0
DA:93,0
DA:97,0
DA:104,0
DA:106,0
DA:112,0
DA:143,0
LF:38
LH:0
BRDA:18,0,0,0
BRDA:18,0,1,0
BRDA:18,1,0,0
BRDA:18,1,1,0
BRDA:20,2,0,0
BRDA:20,2,1,0
BRDA:22,3,0,0
BRDA:22,3,1,0
BRDA:30,4,0,0
BRDA:30,4,1,0
BRDA:47,5,0,0
BRDA:47,5,1,0
BRDA:64,6,0,0
BRDA:64,6,1,0
BRDA:69,7,0,0
BRDA:69,7,1,0
BRDA:69,8,0,0
BRDA:69,8,1,0
BRDA:69,8,2,0
BRDA:77,9,0,0
BRDA:77,9,1,0
BRDA:114,10,0,0
BRDA:114,10,1,0
BRDA:115,11,0,0
BRDA:115,11,1,0
BRF:25
BRH:0
end_of_record
TN:
SF:src/components/NavigationController.js
FN:41,NavigationController
FN:49,(anonymous_1)
FN:50,(anonymous_2)
FN:56,(anonymous_3)
FN:65,(anonymous_4)
FN:101,(anonymous_5)
FN:108,(anonymous_6)
FN:124,(anonymous_7)
FN:128,(anonymous_8)
FN:170,(anonymous_9)
FN:175,(anonymous_10)
FN:179,(anonymous_11)
FN:180,(anonymous_12)
FNF:13
FNH:0
FNDA:0,NavigationController
FNDA:0,(anonymous_1)
FNDA:0,(anonymous_2)
FNDA:0,(anonymous_3)
FNDA:0,(anonymous_4)
FNDA:0,(anonymous_5)
FNDA:0,(anonymous_6)
FNDA:0,(anonymous_7)
FNDA:0,(anonymous_8)
FNDA:0,(anonymous_9)
FNDA:0,(anonymous_10)
FNDA:0,(anonymous_11)
FNDA:0,(anonymous_12)
DA:16,0
DA:33,0
DA:42,0
DA:43,0
DA:44,0
DA:45,0
DA:46,0
DA:49,0
DA:50,0
DA:51,0
DA:56,0
DA:57,0
DA:58,0
DA:59,0
DA:61,0
DA:65,0
DA:66,0
DA:67,0
DA:68,0
DA:71,0
DA:72,0
DA:75,0
DA:76,0
DA:77,0
DA:80,0
DA:82,0
DA:84,0
DA:86,0
DA:92,0
DA:95,0
DA:96,0
DA:99,0
DA:101,0
DA:102,0
DA:108,0
DA:110,0
DA:111,0
DA:112,0
DA:116,0
DA:117,0
DA:119,0
DA:120,0
DA:124,0
DA:125,0
DA:126,0
DA:128,0
DA:132,0
DA:133,0
DA:134,0
DA:138,0
DA:141,0
DA:142,0
DA:143,0
DA:144,0
DA:148,0
DA:149,0
DA:150,0
DA:154,0
DA:156,0
DA:158,0
DA:162,0
DA:163,0
DA:170,0
DA:171,0
DA:172,0
DA:175,0
DA:179,0
DA:180,0
DA:182,0
DA:188,0
DA:189,0
DA:190,0
DA:194,0
DA:198,0
LF:74
LH:0
BRDA:58,0,0,0
BRDA:58,0,1,0
BRDA:58,1,0,0
BRDA:58,1,1,0
BRDA:58,1,2,0
BRDA:65,2,0,0
BRDA:66,3,0,0
BRDA:66,3,1,0
BRDA:75,4,0,0
BRDA:75,4,1,0
BRDA:84,5,0,0
BRDA:84,5,1,0
BRDA:110,6,0,0
BRDA:110,6,1,0
BRDA:110,7,0,0
BRDA:110,7,1,0
BRDA:116,8,0,0
BRDA:116,8,1,0
BRDA:116,9,0,0
BRDA:116,9,1,0
BRDA:119,10,0,0
BRDA:119,10,1,0
BRDA:119,11,0,0
BRDA:119,11,1,0
BRDA:132,12,0,0
BRDA:132,12,1,0
BRDA:141,13,0,0
BRDA:141,13,1,0
BRDA:148,14,0,0
BRDA:148,14,1,0
BRDA:156,15,0,0
BRDA:156,15,1,0
BRDA:159,16,0,0
BRDA:159,16,1,0
BRDA:162,17,0,0
BRDA:162,17,1,0
BRDA:164,18,0,0
BRDA:164,18,1,0
BRDA:165,19,0,0
BRDA:165,19,1,0
BRDA:188,20,0,0
BRDA:188,20,1,0
BRF:42
BRH:0
end_of_record
TN:
SF:src/components/NetworkError.js
FN:15,(anonymous_0)
FN:16,(anonymous_1)
FN:21,(anonymous_2)
FNF:3
FNH:0
FNDA:0,(anonymous_0)
FNDA:0,(anonymous_1)
FNDA:0,(anonymous_2)
DA:13,0
DA:15,0
DA:16,0
DA:17,0
DA:18,0
DA:21,0
DA:22,0
DA:24,0
DA:30,0
DA:36,0
DA:42,0
DA:50,0
DA:52,0
DA:102,0
LF:14
LH:0
BRDA:15,0,0,0
BRDA:22,1,0,0
BRDA:22,1,1,0
BRDA:22,1,2,0
BRDA:22,1,3,0
BRDA:43,2,0,0
BRDA:43,2,1,0
BRF:7
BRH:0
end_of_record
TN:
SF:src/components/NetworkErrorView.js
FN:16,(anonymous_0)
FN:25,(anonymous_1)
FN:42,(anonymous_2)
FN:47,(anonymous_3)
FN:70,(anonymous_4)
FNF:5
FNH:0
FNDA:0,(anonymous_0)
FNDA:0,(anonymous_1)
FNDA:0,(anonymous_2)
FNDA:0,(anonymous_3)
FNDA:0,(anonymous_4)
DA:16,0
DA:22,0
DA:23,0
DA:25,0
DA:27,0
DA:42,0
DA:43,0
DA:44,0
DA:47,0
DA:48,0
DA:50,0
DA:55,0
DA:61,0
DA:68,0
DA:70,0
DA:71,0
DA:96,0
DA:160,0
LF:18
LH:0
BRDA:18,0,0,0
BRDA:19,1,0,0
BRDA:20,2,0,0
BRDA:48,3,0,0
BRDA:48,3,1,0
BRDA:48,3,2,0
BRDA:48,3,3,0
BRDA:63,4,0,0
BRDA:63,4,1,0
BRDA:123,5,0,0
BRDA:123,5,1,0
BRDA:125,6,0,0
BRDA:125,6,1,0
BRDA:141,7,0,0
BRDA:141,7,1,0
BRDA:146,8,0,0
BRDA:146,8,1,0
BRDA:206,9,0,0
BRDA:206,9,1,0
BRDA:214,10,0,0
BRDA:214,10,1,0
BRDA:239,11,0,0
BRDA:239,11,1,0
BRF:23
BRH:0
end_of_record
TN:
SF:src/components/NotificationBadge.js
FN:18,NotificationBadge
FN:25,(anonymous_1)
FN:32,(anonymous_2)
FN:38,(anonymous_3)
FN:54,(anonymous_4)
FN:64,(anonymous_5)
FN:76,(anonymous_6)
FN:84,(anonymous_7)
FN:85,(anonymous_8)
FN:115,(anonymous_9)
FN:148,(anonymous_10)
FNF:11
FNH:0
FNDA:0,NotificationBadge
FNDA:0,(anonymous_1)
FNDA:0,(anonymous_2)
FNDA:0,(anonymous_3)
FNDA:0,(anonymous_4)
FNDA:0,(anonymous_5)
FNDA:0,(anonymous_6)
FNDA:0,(anonymous_7)
FNDA:0,(anonymous_8)
FNDA:0,(anonymous_9)
FNDA:0,(anonymous_10)
DA:11,0
DA:19,0
DA:20,0
DA:21,0
DA:22,0
DA:23,0
DA:25,0
DA:26,0
DA:28,0
DA:30,0
DA:32,0
DA:33,0
DA:34,0
DA:38,0
DA:39,0
DA:40,0
DA:42,0
DA:43,0
DA:44,0
DA:47,0
DA:48,0
DA:49,0
DA:54,0
DA:55,0
DA:57,0
DA:59,0
DA:65,0
DA:67,0
DA:69,0
DA:72,0
DA:73,0
DA:77,0
DA:84,0
DA:85,0
DA:86,0
DA:91,0
DA:94,0
DA:95,0
DA:96,0
DA:99,0
DA:100,0
DA:103,0
DA:106,0
DA:107,0
DA:108,0
DA:115,0
DA:116,0
DA:117,0
DA:120,0
DA:126,0
DA:128,0
DA:131,0
DA:132,0
DA:137,0
DA:140,0
DA:141,0
DA:144,0
DA:148,0
DA:149,0
DA:150,0
DA:153,0
DA:167,0
LF:62
LH:0
BRDA:28,0,0,0
BRDA:28,0,1,0
BRDA:33,1,0,0
BRDA:33,1,1,0
BRDA:42,2,0,0
BRDA:42,2,1,0
BRDA:47,3,0,0
BRDA:47,3,1,0
BRDA:55,4,0,0
BRDA:55,4,1,0
BRDA:55,5,0,0
BRDA:55,5,1,0
BRDA:65,6,0,0
BRDA:65,6,1,0
BRDA:72,7,0,0
BRDA:72,7,1,0
BRDA:94,8,0,0
BRDA:94,8,1,0
BRDA:99,9,0,0
BRDA:99,9,1,0
BRDA:106,10,0,0
BRDA:106,10,1,0
BRDA:117,11,0,0
BRDA:117,11,1,0
BRDA:117,12,0,0
BRDA:117,12,1,0
BRDA:126,13,0,0
BRDA:126,13,1,0
BRDA:128,14,0,0
BRDA:128,14,1,0
BRDA:131,15,0,0
BRDA:131,15,1,0
BRDA:131,16,0,0
BRDA:131,16,1,0
BRDA:137,17,0,0
BRDA:137,17,1,0
BRDA:140,18,0,0
BRDA:140,18,1,0
BRDA:140,19,0,0
BRDA:140,19,1,0
BRDA:156,20,0,0
BRDA:156,20,1,0
BRDA:159,21,0,0
BRDA:159,21,1,0
BRF:44
BRH:0
end_of_record
TN:
SF:src/components/NotificationCenter.js
FN:69,(anonymous_0)
FN:89,(anonymous_1)
FN:92,(anonymous_2)
FN:119,(anonymous_3)
FN:127,(anonymous_4)
FN:130,NotificationCenter
FN:145,(anonymous_6)
FN:157,(anonymous_7)
FN:168,(anonymous_8)
FN:191,(anonymous_9)
FN:192,(anonymous_10)
FN:205,(anonymous_11)
FN:220,(anonymous_12)
FN:231,(anonymous_13)
FN:240,(anonymous_14)
FN:241,(anonymous_15)
FN:274,(anonymous_16)
FN:311,(anonymous_17)
FN:342,(anonymous_18)
FN:343,(anonymous_19)
FN:347,(anonymous_20)
FN:348,(anonymous_21)
FN:371,(anonymous_22)
FN:372,(anonymous_23)
FN:395,(anonymous_24)
FN:397,(anonymous_25)
FN:418,(anonymous_26)
FN:427,(anonymous_27)
FN:449,(anonymous_28)
FN:455,(anonymous_29)
FN:463,(anonymous_30)
FN:467,(anonymous_31)
FN:477,(anonymous_32)
FN:505,(anonymous_33)
FN:542,(anonymous_34)
FN:547,(anonymous_35)
FN:549,(anonymous_36)
FN:572,(anonymous_37)
FN:581,(anonymous_38)
FN:630,(anonymous_39)
FNF:40
FNH:0
FNDA:0,(anonymous_0)
FNDA:0,(anonymous_1)
FNDA:0,(anonymous_2)
FNDA:0,(anonymous_3)
FNDA:0,(anonymous_4)
FNDA:0,NotificationCenter
FNDA:0,(anonymous_6)
FNDA:0,(anonymous_7)
FNDA:0,(anonymous_8)
FNDA:0,(anonymous_9)
FNDA:0,(anonymous_10)
FNDA:0,(anonymous_11)
FNDA:0,(anonymous_12)
FNDA:0,(anonymous_13)
FNDA:0,(anonymous_14)
FNDA:0,(anonymous_15)
FNDA:0,(anonymous_16)
FNDA:0,(anonymous_17)
FNDA:0,(anonymous_18)
FNDA:0,(anonymous_19)
FNDA:0,(anonymous_20)
FNDA:0,(anonymous_21)
FNDA:0,(anonymous_22)
FNDA:0,(anonymous_23)
FNDA:0,(anonymous_24)
FNDA:0,(anonymous_25)
FNDA:0,(anonymous_26)
FNDA:0,(anonymous_27)
FNDA:0,(anonymous_28)
FNDA:0,(anonymous_29)
FNDA:0,(anonymous_30)
FNDA:0,(anonymous_31)
FNDA:0,(anonymous_32)
FNDA:0,(anonymous_33)
FNDA:0,(anonymous_34)
FNDA:0,(anonymous_35)
FNDA:0,(anonymous_36)
FNDA:0,(anonymous_37)
FNDA:0,(anonymous_38)
FNDA:0,(anonymous_39)
DA:30,0
DA:33,0
DA:49,0
DA:59,0
DA:69,0
DA:70,0
DA:72,0
DA:74,0
DA:76,0
DA:78,0
DA:80,0
DA:82,0
DA:84,0
DA:89,0
DA:90,0
DA:92,0
DA:93,0
DA:97,0
DA:98,0
DA:99,0
DA:100,0
DA:101,0
DA:102,0
DA:104,0
DA:105,0
DA:108,0
DA:109,0
DA:115,0
DA:119,0
DA:120,0
DA:121,0
DA:122,0
DA:123,0
DA:124,0
DA:127,0
DA:131,0
DA:132,0
DA:133,0
DA:134,0
DA:135,0
DA:136,0
DA:137,0
DA:138,0
DA:139,0
DA:140,0
DA:143,0
DA:145,0
DA:146,0
DA:148,0
DA:149,0
DA:152,0
DA:153,0
DA:156,0
DA:157,0
DA:158,0
DA:159,0
DA:163,0
DA:164,0
DA:169,0
DA:173,0
DA:174,0
DA:175,0
DA:177,0
DA:178,0
DA:179,0
DA:182,0
DA:191,0
DA:192,0
DA:193,0
DA:194,0
DA:195,0
DA:197,0
DA:198,0
DA:199,0
DA:205,0
DA:206,0
DA:207,0
DA:210,0
DA:212,0
DA:213,0
DA:215,0
DA:221,0
DA:224,0
DA:227,0
DA:228,0
DA:232,0
DA:234,0
DA:240,0
DA:241,0
DA:242,0
DA:247,0
DA:248,0
DA:251,0
DA:252,0
DA:253,0
DA:254,0
DA:257,0
DA:258,0
DA:260,0
DA:261,0
DA:264,0
DA:265,0
DA:266,0
DA:274,0
DA:275,0
DA:276,0
DA:277,0
DA:278,0
DA:280,0
DA:281,0
DA:282,0
DA:283,0
DA:284,0
DA:288,0
DA:289,0
DA:290,0
DA:294,0
DA:295,0
DA:302,0
DA:304,0
DA:305,0
DA:306,0
DA:307,0
DA:311,0
DA:312,0
DA:313,0
DA:315,0
DA:328,0
DA:329,0
DA:332,0
DA:337,0
DA:339,0
DA:342,0
DA:343,0
DA:344,0
DA:347,0
DA:348,0
DA:349,0
DA:351,0
DA:352,0
DA:355,0
DA:361,0
DA:362,0
DA:367,0
DA:371,0
DA:372,0
DA:373,0
DA:374,0
DA:376,0
DA:382,0
DA:383,0
DA:389,0
DA:392,0
DA:395,0
DA:397,0
DA:398,0
DA:399,0
DA:402,0
DA:408,0
DA:409,0
DA:414,0
DA:418,0
DA:419,0
DA:428,0
DA:429,0
DA:430,0
DA:433,0
DA:434,0
DA:439,0
DA:442,0
DA:449,0
DA:450,0
DA:451,0
DA:452,0
DA:455,0
DA:456,0
DA:457,0
DA:463,0
DA:464,0
DA:468,0
DA:469,0
DA:477,0
DA:478,0
DA:480,0
DA:481,0
DA:482,0
DA:486,0
DA:487,0
DA:488,0
DA:489,0
DA:490,0
DA:491,0
DA:493,0
DA:494,0
DA:497,0
DA:498,0
DA:499,0
DA:502,0
DA:503,0
DA:505,0
DA:506,0
DA:507,0
DA:508,0
DA:514,0
DA:516,0
DA:520,0
DA:522,0
DA:523,0
DA:524,0
DA:526,0
DA:527,0
DA:528,0
DA:530,0
DA:531,0
DA:532,0
DA:534,0
DA:535,0
DA:540,0
DA:542,0
DA:549,0
DA:550,0
DA:551,0
DA:572,0
DA:573,0
DA:581,0
DA:582,0
DA:591,0
DA:593,0
DA:631,0
DA:632,0
DA:633,0
DA:635,0
DA:696,0
LF:233
LH:0
BRDA:70,0,0,0
BRDA:70,0,1,0
BRDA:70,0,2,0
BRDA:70,0,3,0
BRDA:70,0,4,0
BRDA:70,0,5,0
BRDA:70,0,6,0
BRDA:97,1,0,0
BRDA:97,1,1,0
BRDA:100,2,0,0
BRDA:100,2,1,0
BRDA:108,3,0,0
BRDA:108,3,1,0
BRDA:120,4,0,0
BRDA:120,4,1,0
BRDA:121,5,0,0
BRDA:121,5,1,0
BRDA:122,6,0,0
BRDA:122,6,1,0
BRDA:123,7,0,0
BRDA:123,7,1,0
BRDA:148,8,0,0
BRDA:148,8,1,0
BRDA:148,9,0,0
BRDA:148,9,1,0
BRDA:173,10,0,0
BRDA:173,10,1,0
BRDA:177,11,0,0
BRDA:177,11,1,0
BRDA:193,12,0,0
BRDA:193,12,1,0
BRDA:197,13,0,0
BRDA:197,13,1,0
BRDA:207,14,0,0
BRDA:207,14,1,0
BRDA:227,15,0,0
BRDA:227,15,1,0
BRDA:252,16,0,0
BRDA:252,16,1,0
BRDA:264,17,0,0
BRDA:264,17,1,0
BRDA:281,18,0,0
BRDA:281,18,1,0
BRDA:288,19,0,0
BRDA:288,19,1,0
BRDA:304,20,0,0
BRDA:304,20,1,0
BRDA:311,21,0,0
BRDA:311,21,1,0
BRDA:312,22,0,0
BRDA:312,22,1,0
BRDA:313,23,0,0
BRDA:313,23,1,0
BRDA:320,24,0,0
BRDA:320,24,1,0
BRDA:349,25,0,0
BRDA:349,25,1,0
BRDA:481,26,0,0
BRDA:481,26,1,0
BRDA:491,27,0,0
BRDA:491,27,1,0
BRDA:493,28,0,0
BRDA:493,28,1,0
BRDA:493,29,0,0
BRDA:493,29,1,0
BRDA:497,30,0,0
BRDA:497,30,1,0
BRDA:520,31,0,0
BRDA:520,31,1,0
BRDA:524,32,0,0
BRDA:524,32,1,0
BRDA:528,33,0,0
BRDA:528,33,1,0
BRDA:532,34,0,0
BRDA:532,34,1,0
BRDA:550,35,0,0
BRDA:550,35,1,0
BRDA:550,36,0,0
BRDA:550,36,1,0
BRDA:561,37,0,0
BRDA:561,37,1,0
BRDA:620,38,0,0
BRDA:620,38,1,0
BRDA:627,39,0,0
BRDA:627,39,1,0
BRDA:632,40,0,0
BRDA:632,40,1,0
BRDA:640,41,0,0
BRDA:640,41,1,0
BRDA:668,42,0,0
BRDA:668,42,1,0
BRDA:668,43,0,0
BRDA:668,43,1,0
BRDA:673,44,0,0
BRDA:673,44,1,0
BRDA:675,45,0,0
BRDA:675,45,1,0
BRF:97
BRH:0
end_of_record
TN:
SF:src/components/PendingApprovalBanner.js
FN:30,(anonymous_0)
FN:44,(anonymous_1)
FN:71,(anonymous_2)
FN:76,(anonymous_3)
FN:83,(anonymous_4)
FN:107,(anonymous_5)
FN:119,(anonymous_6)
FN:139,(anonymous_7)
FN:152,(anonymous_8)
FN:163,(anonymous_9)
FN:177,(anonymous_10)
FN:188,(anonymous_11)
FN:193,(anonymous_12)
FN:206,(anonymous_13)
FN:333,(anonymous_14)
FNF:15
FNH:0
FNDA:0,(anonymous_0)
FNDA:0,(anonymous_1)
FNDA:0,(anonymous_2)
FNDA:0,(anonymous_3)
FNDA:0,(anonymous_4)
FNDA:0,(anonymous_5)
FNDA:0,(anonymous_6)
FNDA:0,(anonymous_7)
FNDA:0,(anonymous_8)
FNDA:0,(anonymous_9)
FNDA:0,(anonymous_10)
FNDA:0,(anonymous_11)
FNDA:0,(anonymous_12)
FNDA:0,(anonymous_13)
FNDA:0,(anonymous_14)
DA:19,0
DA:30,0
DA:31,0
DA:32,0
DA:35,0
DA:36,0
DA:37,0
DA:38,0
DA:39,0
DA:40,0
DA:41,0
DA:42,0
DA:44,0
DA:45,0
DA:46,0
DA:49,0
DA:56,0
DA:71,0
DA:76,0
DA:77,0
DA:78,0
DA:79,0
DA:80,0
DA:82,0
DA:83,0
DA:86,0
DA:89,0
DA:90,0
DA:96,0
DA:97,0
DA:101,0
DA:102,0
DA:104,0
DA:107,0
DA:108,0
DA:120,0
DA:121,0
DA:122,0
DA:128,0
DA:133,0
DA:135,0
DA:139,0
DA:140,0
DA:142,0
DA:153,0
DA:155,0
DA:156,0
DA:157,0
DA:163,0
DA:167,0
DA:168,0
DA:169,0
DA:177,0
DA:183,0
DA:188,0
DA:189,0
DA:193,0
DA:194,0
DA:195,0
DA:197,0
DA:199,0
DA:200,0
DA:203,0
DA:206,0
DA:207,0
DA:208,0
DA:209,0
DA:210,0
DA:211,0
DA:212,0
DA:214,0
DA:215,0
DA:216,0
DA:217,0
DA:218,0
DA:221,0
DA:222,0
DA:231,0
DA:232,0
DA:235,0
DA:236,0
DA:237,0
DA:239,0
DA:333,0
DA:357,0
LF:85
LH:0
BRDA:31,0,0,0
BRDA:31,0,1,0
BRDA:80,1,0,0
BRDA:80,1,1,0
BRDA:80,2,0,0
BRDA:80,2,1,0
BRDA:89,3,0,0
BRDA:89,3,1,0
BRDA:89,4,0,0
BRDA:89,4,1,0
BRDA:96,5,0,0
BRDA:96,5,1,0
BRDA:102,6,0,0
BRDA:102,6,1,0
BRDA:121,7,0,0
BRDA:121,7,1,0
BRDA:140,8,0,0
BRDA:140,8,1,0
BRDA:155,9,0,0
BRDA:155,9,1,0
BRDA:167,10,0,0
BRDA:167,10,1,0
BRDA:171,11,0,0
BRDA:171,11,1,0
BRDA:199,12,0,0
BRDA:199,12,1,0
BRDA:214,13,0,0
BRDA:214,13,1,0
BRDA:215,14,0,0
BRDA:215,14,1,0
BRDA:216,15,0,0
BRDA:216,15,1,0
BRDA:217,16,0,0
BRDA:217,16,1,0
BRDA:221,17,0,0
BRDA:221,17,1,0
BRDA:231,18,0,0
BRDA:231,18,1,0
BRDA:231,19,0,0
BRDA:231,19,1,0
BRDA:247,20,0,0
BRDA:247,20,1,0
BRDA:248,21,0,0
BRDA:248,21,1,0
BRDA:249,22,0,0
BRDA:249,22,1,0
BRDA:256,23,0,0
BRDA:256,23,1,0
BRDA:261,24,0,0
BRDA:261,24,1,0
BRDA:263,25,0,0
BRDA:263,25,1,0
BRDA:269,26,0,0
BRDA:269,26,1,0
BRDA:271,27,0,0
BRDA:271,27,1,0
BRDA:280,28,0,0
BRDA:280,28,1,0
BRDA:281,29,0,0
BRDA:281,29,1,0
BRDA:282,30,0,0
BRDA:282,30,1,0
BRDA:285,31,0,0
BRDA:285,31,1,0
BRDA:285,32,0,0
BRDA:285,32,1,0
BRDA:285,32,2,0
BRDA:286,33,0,0
BRDA:286,33,1,0
BRDA:286,33,2,0
BRDA:288,34,0,0
BRDA:288,34,1,0
BRDA:288,34,2,0
BRDA:291,35,0,0
BRDA:291,35,1,0
BRDA:312,36,0,0
BRDA:312,36,1,0
BRDA:315,37,0,0
BRDA:315,37,1,0
BRDA:330,38,0,0
BRDA:330,38,1,0
BRDA:341,39,0,0
BRDA:341,39,1,0
BRF:83
BRH:0
end_of_record
TN:
SF:src/components/PhotoGallery.js
FN:23,(anonymous_0)
FN:39,(anonymous_1)
FN:72,(anonymous_2)
FN:79,(anonymous_3)
FN:102,(anonymous_4)
FN:160,(anonymous_5)
FN:193,(anonymous_6)
FN:199,(anonymous_7)
FN:216,(anonymous_8)
FN:288,(anonymous_9)
FN:291,(anonymous_10)
FN:300,(anonymous_11)
FN:306,(anonymous_12)
FN:338,(anonymous_13)
FNF:14
FNH:0
FNDA:0,(anonymous_0)
FNDA:0,(anonymous_1)
FNDA:0,(anonymous_2)
FNDA:0,(anonymous_3)
FNDA:0,(anonymous_4)
FNDA:0,(anonymous_5)
FNDA:0,(anonymous_6)
FNDA:0,(anonymous_7)
FNDA:0,(anonymous_8)
FNDA:0,(anonymous_9)
FNDA:0,(anonymous_10)
FNDA:0,(anonymous_11)
FNDA:0,(anonymous_12)
FNDA:0,(anonymous_13)
DA:20,0
DA:21,0
DA:23,0
DA:30,0
DA:31,0
DA:32,0
DA:33,0
DA:36,0
DA:39,0
DA:40,0
DA:42,0
DA:48,0
DA:49,0
DA:52,0
DA:56,0
DA:57,0
DA:59,0
DA:61,0
DA:65,0
DA:66,0
DA:68,0
DA:72,0
DA:73,0
DA:74,0
DA:79,0
DA:80,0
DA:83,0
DA:84,0
DA:85,0
DA:86,0
DA:89,0
DA:96,0
DA:97,0
DA:102,0
DA:103,0
DA:104,0
DA:105,0
DA:109,0
DA:111,0
DA:112,0
DA:116,0
DA:117,0
DA:125,0
DA:127,0
DA:137,0
DA:141,0
DA:142,0
DA:146,0
DA:148,0
DA:149,0
DA:151,0
DA:152,0
DA:153,0
DA:155,0
DA:160,0
DA:161,0
DA:163,0
DA:169,0
DA:175,0
DA:180,0
DA:181,0
DA:184,0
DA:185,0
DA:187,0
DA:188,0
DA:193,0
DA:194,0
DA:200,0
DA:202,0
DA:209,0
DA:211,0
DA:215,0
DA:216,0
DA:217,0
DA:219,0
DA:220,0
DA:223,0
DA:228,0
DA:229,0
DA:234,0
DA:235,0
DA:237,0
DA:238,0
DA:245,0
DA:246,0
DA:253,0
DA:289,0
DA:292,0
DA:293,0
DA:301,0
DA:307,0
DA:338,0
DA:366,0
LF:93
LH:0
BRDA:26,0,0,0
BRDA:28,1,0,0
BRDA:36,2,0,0
BRDA:36,2,1,0
BRDA:48,3,0,0
BRDA:48,3,1,0
BRDA:48,4,0,0
BRDA:48,4,1,0
BRDA:56,5,0,0
BRDA:56,5,1,0
BRDA:61,6,0,0
BRDA:61,6,1,0
BRDA:73,7,0,0
BRDA:73,7,1,0
BRDA:80,8,0,0
BRDA:80,8,1,0
BRDA:80,9,0,0
BRDA:80,9,1,0
BRDA:84,10,0,0
BRDA:84,10,1,0
BRDA:96,11,0,0
BRDA:96,11,1,0
BRDA:96,12,0,0
BRDA:96,12,1,0
BRDA:111,13,0,0
BRDA:111,13,1,0
BRDA:125,14,0,0
BRDA:125,14,1,0
BRDA:137,15,0,0
BRDA:137,15,1,0
BRDA:141,16,0,0
BRDA:141,16,1,0
BRDA:141,17,0,0
BRDA:141,17,1,0
BRDA:180,18,0,0
BRDA:180,18,1,0
BRDA:209,19,0,0
BRDA:209,19,1,0
BRDA:215,20,0,0
BRDA:215,20,1,0
BRDA:219,21,0,0
BRDA:219,21,1,0
BRDA:228,22,0,0
BRDA:228,22,1,0
BRDA:245,23,0,0
BRDA:245,23,1,0
BRDA:254,24,0,0
BRDA:254,24,1,0
BRDA:256,25,0,0
BRDA:256,25,1,0
BRDA:257,26,0,0
BRDA:257,26,1,0
BRDA:259,27,0,0
BRDA:259,27,1,0
BRDA:270,28,0,0
BRDA:270,28,1,0
BRDA:270,28,2,0
BRDA:276,29,0,0
BRDA:276,29,1,0
BRDA:292,30,0,0
BRDA:292,30,1,0
BRDA:292,31,0,0
BRDA:292,31,1,0
BRDA:313,32,0,0
BRDA:313,32,1,0
BRDA:327,33,0,0
BRDA:327,33,1,0
BRDA:335,34,0,0
BRDA:335,34,1,0
BRDA:335,34,2,0
BRDA:335,34,3,0
BRDA:346,35,0,0
BRDA:346,35,1,0
BRDA:356,36,0,0
BRDA:356,36,1,0
BRDA:356,36,2,0
BRF:76
BRH:0
end_of_record
TN:
SF:src/components/PhotoGalleryMaps.js
FN:25,(anonymous_0)
FN:43,(anonymous_1)
FN:56,(anonymous_2)
FN:69,(anonymous_3)
FN:76,(anonymous_4)
FN:91,(anonymous_5)
FN:98,(anonymous_6)
FN:124,(anonymous_7)
FN:131,(anonymous_8)
FN:140,(anonymous_9)
FN:148,(anonymous_10)
FN:148,(anonymous_11)
FN:211,(anonymous_12)
FN:213,(anonymous_13)
FN:231,(anonymous_14)
FN:231,(anonymous_15)
FN:240,(anonymous_16)
FN:245,(anonymous_17)
FN:253,(anonymous_18)
FN:266,(anonymous_19)
FN:306,(anonymous_20)
FN:412,(anonymous_21)
FN:415,(anonymous_22)
FN:445,(anonymous_23)
FN:482,(anonymous_24)
FNF:25
FNH:0
FNDA:0,(anonymous_0)
FNDA:0,(anonymous_1)
FNDA:0,(anonymous_2)
FNDA:0,(anonymous_3)
FNDA:0,(anonymous_4)
FNDA:0,(anonymous_5)
FNDA:0,(anonymous_6)
FNDA:0,(anonymous_7)
FNDA:0,(anonymous_8)
FNDA:0,(anonymous_9)
FNDA:0,(anonymous_10)
FNDA:0,(anonymous_11)
FNDA:0,(anonymous_12)
FNDA:0,(anonymous_13)
FNDA:0,(anonymous_14)
FNDA:0,(anonymous_15)
FNDA:0,(anonymous_16)
FNDA:0,(anonymous_17)
FNDA:0,(anonymous_18)
FNDA:0,(anonymous_19)
FNDA:0,(anonymous_20)
FNDA:0,(anonymous_21)
FNDA:0,(anonymous_22)
FNDA:0,(anonymous_23)
FNDA:0,(anonymous_24)
DA:20,0
DA:21,0
DA:22,0
DA:23,0
DA:25,0
DA:31,0
DA:32,0
DA:33,0
DA:34,0
DA:35,0
DA:39,0
DA:40,0
DA:43,0
DA:44,0
DA:45,0
DA:52,0
DA:53,0
DA:54,0
DA:56,0
DA:57,0
DA:59,0
DA:62,0
DA:63,0
DA:65,0
DA:69,0
DA:70,0
DA:71,0
DA:76,0
DA:77,0
DA:78,0
DA:83,0
DA:85,0
DA:86,0
DA:91,0
DA:92,0
DA:93,0
DA:94,0
DA:98,0
DA:99,0
DA:101,0
DA:104,0
DA:105,0
DA:106,0
DA:107,0
DA:111,0
DA:118,0
DA:119,0
DA:124,0
DA:125,0
DA:126,0
DA:127,0
DA:128,0
DA:131,0
DA:140,0
DA:142,0
DA:144,0
DA:146,0
DA:148,0
DA:149,0
DA:152,0
DA:153,0
DA:155,0
DA:157,0
DA:160,0
DA:164,0
DA:170,0
DA:171,0
DA:173,0
DA:176,0
DA:185,0
DA:187,0
DA:199,0
DA:200,0
DA:202,0
DA:203,0
DA:206,0
DA:207,0
DA:211,0
DA:212,0
DA:213,0
DA:215,0
DA:218,0
DA:223,0
DA:226,0
DA:228,0
DA:229,0
DA:231,0
DA:233,0
DA:234,0
DA:235,0
DA:240,0
DA:241,0
DA:245,0
DA:246,0
DA:248,0
DA:254,0
DA:255,0
DA:260,0
DA:261,0
DA:265,0
DA:266,0
DA:267,0
DA:268,0
DA:269,0
DA:274,0
DA:279,0
DA:280,0
DA:283,0
DA:288,0
DA:289,0
DA:294,0
DA:295,0
DA:297,0
DA:298,0
DA:306,0
DA:307,0
DA:309,0
DA:311,0
DA:312,0
DA:317,0
DA:322,0
DA:327,0
DA:328,0
DA:331,0
DA:333,0
DA:337,0
DA:338,0
DA:345,0
DA:347,0
DA:413,0
DA:415,0
DA:446,0
DA:482,0
DA:491,0
LF:134
LH:0
BRDA:27,0,0,0
BRDA:28,1,0,0
BRDA:40,2,0,0
BRDA:40,2,1,0
BRDA:52,3,0,0
BRDA:52,3,1,0
BRDA:52,4,0,0
BRDA:52,4,1,0
BRDA:57,5,0,0
BRDA:57,5,1,0
BRDA:70,6,0,0
BRDA:70,6,1,0
BRDA:99,7,0,0
BRDA:99,7,1,0
BRDA:105,8,0,0
BRDA:105,8,1,0
BRDA:118,9,0,0
BRDA:118,9,1,0
BRDA:118,10,0,0
BRDA:118,10,1,0
BRDA:118,10,2,0
BRDA:134,11,0,0
BRDA:134,11,1,0
BRDA:146,12,0,0
BRDA:146,12,1,0
BRDA:171,13,0,0
BRDA:171,13,1,0
BRDA:173,14,0,0
BRDA:173,14,1,0
BRDA:185,15,0,0
BRDA:185,15,1,0
BRDA:199,16,0,0
BRDA:199,16,1,0
BRDA:206,17,0,0
BRDA:206,17,1,0
BRDA:206,18,0,0
BRDA:206,18,1,0
BRDA:260,19,0,0
BRDA:260,19,1,0
BRDA:265,20,0,0
BRDA:265,20,1,0
BRDA:267,21,0,0
BRDA:267,21,1,0
BRDA:279,22,0,0
BRDA:279,22,1,0
BRDA:288,23,0,0
BRDA:288,23,1,0
BRDA:307,24,0,0
BRDA:307,24,1,0
BRDA:307,25,0,0
BRDA:307,25,1,0
BRDA:327,26,0,0
BRDA:327,26,1,0
BRDA:337,27,0,0
BRDA:337,27,1,0
BRDA:350,28,0,0
BRDA:350,28,1,0
BRDA:356,29,0,0
BRDA:356,29,1,0
BRDA:365,30,0,0
BRDA:365,30,1,0
BRDA:372,31,0,0
BRDA:372,31,1,0
BRDA:372,31,2,0
BRDA:385,32,0,0
BRDA:385,32,1,0
BRDA:391,33,0,0
BRDA:391,33,1,0
BRDA:404,34,0,0
BRDA:404,34,1,0
BRDA:404,34,2,0
BRDA:423,35,0,0
BRDA:423,35,1,0
BRDA:424,36,0,0
BRDA:424,36,1,0
BRDA:435,37,0,0
BRDA:435,37,1,0
BRDA:442,38,0,0
BRDA:442,38,1,0
BRDA:442,38,2,0
BRDA:454,39,0,0
BRDA:454,39,1,0
BRDA:463,40,0,0
BRDA:463,40,1,0
BRDA:463,40,2,0
BRDA:476,41,0,0
BRDA:476,41,1,0
BRDA:476,41,2,0
BRDA:476,41,3,0
BRDA:476,41,4,0
BRF:90
BRH:0
end_of_record
TN:
SF:src/components/PhotoGallerySimple.js
FN:31,(anonymous_0)
FN:34,(anonymous_1)
FN:68,(anonymous_2)
FN:76,(anonymous_3)
FN:96,(anonymous_4)
FN:101,(anonymous_5)
FN:103,(anonymous_6)
FN:111,(anonymous_7)
FN:118,(anonymous_8)
FN:127,(anonymous_9)
FN:142,(anonymous_10)
FN:164,(anonymous_11)
FN:205,(anonymous_12)
FN:215,(anonymous_13)
FN:220,(anonymous_14)
FN:263,(anonymous_15)
FN:279,(anonymous_16)
FN:288,(anonymous_17)
FNF:18
FNH:0
FNDA:0,(anonymous_0)
FNDA:0,(anonymous_1)
FNDA:0,(anonymous_2)
FNDA:0,(anonymous_3)
FNDA:0,(anonymous_4)
FNDA:0,(anonymous_5)
FNDA:0,(anonymous_6)
FNDA:0,(anonymous_7)
FNDA:0,(anonymous_8)
FNDA:0,(anonymous_9)
FNDA:0,(anonymous_10)
FNDA:0,(anonymous_11)
FNDA:0,(anonymous_12)
FNDA:0,(anonymous_13)
FNDA:0,(anonymous_14)
FNDA:0,(anonymous_15)
FNDA:0,(anonymous_16)
FNDA:0,(anonymous_17)
DA:22,0
DA:23,0
DA:24,0
DA:25,0
DA:26,0
DA:31,0
DA:32,0
DA:34,0
DA:35,0
DA:53,0
DA:68,0
DA:69,0
DA:70,0
DA:71,0
DA:72,0
DA:73,0
DA:76,0
DA:77,0
DA:79,0
DA:80,0
DA:86,0
DA:87,0
DA:90,0
DA:92,0
DA:96,0
DA:97,0
DA:101,0
DA:102,0
DA:103,0
DA:104,0
DA:105,0
DA:111,0
DA:112,0
DA:113,0
DA:118,0
DA:119,0
DA:127,0
DA:128,0
DA:129,0
DA:134,0
DA:136,0
DA:137,0
DA:142,0
DA:143,0
DA:145,0
DA:146,0
DA:147,0
DA:148,0
DA:151,0
DA:158,0
DA:159,0
DA:164,0
DA:165,0
DA:166,0
DA:167,0
DA:169,0
DA:170,0
DA:171,0
DA:172,0
DA:173,0
DA:174,0
DA:176,0
DA:182,0
DA:185,0
DA:193,0
DA:194,0
DA:196,0
DA:197,0
DA:198,0
DA:200,0
DA:205,0
DA:206,0
DA:208,0
DA:210,0
DA:216,0
DA:217,0
DA:220,0
DA:221,0
DA:222,0
DA:228,0
DA:229,0
DA:231,0
DA:232,0
DA:239,0
DA:240,0
DA:247,0
DA:248,0
DA:251,0
DA:264,0
DA:279,0
DA:288,0
DA:333,0
LF:92
LH:0
BRDA:68,0,0,0
BRDA:77,1,0,0
BRDA:77,1,1,0
BRDA:86,2,0,0
BRDA:86,2,1,0
BRDA:86,3,0,0
BRDA:86,3,1,0
BRDA:102,4,0,0
BRDA:102,4,1,0
BRDA:102,5,0,0
BRDA:102,5,1,0
BRDA:102,5,2,0
BRDA:112,6,0,0
BRDA:112,6,1,0
BRDA:112,7,0,0
BRDA:112,7,1,0
BRDA:122,8,0,0
BRDA:122,8,1,0
BRDA:143,9,0,0
BRDA:143,9,1,0
BRDA:146,10,0,0
BRDA:146,10,1,0
BRDA:158,11,0,0
BRDA:158,11,1,0
BRDA:158,12,0,0
BRDA:158,12,1,0
BRDA:182,13,0,0
BRDA:182,13,1,0
BRDA:206,14,0,0
BRDA:206,14,1,0
BRDA:239,15,0,0
BRDA:239,15,1,0
BRDA:247,16,0,0
BRDA:247,16,1,0
BRDA:247,17,0,0
BRDA:247,17,1,0
BRDA:268,18,0,0
BRDA:268,18,1,0
BRDA:268,18,2,0
BRDA:285,19,0,0
BRDA:285,19,1,0
BRDA:301,20,0,0
BRDA:301,20,1,0
BRDA:308,21,0,0
BRDA:308,21,1,0
BRDA:322,22,0,0
BRDA:322,22,1,0
BRDA:322,22,2,0
BRF:48
BRH:0
end_of_record
TN:
SF:src/components/ProfileLinkStatusCard.js
FN:33,ProfileLinkStatusCard
FN:46,(anonymous_1)
FN:50,(anonymous_2)
FN:62,(anonymous_3)
FN:70,(anonymous_4)
FN:77,(anonymous_5)
FN:138,(anonymous_6)
FN:166,(anonymous_7)
FN:175,(anonymous_8)
FN:191,(anonymous_9)
FN:199,(anonymous_10)
FN:214,(anonymous_11)
FN:225,(anonymous_12)
FN:239,(anonymous_13)
FN:247,(anonymous_14)
FN:252,(anonymous_15)
FN:265,(anonymous_16)
FN:447,(anonymous_17)
FNF:18
FNH:0
FNDA:0,ProfileLinkStatusCard
FNDA:0,(anonymous_1)
FNDA:0,(anonymous_2)
FNDA:0,(anonymous_3)
FNDA:0,(anonymous_4)
FNDA:0,(anonymous_5)
FNDA:0,(anonymous_6)
FNDA:0,(anonymous_7)
FNDA:0,(anonymous_8)
FNDA:0,(anonymous_9)
FNDA:0,(anonymous_10)
FNDA:0,(anonymous_11)
FNDA:0,(anonymous_12)
FNDA:0,(anonymous_13)
FNDA:0,(anonymous_14)
FNDA:0,(anonymous_15)
FNDA:0,(anonymous_16)
FNDA:0,(anonymous_17)
DA:21,0
DA:34,0
DA:35,0
DA:38,0
DA:39,0
DA:40,0
DA:41,0
DA:42,0
DA:43,0
DA:44,0
DA:46,0
DA:47,0
DA:50,0
DA:51,0
DA:54,0
DA:55,0
DA:64,0
DA:65,0
DA:70,0
DA:71,0
DA:77,0
DA:78,0
DA:79,0
DA:80,0
DA:81,0
DA:82,0
DA:83,0
DA:85,0
DA:88,0
DA:96,0
DA:98,0
DA:99,0
DA:100,0
DA:103,0
DA:110,0
DA:111,0
DA:112,0
DA:113,0
DA:116,0
DA:117,0
DA:123,0
DA:124,0
DA:128,0
DA:132,0
DA:134,0
DA:138,0
DA:139,0
DA:142,0
DA:144,0
DA:145,0
DA:146,0
DA:150,0
DA:151,0
DA:152,0
DA:153,0
DA:154,0
DA:158,0
DA:162,0
DA:163,0
DA:166,0
DA:167,0
DA:176,0
DA:177,0
DA:178,0
DA:179,0
DA:180,0
DA:182,0
DA:184,0
DA:191,0
DA:192,0
DA:200,0
DA:201,0
DA:202,0
DA:203,0
DA:205,0
DA:207,0
DA:214,0
DA:216,0
DA:225,0
DA:227,0
DA:228,0
DA:232,0
DA:237,0
DA:239,0
DA:240,0
DA:241,0
DA:244,0
DA:245,0
DA:248,0
DA:252,0
DA:253,0
DA:256,0
DA:265,0
DA:266,0
DA:269,0
DA:278,0
DA:279,0
DA:286,0
DA:287,0
DA:291,0
DA:292,0
DA:294,0
DA:327,0
DA:328,0
DA:334,0
DA:338,0
DA:388,0
DA:389,0
DA:393,0
DA:434,0
DA:447,0
DA:456,0
LF:112
LH:0
BRDA:34,0,0,0
BRDA:34,0,1,0
BRDA:51,1,0,0
BRDA:51,1,1,0
BRDA:64,2,0,0
BRDA:64,2,1,0
BRDA:81,3,0,0
BRDA:81,3,1,0
BRDA:98,4,0,0
BRDA:98,4,1,0
BRDA:110,5,0,0
BRDA:110,5,1,0
BRDA:112,6,0,0
BRDA:112,6,1,0
BRDA:112,7,0,0
BRDA:112,7,1,0
BRDA:116,8,0,0
BRDA:116,8,1,0
BRDA:123,9,0,0
BRDA:123,9,1,0
BRDA:139,10,0,0
BRDA:139,10,1,0
BRDA:142,11,0,0
BRDA:142,11,1,0
BRDA:144,12,0,0
BRDA:144,12,1,0
BRDA:146,13,0,0
BRDA:146,13,1,0
BRDA:151,14,0,0
BRDA:151,14,1,0
BRDA:153,15,0,0
BRDA:153,15,1,0
BRDA:158,16,0,0
BRDA:158,16,1,0
BRDA:163,17,0,0
BRDA:163,17,1,0
BRDA:178,18,0,0
BRDA:178,18,1,0
BRDA:202,19,0,0
BRDA:202,19,1,0
BRDA:219,20,0,0
BRDA:219,20,1,0
BRDA:219,20,2,0
BRDA:228,21,0,0
BRDA:228,21,1,0
BRDA:230,22,0,0
BRDA:230,22,1,0
BRDA:235,23,0,0
BRDA:235,23,1,0
BRDA:240,24,0,0
BRDA:240,24,1,0
BRDA:253,25,0,0
BRDA:253,25,1,0
BRDA:266,26,0,0
BRDA:266,26,1,0
BRDA:278,27,0,0
BRDA:278,27,1,0
BRDA:286,28,0,0
BRDA:286,28,1,0
BRDA:291,29,0,0
BRDA:291,29,1,0
BRDA:291,30,0,0
BRDA:291,30,1,0
BRDA:327,31,0,0
BRDA:327,31,1,0
BRDA:334,32,0,0
BRDA:334,32,1,0
BRDA:336,33,0,0
BRDA:336,33,1,0
BRDA:347,34,0,0
BRDA:347,34,1,0
BRDA:357,35,0,0
BRDA:357,35,1,0
BRDA:388,36,0,0
BRDA:388,36,1,0
BRDA:389,37,0,0
BRDA:389,37,1,0
BRDA:391,38,0,0
BRDA:391,38,1,0
BRDA:400,39,0,0
BRDA:400,39,1,0
BRDA:406,40,0,0
BRDA:406,40,1,0
BRF:83
BRH:0
end_of_record
TN:
SF:src/components/ProfileLinkStatusIndicator.js
FN:40,ProfileLinkStatusIndicator
FN:62,(anonymous_1)
FN:66,(anonymous_2)
FN:71,(anonymous_3)
FN:89,(anonymous_4)
FN:127,(anonymous_5)
FN:136,(anonymous_6)
FN:142,(anonymous_7)
FN:173,(anonymous_8)
FN:182,(anonymous_9)
FN:250,(anonymous_10)
FN:262,(anonymous_11)
FN:319,(anonymous_12)
FN:325,(anonymous_13)
FN:343,(anonymous_14)
FN:356,(anonymous_15)
FN:367,(anonymous_16)
FN:375,(anonymous_17)
FN:385,(anonymous_18)
FN:396,(anonymous_19)
FN:411,(anonymous_20)
FN:558,(anonymous_21)
FNF:22
FNH:0
FNDA:0,ProfileLinkStatusIndicator
FNDA:0,(anonymous_1)
FNDA:0,(anonymous_2)
FNDA:0,(anonymous_3)
FNDA:0,(anonymous_4)
FNDA:0,(anonymous_5)
FNDA:0,(anonymous_6)
FNDA:0,(anonymous_7)
FNDA:0,(anonymous_8)
FNDA:0,(anonymous_9)
FNDA:0,(anonymous_10)
FNDA:0,(anonymous_11)
FNDA:0,(anonymous_12)
FNDA:0,(anonymous_13)
FNDA:0,(anonymous_14)
FNDA:0,(anonymous_15)
FNDA:0,(anonymous_16)
FNDA:0,(anonymous_17)
FNDA:0,(anonymous_18)
FNDA:0,(anonymous_19)
FNDA:0,(anonymous_20)
FNDA:0,(anonymous_21)
DA:25,0
DA:28,0
DA:41,0
DA:42,0
DA:45,0
DA:46,0
DA:47,0
DA:48,0
DA:49,0
DA:50,0
DA:51,0
DA:52,0
DA:53,0
DA:54,0
DA:55,0
DA:58,0
DA:59,0
DA:60,0
DA:62,0
DA:63,0
DA:66,0
DA:68,0
DA:71,0
DA:72,0
DA:74,0
DA:75,0
DA:76,0
DA:81,0
DA:82,0
DA:91,0
DA:94,0
DA:95,0
DA:96,0
DA:99,0
DA:100,0
DA:108,0
DA:109,0
DA:111,0
DA:113,0
DA:119,0
DA:120,0
DA:128,0
DA:130,0
DA:131,0
DA:136,0
DA:137,0
DA:138,0
DA:142,0
DA:144,0
DA:145,0
DA:161,0
DA:162,0
DA:173,0
DA:174,0
DA:175,0
DA:176,0
DA:178,0
DA:182,0
DA:183,0
DA:184,0
DA:185,0
DA:186,0
DA:187,0
DA:188,0
DA:190,0
DA:193,0
DA:199,0
DA:200,0
DA:201,0
DA:205,0
DA:206,0
DA:207,0
DA:208,0
DA:211,0
DA:213,0
DA:214,0
DA:215,0
DA:216,0
DA:220,0
DA:221,0
DA:225,0
DA:227,0
DA:231,0
DA:232,0
DA:235,0
DA:241,0
DA:242,0
DA:245,0
DA:247,0
DA:250,0
DA:251,0
DA:263,0
DA:268,0
DA:272,0
DA:279,0
DA:280,0
DA:283,0
DA:284,0
DA:290,0
DA:291,0
DA:295,0
DA:298,0
DA:299,0
DA:304,0
DA:305,0
DA:314,0
DA:316,0
DA:319,0
DA:320,0
DA:321,0
DA:322,0
DA:325,0
DA:326,0
DA:329,0
DA:330,0
DA:331,0
DA:332,0
DA:334,0
DA:335,0
DA:339,0
DA:342,0
DA:343,0
DA:344,0
DA:345,0
DA:346,0
DA:347,0
DA:352,0
DA:353,0
DA:356,0
DA:357,0
DA:358,0
DA:359,0
DA:360,0
DA:361,0
DA:363,0
DA:367,0
DA:368,0
DA:369,0
DA:372,0
DA:373,0
DA:375,0
DA:376,0
DA:377,0
DA:379,0
DA:380,0
DA:385,0
DA:386,0
DA:387,0
DA:396,0
DA:397,0
DA:400,0
DA:401,0
DA:404,0
DA:405,0
DA:409,0
DA:411,0
DA:412,0
DA:413,0
DA:414,0
DA:416,0
DA:421,0
DA:443,0
DA:444,0
DA:448,0
DA:449,0
DA:454,0
DA:458,0
DA:538,0
DA:539,0
DA:543,0
DA:558,0
DA:569,0
DA:592,0
LF:173
LH:0
BRDA:41,0,0,0
BRDA:41,0,1,0
BRDA:68,1,0,0
BRDA:68,1,1,0
BRDA:74,2,0,0
BRDA:74,2,1,0
BRDA:91,3,0,0
BRDA:91,3,1,0
BRDA:91,4,0,0
BRDA:91,4,1,0
BRDA:94,5,0,0
BRDA:94,5,1,0
BRDA:94,6,0,0
BRDA:94,6,1,0
BRDA:99,7,0,0
BRDA:99,7,1,0
BRDA:99,8,0,0
BRDA:99,8,1,0
BRDA:99,8,2,0
BRDA:101,9,0,0
BRDA:101,9,1,0
BRDA:108,10,0,0
BRDA:108,10,1,0
BRDA:111,11,0,0
BRDA:111,11,1,0
BRDA:128,12,0,0
BRDA:128,12,1,0
BRDA:144,13,0,0
BRDA:144,13,1,0
BRDA:161,14,0,0
BRDA:161,14,1,0
BRDA:174,15,0,0
BRDA:174,15,1,0
BRDA:174,16,0,0
BRDA:174,16,1,0
BRDA:176,17,0,0
BRDA:176,17,1,0
BRDA:186,18,0,0
BRDA:186,18,1,0
BRDA:199,19,0,0
BRDA:199,19,1,0
BRDA:205,20,0,0
BRDA:205,20,1,0
BRDA:207,21,0,0
BRDA:207,21,1,0
BRDA:213,22,0,0
BRDA:213,22,1,0
BRDA:215,23,0,0
BRDA:215,23,1,0
BRDA:220,24,0,0
BRDA:220,24,1,0
BRDA:225,25,0,0
BRDA:225,25,1,0
BRDA:231,26,0,0
BRDA:231,26,1,0
BRDA:232,27,0,0
BRDA:232,27,1,0
BRDA:245,28,0,0
BRDA:245,28,1,0
BRDA:279,29,0,0
BRDA:279,29,1,0
BRDA:279,30,0,0
BRDA:279,30,1,0
BRDA:283,31,0,0
BRDA:283,31,1,0
BRDA:290,32,0,0
BRDA:290,32,1,0
BRDA:298,33,0,0
BRDA:298,33,1,0
BRDA:298,34,0,0
BRDA:298,34,1,0
BRDA:304,35,0,0
BRDA:304,35,1,0
BRDA:304,36,0,0
BRDA:304,36,1,0
BRDA:326,37,0,0
BRDA:326,37,1,0
BRDA:329,38,0,0
BRDA:329,38,1,0
BRDA:331,39,0,0
BRDA:331,39,1,0
BRDA:332,40,0,0
BRDA:332,40,1,0
BRDA:334,41,0,0
BRDA:334,41,1,0
BRDA:335,42,0,0
BRDA:335,42,1,0
BRDA:342,43,0,0
BRDA:342,43,1,0
BRDA:342,44,0,0
BRDA:342,44,1,0
BRDA:344,45,0,0
BRDA:344,45,1,0
BRDA:346,46,0,0
BRDA:346,46,1,0
BRDA:346,47,0,0
BRDA:346,47,1,0
BRDA:347,48,0,0
BRDA:347,48,1,0
BRDA:352,49,0,0
BRDA:352,49,1,0
BRDA:359,50,0,0
BRDA:359,50,1,0
BRDA:369,51,0,0
BRDA:369,51,1,0
BRDA:371,52,0,0
BRDA:371,52,1,0
BRDA:372,53,0,0
BRDA:372,53,1,0
BRDA:376,54,0,0
BRDA:376,54,1,0
BRDA:386,55,0,0
BRDA:386,55,1,0
BRDA:400,56,0,0
BRDA:400,56,1,0
BRDA:404,57,0,0
BRDA:404,57,1,0
BRDA:409,58,0,0
BRDA:409,58,1,0
BRDA:409,59,0,0
BRDA:409,59,1,0
BRDA:409,59,2,0
BRDA:411,60,0,0
BRDA:411,60,1,0
BRDA:412,61,0,0
BRDA:412,61,1,0
BRDA:413,62,0,0
BRDA:413,62,1,0
BRDA:443,63,0,0
BRDA:443,63,1,0
BRDA:443,64,0,0
BRDA:443,64,1,0
BRDA:448,65,0,0
BRDA:448,65,1,0
BRDA:454,66,0,0
BRDA:454,66,1,0
BRDA:456,67,0,0
BRDA:456,67,1,0
BRDA:494,68,0,0
BRDA:494,68,1,0
BRDA:501,69,0,0
BRDA:501,69,1,0
BRDA:538,70,0,0
BRDA:538,70,1,0
BRDA:539,71,0,0
BRDA:539,71,1,0
BRDA:541,72,0,0
BRDA:541,72,1,0
BRF:148
BRH:0
end_of_record
TN:
SF:src/components/ProfileMatchCard.js
FN:32,(anonymous_0)
FN:37,(anonymous_1)
FN:41,(anonymous_2)
FN:45,(anonymous_3)
FN:53,(anonymous_4)
FNF:5
FNH:0
FNDA:0,(anonymous_0)
FNDA:0,(anonymous_1)
FNDA:0,(anonymous_2)
FNDA:0,(anonymous_3)
FNDA:0,(anonymous_4)
DA:8,0
DA:17,0
DA:32,0
DA:33,0
DA:34,0
DA:37,0
DA:38,0
DA:41,0
DA:42,0
DA:43,0
DA:45,0
DA:46,0
DA:47,0
DA:50,0
DA:53,0
DA:104,0
LF:16
LH:0
BRDA:33,0,0,0
BRDA:33,0,1,0
BRDA:38,1,0,0
BRDA:38,1,1,0
BRDA:55,2,0,0
BRDA:55,2,1,0
BRDA:56,3,0,0
BRDA:56,3,1,0
BRDA:62,4,0,0
BRDA:62,4,1,0
BRDA:83,5,0,0
BRDA:83,5,1,0
BRDA:94,6,0,0
BRDA:94,6,1,0
BRF:14
BRH:0
end_of_record
TN:
SF:src/components/ProfileSheet.js
FN:104,(anonymous_0)
FN:138,(anonymous_1)
FN:140,(anonymous_2)
FN:141,(anonymous_3)
FN:142,(anonymous_4)
FN:143,(anonymous_5)
FN:166,(anonymous_6)
FN:179,(anonymous_7)
FN:180,(anonymous_8)
FN:217,(anonymous_9)
FN:226,(anonymous_10)
FN:229,(anonymous_11)
FN:232,(anonymous_12)
FN:234,(anonymous_13)
FN:251,(anonymous_14)
FN:257,(anonymous_15)
FN:264,(anonymous_16)
FN:270,(anonymous_17)
FN:276,(anonymous_18)
FN:282,(anonymous_19)
FN:290,(anonymous_20)
FN:291,(anonymous_21)
FN:296,(anonymous_22)
FN:300,(anonymous_23)
FN:311,(anonymous_24)
FN:312,(anonymous_25)
FN:314,(anonymous_26)
FN:320,(anonymous_27)
FN:323,(anonymous_28)
FN:327,(anonymous_29)
FN:333,(anonymous_30)
FN:359,(anonymous_31)
FN:399,(anonymous_32)
FN:408,(anonymous_33)
FN:412,(anonymous_34)
FN:416,(anonymous_35)
FN:425,(anonymous_36)
FN:437,(anonymous_37)
FN:446,(anonymous_38)
FN:459,(anonymous_39)
FN:474,(anonymous_40)
FN:502,(anonymous_41)
FN:509,(anonymous_42)
FN:559,(anonymous_43)
FN:568,(anonymous_44)
FN:583,(anonymous_45)
FN:654,(anonymous_46)
FN:666,(anonymous_47)
FN:722,(anonymous_48)
FN:726,(anonymous_49)
FN:736,(anonymous_50)
FN:742,(anonymous_51)
FN:753,(anonymous_52)
FN:797,(anonymous_53)
FN:805,(anonymous_54)
FN:809,(anonymous_55)
FN:816,(anonymous_56)
FN:823,(anonymous_57)
FN:828,(anonymous_58)
FN:835,(anonymous_59)
FN:843,(anonymous_60)
FN:856,(anonymous_61)
FN:872,(anonymous_62)
FN:889,(anonymous_63)
FN:973,(anonymous_64)
FN:977,(anonymous_65)
FN:1069,(anonymous_66)
FN:1107,(anonymous_67)
FN:1160,(anonymous_68)
FN:1193,(anonymous_69)
FN:1208,(anonymous_70)
FN:1208,(anonymous_71)
FN:1281,(anonymous_72)
FN:1294,(anonymous_73)
FN:1307,(anonymous_74)
FN:1323,(anonymous_75)
FN:1342,(anonymous_76)
FN:1367,(anonymous_77)
FN:1387,(anonymous_78)
FN:1411,(anonymous_79)
FN:1432,(anonymous_80)
FN:1447,(anonymous_81)
FN:1460,(anonymous_82)
FN:1473,(anonymous_83)
FN:1486,(anonymous_84)
FN:1500,(anonymous_85)
FN:1514,(anonymous_86)
FN:1531,(anonymous_87)
FN:1543,(anonymous_88)
FN:1566,(anonymous_89)
FN:1589,(anonymous_90)
FN:1615,(anonymous_91)
FN:1624,(anonymous_92)
FN:1643,(anonymous_93)
FN:1650,(anonymous_94)
FN:1654,(anonymous_95)
FN:1665,(anonymous_96)
FN:1691,(anonymous_97)
FN:1700,(anonymous_98)
FN:1845,(anonymous_99)
FN:1867,(anonymous_100)
FN:1874,(anonymous_101)
FN:1878,(anonymous_102)
FN:1889,(anonymous_103)
FN:1909,(anonymous_104)
FN:1918,(anonymous_105)
FN:1985,(anonymous_106)
FN:1994,(anonymous_107)
FN:2008,(anonymous_108)
FN:2016,(anonymous_109)
FN:2026,(anonymous_110)
FN:2034,(anonymous_111)
FN:2042,(anonymous_112)
FN:2050,(anonymous_113)
FN:2066,(anonymous_114)
FN:2085,(anonymous_115)
FN:2095,(anonymous_116)
FN:2118,(anonymous_117)
FN:2135,(anonymous_118)
FN:2157,(anonymous_119)
FN:2176,(anonymous_120)
FN:2197,(anonymous_121)
FN:2221,(anonymous_122)
FN:2224,(anonymous_123)
FN:2260,(anonymous_124)
FN:2277,(anonymous_125)
FN:2286,(anonymous_126)
FN:2288,(anonymous_127)
FN:2298,(anonymous_128)
FN:2301,(anonymous_129)
FN:2304,(anonymous_130)
FN:2326,(anonymous_131)
FNF:132
FNH:0
FNDA:0,(anonymous_0)
FNDA:0,(anonymous_1)
FNDA:0,(anonymous_2)
FNDA:0,(anonymous_3)
FNDA:0,(anonymous_4)
FNDA:0,(anonymous_5)
FNDA:0,(anonymous_6)
FNDA:0,(anonymous_7)
FNDA:0,(anonymous_8)
FNDA:0,(anonymous_9)
FNDA:0,(anonymous_10)
FNDA:0,(anonymous_11)
FNDA:0,(anonymous_12)
FNDA:0,(anonymous_13)
FNDA:0,(anonymous_14)
FNDA:0,(anonymous_15)
FNDA:0,(anonymous_16)
FNDA:0,(anonymous_17)
FNDA:0,(anonymous_18)
FNDA:0,(anonymous_19)
FNDA:0,(anonymous_20)
FNDA:0,(anonymous_21)
FNDA:0,(anonymous_22)
FNDA:0,(anonymous_23)
FNDA:0,(anonymous_24)
FNDA:0,(anonymous_25)
FNDA:0,(anonymous_26)
FNDA:0,(anonymous_27)
FNDA:0,(anonymous_28)
FNDA:0,(anonymous_29)
FNDA:0,(anonymous_30)
FNDA:0,(anonymous_31)
FNDA:0,(anonymous_32)
FNDA:0,(anonymous_33)
FNDA:0,(anonymous_34)
FNDA:0,(anonymous_35)
FNDA:0,(anonymous_36)
FNDA:0,(anonymous_37)
FNDA:0,(anonymous_38)
FNDA:0,(anonymous_39)
FNDA:0,(anonymous_40)
FNDA:0,(anonymous_41)
FNDA:0,(anonymous_42)
FNDA:0,(anonymous_43)
FNDA:0,(anonymous_44)
FNDA:0,(anonymous_45)
FNDA:0,(anonymous_46)
FNDA:0,(anonymous_47)
FNDA:0,(anonymous_48)
FNDA:0,(anonymous_49)
FNDA:0,(anonymous_50)
FNDA:0,(anonymous_51)
FNDA:0,(anonymous_52)
FNDA:0,(anonymous_53)
FNDA:0,(anonymous_54)
FNDA:0,(anonymous_55)
FNDA:0,(anonymous_56)
FNDA:0,(anonymous_57)
FNDA:0,(anonymous_58)
FNDA:0,(anonymous_59)
FNDA:0,(anonymous_60)
FNDA:0,(anonymous_61)
FNDA:0,(anonymous_62)
FNDA:0,(anonymous_63)
FNDA:0,(anonymous_64)
FNDA:0,(anonymous_65)
FNDA:0,(anonymous_66)
FNDA:0,(anonymous_67)
FNDA:0,(anonymous_68)
FNDA:0,(anonymous_69)
FNDA:0,(anonymous_70)
FNDA:0,(anonymous_71)
FNDA:0,(anonymous_72)
FNDA:0,(anonymous_73)
FNDA:0,(anonymous_74)
FNDA:0,(anonymous_75)
FNDA:0,(anonymous_76)
FNDA:0,(anonymous_77)
FNDA:0,(anonymous_78)
FNDA:0,(anonymous_79)
FNDA:0,(anonymous_80)
FNDA:0,(anonymous_81)
FNDA:0,(anonymous_82)
FNDA:0,(anonymous_83)
FNDA:0,(anonymous_84)
FNDA:0,(anonymous_85)
FNDA:0,(anonymous_86)
FNDA:0,(anonymous_87)
FNDA:0,(anonymous_88)
FNDA:0,(anonymous_89)
FNDA:0,(anonymous_90)
FNDA:0,(anonymous_91)
FNDA:0,(anonymous_92)
FNDA:0,(anonymous_93)
FNDA:0,(anonymous_94)
FNDA:0,(anonymous_95)
FNDA:0,(anonymous_96)
FNDA:0,(anonymous_97)
FNDA:0,(anonymous_98)
FNDA:0,(anonymous_99)
FNDA:0,(anonymous_100)
FNDA:0,(anonymous_101)
FNDA:0,(anonymous_102)
FNDA:0,(anonymous_103)
FNDA:0,(anonymous_104)
FNDA:0,(anonymous_105)
FNDA:0,(anonymous_106)
FNDA:0,(anonymous_107)
FNDA:0,(anonymous_108)
FNDA:0,(anonymous_109)
FNDA:0,(anonymous_110)
FNDA:0,(anonymous_111)
FNDA:0,(anonymous_112)
FNDA:0,(anonymous_113)
FNDA:0,(anonymous_114)
FNDA:0,(anonymous_115)
FNDA:0,(anonymous_116)
FNDA:0,(anonymous_117)
FNDA:0,(anonymous_118)
FNDA:0,(anonymous_119)
FNDA:0,(anonymous_120)
FNDA:0,(anonymous_121)
FNDA:0,(anonymous_122)
FNDA:0,(anonymous_123)
FNDA:0,(anonymous_124)
FNDA:0,(anonymous_125)
FNDA:0,(anonymous_126)
FNDA:0,(anonymous_127)
FNDA:0,(anonymous_128)
FNDA:0,(anonymous_129)
FNDA:0,(anonymous_130)
FNDA:0,(anonymous_131)
DA:99,0
DA:101,0
DA:104,0
DA:105,0
DA:107,0
DA:108,0
DA:111,0
DA:112,0
DA:113,0
DA:114,0
DA:115,0
DA:119,0
DA:120,0
DA:121,0
DA:124,0
DA:127,0
DA:138,0
DA:140,0
DA:141,0
DA:142,0
DA:143,0
DA:144,0
DA:145,0
DA:146,0
DA:147,0
DA:148,0
DA:149,0
DA:150,0
DA:151,0
DA:152,0
DA:153,0
DA:154,0
DA:155,0
DA:156,0
DA:157,0
DA:158,0
DA:159,0
DA:160,0
DA:161,0
DA:162,0
DA:163,0
DA:166,0
DA:169,0
DA:172,0
DA:178,0
DA:179,0
DA:181,0
DA:183,0
DA:184,0
DA:194,0
DA:198,0
DA:201,0
DA:202,0
DA:205,0
DA:206,0
DA:207,0
DA:208,0
DA:211,0
DA:213,0
DA:214,0
DA:217,0
DA:218,0
DA:219,0
DA:223,0
DA:226,0
DA:229,0
DA:230,0
DA:231,0
DA:232,0
DA:234,0
DA:238,0
DA:239,0
DA:248,0
DA:251,0
DA:252,0
DA:253,0
DA:256,0
DA:257,0
DA:261,0
DA:264,0
DA:265,0
DA:266,0
DA:269,0
DA:270,0
DA:273,0
DA:276,0
DA:277,0
DA:278,0
DA:281,0
DA:282,0
DA:286,0
DA:290,0
DA:291,0
DA:292,0
DA:293,0
DA:294,0
DA:296,0
DA:300,0
DA:301,0
DA:304,0
DA:305,0
DA:309,0
DA:310,0
DA:311,0
DA:312,0
DA:313,0
DA:314,0
DA:316,0
DA:317,0
DA:320,0
DA:321,0
DA:322,0
DA:323,0
DA:324,0
DA:327,0
DA:329,0
DA:333,0
DA:334,0
DA:336,0
DA:337,0
DA:340,0
DA:341,0
DA:342,0
DA:343,0
DA:344,0
DA:347,0
DA:349,0
DA:350,0
DA:352,0
DA:354,0
DA:358,0
DA:360,0
DA:363,0
DA:367,0
DA:369,0
DA:370,0
DA:372,0
DA:375,0
DA:379,0
DA:382,0
DA:390,0
DA:391,0
DA:398,0
DA:400,0
DA:408,0
DA:409,0
DA:410,0
DA:411,0
DA:412,0
DA:416,0
DA:417,0
DA:418,0
DA:425,0
DA:426,0
DA:427,0
DA:428,0
DA:436,0
DA:438,0
DA:439,0
DA:445,0
DA:447,0
DA:459,0
DA:460,0
DA:461,0
DA:463,0
DA:465,0
DA:467,0
DA:468,0
DA:469,0
DA:474,0
DA:475,0
DA:477,0
DA:478,0
DA:479,0
DA:491,0
DA:492,0
DA:495,0
DA:497,0
DA:502,0
DA:503,0
DA:504,0
DA:509,0
DA:510,0
DA:512,0
DA:514,0
DA:553,0
DA:554,0
DA:559,0
DA:560,0
DA:568,0
DA:569,0
DA:571,0
DA:572,0
DA:575,0
DA:579,0
DA:583,0
DA:584,0
DA:586,0
DA:587,0
DA:589,0
DA:590,0
DA:591,0
DA:592,0
DA:593,0
DA:594,0
DA:599,0
DA:631,0
DA:637,0
DA:639,0
DA:640,0
DA:642,0
DA:646,0
DA:647,0
DA:651,0
DA:654,0
DA:655,0
DA:658,0
DA:659,0
DA:661,0
DA:666,0
DA:667,0
DA:669,0
DA:670,0
DA:671,0
DA:672,0
DA:673,0
DA:674,0
DA:677,0
DA:680,0
DA:686,0
DA:687,0
DA:688,0
DA:689,0
DA:692,0
DA:693,0
DA:696,0
DA:701,0
DA:702,0
DA:703,0
DA:704,0
DA:707,0
DA:709,0
DA:710,0
DA:712,0
DA:713,0
DA:716,0
DA:717,0
DA:722,0
DA:723,0
DA:726,0
DA:727,0
DA:728,0
DA:729,0
DA:731,0
DA:736,0
DA:737,0
DA:738,0
DA:742,0
DA:743,0
DA:744,0
DA:745,0
DA:746,0
DA:748,0
DA:753,0
DA:754,0
DA:755,0
DA:756,0
DA:758,0
DA:767,0
DA:768,0
DA:773,0
DA:774,0
DA:775,0
DA:780,0
DA:783,0
DA:784,0
DA:785,0
DA:790,0
DA:794,0
DA:795,0
DA:796,0
DA:797,0
DA:798,0
DA:799,0
DA:802,0
DA:803,0
DA:804,0
DA:805,0
DA:808,0
DA:809,0
DA:813,0
DA:814,0
DA:815,0
DA:816,0
DA:820,0
DA:821,0
DA:822,0
DA:823,0
DA:827,0
DA:828,0
DA:830,0
DA:832,0
DA:835,0
DA:843,0
DA:844,0
DA:845,0
DA:857,0
DA:858,0
DA:859,0
DA:865,0
DA:866,0
DA:867,0
DA:872,0
DA:873,0
DA:874,0
DA:875,0
DA:876,0
DA:877,0
DA:879,0
DA:880,0
DA:882,0
DA:886,0
DA:889,0
DA:890,0
DA:892,0
DA:894,0
DA:895,0
DA:928,0
DA:963,0
DA:974,0
DA:976,0
DA:977,0
DA:979,0
DA:980,0
DA:984,0
DA:1070,0
DA:1108,0
DA:1160,0
DA:1194,0
DA:1208,0
DA:1282,0
DA:1295,0
DA:1308,0
DA:1324,0
DA:1343,0
DA:1368,0
DA:1388,0
DA:1412,0
DA:1433,0
DA:1448,0
DA:1461,0
DA:1474,0
DA:1487,0
DA:1501,0
DA:1515,0
DA:1532,0
DA:1544,0
DA:1567,0
DA:1590,0
DA:1616,0
DA:1625,0
DA:1643,0
DA:1651,0
DA:1655,0
DA:1667,0
DA:1670,0
DA:1671,0
DA:1675,0
DA:1676,0
DA:1681,0
DA:1692,0
DA:1701,0
DA:1702,0
DA:1705,0
DA:1706,0
DA:1711,0
DA:1845,0
DA:1867,0
DA:1875,0
DA:1879,0
DA:1891,0
DA:1894,0
DA:1895,0
DA:1899,0
DA:1900,0
DA:1902,0
DA:1910,0
DA:1919,0
DA:1920,0
DA:1923,0
DA:1924,0
DA:1926,0
DA:1986,0
DA:1995,0
DA:1997,0
DA:2001,0
DA:2003,0
DA:2008,0
DA:2017,0
DA:2026,0
DA:2034,0
DA:2042,0
DA:2050,0
DA:2067,0
DA:2086,0
DA:2096,0
DA:2118,0
DA:2135,0
DA:2157,0
DA:2176,0
DA:2197,0
DA:2222,0
DA:2224,0
DA:2261,0
DA:2277,0
DA:2286,0
DA:2289,0
DA:2290,0
DA:2298,0
DA:2302,0
DA:2304,0
DA:2305,0
DA:2306,0
DA:2312,0
DA:2314,0
DA:2317,0
DA:2320,0
DA:2327,0
DA:2328,0
DA:2338,0
LF:430
LH:0
BRDA:105,0,0,0
BRDA:105,0,1,0
BRDA:113,1,0,0
BRDA:113,1,1,0
BRDA:119,2,0,0
BRDA:119,2,1,0
BRDA:120,3,0,0
BRDA:120,3,1,0
BRDA:138,4,0,0
BRDA:181,5,0,0
BRDA:181,5,1,0
BRDA:181,6,0,0
BRDA:181,6,1,0
BRDA:194,7,0,0
BRDA:194,7,1,0
BRDA:194,8,0,0
BRDA:194,8,1,0
BRDA:202,9,0,0
BRDA:202,9,1,0
BRDA:218,10,0,0
BRDA:218,10,1,0
BRDA:218,11,0,0
BRDA:218,11,1,0
BRDA:231,12,0,0
BRDA:231,12,1,0
BRDA:231,13,0,0
BRDA:231,13,1,0
BRDA:238,14,0,0
BRDA:238,14,1,0
BRDA:244,15,0,0
BRDA:244,15,1,0
BRDA:244,16,0,0
BRDA:244,16,1,0
BRDA:252,17,0,0
BRDA:252,17,1,0
BRDA:253,18,0,0
BRDA:253,18,1,0
BRDA:256,19,0,0
BRDA:256,19,1,0
BRDA:256,20,0,0
BRDA:256,20,1,0
BRDA:265,21,0,0
BRDA:265,21,1,0
BRDA:266,22,0,0
BRDA:266,22,1,0
BRDA:269,23,0,0
BRDA:269,23,1,0
BRDA:269,24,0,0
BRDA:269,24,1,0
BRDA:277,25,0,0
BRDA:277,25,1,0
BRDA:278,26,0,0
BRDA:278,26,1,0
BRDA:281,27,0,0
BRDA:281,27,1,0
BRDA:281,28,0,0
BRDA:281,28,1,0
BRDA:292,29,0,0
BRDA:292,29,1,0
BRDA:293,30,0,0
BRDA:293,30,1,0
BRDA:294,31,0,0
BRDA:294,31,1,0
BRDA:301,32,0,0
BRDA:301,32,1,0
BRDA:304,33,0,0
BRDA:304,33,1,0
BRDA:304,34,0,0
BRDA:304,34,1,0
BRDA:309,35,0,0
BRDA:309,35,1,0
BRDA:321,36,0,0
BRDA:321,36,1,0
BRDA:321,37,0,0
BRDA:321,37,1,0
BRDA:322,38,0,0
BRDA:322,38,1,0
BRDA:323,39,0,0
BRDA:323,39,1,0
BRDA:334,40,0,0
BRDA:334,40,1,0
BRDA:342,41,0,0
BRDA:342,41,1,0
BRDA:349,42,0,0
BRDA:349,42,1,0
BRDA:350,43,0,0
BRDA:350,43,1,0
BRDA:367,44,0,0
BRDA:367,44,1,0
BRDA:370,45,0,0
BRDA:370,45,1,0
BRDA:390,46,0,0
BRDA:390,46,1,0
BRDA:417,47,0,0
BRDA:417,47,1,0
BRDA:426,48,0,0
BRDA:426,48,1,0
BRDA:460,49,0,0
BRDA:460,49,1,0
BRDA:475,50,0,0
BRDA:475,50,1,0
BRDA:491,51,0,0
BRDA:491,51,1,0
BRDA:491,52,0,0
BRDA:491,52,1,0
BRDA:503,53,0,0
BRDA:503,53,1,0
BRDA:510,54,0,0
BRDA:510,54,1,0
BRDA:510,55,0,0
BRDA:510,55,1,0
BRDA:510,55,2,0
BRDA:516,56,0,0
BRDA:516,56,1,0
BRDA:517,57,0,0
BRDA:517,57,1,0
BRDA:518,58,0,0
BRDA:518,58,1,0
BRDA:519,59,0,0
BRDA:519,59,1,0
BRDA:520,60,0,0
BRDA:520,60,1,0
BRDA:523,61,0,0
BRDA:523,61,1,0
BRDA:524,62,0,0
BRDA:524,62,1,0
BRDA:525,63,0,0
BRDA:525,63,1,0
BRDA:528,64,0,0
BRDA:528,64,1,0
BRDA:529,65,0,0
BRDA:529,65,1,0
BRDA:532,66,0,0
BRDA:532,66,1,0
BRDA:532,66,2,0
BRDA:533,67,0,0
BRDA:533,67,1,0
BRDA:534,68,0,0
BRDA:534,68,1,0
BRDA:535,69,0,0
BRDA:535,69,1,0
BRDA:536,70,0,0
BRDA:536,70,1,0
BRDA:539,71,0,0
BRDA:539,71,1,0
BRDA:540,72,0,0
BRDA:540,72,1,0
BRDA:541,73,0,0
BRDA:541,73,1,0
BRDA:542,74,0,0
BRDA:542,74,1,0
BRDA:545,75,0,0
BRDA:545,75,1,0
BRDA:546,76,0,0
BRDA:546,76,1,0
BRDA:549,77,0,0
BRDA:549,77,1,0
BRDA:550,78,0,0
BRDA:550,78,1,0
BRDA:551,79,0,0
BRDA:551,79,1,0
BRDA:561,80,0,0
BRDA:561,80,1,0
BRDA:569,81,0,0
BRDA:569,81,1,0
BRDA:584,82,0,0
BRDA:584,82,1,0
BRDA:584,83,0,0
BRDA:584,83,1,0
BRDA:589,84,0,0
BRDA:589,84,1,0
BRDA:589,85,0,0
BRDA:589,85,1,0
BRDA:591,86,0,0
BRDA:591,86,1,0
BRDA:602,87,0,0
BRDA:602,87,1,0
BRDA:603,88,0,0
BRDA:603,88,1,0
BRDA:604,89,0,0
BRDA:604,89,1,0
BRDA:605,90,0,0
BRDA:605,90,1,0
BRDA:606,91,0,0
BRDA:606,91,1,0
BRDA:607,92,0,0
BRDA:607,92,1,0
BRDA:608,93,0,0
BRDA:608,93,1,0
BRDA:609,94,0,0
BRDA:609,94,1,0
BRDA:610,95,0,0
BRDA:610,95,1,0
BRDA:611,96,0,0
BRDA:611,96,1,0
BRDA:613,97,0,0
BRDA:613,97,1,0
BRDA:633,98,0,0
BRDA:633,98,1,0
BRDA:637,99,0,0
BRDA:637,99,1,0
BRDA:639,100,0,0
BRDA:639,100,1,0
BRDA:646,101,0,0
BRDA:646,101,1,0
BRDA:667,102,0,0
BRDA:667,102,1,0
BRDA:671,103,0,0
BRDA:671,103,1,0
BRDA:686,104,0,0
BRDA:686,104,1,0
BRDA:686,105,0,0
BRDA:686,105,1,0
BRDA:701,106,0,0
BRDA:701,106,1,0
BRDA:707,107,0,0
BRDA:707,107,1,0
BRDA:737,108,0,0
BRDA:737,108,1,0
BRDA:737,109,0,0
BRDA:737,109,1,0
BRDA:767,110,0,0
BRDA:767,110,1,0
BRDA:773,111,0,0
BRDA:773,111,1,0
BRDA:783,112,0,0
BRDA:783,112,1,0
BRDA:794,113,0,0
BRDA:794,113,1,0
BRDA:794,114,0,0
BRDA:794,114,1,0
BRDA:794,114,2,0
BRDA:794,114,3,0
BRDA:802,115,0,0
BRDA:802,115,1,0
BRDA:803,116,0,0
BRDA:803,116,1,0
BRDA:813,117,0,0
BRDA:813,117,1,0
BRDA:813,118,0,0
BRDA:813,118,1,0
BRDA:820,119,0,0
BRDA:820,119,1,0
BRDA:820,120,0,0
BRDA:820,120,1,0
BRDA:838,121,0,0
BRDA:838,121,1,0
BRDA:844,122,0,0
BRDA:844,122,1,0
BRDA:873,123,0,0
BRDA:873,123,1,0
BRDA:877,124,0,0
BRDA:877,124,1,0
BRDA:886,125,0,0
BRDA:886,125,1,0
BRDA:890,126,0,0
BRDA:890,126,1,0
BRDA:892,127,0,0
BRDA:892,127,1,0
BRDA:892,127,2,0
BRDA:892,127,3,0
BRDA:894,128,0,0
BRDA:894,128,1,0
BRDA:910,129,0,0
BRDA:910,129,1,0
BRDA:917,130,0,0
BRDA:917,130,1,0
BRDA:943,131,0,0
BRDA:943,131,1,0
BRDA:950,132,0,0
BRDA:950,132,1,0
BRDA:976,133,0,0
BRDA:976,133,1,0
BRDA:979,134,0,0
BRDA:979,134,1,0
BRDA:989,135,0,0
BRDA:989,135,1,0
BRDA:992,136,0,0
BRDA:992,136,1,0
BRDA:1006,137,0,0
BRDA:1006,137,1,0
BRDA:1010,138,0,0
BRDA:1010,138,1,0
BRDA:1040,139,0,0
BRDA:1040,139,1,0
BRDA:1040,139,2,0
BRDA:1040,139,3,0
BRDA:1044,140,0,0
BRDA:1044,140,1,0
BRDA:1051,141,0,0
BRDA:1051,141,1,0
BRDA:1051,141,2,0
BRDA:1051,141,3,0
BRDA:1065,142,0,0
BRDA:1065,142,1,0
BRDA:1068,143,0,0
BRDA:1068,143,1,0
BRDA:1077,144,0,0
BRDA:1077,144,1,0
BRDA:1104,145,0,0
BRDA:1104,145,1,0
BRDA:1106,146,0,0
BRDA:1106,146,1,0
BRDA:1116,147,0,0
BRDA:1116,147,1,0
BRDA:1125,148,0,0
BRDA:1125,148,1,0
BRDA:1125,148,2,0
BRDA:1141,149,0,0
BRDA:1141,149,1,0
BRDA:1141,149,2,0
BRDA:1157,150,0,0
BRDA:1157,150,1,0
BRDA:1182,151,0,0
BRDA:1182,151,1,0
BRDA:1190,152,0,0
BRDA:1190,152,1,0
BRDA:1192,153,0,0
BRDA:1192,153,1,0
BRDA:1198,154,0,0
BRDA:1198,154,1,0
BRDA:1202,155,0,0
BRDA:1202,155,1,0
BRDA:1206,156,0,0
BRDA:1206,156,1,0
BRDA:1212,157,0,0
BRDA:1212,157,1,0
BRDA:1223,158,0,0
BRDA:1223,158,1,0
BRDA:1229,159,0,0
BRDA:1229,159,1,0
BRDA:1237,160,0,0
BRDA:1237,160,1,0
BRDA:1245,161,0,0
BRDA:1245,161,1,0
BRDA:1253,162,0,0
BRDA:1253,162,1,0
BRDA:1260,163,0,0
BRDA:1260,163,1,0
BRDA:1273,164,0,0
BRDA:1273,164,1,0
BRDA:1280,165,0,0
BRDA:1280,165,1,0
BRDA:1293,166,0,0
BRDA:1293,166,1,0
BRDA:1306,167,0,0
BRDA:1306,167,1,0
BRDA:1321,168,0,0
BRDA:1321,168,1,0
BRDA:1330,169,0,0
BRDA:1330,169,1,0
BRDA:1340,170,0,0
BRDA:1340,170,1,0
BRDA:1349,171,0,0
BRDA:1349,171,1,0
BRDA:1365,172,0,0
BRDA:1365,172,1,0
BRDA:1374,173,0,0
BRDA:1374,173,1,0
BRDA:1384,174,0,0
BRDA:1384,174,1,0
BRDA:1394,175,0,0
BRDA:1394,175,1,0
BRDA:1405,176,0,0
BRDA:1405,176,1,0
BRDA:1446,177,0,0
BRDA:1446,177,1,0
BRDA:1459,178,0,0
BRDA:1459,178,1,0
BRDA:1472,179,0,0
BRDA:1472,179,1,0
BRDA:1485,180,0,0
BRDA:1485,180,1,0
BRDA:1499,181,0,0
BRDA:1499,181,1,0
BRDA:1513,182,0,0
BRDA:1513,182,1,0
BRDA:1530,183,0,0
BRDA:1530,183,1,0
BRDA:1540,184,0,0
BRDA:1540,184,1,0
BRDA:1553,185,0,0
BRDA:1553,185,1,0
BRDA:1563,186,0,0
BRDA:1563,186,1,0
BRDA:1576,187,0,0
BRDA:1576,187,1,0
BRDA:1586,188,0,0
BRDA:1586,188,1,0
BRDA:1599,189,0,0
BRDA:1599,189,1,0
BRDA:1610,190,0,0
BRDA:1610,190,1,0
BRDA:1635,191,0,0
BRDA:1635,191,1,0
BRDA:1639,192,0,0
BRDA:1639,192,1,0
BRDA:1648,193,0,0
BRDA:1648,193,1,0
BRDA:1658,194,0,0
BRDA:1658,194,1,0
BRDA:1659,195,0,0
BRDA:1659,195,1,0
BRDA:1660,196,0,0
BRDA:1660,196,1,0
BRDA:1661,197,0,0
BRDA:1661,197,1,0
BRDA:1661,198,0,0
BRDA:1661,198,1,0
BRDA:1667,199,0,0
BRDA:1667,199,1,0
BRDA:1728,200,0,0
BRDA:1728,200,1,0
BRDA:1729,201,0,0
BRDA:1729,201,1,0
BRDA:1730,202,0,0
BRDA:1730,202,1,0
BRDA:1733,203,0,0
BRDA:1733,203,1,0
BRDA:1738,204,0,0
BRDA:1738,204,1,0
BRDA:1748,205,0,0
BRDA:1748,205,1,0
BRDA:1769,206,0,0
BRDA:1769,206,1,0
BRDA:1781,207,0,0
BRDA:1781,207,1,0
BRDA:1797,208,0,0
BRDA:1797,208,1,0
BRDA:1800,209,0,0
BRDA:1800,209,1,0
BRDA:1806,210,0,0
BRDA:1806,210,1,0
BRDA:1808,211,0,0
BRDA:1808,211,1,0
BRDA:1819,212,0,0
BRDA:1819,212,1,0
BRDA:1822,213,0,0
BRDA:1822,213,1,0
BRDA:1830,214,0,0
BRDA:1830,214,1,0
BRDA:1833,215,0,0
BRDA:1833,215,1,0
BRDA:1836,216,0,0
BRDA:1836,216,1,0
BRDA:1839,217,0,0
BRDA:1839,217,1,0
BRDA:1842,218,0,0
BRDA:1842,218,1,0
BRDA:1842,219,0,0
BRDA:1842,219,1,0
BRDA:1845,220,0,0
BRDA:1845,220,1,0
BRDA:1859,221,0,0
BRDA:1859,221,1,0
BRDA:1859,221,2,0
BRDA:1863,222,0,0
BRDA:1863,222,1,0
BRDA:1872,223,0,0
BRDA:1872,223,1,0
BRDA:1882,224,0,0
BRDA:1882,224,1,0
BRDA:1883,225,0,0
BRDA:1883,225,1,0
BRDA:1884,226,0,0
BRDA:1884,226,1,0
BRDA:1885,227,0,0
BRDA:1885,227,1,0
BRDA:1885,228,0,0
BRDA:1885,228,1,0
BRDA:1891,229,0,0
BRDA:1891,229,1,0
BRDA:1940,230,0,0
BRDA:1940,230,1,0
BRDA:1941,231,0,0
BRDA:1941,231,1,0
BRDA:1942,232,0,0
BRDA:1942,232,1,0
BRDA:1945,233,0,0
BRDA:1945,233,1,0
BRDA:1950,234,0,0
BRDA:1950,234,1,0
BRDA:1960,235,0,0
BRDA:1960,235,1,0
BRDA:1981,236,0,0
BRDA:1981,236,1,0
BRDA:1984,237,0,0
BRDA:1984,237,1,0
BRDA:1993,238,0,0
BRDA:1993,238,1,0
BRDA:1997,239,0,0
BRDA:1997,239,1,0
BRDA:1997,239,2,0
BRDA:2001,240,0,0
BRDA:2001,240,1,0
BRDA:2006,241,0,0
BRDA:2006,241,1,0
BRDA:2014,242,0,0
BRDA:2014,242,1,0
BRDA:2024,243,0,0
BRDA:2024,243,1,0
BRDA:2032,244,0,0
BRDA:2032,244,1,0
BRDA:2040,245,0,0
BRDA:2040,245,1,0
BRDA:2048,246,0,0
BRDA:2048,246,1,0
BRDA:2062,247,0,0
BRDA:2062,247,1,0
BRDA:2065,248,0,0
BRDA:2065,248,1,0
BRDA:2072,249,0,0
BRDA:2072,249,1,0
BRDA:2072,249,2,0
BRDA:2081,250,0,0
BRDA:2081,250,1,0
BRDA:2084,251,0,0
BRDA:2084,251,1,0
BRDA:2091,252,0,0
BRDA:2091,252,1,0
BRDA:2091,252,2,0
BRDA:2125,253,0,0
BRDA:2125,253,1,0
BRDA:2173,254,0,0
BRDA:2173,254,1,0
BRDA:2194,255,0,0
BRDA:2194,255,1,0
BRDA:2215,256,0,0
BRDA:2215,256,1,0
BRDA:2215,256,2,0
BRDA:2227,257,0,0
BRDA:2227,257,1,0
BRDA:2239,258,0,0
BRDA:2239,258,1,0
BRDA:2253,259,0,0
BRDA:2253,259,1,0
BRDA:2253,259,2,0
BRDA:2272,260,0,0
BRDA:2272,260,1,0
BRDA:2274,261,0,0
BRDA:2274,261,1,0
BRDA:2283,262,0,0
BRDA:2283,262,1,0
BRDA:2312,263,0,0
BRDA:2312,263,1,0
BRF:545
BRH:0
end_of_record
TN:
SF:src/components/ProfileSheetWrapper.js
FN:9,(anonymous_0)
FN:11,(anonymous_1)
FN:12,(anonymous_2)
FN:13,(anonymous_3)
FN:14,(anonymous_4)
FN:17,(anonymous_5)
FN:40,(anonymous_6)
FN:43,(anonymous_7)
FN:50,(anonymous_8)
FN:55,(anonymous_9)
FN:60,(anonymous_10)
FN:62,(anonymous_11)
FNF:12
FNH:0
FNDA:0,(anonymous_0)
FNDA:0,(anonymous_1)
FNDA:0,(anonymous_2)
FNDA:0,(anonymous_3)
FNDA:0,(anonymous_4)
FNDA:0,(anonymous_5)
FNDA:0,(anonymous_6)
FNDA:0,(anonymous_7)
FNDA:0,(anonymous_8)
FNDA:0,(anonymous_9)
FNDA:0,(anonymous_10)
FNDA:0,(anonymous_11)
DA:9,0
DA:10,0
DA:11,0
DA:12,0
DA:13,0
DA:14,0
DA:17,0
DA:18,0
DA:23,0
DA:26,0
DA:27,0
DA:32,0
DA:33,0
DA:36,0
DA:40,0
DA:42,0
DA:43,0
DA:45,0
DA:50,0
DA:51,0
DA:52,0
DA:55,0
DA:56,0
DA:57,0
DA:60,0
DA:61,0
DA:62,0
DA:64,0
DA:67,0
DA:70,0
DA:71,0
DA:82,0
LF:32
LH:0
BRDA:18,0,0,0
BRDA:18,0,1,0
BRDA:26,1,0,0
BRDA:26,1,1,0
BRDA:32,2,0,0
BRDA:32,2,1,0
BRDA:36,3,0,0
BRDA:36,3,1,0
BRDA:42,4,0,0
BRDA:42,4,1,0
BRDA:42,5,0,0
BRDA:42,5,1,0
BRDA:51,6,0,0
BRDA:51,6,1,0
BRDA:56,7,0,0
BRDA:56,7,1,0
BRDA:56,8,0,0
BRDA:56,8,1,0
BRDA:61,9,0,0
BRDA:61,9,1,0
BRDA:70,10,0,0
BRDA:70,10,1,0
BRDA:70,11,0,0
BRDA:70,11,1,0
BRDA:82,12,0,0
BRDA:82,12,1,0
BRF:26
BRH:0
end_of_record
TN:
SF:src/components/ProgressiveImage.js
FN:9,(anonymous_0)
FN:43,(anonymous_1)
FN:57,(anonymous_2)
FNF:3
FNH:0
FNDA:0,(anonymous_0)
FNDA:0,(anonymous_1)
FNDA:0,(anonymous_2)
DA:9,0
DA:22,0
DA:24,0
DA:43,0
DA:44,0
DA:57,0
DA:58,0
DA:67,0
LF:8
LH:0
BRDA:12,0,0,0
BRDA:13,1,0,0
BRDA:14,2,0,0
BRDA:15,3,0,0
BRDA:16,4,0,0
BRDA:57,5,0,0
BRF:6
BRH:0
end_of_record
TN:
SF:src/components/SaduPattern.js
FN:6,(anonymous_0)
FN:22,(anonymous_1)
FNF:2
FNH:0
FNDA:0,(anonymous_0)
FNDA:0,(anonymous_1)
DA:4,0
DA:6,0
DA:8,0
DA:9,0
DA:12,0
DA:14,0
DA:17,0
DA:19,0
DA:23,0
DA:38,0
LF:10
LH:0
BRF:0
BRH:0
end_of_record
TN:
SF:src/components/SearchBar.js
FN:28,(anonymous_0)
FN:45,(anonymous_1)
FN:66,(anonymous_2)
FN:128,(anonymous_3)
FN:148,(anonymous_4)
FN:157,(anonymous_5)
FN:160,(anonymous_6)
FN:176,(anonymous_7)
FN:186,(anonymous_8)
FN:194,(anonymous_9)
FN:203,(anonymous_10)
FN:223,(anonymous_11)
FN:231,(anonymous_12)
FN:247,(anonymous_13)
FN:266,(anonymous_14)
FN:307,(anonymous_15)
FN:315,(anonymous_16)
FN:327,(anonymous_17)
FN:335,(anonymous_18)
FN:346,(anonymous_19)
FN:389,(anonymous_20)
FN:412,(anonymous_21)
FN:421,(anonymous_22)
FN:435,(anonymous_23)
FN:448,(anonymous_24)
FN:458,(anonymous_25)
FN:474,(anonymous_26)
FN:479,(anonymous_27)
FN:500,(anonymous_28)
FN:504,(anonymous_29)
FN:562,(anonymous_30)
FN:571,(anonymous_31)
FN:572,(anonymous_32)
FN:578,(anonymous_33)
FN:596,(anonymous_34)
FN:630,(anonymous_35)
FN:700,(anonymous_36)
FNF:37
FNH:0
FNDA:0,(anonymous_0)
FNDA:0,(anonymous_1)
FNDA:0,(anonymous_2)
FNDA:0,(anonymous_3)
FNDA:0,(anonymous_4)
FNDA:0,(anonymous_5)
FNDA:0,(anonymous_6)
FNDA:0,(anonymous_7)
FNDA:0,(anonymous_8)
FNDA:0,(anonymous_9)
FNDA:0,(anonymous_10)
FNDA:0,(anonymous_11)
FNDA:0,(anonymous_12)
FNDA:0,(anonymous_13)
FNDA:0,(anonymous_14)
FNDA:0,(anonymous_15)
FNDA:0,(anonymous_16)
FNDA:0,(anonymous_17)
FNDA:0,(anonymous_18)
FNDA:0,(anonymous_19)
FNDA:0,(anonymous_20)
FNDA:0,(anonymous_21)
FNDA:0,(anonymous_22)
FNDA:0,(anonymous_23)
FNDA:0,(anonymous_24)
FNDA:0,(anonymous_25)
FNDA:0,(anonymous_26)
FNDA:0,(anonymous_27)
FNDA:0,(anonymous_28)
FNDA:0,(anonymous_29)
FNDA:0,(anonymous_30)
FNDA:0,(anonymous_31)
FNDA:0,(anonymous_32)
FNDA:0,(anonymous_33)
FNDA:0,(anonymous_34)
FNDA:0,(anonymous_35)
FNDA:0,(anonymous_36)
DA:28,0
DA:29,0
DA:30,0
DA:31,0
DA:32,0
DA:33,0
DA:34,0
DA:35,0
DA:36,0
DA:37,0
DA:38,0
DA:39,0
DA:40,0
DA:41,0
DA:42,0
DA:45,0
DA:48,0
DA:49,0
DA:50,0
DA:51,0
DA:52,0
DA:53,0
DA:56,0
DA:59,0
DA:60,0
DA:61,0
DA:62,0
DA:65,0
DA:68,0
DA:69,0
DA:70,0
DA:71,0
DA:73,0
DA:78,0
DA:80,0
DA:82,0
DA:83,0
DA:85,0
DA:91,0
DA:92,0
DA:93,0
DA:95,0
DA:98,0
DA:99,0
DA:100,0
DA:103,0
DA:106,0
DA:107,0
DA:111,0
DA:118,0
DA:127,0
DA:131,0
DA:132,0
DA:134,0
DA:135,0
DA:136,0
DA:137,0
DA:139,0
DA:141,0
DA:142,0
DA:146,0
DA:151,0
DA:157,0
DA:158,0
DA:160,0
DA:161,0
DA:163,0
DA:164,0
DA:167,0
DA:168,0
DA:172,0
DA:175,0
DA:176,0
DA:178,0
DA:179,0
DA:186,0
DA:187,0
DA:194,0
DA:195,0
DA:203,0
DA:204,0
DA:224,0
DA:225,0
DA:226,0
DA:230,0
DA:232,0
DA:233,0
DA:234,0
DA:235,0
DA:238,0
DA:241,0
DA:244,0
DA:247,0
DA:249,0
DA:253,0
DA:259,0
DA:260,0
DA:261,0
DA:262,0
DA:264,0
DA:266,0
DA:271,0
DA:272,0
DA:273,0
DA:275,0
DA:298,0
DA:299,0
DA:300,0
DA:306,0
DA:308,0
DA:315,0
DA:316,0
DA:320,0
DA:326,0
DA:328,0
DA:335,0
DA:336,0
DA:340,0
DA:346,0
DA:347,0
DA:348,0
DA:350,0
DA:354,0
DA:355,0
DA:358,0
DA:359,0
DA:360,0
DA:367,0
DA:368,0
DA:369,0
DA:376,0
DA:377,0
DA:378,0
DA:385,0
DA:388,0
DA:390,0
DA:391,0
DA:393,0
DA:396,0
DA:403,0
DA:406,0
DA:407,0
DA:408,0
DA:412,0
DA:413,0
DA:415,0
DA:420,0
DA:422,0
DA:425,0
DA:426,0
DA:428,0
DA:429,0
DA:430,0
DA:435,0
DA:436,0
DA:437,0
DA:438,0
DA:439,0
DA:440,0
DA:443,0
DA:444,0
DA:448,0
DA:449,0
DA:451,0
DA:458,0
DA:459,0
DA:461,0
DA:467,0
DA:474,0
DA:475,0
DA:476,0
DA:479,0
DA:480,0
DA:493,0
DA:496,0
DA:498,0
DA:501,0
DA:502,0
DA:504,0
DA:562,0
DA:563,0
DA:564,0
DA:566,0
DA:571,0
DA:572,0
DA:573,0
DA:574,0
DA:578,0
DA:579,0
DA:583,0
DA:597,0
DA:598,0
DA:599,0
DA:600,0
DA:601,0
DA:602,0
DA:604,0
DA:630,0
DA:701,0
DA:713,0
LF:200
LH:0
BRDA:41,0,0,0
BRDA:41,0,1,0
BRDA:42,1,0,0
BRDA:42,1,1,0
BRDA:68,2,0,0
BRDA:68,2,1,0
BRDA:69,3,0,0
BRDA:69,3,1,0
BRDA:78,4,0,0
BRDA:78,4,1,0
BRDA:78,5,0,0
BRDA:78,5,1,0
BRDA:80,6,0,0
BRDA:80,6,1,0
BRDA:80,7,0,0
BRDA:80,7,1,0
BRDA:82,8,0,0
BRDA:82,8,1,0
BRDA:91,9,0,0
BRDA:91,9,1,0
BRDA:91,10,0,0
BRDA:91,10,1,0
BRDA:99,11,0,0
BRDA:99,11,1,0
BRDA:106,12,0,0
BRDA:106,12,1,0
BRDA:134,13,0,0
BRDA:134,13,1,0
BRDA:134,14,0,0
BRDA:134,14,1,0
BRDA:139,15,0,0
BRDA:139,15,1,0
BRDA:161,16,0,0
BRDA:161,16,1,0
BRDA:167,17,0,0
BRDA:167,17,1,0
BRDA:175,18,0,0
BRDA:175,18,1,0
BRDA:178,19,0,0
BRDA:178,19,1,0
BRDA:232,20,0,0
BRDA:232,20,1,0
BRDA:232,21,0,0
BRDA:232,21,1,0
BRDA:259,22,0,0
BRDA:259,22,1,0
BRDA:264,23,0,0
BRDA:264,23,1,0
BRDA:266,24,0,0
BRDA:266,24,1,0
BRDA:272,25,0,0
BRDA:272,25,1,0
BRDA:350,26,0,0
BRDA:350,26,1,0
BRDA:350,27,0,0
BRDA:350,27,1,0
BRDA:354,28,0,0
BRDA:354,28,1,0
BRDA:358,29,0,0
BRDA:358,29,1,0
BRDA:367,30,0,0
BRDA:367,30,1,0
BRDA:376,31,0,0
BRDA:376,31,1,0
BRDA:397,32,0,0
BRDA:397,32,1,0
BRDA:403,33,0,0
BRDA:403,33,1,0
BRDA:406,34,0,0
BRDA:406,34,1,0
BRDA:425,35,0,0
BRDA:425,35,1,0
BRDA:425,35,2,0
BRDA:443,36,0,0
BRDA:443,36,1,0
BRDA:475,37,0,0
BRDA:475,37,1,0
BRDA:506,38,0,0
BRDA:506,38,1,0
BRDA:507,39,0,0
BRDA:507,39,1,0
BRDA:513,40,0,0
BRDA:513,40,1,0
BRDA:538,41,0,0
BRDA:538,41,1,0
BRDA:545,42,0,0
BRDA:545,42,1,0
BRDA:563,43,0,0
BRDA:563,43,1,0
BRDA:563,44,0,0
BRDA:563,44,1,0
BRDA:573,45,0,0
BRDA:573,45,1,0
BRDA:592,46,0,0
BRDA:592,46,1,0
BRDA:592,47,0,0
BRDA:592,47,1,0
BRDA:625,48,0,0
BRDA:625,48,1,0
BRDA:625,49,0,0
BRDA:625,49,1,0
BRDA:659,50,0,0
BRDA:659,50,1,0
BRDA:669,51,0,0
BRDA:669,51,1,0
BRDA:680,52,0,0
BRDA:680,52,1,0
BRDA:680,52,2,0
BRDA:701,53,0,0
BRDA:701,53,1,0
BRF:110
BRH:0
end_of_record
TN:
SF:src/components/SearchButton.js
FN:13,(anonymous_0)
FN:17,(anonymous_1)
FN:21,(anonymous_2)
FNF:3
FNH:0
FNDA:0,(anonymous_0)
FNDA:0,(anonymous_1)
FNDA:0,(anonymous_2)
DA:13,0
DA:14,0
DA:15,0
DA:17,0
DA:21,0
DA:23,0
DA:26,0
DA:32,0
DA:38,0
DA:41,0
DA:50,0
LF:11
LH:0
BRF:0
BRH:0
end_of_record
TN:
SF:src/components/SearchModal.js
FN:40,(anonymous_0)
FN:68,(anonymous_1)
FN:78,(anonymous_2)
FN:100,(anonymous_3)
FN:109,(anonymous_4)
FN:112,(anonymous_5)
FN:113,(anonymous_6)
FN:151,(anonymous_7)
FN:162,(anonymous_8)
FN:171,(anonymous_9)
FN:182,(anonymous_10)
FN:191,(anonymous_11)
FN:192,(anonymous_12)
FN:252,(anonymous_13)
FN:308,(anonymous_14)
FN:324,(anonymous_15)
FN:331,(anonymous_16)
FN:341,(anonymous_17)
FN:356,(anonymous_18)
FN:369,(anonymous_19)
FN:383,(anonymous_20)
FN:396,(anonymous_21)
FN:443,(anonymous_22)
FN:454,(anonymous_23)
FN:497,(anonymous_24)
FNF:25
FNH:0
FNDA:0,(anonymous_0)
FNDA:0,(anonymous_1)
FNDA:0,(anonymous_2)
FNDA:0,(anonymous_3)
FNDA:0,(anonymous_4)
FNDA:0,(anonymous_5)
FNDA:0,(anonymous_6)
FNDA:0,(anonymous_7)
FNDA:0,(anonymous_8)
FNDA:0,(anonymous_9)
FNDA:0,(anonymous_10)
FNDA:0,(anonymous_11)
FNDA:0,(anonymous_12)
FNDA:0,(anonymous_13)
FNDA:0,(anonymous_14)
FNDA:0,(anonymous_15)
FNDA:0,(anonymous_16)
FNDA:0,(anonymous_17)
FNDA:0,(anonymous_18)
FNDA:0,(anonymous_19)
FNDA:0,(anonymous_20)
FNDA:0,(anonymous_21)
FNDA:0,(anonymous_22)
FNDA:0,(anonymous_23)
FNDA:0,(anonymous_24)
DA:40,0
DA:42,0
DA:45,0
DA:46,0
DA:47,0
DA:48,0
DA:51,0
DA:54,0
DA:68,0
DA:70,0
DA:77,0
DA:79,0
DA:80,0
DA:81,0
DA:84,0
DA:89,0
DA:96,0
DA:99,0
DA:100,0
DA:101,0
DA:103,0
DA:109,0
DA:111,0
DA:112,0
DA:113,0
DA:115,0
DA:116,0
DA:117,0
DA:120,0
DA:121,0
DA:123,0
DA:125,0
DA:133,0
DA:134,0
DA:135,0
DA:136,0
DA:138,0
DA:141,0
DA:142,0
DA:143,0
DA:145,0
DA:150,0
DA:153,0
DA:156,0
DA:162,0
DA:163,0
DA:164,0
DA:171,0
DA:172,0
DA:173,0
DA:176,0
DA:177,0
DA:182,0
DA:183,0
DA:184,0
DA:187,0
DA:189,0
DA:191,0
DA:192,0
DA:253,0
DA:308,0
DA:309,0
DA:319,0
DA:320,0
DA:324,0
DA:325,0
DA:326,0
DA:327,0
DA:331,0
DA:332,0
DA:341,0
DA:356,0
DA:369,0
DA:383,0
DA:396,0
DA:411,0
DA:444,0
DA:454,0
DA:497,0
DA:529,0
LF:80
LH:0
BRDA:84,0,0,0
BRDA:84,0,1,0
BRDA:85,1,0,0
BRDA:85,1,1,0
BRDA:85,1,2,0
BRDA:92,2,0,0
BRDA:92,2,1,0
BRDA:99,3,0,0
BRDA:99,3,1,0
BRDA:115,4,0,0
BRDA:115,4,1,0
BRDA:133,5,0,0
BRDA:133,5,1,0
BRDA:138,6,0,0
BRDA:138,6,1,0
BRDA:172,7,0,0
BRDA:172,7,1,0
BRDA:183,8,0,0
BRDA:183,8,1,0
BRDA:193,9,0,0
BRDA:193,9,1,0
BRDA:194,10,0,0
BRDA:194,10,1,0
BRDA:204,11,0,0
BRDA:204,11,1,0
BRDA:205,12,0,0
BRDA:205,12,1,0
BRDA:240,13,0,0
BRDA:240,13,1,0
BRDA:254,14,0,0
BRDA:254,14,1,0
BRDA:272,15,0,0
BRDA:272,15,1,0
BRDA:277,16,0,0
BRDA:277,16,1,0
BRDA:287,17,0,0
BRDA:287,17,1,0
BRDA:319,18,0,0
BRDA:319,18,1,0
BRDA:325,19,0,0
BRDA:325,19,1,0
BRDA:326,20,0,0
BRDA:326,20,1,0
BRDA:420,21,0,0
BRDA:420,21,1,0
BRDA:455,22,0,0
BRDA:455,22,1,0
BRDA:460,23,0,0
BRDA:460,23,1,0
BRDA:474,24,0,0
BRDA:474,24,1,0
BRDA:474,24,2,0
BRDA:479,25,0,0
BRDA:479,25,1,0
BRDA:488,26,0,0
BRDA:488,26,1,0
BRDA:496,27,0,0
BRDA:496,27,1,0
BRDA:497,28,0,0
BRDA:497,28,1,0
BRDA:498,29,0,0
BRDA:498,29,1,0
BRDA:502,30,0,0
BRDA:502,30,1,0
BRDA:502,30,2,0
BRF:65
BRH:0
end_of_record
TN:
SF:src/components/SectionCard.js
FN:4,(anonymous_0)
FNF:1
FNH:0
FNDA:0,(anonymous_0)
DA:4,0
DA:5,0
DA:13,0
LF:3
LH:0
BRDA:7,0,0,0
BRDA:7,0,1,0
BRF:2
BRH:0
end_of_record
TN:
SF:src/components/SettingsButton.js
FN:13,(anonymous_0)
FN:17,(anonymous_1)
FN:24,(anonymous_2)
FN:49,(anonymous_3)
FNF:4
FNH:0
FNDA:0,(anonymous_0)
FNDA:0,(anonymous_1)
FNDA:0,(anonymous_2)
FNDA:0,(anonymous_3)
DA:13,0
DA:14,0
DA:15,0
DA:17,0
DA:24,0
DA:25,0
DA:28,0
DA:33,0
DA:40,0
DA:43,0
DA:49,0
DA:63,0
LF:12
LH:0
BRDA:51,0,0,0
BRDA:51,0,1,0
BRF:2
BRH:0
end_of_record
TN:
SF:src/components/SignInModal.js
FN:11,SignInModal
FN:12,(anonymous_1)
FN:20,(anonymous_2)
FNF:3
FNH:0
FNDA:0,SignInModal
FNDA:0,(anonymous_1)
FNDA:0,(anonymous_2)
DA:12,0
DA:16,0
DA:17,0
DA:20,0
DA:23,0
DA:26,0
DA:48,0
LF:7
LH:0
BRF:0
BRH:0
end_of_record
TN:
SF:src/components/SimplifiedTreeView.js
FN:160,(anonymous_0)
FN:224,(anonymous_1)
FN:225,(anonymous_2)
FN:229,(anonymous_3)
FN:249,(anonymous_4)
FN:299,(anonymous_5)
FN:305,(anonymous_6)
FN:330,(anonymous_7)
FN:381,(anonymous_8)
FN:383,(anonymous_9)
FN:384,(anonymous_10)
FN:387,(anonymous_11)
FN:388,(anonymous_12)
FN:391,(anonymous_13)
FN:392,(anonymous_14)
FN:393,(anonymous_15)
FN:394,(anonymous_16)
FN:395,(anonymous_17)
FN:396,(anonymous_18)
FN:397,(anonymous_19)
FN:398,(anonymous_20)
FN:409,(anonymous_21)
FN:436,(anonymous_22)
FN:440,(anonymous_23)
FN:449,(anonymous_24)
FN:453,(anonymous_25)
FN:467,(anonymous_26)
FN:468,(anonymous_27)
FN:474,(anonymous_28)
FN:479,(anonymous_29)
FN:494,(anonymous_30)
FN:506,(anonymous_31)
FN:548,(anonymous_32)
FN:554,(anonymous_33)
FN:559,(anonymous_34)
FN:574,(anonymous_35)
FN:576,(anonymous_36)
FN:591,(anonymous_37)
FN:612,(anonymous_38)
FN:613,(anonymous_39)
FN:619,(anonymous_40)
FN:744,(anonymous_41)
FN:750,(anonymous_42)
FN:761,(anonymous_43)
FN:781,(anonymous_44)
FN:791,(anonymous_45)
FN:801,(anonymous_46)
FN:820,(anonymous_47)
FN:844,(anonymous_48)
FN:852,(anonymous_49)
FN:874,(anonymous_50)
FN:885,(anonymous_51)
FN:904,(anonymous_52)
FN:919,(anonymous_53)
FN:927,(anonymous_54)
FN:933,(anonymous_55)
FN:937,(anonymous_56)
FN:939,(anonymous_57)
FN:949,(anonymous_58)
FN:951,(anonymous_59)
FN:954,(anonymous_60)
FN:963,(anonymous_61)
FN:969,(anonymous_62)
FN:975,(anonymous_63)
FN:979,(anonymous_64)
FN:980,(anonymous_65)
FN:1010,(anonymous_66)
FN:1015,(anonymous_67)
FN:1032,(anonymous_68)
FN:1042,(anonymous_69)
FN:1079,(anonymous_70)
FN:1083,(anonymous_71)
FN:1090,(anonymous_72)
FN:1097,(anonymous_73)
FN:1107,(anonymous_74)
FN:1108,(anonymous_75)
FN:1118,(anonymous_76)
FN:1119,(anonymous_77)
FN:1120,(anonymous_78)
FN:1123,(anonymous_79)
FN:1137,(anonymous_80)
FN:1153,(anonymous_81)
FN:1154,(anonymous_82)
FN:1187,(anonymous_83)
FN:1196,(anonymous_84)
FN:1235,(anonymous_85)
FN:1240,(anonymous_86)
FN:1311,(anonymous_87)
FN:1324,(anonymous_88)
FN:1335,(anonymous_89)
FN:1344,(anonymous_90)
FN:1367,(anonymous_91)
FN:1387,(anonymous_92)
FN:1413,(anonymous_93)
FN:1429,(anonymous_94)
FN:1486,(anonymous_95)
FN:1487,(anonymous_96)
FN:1491,(anonymous_97)
FN:1495,(anonymous_98)
FN:1534,(anonymous_99)
FN:1535,(anonymous_100)
FN:1561,(anonymous_101)
FN:1575,(anonymous_102)
FN:1580,(anonymous_103)
FN:1584,(anonymous_104)
FN:1599,(anonymous_105)
FN:1608,(anonymous_106)
FN:1609,(anonymous_107)
FN:1663,(anonymous_108)
FN:1671,(anonymous_109)
FN:1740,(anonymous_110)
FN:1769,(anonymous_111)
FN:1880,(anonymous_112)
FN:1902,(anonymous_113)
FN:1929,(anonymous_114)
FN:1951,(anonymous_115)
FN:1983,(anonymous_116)
FN:2000,(anonymous_117)
FN:2005,(anonymous_118)
FN:2015,(anonymous_119)
FN:2041,(anonymous_120)
FN:2066,(anonymous_121)
FN:2066,(anonymous_122)
FN:2071,(anonymous_123)
FN:2095,(anonymous_124)
FN:2098,(anonymous_125)
FN:2147,(anonymous_126)
FN:2187,(anonymous_127)
FN:2214,(anonymous_128)
FN:2241,(anonymous_129)
FN:2264,(anonymous_130)
FN:2316,(anonymous_131)
FNF:132
FNH:0
FNDA:0,(anonymous_0)
FNDA:0,(anonymous_1)
FNDA:0,(anonymous_2)
FNDA:0,(anonymous_3)
FNDA:0,(anonymous_4)
FNDA:0,(anonymous_5)
FNDA:0,(anonymous_6)
FNDA:0,(anonymous_7)
FNDA:0,(anonymous_8)
FNDA:0,(anonymous_9)
FNDA:0,(anonymous_10)
FNDA:0,(anonymous_11)
FNDA:0,(anonymous_12)
FNDA:0,(anonymous_13)
FNDA:0,(anonymous_14)
FNDA:0,(anonymous_15)
FNDA:0,(anonymous_16)
FNDA:0,(anonymous_17)
FNDA:0,(anonymous_18)
FNDA:0,(anonymous_19)
FNDA:0,(anonymous_20)
FNDA:0,(anonymous_21)
FNDA:0,(anonymous_22)
FNDA:0,(anonymous_23)
FNDA:0,(anonymous_24)
FNDA:0,(anonymous_25)
FNDA:0,(anonymous_26)
FNDA:0,(anonymous_27)
FNDA:0,(anonymous_28)
FNDA:0,(anonymous_29)
FNDA:0,(anonymous_30)
FNDA:0,(anonymous_31)
FNDA:0,(anonymous_32)
FNDA:0,(anonymous_33)
FNDA:0,(anonymous_34)
FNDA:0,(anonymous_35)
FNDA:0,(anonymous_36)
FNDA:0,(anonymous_37)
FNDA:0,(anonymous_38)
FNDA:0,(anonymous_39)
FNDA:0,(anonymous_40)
FNDA:0,(anonymous_41)
FNDA:0,(anonymous_42)
FNDA:0,(anonymous_43)
FNDA:0,(anonymous_44)
FNDA:0,(anonymous_45)
FNDA:0,(anonymous_46)
FNDA:0,(anonymous_47)
FNDA:0,(anonymous_48)
FNDA:0,(anonymous_49)
FNDA:0,(anonymous_50)
FNDA:0,(anonymous_51)
FNDA:0,(anonymous_52)
FNDA:0,(anonymous_53)
FNDA:0,(anonymous_54)
FNDA:0,(anonymous_55)
FNDA:0,(anonymous_56)
FNDA:0,(anonymous_57)
FNDA:0,(anonymous_58)
FNDA:0,(anonymous_59)
FNDA:0,(anonymous_60)
FNDA:0,(anonymous_61)
FNDA:0,(anonymous_62)
FNDA:0,(anonymous_63)
FNDA:0,(anonymous_64)
FNDA:0,(anonymous_65)
FNDA:0,(anonymous_66)
FNDA:0,(anonymous_67)
FNDA:0,(anonymous_68)
FNDA:0,(anonymous_69)
FNDA:0,(anonymous_70)
FNDA:0,(anonymous_71)
FNDA:0,(anonymous_72)
FNDA:0,(anonymous_73)
FNDA:0,(anonymous_74)
FNDA:0,(anonymous_75)
FNDA:0,(anonymous_76)
FNDA:0,(anonymous_77)
FNDA:0,(anonymous_78)
FNDA:0,(anonymous_79)
FNDA:0,(anonymous_80)
FNDA:0,(anonymous_81)
FNDA:0,(anonymous_82)
FNDA:0,(anonymous_83)
FNDA:0,(anonymous_84)
FNDA:0,(anonymous_85)
FNDA:0,(anonymous_86)
FNDA:0,(anonymous_87)
FNDA:0,(anonymous_88)
FNDA:0,(anonymous_89)
FNDA:0,(anonymous_90)
FNDA:0,(anonymous_91)
FNDA:0,(anonymous_92)
FNDA:0,(anonymous_93)
FNDA:0,(anonymous_94)
FNDA:0,(anonymous_95)
FNDA:0,(anonymous_96)
FNDA:0,(anonymous_97)
FNDA:0,(anonymous_98)
FNDA:0,(anonymous_99)
FNDA:0,(anonymous_100)
FNDA:0,(anonymous_101)
FNDA:0,(anonymous_102)
FNDA:0,(anonymous_103)
FNDA:0,(anonymous_104)
FNDA:0,(anonymous_105)
FNDA:0,(anonymous_106)
FNDA:0,(anonymous_107)
FNDA:0,(anonymous_108)
FNDA:0,(anonymous_109)
FNDA:0,(anonymous_110)
FNDA:0,(anonymous_111)
FNDA:0,(anonymous_112)
FNDA:0,(anonymous_113)
FNDA:0,(anonymous_114)
FNDA:0,(anonymous_115)
FNDA:0,(anonymous_116)
FNDA:0,(anonymous_117)
FNDA:0,(anonymous_118)
FNDA:0,(anonymous_119)
FNDA:0,(anonymous_120)
FNDA:0,(anonymous_121)
FNDA:0,(anonymous_122)
FNDA:0,(anonymous_123)
FNDA:0,(anonymous_124)
FNDA:0,(anonymous_125)
FNDA:0,(anonymous_126)
FNDA:0,(anonymous_127)
FNDA:0,(anonymous_128)
FNDA:0,(anonymous_129)
FNDA:0,(anonymous_130)
FNDA:0,(anonymous_131)
DA:72,0
DA:73,0
DA:74,0
DA:75,0
DA:76,0
DA:77,0
DA:78,0
DA:79,0
DA:80,0
DA:81,0
DA:84,0
DA:85,0
DA:86,0
DA:87,0
DA:88,0
DA:89,0
DA:90,0
DA:91,0
DA:94,0
DA:95,0
DA:98,0
DA:99,0
DA:100,0
DA:101,0
DA:102,0
DA:103,0
DA:105,0
DA:106,0
DA:108,0
DA:109,0
DA:110,0
DA:113,0
DA:115,0
DA:131,0
DA:132,0
DA:133,0
DA:138,0
DA:140,0
DA:141,0
DA:146,0
DA:149,0
DA:160,0
DA:161,0
DA:163,0
DA:164,0
DA:172,0
DA:173,0
DA:174,0
DA:178,0
DA:201,0
DA:205,0
DA:207,0
DA:208,0
DA:210,0
DA:211,0
DA:213,0
DA:215,0
DA:217,0
DA:218,0
DA:223,0
DA:224,0
DA:225,0
DA:229,0
DA:242,0
DA:243,0
DA:246,0
DA:249,0
DA:252,0
DA:255,0
DA:256,0
[...]
FN:136,(anonymous_15)
FN:137,(anonymous_16)
FN:138,(anonymous_17)
FN:149,(anonymous_18)
FN:191,(anonymous_19)
FN:213,(anonymous_20)
FN:237,(anonymous_21)
FN:270,(anonymous_22)
FN:279,(anonymous_23)
FN:314,(anonymous_24)
FN:316,(anonymous_25)
FN:343,(anonymous_26)
FN:381,(anonymous_27)
FN:383,(anonymous_28)
FNF:29
FNH:0
FNDA:0,(anonymous_0)
FNDA:0,(anonymous_1)
FNDA:0,(anonymous_2)
FNDA:0,(anonymous_3)
FNDA:0,(anonymous_4)
FNDA:0,(anonymous_5)
FNDA:0,(anonymous_6)
FNDA:0,(anonymous_7)
FNDA:0,(anonymous_8)
FNDA:0,(anonymous_9)
FNDA:0,(anonymous_10)
FNDA:0,(anonymous_11)
FNDA:0,(anonymous_12)
FNDA:0,(anonymous_13)
FNDA:0,(anonymous_14)
FNDA:0,(anonymous_15)
FNDA:0,(anonymous_16)
FNDA:0,(anonymous_17)
FNDA:0,(anonymous_18)
FNDA:0,(anonymous_19)
FNDA:0,(anonymous_20)
FNDA:0,(anonymous_21)
FNDA:0,(anonymous_22)
FNDA:0,(anonymous_23)
FNDA:0,(anonymous_24)
FNDA:0,(anonymous_25)
FNDA:0,(anonymous_26)
FNDA:0,(anonymous_27)
FNDA:0,(anonymous_28)
DA:9,0
DA:11,0
DA:36,0
DA:48,0
DA:51,0
DA:55,0
DA:57,0
DA:61,0
DA:62,0
DA:63,0
DA:64,0
DA:65,0
DA:73,0
DA:75,0
DA:82,0
DA:90,0
DA:91,0
DA:94,0
DA:102,0
DA:103,0
DA:107,0
DA:108,0
DA:109,0
DA:110,0
DA:113,0
DA:116,0
DA:124,0
DA:125,0
DA:126,0
DA:127,0
DA:129,0
DA:137,0
DA:138,0
DA:139,0
DA:140,0
DA:142,0
DA:150,0
DA:151,0
DA:153,0
DA:157,0
DA:160,0
DA:166,0
DA:171,0
DA:177,0
DA:185,0
DA:192,0
DA:193,0
DA:199,0
DA:204,0
DA:205,0
DA:214,0
DA:217,0
DA:218,0
DA:219,0
DA:223,0
DA:224,0
DA:226,0
DA:227,0
DA:230,0
DA:234,0
DA:237,0
DA:238,0
DA:241,0
DA:242,0
DA:245,0
DA:251,0
DA:254,0
DA:258,0
DA:259,0
DA:261,0
DA:265,0
DA:266,0
DA:271,0
DA:272,0
DA:273,0
DA:274,0
DA:280,0
DA:282,0
DA:283,0
DA:284,0
DA:285,0
DA:288,0
DA:292,0
DA:293,0
DA:294,0
DA:296,0
DA:305,0
DA:308,0
DA:309,0
DA:310,0
DA:311,0
DA:312,0
DA:314,0
DA:316,0
DA:317,0
DA:318,0
DA:319,0
DA:321,0
DA:327,0
DA:329,0
DA:330,0
DA:332,0
DA:339,0
DA:344,0
DA:345,0
DA:347,0
DA:351,0
DA:354,0
DA:355,0
DA:357,0
DA:362,0
DA:374,0
DA:376,0
DA:377,0
DA:378,0
DA:379,0
DA:380,0
DA:381,0
DA:383,0
DA:384,0
DA:385,0
DA:386,0
DA:388,0
DA:394,0
DA:396,0
DA:397,0
DA:399,0
DA:406,0
LF:128
LH:0
BRDA:52,0,0,0
BRDA:52,0,1,0
BRDA:61,1,0,0
BRDA:61,1,1,0
BRDA:61,2,0,0
BRDA:61,2,1,0
BRDA:68,3,0,0
BRDA:68,3,1,0
BRDA:74,4,0,0
BRDA:74,4,1,0
BRDA:75,5,0,0
BRDA:75,5,1,0
BRDA:95,6,0,0
BRDA:95,6,1,0
BRDA:98,7,0,0
BRDA:98,7,1,0
BRDA:103,8,0,0
BRDA:103,8,1,0
BRDA:108,9,0,0
BRDA:108,9,1,0
BRDA:153,10,0,0
BRDA:153,10,1,0
BRDA:157,11,0,0
BRDA:157,11,1,0
BRDA:160,12,0,0
BRDA:160,12,1,0
BRDA:191,13,0,0
BRDA:204,14,0,0
BRDA:204,14,1,0
BRDA:217,15,0,0
BRDA:217,15,1,0
BRDA:230,16,0,0
BRDA:230,16,1,0
BRDA:231,17,0,0
BRDA:231,17,1,0
BRDA:254,18,0,0
BRDA:254,18,1,0
BRDA:255,19,0,0
BRDA:255,19,1,0
BRDA:272,20,0,0
BRDA:272,20,1,0
BRDA:282,21,0,0
BRDA:282,21,1,0
BRDA:283,22,0,0
BRDA:283,22,1,0
BRDA:283,22,2,0
BRDA:284,23,0,0
BRDA:284,23,1,0
BRDA:285,24,0,0
BRDA:285,24,1,0
BRDA:329,25,0,0
BRDA:329,25,1,0
BRDA:347,26,0,0
BRDA:347,26,1,0
BRDA:351,27,0,0
BRDA:351,27,1,0
BRDA:396,28,0,0
BRDA:396,28,1,0
BRF:58
BRH:0
end_of_record
TN:
SF:src/utils/cameraConstraints.js
FN:17,isFinitePositive
FN:22,sanitizeViewport
FN:30,sanitizeBounds
FN:42,computeEffectiveMinScale
FN:57,clampStageToBounds
FN:125,applyRubberBand
FN:138,createDecayModifier
FN:141,(anonymous_7)
FNF:8
FNH:0
FNDA:0,isFinitePositive
FNDA:0,sanitizeViewport
FNDA:0,sanitizeBounds
FNDA:0,computeEffectiveMinScale
FNDA:0,clampStageToBounds
FNDA:0,applyRubberBand
FNDA:0,createDecayModifier
FNDA:0,(anonymous_7)
DA:1,0
DA:10,0
DA:11,0
DA:12,0
DA:13,0
DA:14,0
DA:15,0
DA:19,0
DA:24,0
DA:25,0
DA:26,0
DA:27,0
DA:32,0
DA:33,0
DA:34,0
DA:35,0
DA:36,0
DA:37,0
DA:38,0
DA:39,0
DA:44,0
DA:45,0
DA:47,0
DA:48,0
DA:50,0
DA:51,0
DA:53,0
DA:54,0
DA:59,0
DA:60,0
DA:62,0
DA:63,0
DA:65,0
DA:71,0
DA:72,0
DA:73,0
DA:84,0
DA:85,0
DA:87,0
DA:89,0
DA:90,0
DA:91,0
DA:92,0
DA:94,0
DA:95,0
DA:97,0
DA:98,0
DA:100,0
DA:101,0
DA:103,0
DA:104,0
DA:105,0
DA:106,0
DA:108,0
DA:109,0
DA:111,0
DA:127,0
DA:128,0
DA:129,0
DA:131,0
DA:132,0
DA:133,0
DA:135,0
DA:141,0
DA:144,0
DA:145,0
DA:146,0
DA:149,0
DA:150,0
DA:152,0
DA:153,0
DA:154,0
DA:155,0
DA:157,0
DA:158,0
DA:160,0
DA:161,0
DA:163,0
DA:164,0
DA:168,0
DA:169,0
DA:170,0
DA:171,0
DA:173,0
DA:174,0
DA:175,0
DA:178,0
DA:179,0
LF:88
LH:0
BRDA:19,0,0,0
BRDA:19,0,1,0
BRDA:24,1,0,0
BRDA:24,1,1,0
BRDA:25,2,0,0
BRDA:25,2,1,0
BRDA:26,3,0,0
BRDA:26,3,1,0
BRDA:32,4,0,0
BRDA:32,4,1,0
BRDA:33,5,0,0
BRDA:33,5,1,0
BRDA:34,6,0,0
BRDA:34,6,1,0
BRDA:35,7,0,0
BRDA:35,7,1,0
BRDA:36,8,0,0
BRDA:36,8,1,0
BRDA:37,9,0,0
BRDA:37,9,1,0
BRDA:38,10,0,0
BRDA:38,10,1,0
BRDA:47,11,0,0
BRDA:47,11,1,0
BRDA:47,12,0,0
BRDA:47,12,1,0
BRDA:48,13,0,0
BRDA:48,13,1,0
BRDA:48,14,0,0
BRDA:48,14,1,0
BRDA:50,15,0,0
BRDA:50,15,1,0
BRDA:51,16,0,0
BRDA:51,16,1,0
BRDA:62,17,0,0
BRDA:62,17,1,0
BRDA:62,18,0,0
BRDA:62,18,1,0
BRDA:63,19,0,0
BRDA:63,19,1,0
BRDA:63,20,0,0
BRDA:63,20,1,0
BRDA:66,21,0,0
BRDA:66,21,1,0
BRDA:67,22,0,0
BRDA:67,22,1,0
BRDA:68,23,0,0
BRDA:68,23,1,0
BRDA:68,24,0,0
BRDA:68,24,1,0
BRDA:71,25,0,0
BRDA:71,25,1,0
BRDA:71,26,0,0
BRDA:71,26,1,0
BRDA:75,27,0,0
BRDA:75,27,1,0
BRDA:76,28,0,0
BRDA:76,28,1,0
BRDA:125,29,0,0
BRDA:125,30,0,0
BRDA:127,31,0,0
BRDA:127,31,1,0
BRDA:131,32,0,0
BRDA:131,32,1,0
BRDA:146,33,0,0
BRDA:146,33,1,0
BRDA:146,34,0,0
BRDA:146,34,1,0
BRDA:168,35,0,0
BRDA:168,35,1,0
BRF:70
BRH:0
end_of_record
TN:
SF:src/utils/checkAdminProfile.js
FN:3,checkAndCreateAdminProfile
FNF:1
FNH:0
FNDA:0,checkAndCreateAdminProfile
DA:4,0
DA:6,0
DA:8,0
DA:9,0
DA:10,0
DA:13,0
DA:14,0
DA:15,0
DA:18,0
DA:21,0
DA:27,0
DA:28,0
DA:29,0
DA:32,0
DA:33,0
DA:34,0
DA:38,0
DA:39,0
DA:51,0
DA:52,0
DA:53,0
DA:56,0
DA:57,0
DA:60,0
DA:61,0
LF:25
LH:0
BRDA:8,0,0,0
BRDA:8,0,1,0
BRDA:13,1,0,0
BRDA:13,1,1,0
BRDA:27,2,0,0
BRDA:27,2,1,0
BRDA:32,3,0,0
BRDA:32,3,1,0
BRDA:51,4,0,0
BRDA:51,4,1,0
BRF:10
BRH:0
end_of_record
TN:
SF:src/utils/dateDisplay.js
FN:37,formatDate
FN:85,formatDateByPreference
FN:226,getDateLabel
FNF:3
FNH:0
FNDA:0,formatDate
FNDA:0,formatDateByPreference
FNDA:0,getDateLabel
DA:4,0
DA:19,0
DA:38,0
DA:40,0
DA:43,0
DA:45,0
DA:46,0
DA:47,0
DA:49,0
DA:52,0
DA:53,0
DA:57,0
DA:58,0
DA:61,0
DA:62,0
DA:64,0
DA:65,0
DA:66,0
DA:67,0
DA:69,0
DA:70,0
DA:71,0
DA:76,0
DA:86,0
DA:89,0
DA:97,0
DA:98,0
DA:99,0
DA:102,0
DA:104,0
DA:110,0
DA:117,0
DA:122,0
DA:132,0
DA:133,0
DA:139,0
DA:146,0
DA:147,0
DA:158,0
DA:164,0
DA:171,0
DA:172,0
DA:182,0
DA:183,0
DA:189,0
DA:196,0
DA:201,0
DA:213,0
DA:214,0
DA:218,0
DA:227,0
LF:51
LH:0
BRDA:37,0,0,0
BRDA:37,1,0,0
BRDA:38,2,0,0
BRDA:38,2,1,0
BRDA:38,3,0,0
BRDA:38,3,1,0
BRDA:38,3,2,0
BRDA:40,4,0,0
BRDA:40,5,0,0
BRDA:43,6,0,0
BRDA:43,6,1,0
BRDA:52,7,0,0
BRDA:52,7,1,0
BRDA:57,8,0,0
BRDA:57,8,1,0
BRDA:62,9,0,0
BRDA:62,9,1,0
BRDA:64,10,0,0
BRDA:64,10,1,0
BRDA:65,11,0,0
BRDA:65,11,1,0
BRDA:67,12,0,0
BRDA:67,12,1,0
BRDA:69,13,0,0
BRDA:69,13,1,0
BRDA:71,14,0,0
BRDA:71,14,1,0
BRDA:85,15,0,0
BRDA:86,16,0,0
BRDA:86,16,1,0
BRDA:102,17,0,0
BRDA:102,17,1,0
BRDA:104,18,0,0
BRDA:104,18,1,0
BRDA:105,19,0,0
BRDA:105,19,1,0
BRDA:105,19,2,0
BRDA:105,19,3,0
BRDA:117,20,0,0
BRDA:117,20,1,0
BRDA:118,21,0,0
BRDA:118,21,1,0
BRDA:118,21,2,0
BRDA:132,22,0,0
BRDA:132,22,1,0
BRDA:133,23,0,0
BRDA:133,23,1,0
BRDA:134,24,0,0
BRDA:134,24,1,0
BRDA:134,24,2,0
BRDA:134,24,3,0
BRDA:146,25,0,0
BRDA:146,25,1,0
BRDA:146,26,0,0
BRDA:146,26,1,0
BRDA:146,26,2,0
BRDA:158,27,0,0
BRDA:158,27,1,0
BRDA:159,28,0,0
BRDA:159,28,1,0
BRDA:159,28,2,0
BRDA:159,28,3,0
BRDA:171,29,0,0
BRDA:171,29,1,0
BRDA:171,30,0,0
BRDA:171,30,1,0
BRDA:171,30,2,0
BRDA:182,31,0,0
BRDA:182,31,1,0
BRDA:183,32,0,0
BRDA:183,32,1,0
BRDA:184,33,0,0
BRDA:184,33,1,0
BRDA:184,33,2,0
BRDA:184,33,3,0
BRDA:196,34,0,0
BRDA:196,34,1,0
BRDA:197,35,0,0
BRDA:197,35,1,0
BRDA:197,35,2,0
BRDA:213,36,0,0
BRDA:213,36,1,0
BRDA:213,37,0,0
BRDA:213,37,1,0
BRDA:213,37,2,0
BRDA:218,38,0,0
BRDA:218,38,1,0
BRDA:218,38,2,0
BRDA:226,39,0,0
BRDA:227,40,0,0
BRDA:227,40,1,0
BRF:91
BRH:0
end_of_record
TN:
SF:src/utils/dateUtils.js
FN:67,(anonymous_0)
FN:75,(anonymous_1)
FN:82,(anonymous_2)
FN:98,(anonymous_3)
FN:105,(anonymous_4)
FN:199,(anonymous_5)
FN:225,(anonymous_6)
FN:311,(anonymous_7)
FN:342,(anonymous_8)
FN:350,(anonymous_9)
FN:357,(anonymous_10)
FN:473,(anonymous_11)
FNF:12
FNH:0
FNDA:0,(anonymous_0)
FNDA:0,(anonymous_1)
FNDA:0,(anonymous_2)
FNDA:0,(anonymous_3)
FNDA:0,(anonymous_4)
FNDA:0,(anonymous_5)
FNDA:0,(anonymous_6)
FNDA:0,(anonymous_7)
FNDA:0,(anonymous_8)
FNDA:0,(anonymous_9)
FNDA:0,(anonymous_10)
FNDA:0,(anonymous_11)
DA:10,0
DA:13,0
DA:29,0
DA:45,0
DA:54,0
DA:67,0
DA:69,0
DA:70,0
DA:72,0
DA:73,0
DA:75,0
DA:82,0
DA:83,0
DA:84,0
DA:96,0
DA:98,0
DA:105,0
DA:107,0
DA:108,0
DA:112,0
DA:120,0
DA:123,0
DA:126,0
DA:132,0
DA:133,0
DA:135,0
DA:136,0
DA:137,0
DA:139,0
DA:140,0
DA:148,0
DA:151,0
DA:157,0
DA:158,0
DA:159,0
DA:161,0
DA:165,0
DA:171,0
DA:172,0
DA:173,0
DA:175,0
DA:177,0
DA:180,0
DA:183,0
DA:188,0
DA:189,0
DA:190,0
DA:192,0
DA:199,0
DA:201,0
DA:202,0
DA:205,0
DA:206,0
DA:212,0
DA:213,0
DA:216,0
DA:218,0
DA:225,0
DA:226,0
DA:227,0
DA:230,0
DA:232,0
DA:233,0
DA:234,0
DA:241,0
DA:242,0
DA:243,0
DA:244,0
DA:245,0
DA:248,0
DA:250,0
DA:251,0
DA:252,0
DA:255,0
DA:256,0
DA:258,0
DA:262,0
DA:267,0
DA:268,0
DA:269,0
DA:270,0
DA:271,0
DA:274,0
DA:275,0
DA:282,0
DA:293,0
DA:294,0
DA:301,0
DA:303,0
DA:304,0
DA:311,0
DA:312,0
DA:314,0
DA:316,0
DA:317,0
DA:325,0
DA:326,0
DA:333,0
DA:336,0
DA:342,0
DA:343,0
DA:344,0
DA:350,0
DA:351,0
DA:357,0
DA:358,0
DA:359,0
DA:362,0
DA:365,0
DA:367,0
DA:372,0
DA:373,0
DA:376,0
DA:377,0
DA:378,0
DA:381,0
DA:382,0
DA:384,0
DA:387,0
DA:388,0
DA:396,0
DA:397,0
DA:405,0
DA:406,0
DA:407,0
DA:414,0
DA:417,0
DA:422,0
DA:423,0
DA:426,0
DA:427,0
DA:428,0
DA:430,0
DA:431,0
DA:433,0
DA:436,0
DA:437,0
DA:445,0
DA:446,0
DA:454,0
DA:455,0
DA:456,0
DA:463,0
DA:466,0
DA:473,0
DA:474,0
DA:475,0
DA:477,0
DA:478,0
DA:479,0
DA:480,0
DA:484,0
DA:485,0
DA:486,0
DA:487,0
DA:490,0
DA:491,0
DA:492,0
DA:493,0
DA:498,0
LF:160
LH:0
BRDA:69,0,0,0
BRDA:69,0,1,0
BRDA:69,1,0,0
BRDA:69,1,1,0
BRDA:69,1,2,0
BRDA:83,2,0,0
BRDA:83,2,1,0
BRDA:98,3,0,0
BRDA:98,3,1,0
BRDA:107,4,0,0
BRDA:107,4,1,0
BRDA:107,5,0,0
BRDA:107,5,1,0
BRDA:107,5,2,0
BRDA:107,5,3,0
BRDA:107,5,4,0
BRDA:107,5,5,0
BRDA:112,6,0,0
BRDA:112,6,1,0
BRDA:113,7,0,0
BRDA:113,7,1,0
BRDA:113,7,2,0
BRDA:113,7,3,0
BRDA:113,7,4,0
BRDA:113,7,5,0
BRDA:126,8,0,0
BRDA:126,8,1,0
BRDA:133,9,0,0
BRDA:133,9,1,0
BRDA:139,10,0,0
BRDA:139,10,1,0
BRDA:201,11,0,0
BRDA:201,11,1,0
BRDA:201,12,0,0
BRDA:201,12,1,0
BRDA:201,12,2,0
BRDA:201,12,3,0
BRDA:201,12,4,0
BRDA:201,12,5,0
BRDA:212,13,0,0
BRDA:212,13,1,0
BRDA:225,14,0,0
BRDA:226,15,0,0
BRDA:226,15,1,0
BRDA:226,16,0,0
BRDA:226,16,1,0
BRDA:241,17,0,0
BRDA:241,17,1,0
BRDA:241,18,0,0
BRDA:241,18,1,0
BRDA:241,18,2,0
BRDA:255,19,0,0
BRDA:255,19,1,0
BRDA:255,20,0,0
BRDA:255,20,1,0
BRDA:255,20,2,0
BRDA:267,21,0,0
BRDA:267,21,1,0
BRDA:288,22,0,0
BRDA:288,22,1,0
BRDA:293,23,0,0
BRDA:293,23,1,0
BRDA:293,24,0,0
BRDA:293,24,1,0
BRDA:293,24,2,0
BRDA:312,25,0,0
BRDA:312,25,1,0
BRDA:316,26,0,0
BRDA:316,26,1,0
BRDA:325,27,0,0
BRDA:325,27,1,0
BRDA:342,28,0,0
BRDA:343,29,0,0
BRDA:343,29,1,0
BRDA:343,30,0,0
BRDA:343,30,1,0
BRDA:344,31,0,0
BRDA:344,31,1,0
BRDA:350,32,0,0
BRDA:351,33,0,0
BRDA:351,33,1,0
BRDA:357,34,0,0
BRDA:358,35,0,0
BRDA:358,35,1,0
BRDA:358,36,0,0
BRDA:358,36,1,0
BRDA:358,36,2,0
BRDA:358,36,3,0
BRDA:365,37,0,0
BRDA:365,37,1,0
BRDA:372,38,0,0
BRDA:372,38,1,0
BRDA:422,39,0,0
BRDA:422,39,1,0
BRDA:477,40,0,0
BRDA:477,40,1,0
BRDA:479,41,0,0
BRDA:479,41,1,0
BRDA:479,42,0,0
BRDA:479,42,1,0
BRDA:484,43,0,0
BRDA:484,43,1,0
BRDA:486,44,0,0
BRDA:486,44,1,0
BRDA:486,45,0,0
BRDA:486,45,1,0
BRDA:490,46,0,0
BRDA:490,46,1,0
BRDA:490,47,0,0
BRDA:490,47,1,0
BRDA:492,48,0,0
BRDA:492,48,1,0
BRDA:492,49,0,0
BRDA:492,49,1,0
BRF:114
BRH:0
end_of_record
TN:
SF:src/utils/forceSignOut.js
FN:9,forceCompleteSignOut
FN:88,(anonymous_1)
FNF:2
FNH:0
FNDA:0,forceCompleteSignOut
FNDA:0,(anonymous_1)
DA:10,0
DA:11,0
DA:13,0
DA:14,0
DA:16,0
DA:18,0
DA:19,0
DA:20,0
DA:21,0
DA:22,0
DA:25,0
DA:27,0
DA:32,0
DA:34,0
DA:60,0
DA:62,0
DA:66,0
DA:67,0
DA:68,0
DA:70,0
DA:74,0
DA:75,0
DA:77,0
DA:78,0
DA:80,0
DA:81,0
DA:82,0
DA:86,0
DA:87,0
DA:88,0
DA:92,0
LF:31
LH:0
BRDA:9,0,0,0
BRDA:80,1,0,0
BRDA:80,1,1,0
BRF:3
BRH:0
end_of_record
TN:
SF:src/utils/hijriConverter.js
FN:16,isHijriLeapYear
FN:25,getHijriMonthDays
FN:38,hijriToJulianDay
FN:62,julianDayToGregorian
FN:79,gregorianToJulianDay
FN:103,julianDayToHijri
FN:135,hijriToGregorian
FN:174,gregorianToHijri
FN:224,isValidHijriDate
FN:235,isValidGregorianDate
FNF:10
FNH:0
FNDA:0,isHijriLeapYear
FNDA:0,getHijriMonthDays
FNDA:0,hijriToJulianDay
FNDA:0,julianDayToGregorian
FNDA:0,gregorianToJulianDay
FNDA:0,julianDayToHijri
FNDA:0,hijriToGregorian
FNDA:0,gregorianToHijri
FNDA:0,isValidHijriDate
FNDA:0,isValidGregorianDate
DA:7,0
DA:10,0
DA:17,0
DA:18,0
DA:19,0
DA:26,0
DA:27,0
DA:29,0
DA:30,0
DA:32,0
DA:40,0
DA:43,0
DA:44,0
DA:48,0
DA:49,0
DA:53,0
DA:56,0
DA:63,0
DA:64,0
DA:65,0
DA:66,0
DA:67,0
DA:69,0
DA:70,0
DA:71,0
DA:73,0
DA:80,0
DA:81,0
DA:82,0
DA:84,0
DA:87,0
DA:92,0
DA:94,0
DA:97,0
DA:105,0
DA:108,0
DA:109,0
DA:111,0
DA:112,0
DA:113,0
DA:114,0
DA:115,0
DA:119,0
DA:120,0
DA:121,0
DA:122,0
DA:123,0
DA:124,0
DA:127,0
DA:129,0
DA:137,0
DA:138,0
DA:141,0
DA:142,0
DA:145,0
DA:146,0
DA:150,0
DA:151,0
DA:154,0
DA:155,0
DA:156,0
DA:158,0
DA:160,0
DA:163,0
DA:176,0
DA:177,0
DA:181,0
DA:186,0
DA:189,0
DA:190,0
DA:193,0
DA:196,0
DA:201,0
DA:204,0
DA:205,0
DA:208,0
DA:209,0
DA:214,0
DA:216,0
DA:217,0
DA:225,0
DA:226,0
DA:227,0
DA:229,0
DA:236,0
DA:237,0
DA:239,0
DA:242,0
DA:246,0
DA:249,0
LF:90
LH:0
BRDA:26,0,0,0
BRDA:26,0,1,0
BRDA:26,1,0,0
BRDA:26,1,1,0
BRDA:29,2,0,0
BRDA:29,2,1,0
BRDA:29,3,0,0
BRDA:29,3,1,0
BRDA:44,4,0,0
BRDA:44,4,1,0
BRDA:70,5,0,0
BRDA:70,5,1,0
BRDA:71,6,0,0
BRDA:71,6,1,0
BRDA:87,7,0,0
BRDA:87,7,1,0
BRDA:88,8,0,0
BRDA:88,8,1,0
BRDA:88,8,2,0
BRDA:88,8,3,0
BRDA:88,8,4,0
BRDA:88,8,5,0
BRDA:112,9,0,0
BRDA:112,9,1,0
BRDA:113,10,0,0
BRDA:113,10,1,0
BRDA:122,11,0,0
BRDA:122,11,1,0
BRDA:137,12,0,0
BRDA:137,12,1,0
BRDA:137,13,0,0
BRDA:137,13,1,0
BRDA:137,13,2,0
BRDA:141,14,0,0
BRDA:141,14,1,0
BRDA:141,15,0,0
BRDA:141,15,1,0
BRDA:145,16,0,0
BRDA:145,16,1,0
BRDA:145,17,0,0
BRDA:145,17,1,0
BRDA:150,18,0,0
BRDA:150,18,1,0
BRDA:150,19,0,0
BRDA:150,19,1,0
BRDA:176,20,0,0
BRDA:176,20,1,0
BRDA:176,21,0,0
BRDA:176,21,1,0
BRDA:176,21,2,0
BRDA:181,22,0,0
BRDA:181,22,1,0
BRDA:182,23,0,0
BRDA:182,23,1,0
BRDA:182,23,2,0
BRDA:182,23,3,0
BRDA:182,23,4,0
BRDA:182,23,5,0
BRDA:189,24,0,0
BRDA:189,24,1,0
BRDA:189,25,0,0
BRDA:189,25,1,0
BRDA:196,26,0,0
BRDA:196,26,1,0
BRDA:197,27,0,0
BRDA:197,27,1,0
BRDA:197,27,2,0
BRDA:197,27,3,0
BRDA:204,28,0,0
BRDA:204,28,1,0
BRDA:204,29,0,0
BRDA:204,29,1,0
BRDA:225,30,0,0
BRDA:225,30,1,0
BRDA:225,31,0,0
BRDA:225,31,1,0
BRDA:225,31,2,0
BRDA:226,32,0,0
BRDA:226,32,1,0
BRDA:226,33,0,0
BRDA:226,33,1,0
BRDA:227,34,0,0
BRDA:227,34,1,0
BRDA:227,35,0,0
BRDA:227,35,1,0
BRDA:229,36,0,0
BRDA:229,36,1,0
BRDA:236,37,0,0
BRDA:236,37,1,0
BRDA:236,38,0,0
BRDA:236,38,1,0
BRDA:236,38,2,0
BRDA:237,39,0,0
BRDA:237,39,1,0
BRDA:237,40,0,0
BRDA:237,40,1,0
BRDA:242,41,0,0
BRDA:242,41,1,0
BRDA:243,42,0,0
BRDA:243,42,1,0
BRDA:243,42,2,0
BRDA:243,42,3,0
BRDA:249,43,0,0
BRDA:249,43,1,0
BRF:104
BRH:0
end_of_record
TN:
SF:src/utils/measureText.js
FN:4,measureArabicText
FN:18,getNodeWidth
FNF:2
FNH:0
FNDA:0,measureArabicText
FNDA:0,getNodeWidth
DA:7,0
DA:8,0
DA:12,0
DA:14,0
DA:19,0
DA:20,0
DA:24,0
DA:25,0
DA:26,0
DA:28,0
LF:10
LH:0
BRDA:4,0,0,0
BRDA:18,1,0,0
BRDA:19,2,0,0
BRDA:19,2,1,0
BRF:4
BRH:0
end_of_record
TN:
SF:src/utils/nameChainBuilder.js
FN:12,buildNameChain
FN:32,(anonymous_1)
FN:38,(anonymous_2)
FN:46,(anonymous_3)
FN:68,getProfileDisplayName
FNF:5
FNH:0
FNDA:0,buildNameChain
FNDA:0,(anonymous_1)
FNDA:0,(anonymous_2)
FNDA:0,(anonymous_3)
FNDA:0,getProfileDisplayName
DA:13,0
DA:16,0
DA:17,0
DA:21,0
DA:24,0
DA:25,0
DA:27,0
DA:28,0
DA:30,0
DA:32,0
DA:33,0
DA:34,0
DA:37,0
DA:38,0
DA:39,0
DA:40,0
DA:43,0
DA:44,0
DA:45,0
DA:46,0
DA:47,0
DA:48,0
DA:49,0
DA:50,0
DA:52,0
DA:60,0
DA:69,0
DA:77,0
LF:28
LH:0
BRDA:12,0,0,0
BRDA:13,1,0,0
BRDA:13,1,1,0
BRDA:16,2,0,0
BRDA:16,2,1,0
BRDA:21,3,0,0
BRDA:21,3,1,0
BRDA:24,4,0,0
BRDA:24,4,1,0
BRDA:27,5,0,0
BRDA:27,5,1,0
BRDA:30,6,0,0
BRDA:30,6,1,0
BRDA:30,7,0,0
BRDA:30,7,1,0
BRDA:33,8,0,0
BRDA:33,8,1,0
BRDA:37,9,0,0
BRDA:37,9,1,0
BRDA:39,10,0,0
BRDA:39,10,1,0
BRDA:45,11,0,0
BRDA:45,11,1,0
BRDA:47,12,0,0
BRDA:47,12,1,0
BRDA:69,13,0,0
BRDA:69,13,1,0
BRDA:78,14,0,0
BRDA:78,14,1,0
BRDA:78,14,2,0
BRDA:78,14,3,0
BRDA:78,14,4,0
BRF:32
BRH:0
end_of_record
TN:
SF:src/utils/suppressWarnings.js
FN:14,(anonymous_0)
FN:21,suppressWarnings
FN:27,(anonymous_2)
FNF:3
FNH:0
FNDA:0,(anonymous_0)
FNDA:0,suppressWarnings
FNDA:0,(anonymous_2)
DA:4,0
DA:10,0
DA:13,0
DA:14,0
DA:15,0
DA:16,0
DA:17,0
DA:26,0
DA:27,0
DA:28,0
DA:31,0
LF:11
LH:0
BRDA:16,0,0,0
BRDA:16,0,1,0
BRF:2
BRH:0
end_of_record
TN:
SF:src/utils/treeLayout.js
FN:4,getNodeDimensions
FN:13,resolveCollisions
FN:17,getSubtreeBounds
FN:24,(anonymous_3)
FN:35,shiftSubtree
FN:38,(anonymous_5)
FN:43,resolveNodeCollisions
FN:46,(anonymous_7)
FN:83,calculateTreeLayout
FN:92,(anonymous_9)
FN:99,(anonymous_10)
FN:120,sortChildrenByOrder
FN:125,(anonymous_12)
FN:132,(anonymous_13)
FN:152,(anonymous_14)
FN:177,(anonymous_15)
FN:189,(anonymous_16)
FN:207,(anonymous_17)
FNF:18
FNH:0
FNDA:0,getNodeDimensions
FNDA:0,resolveCollisions
FNDA:0,getSubtreeBounds
FNDA:0,(anonymous_3)
FNDA:0,shiftSubtree
FNDA:0,(anonymous_5)
FNDA:0,resolveNodeCollisions
FNDA:0,(anonymous_7)
FNDA:0,calculateTreeLayout
FNDA:0,(anonymous_9)
FNDA:0,(anonymous_10)
FNDA:0,sortChildrenByOrder
FNDA:0,(anonymous_12)
FNDA:0,(anonymous_13)
FNDA:0,(anonymous_14)
FNDA:0,(anonymous_15)
FNDA:0,(anonymous_16)
FNDA:0,(anonymous_17)
DA:5,0
DA:6,0
DA:14,0
DA:18,0
DA:19,0
DA:20,0
DA:23,0
DA:24,0
DA:25,0
DA:26,0
DA:27,0
DA:31,0
DA:36,0
DA:37,0
DA:38,0
DA:45,0
DA:46,0
DA:49,0
DA:50,0
DA:51,0
DA:54,0
DA:55,0
DA:58,0
DA:59,0
DA:62,0
DA:64,0
DA:66,0
DA:69,0
DA:70,0
DA:78,0
DA:80,0
DA:85,0
DA:86,0
DA:87,0
DA:91,0
DA:92,0
DA:93,0
DA:96,0
DA:99,0
DA:100,0
DA:102,0
DA:103,0
DA:104,0
DA:105,0
DA:107,0
DA:108,0
DA:109,0
DA:110,0
DA:114,0
DA:121,0
DA:125,0
DA:126,0
DA:127,0
DA:128,0
DA:132,0
DA:137,0
DA:138,0
DA:141,0
DA:142,0
DA:143,0
DA:147,0
DA:150,0
DA:154,0
DA:155,0
DA:156,0
DA:158,0
DA:160,0
DA:163,0
DA:168,0
DA:171,0
DA:174,0
DA:175,0
DA:177,0
DA:178,0
DA:187,0
DA:189,0
DA:190,0
DA:191,0
DA:192,0
DA:193,0
DA:198,0
DA:207,0
DA:208,0
DA:211,0
LF:84
LH:0
BRDA:7,0,0,0
BRDA:7,0,1,0
BRDA:7,1,0,0
BRDA:7,1,1,0
BRDA:8,2,0,0
BRDA:8,2,1,0
BRDA:23,3,0,0
BRDA:23,3,1,0
BRDA:37,4,0,0
BRDA:37,4,1,0
BRDA:45,5,0,0
BRDA:45,5,1,0
BRDA:64,6,0,0
BRDA:64,6,1,0
BRDA:85,7,0,0
BRDA:85,7,1,0
BRDA:85,8,0,0
BRDA:85,8,1,0
BRDA:102,9,0,0
BRDA:102,9,1,0
BRDA:104,10,0,0
BRDA:104,10,1,0
BRDA:107,11,0,0
BRDA:107,11,1,0
BRDA:109,12,0,0
BRDA:109,12,1,0
BRDA:121,13,0,0
BRDA:121,13,1,0
BRDA:121,14,0,0
BRDA:121,14,1,0
BRDA:126,15,0,0
BRDA:126,15,1,0
BRDA:127,16,0,0
BRDA:127,16,1,0
BRDA:137,17,0,0
BRDA:137,17,1,0
BRDA:141,18,0,0
BRDA:141,18,1,0
BRDA:154,19,0,0
BRDA:154,19,1,0
BRDA:155,20,0,0
BRDA:155,20,1,0
BRDA:158,21,0,0
BRDA:158,21,1,0
BRDA:190,22,0,0
BRDA:190,22,1,0
BRDA:192,23,0,0
BRDA:192,23,1,0
BRF:48
BRH:0
end_of_record
TN:
SF:src/utils/validationUtils.js
FN:8,(anonymous_0)
FN:12,(anonymous_1)
FN:24,(anonymous_2)
FN:40,(anonymous_3)
FN:61,(anonymous_4)
FN:75,(anonymous_5)
FN:85,(anonymous_6)
FN:95,(anonymous_7)
FNF:8
FNH:0
FNDA:0,(anonymous_0)
FNDA:0,(anonymous_1)
FNDA:0,(anonymous_2)
FNDA:0,(anonymous_3)
FNDA:0,(anonymous_4)
FNDA:0,(anonymous_5)
FNDA:0,(anonymous_6)
FNDA:0,(anonymous_7)
DA:8,0
DA:10,0
DA:12,0
DA:15,0
DA:16,0
DA:24,0
DA:25,0
DA:27,0
DA:40,0
DA:41,0
DA:43,0
DA:45,0
DA:47,0
DA:48,0
DA:50,0
DA:53,0
DA:61,0
DA:62,0
DA:65,0
DA:66,0
DA:69,0
DA:75,0
DA:84,0
DA:85,0
DA:91,0
DA:92,0
DA:94,0
DA:95,0
DA:97,0
DA:98,0
DA:101,0
DA:102,0
DA:103,0
LF:33
LH:0
BRDA:25,0,0,0
BRDA:25,0,1,0
BRDA:41,1,0,0
BRDA:41,1,1,0
BRDA:45,2,0,0
BRDA:45,2,1,0
BRDA:48,3,0,0
BRDA:48,3,1,0
BRDA:62,4,0,0
BRDA:62,4,1,0
BRDA:62,5,0,0
BRDA:62,5,1,0
BRDA:66,6,0,0
BRDA:66,6,1,0
BRDA:88,7,0,0
BRDA:89,8,0,0
BRDA:94,9,0,0
BRDA:94,9,1,0
BRDA:97,10,0,0
BRDA:97,10,1,0
BRF:20
BRH:0
end_of_record
