TN:
SF:src/components/admin/fields/CategoryChipFilter.js
FN:25,(anonymous_0)
FN:31,(anonymous_1)
FN:43,(anonymous_2)
FN:50,(anonymous_3)
FN:56,(anonymous_4)
FNF:5
FNH:5
FNDA:92,(anonymous_0)
FNDA:10,(anonymous_1)
FNDA:434,(anonymous_2)
FNDA:434,(anonymous_3)
FNDA:10,(anonymous_4)
DA:25,2
DA:31,92
DA:32,10
DA:35,92
DA:44,434
DA:45,434
DA:47,434
DA:50,434
DA:56,10
DA:95,2
DA:180,2
DA:194,2
LF:12
LH:12
BRDA:52,0,0,91
BRDA:52,0,1,343
BRDA:53,1,0,434
BRDA:53,1,1,3
BRDA:54,2,0,434
BRDA:54,2,1,0
BRDA:54,2,2,0
BRDA:59,3,0,3
BRDA:59,3,1,431
BRDA:68,4,0,91
BRDA:68,4,1,343
BRDA:69,5,0,434
BRDA:69,5,1,3
BRDA:76,6,0,434
BRDA:76,6,1,433
BRDA:80,7,0,90
BRDA:80,7,1,343
BRDA:81,8,0,433
BRDA:81,8,1,3
BRF:19
BRH:17
end_of_record
TN:
SF:src/components/admin/fields/LocationInput.js
FN:36,(anonymous_0)
FN:63,(anonymous_1)
FN:68,(anonymous_2)
FN:69,(anonymous_3)
FN:77,(anonymous_4)
FN:93,(anonymous_5)
FN:97,(anonymous_6)
FN:131,(anonymous_7)
FN:166,(anonymous_8)
FN:179,(anonymous_9)
FN:187,(anonymous_10)
FN:200,(anonymous_11)
FN:214,(anonymous_12)
FN:219,(anonymous_13)
FN:282,(anonymous_14)
FN:310,(anonymous_15)
FN:322,(anonymous_16)
FN:326,(anonymous_17)
FNF:18
FNH:18
FNDA:66,(anonymous_0)
FNDA:23,(anonymous_1)
FNDA:23,(anonymous_2)
FNDA:23,(anonymous_3)
FNDA:23,(anonymous_4)
FNDA:23,(anonymous_5)
FNDA:15,(anonymous_6)
FNDA:20,(anonymous_7)
FNDA:16,(anonymous_8)
FNDA:14,(anonymous_9)
FNDA:1,(anonymous_10)
FNDA:1,(anonymous_11)
FNDA:18,(anonymous_12)
FNDA:18,(anonymous_13)
FNDA:33,(anonymous_14)
FNDA:18,(anonymous_15)
FNDA:18,(anonymous_16)
FNDA:1,(anonymous_17)
DA:36,1
DA:44,66
DA:45,66
DA:46,66
DA:47,66
DA:48,66
DA:50,66
DA:51,66
DA:52,66
DA:55,66
DA:63,66
DA:64,23
DA:68,66
DA:69,23
DA:70,23
DA:71,14
DA:77,66
DA:78,23
DA:92,23
DA:93,23
DA:96,66
DA:98,15
DA:99,1
DA:100,1
DA:101,1
DA:105,14
DA:107,14
DA:109,14
DA:111,14
DA:117,14
DA:118,14
DA:120,2
DA:121,2
DA:122,2
DA:124,2
DA:125,1
DA:127,12
DA:129,11
DA:130,11
DA:131,20
DA:134,11
DA:137,11
DA:138,1
DA:140,10
DA:144,1
DA:145,1
DA:150,0
DA:151,0
DA:152,0
DA:153,0
DA:157,14
DA:158,14
DA:165,66
DA:167,16
DA:168,16
DA:171,16
DA:172,2
DA:176,16
DA:177,2
DA:179,16
DA:180,14
DA:186,66
DA:188,1
DA:190,1
DA:191,1
DA:193,0
DA:199,66
DA:201,1
DA:202,1
DA:204,1
DA:205,1
DA:208,1
DA:209,1
DA:214,66
DA:215,18
DA:216,0
DA:219,66
DA:220,18
DA:222,18
DA:224,0
DA:226,0
DA:228,0
DA:230,0
DA:234,66
DA:283,33
DA:287,33
DA:311,18
DA:322,18
DA:326,1
DA:363,1
DA:554,1
DA:563,1
LF:92
LH:82
BRDA:44,0,0,66
BRDA:44,0,1,65
BRDA:64,1,0,23
BRDA:64,1,1,22
BRDA:70,2,0,14
BRDA:70,2,1,9
BRDA:97,3,0,0
BRDA:98,4,0,1
BRDA:98,4,1,14
BRDA:117,5,0,14
BRDA:117,5,1,0
BRDA:118,6,0,2
BRDA:118,6,1,12
BRDA:124,7,0,1
BRDA:124,7,1,1
BRDA:124,8,0,2
BRDA:124,8,1,2
BRDA:127,9,0,11
BRDA:127,9,1,1
BRDA:127,10,0,12
BRDA:127,10,1,11
BRDA:130,11,0,11
BRDA:130,11,1,0
BRDA:137,12,0,1
BRDA:137,12,1,10
BRDA:137,13,0,11
BRDA:137,13,1,2
BRDA:150,14,0,0
BRDA:150,14,1,0
BRDA:157,15,0,14
BRDA:157,15,1,0
BRDA:171,16,0,2
BRDA:171,16,1,14
BRDA:176,17,0,2
BRDA:176,17,1,14
BRDA:190,18,0,1
BRDA:190,18,1,0
BRDA:204,19,0,1
BRDA:204,19,1,0
BRDA:215,20,0,18
BRDA:215,20,1,0
BRDA:220,21,0,18
BRDA:220,21,1,0
BRDA:220,21,2,0
BRDA:220,21,3,0
BRDA:220,21,4,0
BRDA:249,22,0,66
BRDA:249,22,1,1
BRDA:263,23,0,1
BRDA:263,23,1,65
BRDA:265,24,0,1
BRDA:265,24,1,65
BRDA:278,25,0,66
BRDA:278,25,1,42
BRDA:280,26,0,11
BRDA:280,26,1,31
BRDA:280,27,0,42
BRDA:280,27,1,12
BRDA:304,28,0,9
BRDA:304,28,1,22
BRDA:313,29,0,18
BRDA:313,29,1,0
BRDA:313,29,2,0
BRDA:316,30,0,18
BRDA:316,30,1,0
BRDA:316,30,2,0
BRDA:316,30,3,0
BRDA:324,31,0,18
BRDA:324,31,1,0
BRDA:340,32,0,18
BRDA:340,32,1,18
BRDA:340,32,2,0
BRF:72
BRH:52
end_of_record
